TRIGGER Complete:
Array
(
    [Дата] => 20.04.2018 07:00:02
    [Сообщение] => TRIGGER START
)


PROCESSING Step Complete:
Array
(
    [Дата] => 20.04.2018 07:00:15
    [Сообщение] => 
            Time start: 2018.04.20 07:00:02
            Taked : 10000 cities,
            Loaded from Database: 238462 cities
            Updated: 10000 cities
            Added: 0 cities
            Time end: 2018.04.15 07:00:15
    [Параметры запуска] => Array
        (
            [START] => 0
            [LIMIT] => 10000
        )

    [Ошибки при выполнении] => Array
(
)

)


PROCESSING Step Complete:
Array
(
    [Дата] => 20.04.2018 07:05:29
    [Сообщение] => 
            Time start: 2018.04.20 07:05:16
            Taked : 10000 cities,
            Loaded from Database: 238462 cities
            Updated: 10000 cities
            Added: 0 cities
            Time end: 2018.04.29 07:05:29
    [Параметры запуска] => Array
        (
            [START] => 10000
            [LIMIT] => 10000
        )

    [Ошибки при выполнении] => Array
(
)

)


PROCESSING Step Complete:
Array
(
    [Дата] => 20.04.2018 07:10:43
    [Сообщение] => 
            Time start: 2018.04.20 07:10:29
            Taked : 10000 cities,
            Loaded from Database: 238462 cities
            Updated: 10000 cities
            Added: 0 cities
            Time end: 2018.04.43 07:10:43
    [Параметры запуска] => Array
        (
            [START] => 20000
            [LIMIT] => 10000
        )

    [Ошибки при выполнении] => Array
(
)

)


PROCESSING Step Complete:
Array
(
    [Дата] => 20.04.2018 07:15:57
    [Сообщение] => 
            Time start: 2018.04.20 07:15:43
            Taked : 10000 cities,
            Loaded from Database: 238462 cities
            Updated: 10000 cities
            Added: 0 cities
            Time end: 2018.04.57 07:15:57
    [Параметры запуска] => Array
        (
            [START] => 30000
            [LIMIT] => 10000
        )

    [Ошибки при выполнении] => Array
(
)

)


PROCESSING Step Complete:
Array
(
    [Дата] => 20.04.2018 07:21:10
    [Сообщение] => 
            Time start: 2018.04.20 07:20:57
            Taked : 10000 cities,
            Loaded from Database: 238462 cities
            Updated: 10000 cities
            Added: 0 cities
            Time end: 2018.04.10 07:21:10
    [Параметры запуска] => Array
        (
            [START] => 40000
            [LIMIT] => 10000
        )

    [Ошибки при выполнении] => Array
(
)

)


PROCESSING Step Complete:
Array
(
    [Дата] => 20.04.2018 07:26:24
    [Сообщение] => 
            Time start: 2018.04.20 07:26:10
            Taked : 10000 cities,
            Loaded from Database: 238462 cities
            Updated: 10000 cities
            Added: 0 cities
            Time end: 2018.04.24 07:26:24
    [Параметры запуска] => Array
        (
            [START] => 50000
            [LIMIT] => 10000
        )

    [Ошибки при выполнении] => Array
(
)

)


PROCESSING Step Complete:
Array
(
    [Дата] => 20.04.2018 07:31:37
    [Сообщение] => 
            Time start: 2018.04.20 07:31:24
            Taked : 10000 cities,
            Loaded from Database: 238462 cities
            Updated: 10000 cities
            Added: 0 cities
            Time end: 2018.04.37 07:31:37
    [Параметры запуска] => Array
        (
            [START] => 60000
            [LIMIT] => 10000
        )

    [Ошибки при выполнении] => Array
(
)

)


PROCESSING Step Complete:
Array
(
    [Дата] => 20.04.2018 07:36:51
    [Сообщение] => 
            Time start: 2018.04.20 07:36:37
            Taked : 10000 cities,
            Loaded from Database: 238462 cities
            Updated: 10000 cities
            Added: 0 cities
            Time end: 2018.04.51 07:36:51
    [Параметры запуска] => Array
        (
            [START] => 70000
            [LIMIT] => 10000
        )

    [Ошибки при выполнении] => Array
(
)

)


PROCESSING Step Complete:
Array
(
    [Дата] => 20.04.2018 07:42:04
    [Сообщение] => 
            Time start: 2018.04.20 07:41:51
            Taked : 10000 cities,
            Loaded from Database: 238462 cities
            Updated: 10000 cities
            Added: 0 cities
            Time end: 2018.04.04 07:42:04
    [Параметры запуска] => Array
        (
            [START] => 80000
            [LIMIT] => 10000
        )

    [Ошибки при выполнении] => Array
(
)

)


PROCESSING Step Complete:
Array
(
    [Дата] => 20.04.2018 07:47:18
    [Сообщение] => 
            Time start: 2018.04.20 07:47:04
            Taked : 10000 cities,
            Loaded from Database: 238462 cities
            Updated: 10000 cities
            Added: 0 cities
            Time end: 2018.04.18 07:47:18
    [Параметры запуска] => Array
        (
            [START] => 90000
            [LIMIT] => 10000
        )

    [Ошибки при выполнении] => Array
(
)

)


PROCESSING Step Complete:
Array
(
    [Дата] => 20.04.2018 07:52:31
    [Сообщение] => 
            Time start: 2018.04.20 07:52:18
            Taked : 10000 cities,
            Loaded from Database: 238462 cities
            Updated: 10000 cities
            Added: 0 cities
            Time end: 2018.04.31 07:52:31
    [Параметры запуска] => Array
        (
            [START] => 100000
            [LIMIT] => 10000
        )

    [Ошибки при выполнении] => Array
(
)

)


PROCESSING Step Complete:
Array
(
    [Дата] => 20.04.2018 07:57:45
    [Сообщение] => 
            Time start: 2018.04.20 07:57:31
            Taked : 10000 cities,
            Loaded from Database: 238462 cities
            Updated: 10000 cities
            Added: 0 cities
            Time end: 2018.04.45 07:57:45
    [Параметры запуска] => Array
        (
            [START] => 110000
            [LIMIT] => 10000
        )

    [Ошибки при выполнении] => Array
(
)

)


PROCESSING Step Complete:
Array
(
    [Дата] => 20.04.2018 08:02:59
    [Сообщение] => 
            Time start: 2018.04.20 08:02:45
            Taked : 10000 cities,
            Loaded from Database: 238462 cities
            Updated: 10000 cities
            Added: 0 cities
            Time end: 2018.04.59 08:02:59
    [Параметры запуска] => Array
        (
            [START] => 120000
            [LIMIT] => 10000
        )

    [Ошибки при выполнении] => Array
(
)

)


PROCESSING Step Complete:
Array
(
    [Дата] => 20.04.2018 08:08:12
    [Сообщение] => 
            Time start: 2018.04.20 08:07:59
            Taked : 10000 cities,
            Loaded from Database: 238462 cities
            Updated: 10000 cities
            Added: 0 cities
            Time end: 2018.04.12 08:08:12
    [Параметры запуска] => Array
        (
            [START] => 130000
            [LIMIT] => 10000
        )

    [Ошибки при выполнении] => Array
(
)

)


PROCESSING Step Complete:
Array
(
    [Дата] => 20.04.2018 08:13:25
    [Сообщение] => 
            Time start: 2018.04.20 08:13:12
            Taked : 10000 cities,
            Loaded from Database: 238462 cities
            Updated: 10000 cities
            Added: 0 cities
            Time end: 2018.04.25 08:13:25
    [Параметры запуска] => Array
        (
            [START] => 140000
            [LIMIT] => 10000
        )

    [Ошибки при выполнении] => Array
(
)

)


PROCESSING Step Complete:
Array
(
    [Дата] => 20.04.2018 08:18:38
    [Сообщение] => 
            Time start: 2018.04.20 08:18:25
            Taked : 10000 cities,
            Loaded from Database: 238462 cities
            Updated: 10000 cities
            Added: 0 cities
            Time end: 2018.04.38 08:18:38
    [Параметры запуска] => Array
        (
            [START] => 150000
            [LIMIT] => 10000
        )

    [Ошибки при выполнении] => Array
(
)

)


PROCESSING Step Complete:
Array
(
    [Дата] => 20.04.2018 08:23:51
    [Сообщение] => 
            Time start: 2018.04.20 08:23:38
            Taked : 10000 cities,
            Loaded from Database: 238462 cities
            Updated: 10000 cities
            Added: 0 cities
            Time end: 2018.04.51 08:23:51
    [Параметры запуска] => Array
        (
            [START] => 160000
            [LIMIT] => 10000
        )

    [Ошибки при выполнении] => Array
(
)

)


PROCESSING Step Complete:
Array
(
    [Дата] => 20.04.2018 08:29:05
    [Сообщение] => 
            Time start: 2018.04.20 08:28:51
            Taked : 10000 cities,
            Loaded from Database: 238462 cities
            Updated: 10000 cities
            Added: 0 cities
            Time end: 2018.04.05 08:29:05
    [Параметры запуска] => Array
        (
            [START] => 170000
            [LIMIT] => 10000
        )

    [Ошибки при выполнении] => Array
(
)

)


PROCESSING Step Complete:
Array
(
    [Дата] => 20.04.2018 08:34:19
    [Сообщение] => 
            Time start: 2018.04.20 08:34:05
            Taked : 10000 cities,
            Loaded from Database: 238462 cities
            Updated: 10000 cities
            Added: 0 cities
            Time end: 2018.04.19 08:34:19
    [Параметры запуска] => Array
        (
            [START] => 180000
            [LIMIT] => 10000
        )

    [Ошибки при выполнении] => Array
(
)

)


PROCESSING Step Complete:
Array
(
    [Дата] => 20.04.2018 08:39:33
    [Сообщение] => 
            Time start: 2018.04.20 08:39:19
            Taked : 10000 cities,
            Loaded from Database: 238462 cities
            Updated: 10000 cities
            Added: 0 cities
            Time end: 2018.04.33 08:39:33
    [Параметры запуска] => Array
        (
            [START] => 190000
            [LIMIT] => 10000
        )

    [Ошибки при выполнении] => Array
(
)

)


PROCESSING Step Complete:
Array
(
    [Дата] => 20.04.2018 08:44:46
    [Сообщение] => 
            Time start: 2018.04.20 08:44:33
            Taked : 10000 cities,
            Loaded from Database: 238462 cities
            Updated: 10000 cities
            Added: 0 cities
            Time end: 2018.04.46 08:44:46
    [Параметры запуска] => Array
        (
            [START] => 200000
            [LIMIT] => 10000
        )

    [Ошибки при выполнении] => Array
(
)

)


PROCESSING Step Complete:
Array
(
    [Дата] => 20.04.2018 08:49:59
    [Сообщение] => 
            Time start: 2018.04.20 08:49:46
            Taked : 10000 cities,
            Loaded from Database: 238462 cities
            Updated: 10000 cities
            Added: 0 cities
            Time end: 2018.04.59 08:49:59
    [Параметры запуска] => Array
        (
            [START] => 210000
            [LIMIT] => 10000
        )

    [Ошибки при выполнении] => Array
(
)

)


PROCESSING Step Complete:
Array
(
    [Дата] => 20.04.2018 08:55:13
    [Сообщение] => 
            Time start: 2018.04.20 08:54:59
            Taked : 10000 cities,
            Loaded from Database: 238462 cities
            Updated: 10000 cities
            Added: 0 cities
            Time end: 2018.04.13 08:55:13
    [Параметры запуска] => Array
        (
            [START] => 220000
            [LIMIT] => 10000
        )

    [Ошибки при выполнении] => Array
(
)

)


PROCESSING Complete:
Array
(
    [Дата] => 20.04.2018 09:00:24
    [Сообщение] => 
            Time start: 2018.04.20 09:00:13
            Taked : 8464 cities,
            Loaded from Database: 238462 cities
            Deleted: 0 cities,
            Updated: 8462 cities
            Added: 2 cities
            Time end: 2018.04.24 09:00:24
    [Параметры запуска] => Array
        (
            [START] => 230000
            [LIMIT] => 10000
        )

    [Ошибки при выполнении] => Array
(
)

)


