TRIGGER Complete:
Array
(
    [Дата] => 17.06.2018 07:00:02
    [Сообщение] => TRIGGER START
)


PROCESSING Step Complete:
Array
(
    [Дата] => 17.06.2018 07:00:16
    [Сообщение] => 
            Time start: 2018.06.17 07:00:02
            Taked : 10000 cities,
            Loaded from Database: 238507 cities
            Updated: 10000 cities
            Added: 0 cities
            Time end: 2018.06.16 07:00:16
    [Параметры запуска] => Array
        (
            [START] => 0
            [LIMIT] => 10000
        )

    [Ошибки при выполнении] => Array
(
)

)


PROCESSING Step Complete:
Array
(
    [Дата] => 17.06.2018 07:05:30
    [Сообщение] => 
            Time start: 2018.06.17 07:05:17
            Taked : 10000 cities,
            Loaded from Database: 238507 cities
            Updated: 10000 cities
            Added: 0 cities
            Time end: 2018.06.30 07:05:30
    [Параметры запуска] => Array
        (
            [START] => 10000
            [LIMIT] => 10000
        )

    [Ошибки при выполнении] => Array
(
)

)


PROCESSING Step Complete:
Array
(
    [Дата] => 17.06.2018 07:10:45
    [Сообщение] => 
            Time start: 2018.06.17 07:10:30
            Taked : 10000 cities,
            Loaded from Database: 238507 cities
            Updated: 10000 cities
            Added: 0 cities
            Time end: 2018.06.45 07:10:45
    [Параметры запуска] => Array
        (
            [START] => 20000
            [LIMIT] => 10000
        )

    [Ошибки при выполнении] => Array
(
)

)


PROCESSING Step Complete:
Array
(
    [Дата] => 17.06.2018 07:15:59
    [Сообщение] => 
            Time start: 2018.06.17 07:15:45
            Taked : 10000 cities,
            Loaded from Database: 238507 cities
            Updated: 10000 cities
            Added: 0 cities
            Time end: 2018.06.59 07:15:59
    [Параметры запуска] => Array
        (
            [START] => 30000
            [LIMIT] => 10000
        )

    [Ошибки при выполнении] => Array
(
)

)


PROCESSING Step Complete:
Array
(
    [Дата] => 17.06.2018 07:21:13
    [Сообщение] => 
            Time start: 2018.06.17 07:20:59
            Taked : 10000 cities,
            Loaded from Database: 238507 cities
            Updated: 10000 cities
            Added: 0 cities
            Time end: 2018.06.13 07:21:13
    [Параметры запуска] => Array
        (
            [START] => 40000
            [LIMIT] => 10000
        )

    [Ошибки при выполнении] => Array
(
)

)


PROCESSING Step Complete:
Array
(
    [Дата] => 17.06.2018 07:26:28
    [Сообщение] => 
            Time start: 2018.06.17 07:26:13
            Taked : 10000 cities,
            Loaded from Database: 238507 cities
            Updated: 10000 cities
            Added: 0 cities
            Time end: 2018.06.28 07:26:28
    [Параметры запуска] => Array
        (
            [START] => 50000
            [LIMIT] => 10000
        )

    [Ошибки при выполнении] => Array
(
)

)


PROCESSING Step Complete:
Array
(
    [Дата] => 17.06.2018 07:31:43
    [Сообщение] => 
            Time start: 2018.06.17 07:31:28
            Taked : 10000 cities,
            Loaded from Database: 238507 cities
            Updated: 10000 cities
            Added: 0 cities
            Time end: 2018.06.43 07:31:43
    [Параметры запуска] => Array
        (
            [START] => 60000
            [LIMIT] => 10000
        )

    [Ошибки при выполнении] => Array
(
)

)


PROCESSING Step Complete:
Array
(
    [Дата] => 17.06.2018 07:36:57
    [Сообщение] => 
            Time start: 2018.06.17 07:36:43
            Taked : 10000 cities,
            Loaded from Database: 238507 cities
            Updated: 10000 cities
            Added: 0 cities
            Time end: 2018.06.57 07:36:57
    [Параметры запуска] => Array
        (
            [START] => 70000
            [LIMIT] => 10000
        )

    [Ошибки при выполнении] => Array
(
)

)


PROCESSING Step Complete:
Array
(
    [Дата] => 17.06.2018 07:42:12
    [Сообщение] => 
            Time start: 2018.06.17 07:41:57
            Taked : 10000 cities,
            Loaded from Database: 238507 cities
            Updated: 10000 cities
            Added: 0 cities
            Time end: 2018.06.12 07:42:12
    [Параметры запуска] => Array
        (
            [START] => 80000
            [LIMIT] => 10000
        )

    [Ошибки при выполнении] => Array
(
)

)


PROCESSING Step Complete:
Array
(
    [Дата] => 17.06.2018 07:47:26
    [Сообщение] => 
            Time start: 2018.06.17 07:47:12
            Taked : 10000 cities,
            Loaded from Database: 238507 cities
            Updated: 10000 cities
            Added: 0 cities
            Time end: 2018.06.26 07:47:26
    [Параметры запуска] => Array
        (
            [START] => 90000
            [LIMIT] => 10000
        )

    [Ошибки при выполнении] => Array
(
)

)


PROCESSING Step Complete:
Array
(
    [Дата] => 17.06.2018 07:52:41
    [Сообщение] => 
            Time start: 2018.06.17 07:52:27
            Taked : 10000 cities,
            Loaded from Database: 238507 cities
            Updated: 10000 cities
            Added: 0 cities
            Time end: 2018.06.41 07:52:41
    [Параметры запуска] => Array
        (
            [START] => 100000
            [LIMIT] => 10000
        )

    [Ошибки при выполнении] => Array
(
)

)


PROCESSING Step Complete:
Array
(
    [Дата] => 17.06.2018 07:57:55
    [Сообщение] => 
            Time start: 2018.06.17 07:57:41
            Taked : 10000 cities,
            Loaded from Database: 238507 cities
            Updated: 10000 cities
            Added: 0 cities
            Time end: 2018.06.55 07:57:55
    [Параметры запуска] => Array
        (
            [START] => 110000
            [LIMIT] => 10000
        )

    [Ошибки при выполнении] => Array
(
)

)


PROCESSING Step Complete:
Array
(
    [Дата] => 17.06.2018 08:03:10
    [Сообщение] => 
            Time start: 2018.06.17 08:02:56
            Taked : 10000 cities,
            Loaded from Database: 238507 cities
            Updated: 10000 cities
            Added: 0 cities
            Time end: 2018.06.10 08:03:10
    [Параметры запуска] => Array
        (
            [START] => 120000
            [LIMIT] => 10000
        )

    [Ошибки при выполнении] => Array
(
)

)


PROCESSING Step Complete:
Array
(
    [Дата] => 17.06.2018 08:08:24
    [Сообщение] => 
            Time start: 2018.06.17 08:08:10
            Taked : 10000 cities,
            Loaded from Database: 238507 cities
            Updated: 10000 cities
            Added: 0 cities
            Time end: 2018.06.24 08:08:24
    [Параметры запуска] => Array
        (
            [START] => 130000
            [LIMIT] => 10000
        )

    [Ошибки при выполнении] => Array
(
)

)


PROCESSING Step Complete:
Array
(
    [Дата] => 17.06.2018 08:13:39
    [Сообщение] => 
            Time start: 2018.06.17 08:13:24
            Taked : 10000 cities,
            Loaded from Database: 238507 cities
            Updated: 10000 cities
            Added: 0 cities
            Time end: 2018.06.39 08:13:39
    [Параметры запуска] => Array
        (
            [START] => 140000
            [LIMIT] => 10000
        )

    [Ошибки при выполнении] => Array
(
)

)


PROCESSING Step Complete:
Array
(
    [Дата] => 17.06.2018 08:18:54
    [Сообщение] => 
            Time start: 2018.06.17 08:18:39
            Taked : 10000 cities,
            Loaded from Database: 238507 cities
            Updated: 10000 cities
            Added: 0 cities
            Time end: 2018.06.54 08:18:54
    [Параметры запуска] => Array
        (
            [START] => 150000
            [LIMIT] => 10000
        )

    [Ошибки при выполнении] => Array
(
)

)


PROCESSING Step Complete:
Array
(
    [Дата] => 17.06.2018 08:24:08
    [Сообщение] => 
            Time start: 2018.06.17 08:23:54
            Taked : 10000 cities,
            Loaded from Database: 238507 cities
            Updated: 10000 cities
            Added: 0 cities
            Time end: 2018.06.08 08:24:08
    [Параметры запуска] => Array
        (
            [START] => 160000
            [LIMIT] => 10000
        )

    [Ошибки при выполнении] => Array
(
)

)


PROCESSING Step Complete:
Array
(
    [Дата] => 17.06.2018 08:29:23
    [Сообщение] => 
            Time start: 2018.06.17 08:29:08
            Taked : 10000 cities,
            Loaded from Database: 238507 cities
            Updated: 10000 cities
            Added: 0 cities
            Time end: 2018.06.23 08:29:23
    [Параметры запуска] => Array
        (
            [START] => 170000
            [LIMIT] => 10000
        )

    [Ошибки при выполнении] => Array
(
)

)


PROCESSING Step Complete:
Array
(
    [Дата] => 17.06.2018 08:34:37
    [Сообщение] => 
            Time start: 2018.06.17 08:34:23
            Taked : 10000 cities,
            Loaded from Database: 238507 cities
            Updated: 10000 cities
            Added: 0 cities
            Time end: 2018.06.37 08:34:37
    [Параметры запуска] => Array
        (
            [START] => 180000
            [LIMIT] => 10000
        )

    [Ошибки при выполнении] => Array
(
)

)


PROCESSING Step Complete:
Array
(
    [Дата] => 17.06.2018 08:39:52
    [Сообщение] => 
            Time start: 2018.06.17 08:39:38
            Taked : 10000 cities,
            Loaded from Database: 238507 cities
            Updated: 10000 cities
            Added: 0 cities
            Time end: 2018.06.52 08:39:52
    [Параметры запуска] => Array
        (
            [START] => 190000
            [LIMIT] => 10000
        )

    [Ошибки при выполнении] => Array
(
)

)


PROCESSING Step Complete:
Array
(
    [Дата] => 17.06.2018 08:45:06
    [Сообщение] => 
            Time start: 2018.06.17 08:44:52
            Taked : 10000 cities,
            Loaded from Database: 238507 cities
            Updated: 10000 cities
            Added: 0 cities
            Time end: 2018.06.06 08:45:06
    [Параметры запуска] => Array
        (
            [START] => 200000
            [LIMIT] => 10000
        )

    [Ошибки при выполнении] => Array
(
)

)


PROCESSING Step Complete:
Array
(
    [Дата] => 17.06.2018 08:50:21
    [Сообщение] => 
            Time start: 2018.06.17 08:50:06
            Taked : 10000 cities,
            Loaded from Database: 238507 cities
            Updated: 10000 cities
            Added: 0 cities
            Time end: 2018.06.21 08:50:21
    [Параметры запуска] => Array
        (
            [START] => 210000
            [LIMIT] => 10000
        )

    [Ошибки при выполнении] => Array
(
)

)


PROCESSING Step Complete:
Array
(
    [Дата] => 17.06.2018 08:55:36
    [Сообщение] => 
            Time start: 2018.06.17 08:55:21
            Taked : 10000 cities,
            Loaded from Database: 238507 cities
            Updated: 9995 cities
            Added: 5 cities
            Time end: 2018.06.36 08:55:36
    [Параметры запуска] => Array
        (
            [START] => 220000
            [LIMIT] => 10000
        )

    [Ошибки при выполнении] => Array
(
)

)


PROCESSING Complete:
Array
(
    [Дата] => 17.06.2018 09:00:48
    [Сообщение] => 
            Time start: 2018.06.17 09:00:36
            Taked : 8512 cities,
            Loaded from Database: 238512 cities
            Deleted: 0 cities,
            Updated: 8512 cities
            Added: 0 cities
            Time end: 2018.06.48 09:00:48
    [Параметры запуска] => Array
        (
            [START] => 230000
            [LIMIT] => 10000
        )

    [Ошибки при выполнении] => Array
(
)

)


