TRIGGER Complete:
Array
(
    [Дата] => 14.04.2018 07:00:02
    [Сообщение] => TRIGGER START
)


PROCESSING Step Complete:
Array
(
    [Дата] => 14.04.2018 07:00:15
    [Сообщение] => 
            Time start: 2018.04.14 07:00:02
            Taked : 10000 cities,
            Loaded from Database: 238459 cities
            Updated: 10000 cities
            Added: 0 cities
            Time end: 2018.04.15 07:00:15
    [Параметры запуска] => Array
        (
            [START] => 0
            [LIMIT] => 10000
        )

    [Ошибки при выполнении] => Array
(
)

)


PROCESSING Step Complete:
Array
(
    [Дата] => 14.04.2018 07:05:28
    [Сообщение] => 
            Time start: 2018.04.14 07:05:15
            Taked : 10000 cities,
            Loaded from Database: 238459 cities
            Updated: 10000 cities
            Added: 0 cities
            Time end: 2018.04.28 07:05:28
    [Параметры запуска] => Array
        (
            [START] => 10000
            [LIMIT] => 10000
        )

    [Ошибки при выполнении] => Array
(
)

)


PROCESSING Step Complete:
Array
(
    [Дата] => 14.04.2018 07:10:42
    [Сообщение] => 
            Time start: 2018.04.14 07:10:28
            Taked : 10000 cities,
            Loaded from Database: 238459 cities
            Updated: 10000 cities
            Added: 0 cities
            Time end: 2018.04.42 07:10:42
    [Параметры запуска] => Array
        (
            [START] => 20000
            [LIMIT] => 10000
        )

    [Ошибки при выполнении] => Array
(
)

)


PROCESSING Step Complete:
Array
(
    [Дата] => 14.04.2018 07:15:55
    [Сообщение] => 
            Time start: 2018.04.14 07:15:42
            Taked : 10000 cities,
            Loaded from Database: 238459 cities
            Updated: 10000 cities
            Added: 0 cities
            Time end: 2018.04.55 07:15:55
    [Параметры запуска] => Array
        (
            [START] => 30000
            [LIMIT] => 10000
        )

    [Ошибки при выполнении] => Array
(
)

)


PROCESSING Step Complete:
Array
(
    [Дата] => 14.04.2018 07:21:09
    [Сообщение] => 
            Time start: 2018.04.14 07:20:55
            Taked : 10000 cities,
            Loaded from Database: 238459 cities
            Updated: 10000 cities
            Added: 0 cities
            Time end: 2018.04.09 07:21:09
    [Параметры запуска] => Array
        (
            [START] => 40000
            [LIMIT] => 10000
        )

    [Ошибки при выполнении] => Array
(
)

)


PROCESSING Step Complete:
Array
(
    [Дата] => 14.04.2018 07:26:22
    [Сообщение] => 
            Time start: 2018.04.14 07:26:09
            Taked : 10000 cities,
            Loaded from Database: 238459 cities
            Updated: 10000 cities
            Added: 0 cities
            Time end: 2018.04.22 07:26:22
    [Параметры запуска] => Array
        (
            [START] => 50000
            [LIMIT] => 10000
        )

    [Ошибки при выполнении] => Array
(
)

)


PROCESSING Step Complete:
Array
(
    [Дата] => 14.04.2018 07:31:36
    [Сообщение] => 
            Time start: 2018.04.14 07:31:23
            Taked : 10000 cities,
            Loaded from Database: 238459 cities
            Updated: 10000 cities
            Added: 0 cities
            Time end: 2018.04.36 07:31:36
    [Параметры запуска] => Array
        (
            [START] => 60000
            [LIMIT] => 10000
        )

    [Ошибки при выполнении] => Array
(
)

)


PROCESSING Step Complete:
Array
(
    [Дата] => 14.04.2018 07:36:50
    [Сообщение] => 
            Time start: 2018.04.14 07:36:36
            Taked : 10000 cities,
            Loaded from Database: 238459 cities
            Updated: 10000 cities
            Added: 0 cities
            Time end: 2018.04.50 07:36:50
    [Параметры запуска] => Array
        (
            [START] => 70000
            [LIMIT] => 10000
        )

    [Ошибки при выполнении] => Array
(
)

)


PROCESSING Step Complete:
Array
(
    [Дата] => 14.04.2018 07:42:04
    [Сообщение] => 
            Time start: 2018.04.14 07:41:50
            Taked : 10000 cities,
            Loaded from Database: 238459 cities
            Updated: 10000 cities
            Added: 0 cities
            Time end: 2018.04.04 07:42:04
    [Параметры запуска] => Array
        (
            [START] => 80000
            [LIMIT] => 10000
        )

    [Ошибки при выполнении] => Array
(
)

)


PROCESSING Step Complete:
Array
(
    [Дата] => 14.04.2018 07:47:16
    [Сообщение] => 
            Time start: 2018.04.14 07:47:04
            Taked : 10000 cities,
            Loaded from Database: 238459 cities
            Updated: 10000 cities
            Added: 0 cities
            Time end: 2018.04.16 07:47:16
    [Параметры запуска] => Array
        (
            [START] => 90000
            [LIMIT] => 10000
        )

    [Ошибки при выполнении] => Array
(
)

)


PROCESSING Step Complete:
Array
(
    [Дата] => 14.04.2018 07:52:29
    [Сообщение] => 
            Time start: 2018.04.14 07:52:16
            Taked : 10000 cities,
            Loaded from Database: 238459 cities
            Updated: 10000 cities
            Added: 0 cities
            Time end: 2018.04.29 07:52:29
    [Параметры запуска] => Array
        (
            [START] => 100000
            [LIMIT] => 10000
        )

    [Ошибки при выполнении] => Array
(
)

)


PROCESSING Step Complete:
Array
(
    [Дата] => 14.04.2018 07:57:43
    [Сообщение] => 
            Time start: 2018.04.14 07:57:29
            Taked : 10000 cities,
            Loaded from Database: 238459 cities
            Updated: 10000 cities
            Added: 0 cities
            Time end: 2018.04.43 07:57:43
    [Параметры запуска] => Array
        (
            [START] => 110000
            [LIMIT] => 10000
        )

    [Ошибки при выполнении] => Array
(
)

)


PROCESSING Step Complete:
Array
(
    [Дата] => 14.04.2018 08:02:56
    [Сообщение] => 
            Time start: 2018.04.14 08:02:43
            Taked : 10000 cities,
            Loaded from Database: 238459 cities
            Updated: 10000 cities
            Added: 0 cities
            Time end: 2018.04.56 08:02:56
    [Параметры запуска] => Array
        (
            [START] => 120000
            [LIMIT] => 10000
        )

    [Ошибки при выполнении] => Array
(
)

)


PROCESSING Step Complete:
Array
(
    [Дата] => 14.04.2018 08:08:09
    [Сообщение] => 
            Time start: 2018.04.14 08:07:56
            Taked : 10000 cities,
            Loaded from Database: 238459 cities
            Updated: 10000 cities
            Added: 0 cities
            Time end: 2018.04.09 08:08:09
    [Параметры запуска] => Array
        (
            [START] => 130000
            [LIMIT] => 10000
        )

    [Ошибки при выполнении] => Array
(
)

)


PROCESSING Step Complete:
Array
(
    [Дата] => 14.04.2018 08:13:23
    [Сообщение] => 
            Time start: 2018.04.14 08:13:10
            Taked : 10000 cities,
            Loaded from Database: 238459 cities
            Updated: 10000 cities
            Added: 0 cities
            Time end: 2018.04.23 08:13:23
    [Параметры запуска] => Array
        (
            [START] => 140000
            [LIMIT] => 10000
        )

    [Ошибки при выполнении] => Array
(
)

)


PROCESSING Step Complete:
Array
(
    [Дата] => 14.04.2018 08:18:36
    [Сообщение] => 
            Time start: 2018.04.14 08:18:23
            Taked : 10000 cities,
            Loaded from Database: 238459 cities
            Updated: 10000 cities
            Added: 0 cities
            Time end: 2018.04.36 08:18:36
    [Параметры запуска] => Array
        (
            [START] => 150000
            [LIMIT] => 10000
        )

    [Ошибки при выполнении] => Array
(
)

)


PROCESSING Step Complete:
Array
(
    [Дата] => 14.04.2018 08:23:49
    [Сообщение] => 
            Time start: 2018.04.14 08:23:37
            Taked : 10000 cities,
            Loaded from Database: 238459 cities
            Updated: 10000 cities
            Added: 0 cities
            Time end: 2018.04.49 08:23:49
    [Параметры запуска] => Array
        (
            [START] => 160000
            [LIMIT] => 10000
        )

    [Ошибки при выполнении] => Array
(
)

)


PROCESSING Step Complete:
Array
(
    [Дата] => 14.04.2018 08:29:03
    [Сообщение] => 
            Time start: 2018.04.14 08:28:50
            Taked : 10000 cities,
            Loaded from Database: 238459 cities
            Updated: 10000 cities
            Added: 0 cities
            Time end: 2018.04.03 08:29:03
    [Параметры запуска] => Array
        (
            [START] => 170000
            [LIMIT] => 10000
        )

    [Ошибки при выполнении] => Array
(
)

)


PROCESSING Step Complete:
Array
(
    [Дата] => 14.04.2018 08:34:17
    [Сообщение] => 
            Time start: 2018.04.14 08:34:03
            Taked : 10000 cities,
            Loaded from Database: 238459 cities
            Updated: 10000 cities
            Added: 0 cities
            Time end: 2018.04.17 08:34:17
    [Параметры запуска] => Array
        (
            [START] => 180000
            [LIMIT] => 10000
        )

    [Ошибки при выполнении] => Array
(
)

)


PROCESSING Step Complete:
Array
(
    [Дата] => 14.04.2018 08:39:30
    [Сообщение] => 
            Time start: 2018.04.14 08:39:17
            Taked : 10000 cities,
            Loaded from Database: 238459 cities
            Updated: 10000 cities
            Added: 0 cities
            Time end: 2018.04.30 08:39:30
    [Параметры запуска] => Array
        (
            [START] => 190000
            [LIMIT] => 10000
        )

    [Ошибки при выполнении] => Array
(
)

)


PROCESSING Step Complete:
Array
(
    [Дата] => 14.04.2018 08:44:43
    [Сообщение] => 
            Time start: 2018.04.14 08:44:30
            Taked : 10000 cities,
            Loaded from Database: 238459 cities
            Updated: 10000 cities
            Added: 0 cities
            Time end: 2018.04.43 08:44:43
    [Параметры запуска] => Array
        (
            [START] => 200000
            [LIMIT] => 10000
        )

    [Ошибки при выполнении] => Array
(
)

)


PROCESSING Step Complete:
Array
(
    [Дата] => 14.04.2018 08:49:57
    [Сообщение] => 
            Time start: 2018.04.14 08:49:44
            Taked : 10000 cities,
            Loaded from Database: 238459 cities
            Updated: 9999 cities
            Added: 1 cities
            Time end: 2018.04.57 08:49:57
    [Параметры запуска] => Array
        (
            [START] => 210000
            [LIMIT] => 10000
        )

    [Ошибки при выполнении] => Array
(
)

)


PROCESSING Step Complete:
Array
(
    [Дата] => 14.04.2018 08:55:10
    [Сообщение] => 
            Time start: 2018.04.14 08:54:57
            Taked : 10000 cities,
            Loaded from Database: 238460 cities
            Updated: 10000 cities
            Added: 0 cities
            Time end: 2018.04.10 08:55:10
    [Параметры запуска] => Array
        (
            [START] => 220000
            [LIMIT] => 10000
        )

    [Ошибки при выполнении] => Array
(
)

)


PROCESSING Complete:
Array
(
    [Дата] => 14.04.2018 09:00:21
    [Сообщение] => 
            Time start: 2018.04.14 09:00:10
            Taked : 8459 cities,
            Loaded from Database: 238460 cities
            Deleted: 1 cities,
            Updated: 8459 cities
            Added: 0 cities
            Time end: 2018.04.21 09:00:21
    [Параметры запуска] => Array
        (
            [START] => 230000
            [LIMIT] => 10000
        )

    [Ошибки при выполнении] => Array
(
)

)


