TRIGGER Complete:
Array
(
    [Дата] => 14.08.2018 07:00:03
    [Сообщение] => TRIGGER START
)


PROCESSING Step Complete:
Array
(
    [Дата] => 14.08.2018 07:00:32
    [Сообщение] => 
            Time start: 2018.08.14 07:00:03
            Taked : 10000 cities,
            Loaded from Database: 239424 cities
            Updated: 10000 cities
            Added: 0 cities
            Time end: 2018.08.32 07:00:32
    [Параметры запуска] => Array
        (
            [START] => 0
            [LIMIT] => 10000
        )

    [Ошибки при выполнении] => Array
(
)

)


PROCESSING Step Complete:
Array
(
    [Дата] => 14.08.2018 07:06:00
    [Сообщение] => 
            Time start: 2018.08.14 07:05:32
            Taked : 10000 cities,
            Loaded from Database: 239424 cities
            Updated: 10000 cities
            Added: 0 cities
            Time end: 2018.08.00 07:06:00
    [Параметры запуска] => Array
        (
            [START] => 10000
            [LIMIT] => 10000
        )

    [Ошибки при выполнении] => Array
(
)

)


PROCESSING Step Complete:
Array
(
    [Дата] => 14.08.2018 07:11:30
    [Сообщение] => 
            Time start: 2018.08.14 07:11:01
            Taked : 10000 cities,
            Loaded from Database: 239424 cities
            Updated: 10000 cities
            Added: 0 cities
            Time end: 2018.08.30 07:11:30
    [Параметры запуска] => Array
        (
            [START] => 20000
            [LIMIT] => 10000
        )

    [Ошибки при выполнении] => Array
(
)

)


PROCESSING Step Complete:
Array
(
    [Дата] => 14.08.2018 07:16:59
    [Сообщение] => 
            Time start: 2018.08.14 07:16:30
            Taked : 10000 cities,
            Loaded from Database: 239424 cities
            Updated: 10000 cities
            Added: 0 cities
            Time end: 2018.08.59 07:16:59
    [Параметры запуска] => Array
        (
            [START] => 30000
            [LIMIT] => 10000
        )

    [Ошибки при выполнении] => Array
(
)

)


PROCESSING Step Complete:
Array
(
    [Дата] => 14.08.2018 07:22:28
    [Сообщение] => 
            Time start: 2018.08.14 07:21:59
            Taked : 10000 cities,
            Loaded from Database: 239424 cities
            Updated: 10000 cities
            Added: 0 cities
            Time end: 2018.08.28 07:22:28
    [Параметры запуска] => Array
        (
            [START] => 40000
            [LIMIT] => 10000
        )

    [Ошибки при выполнении] => Array
(
)

)


PROCESSING Step Complete:
Array
(
    [Дата] => 14.08.2018 07:27:58
    [Сообщение] => 
            Time start: 2018.08.14 07:27:28
            Taked : 10000 cities,
            Loaded from Database: 239424 cities
            Updated: 10000 cities
            Added: 0 cities
            Time end: 2018.08.58 07:27:58
    [Параметры запуска] => Array
        (
            [START] => 50000
            [LIMIT] => 10000
        )

    [Ошибки при выполнении] => Array
(
)

)


PROCESSING Step Complete:
Array
(
    [Дата] => 14.08.2018 07:33:26
    [Сообщение] => 
            Time start: 2018.08.14 07:32:58
            Taked : 10000 cities,
            Loaded from Database: 239424 cities
            Updated: 10000 cities
            Added: 0 cities
            Time end: 2018.08.26 07:33:26
    [Параметры запуска] => Array
        (
            [START] => 60000
            [LIMIT] => 10000
        )

    [Ошибки при выполнении] => Array
(
)

)


PROCESSING Step Complete:
Array
(
    [Дата] => 14.08.2018 07:38:56
    [Сообщение] => 
            Time start: 2018.08.14 07:38:27
            Taked : 10000 cities,
            Loaded from Database: 239424 cities
            Updated: 10000 cities
            Added: 0 cities
            Time end: 2018.08.56 07:38:56
    [Параметры запуска] => Array
        (
            [START] => 70000
            [LIMIT] => 10000
        )

    [Ошибки при выполнении] => Array
(
)

)


PROCESSING Step Complete:
Array
(
    [Дата] => 14.08.2018 07:44:25
    [Сообщение] => 
            Time start: 2018.08.14 07:43:56
            Taked : 10000 cities,
            Loaded from Database: 239424 cities
            Updated: 10000 cities
            Added: 0 cities
            Time end: 2018.08.25 07:44:25
    [Параметры запуска] => Array
        (
            [START] => 80000
            [LIMIT] => 10000
        )

    [Ошибки при выполнении] => Array
(
)

)


PROCESSING Step Complete:
Array
(
    [Дата] => 14.08.2018 07:49:54
    [Сообщение] => 
            Time start: 2018.08.14 07:49:25
            Taked : 10000 cities,
            Loaded from Database: 239424 cities
            Updated: 10000 cities
            Added: 0 cities
            Time end: 2018.08.54 07:49:54
    [Параметры запуска] => Array
        (
            [START] => 90000
            [LIMIT] => 10000
        )

    [Ошибки при выполнении] => Array
(
)

)


PROCESSING Step Complete:
Array
(
    [Дата] => 14.08.2018 07:55:23
    [Сообщение] => 
            Time start: 2018.08.14 07:54:54
            Taked : 10000 cities,
            Loaded from Database: 239424 cities
            Updated: 10000 cities
            Added: 0 cities
            Time end: 2018.08.23 07:55:23
    [Параметры запуска] => Array
        (
            [START] => 100000
            [LIMIT] => 10000
        )

    [Ошибки при выполнении] => Array
(
)

)


PROCESSING Step Complete:
Array
(
    [Дата] => 14.08.2018 08:00:52
    [Сообщение] => 
            Time start: 2018.08.14 08:00:23
            Taked : 10000 cities,
            Loaded from Database: 239424 cities
            Updated: 10000 cities
            Added: 0 cities
            Time end: 2018.08.52 08:00:52
    [Параметры запуска] => Array
        (
            [START] => 110000
            [LIMIT] => 10000
        )

    [Ошибки при выполнении] => Array
(
)

)


PROCESSING Step Complete:
Array
(
    [Дата] => 14.08.2018 08:06:21
    [Сообщение] => 
            Time start: 2018.08.14 08:05:52
            Taked : 10000 cities,
            Loaded from Database: 239424 cities
            Updated: 10000 cities
            Added: 0 cities
            Time end: 2018.08.21 08:06:21
    [Параметры запуска] => Array
        (
            [START] => 120000
            [LIMIT] => 10000
        )

    [Ошибки при выполнении] => Array
(
)

)


PROCESSING Step Complete:
Array
(
    [Дата] => 14.08.2018 08:11:50
    [Сообщение] => 
            Time start: 2018.08.14 08:11:21
            Taked : 10000 cities,
            Loaded from Database: 239424 cities
            Updated: 10000 cities
            Added: 0 cities
            Time end: 2018.08.50 08:11:50
    [Параметры запуска] => Array
        (
            [START] => 130000
            [LIMIT] => 10000
        )

    [Ошибки при выполнении] => Array
(
)

)


PROCESSING Step Complete:
Array
(
    [Дата] => 14.08.2018 08:17:19
    [Сообщение] => 
            Time start: 2018.08.14 08:16:50
            Taked : 10000 cities,
            Loaded from Database: 239424 cities
            Updated: 10000 cities
            Added: 0 cities
            Time end: 2018.08.19 08:17:19
    [Параметры запуска] => Array
        (
            [START] => 140000
            [LIMIT] => 10000
        )

    [Ошибки при выполнении] => Array
(
)

)


PROCESSING Step Complete:
Array
(
    [Дата] => 14.08.2018 08:22:48
    [Сообщение] => 
            Time start: 2018.08.14 08:22:19
            Taked : 10000 cities,
            Loaded from Database: 239424 cities
            Updated: 10000 cities
            Added: 0 cities
            Time end: 2018.08.48 08:22:48
    [Параметры запуска] => Array
        (
            [START] => 150000
            [LIMIT] => 10000
        )

    [Ошибки при выполнении] => Array
(
)

)


PROCESSING Step Complete:
Array
(
    [Дата] => 14.08.2018 08:28:17
    [Сообщение] => 
            Time start: 2018.08.14 08:27:48
            Taked : 10000 cities,
            Loaded from Database: 239424 cities
            Updated: 10000 cities
            Added: 0 cities
            Time end: 2018.08.17 08:28:17
    [Параметры запуска] => Array
        (
            [START] => 160000
            [LIMIT] => 10000
        )

    [Ошибки при выполнении] => Array
(
)

)


PROCESSING Step Complete:
Array
(
    [Дата] => 14.08.2018 08:33:46
    [Сообщение] => 
            Time start: 2018.08.14 08:33:17
            Taked : 10000 cities,
            Loaded from Database: 239424 cities
            Updated: 10000 cities
            Added: 0 cities
            Time end: 2018.08.46 08:33:46
    [Параметры запуска] => Array
        (
            [START] => 170000
            [LIMIT] => 10000
        )

    [Ошибки при выполнении] => Array
(
)

)


PROCESSING Step Complete:
Array
(
    [Дата] => 14.08.2018 08:39:15
    [Сообщение] => 
            Time start: 2018.08.14 08:38:46
            Taked : 10000 cities,
            Loaded from Database: 239424 cities
            Updated: 10000 cities
            Added: 0 cities
            Time end: 2018.08.15 08:39:15
    [Параметры запуска] => Array
        (
            [START] => 180000
            [LIMIT] => 10000
        )

    [Ошибки при выполнении] => Array
(
)

)


PROCESSING Step Complete:
Array
(
    [Дата] => 14.08.2018 08:44:43
    [Сообщение] => 
            Time start: 2018.08.14 08:44:15
            Taked : 10000 cities,
            Loaded from Database: 239424 cities
            Updated: 10000 cities
            Added: 0 cities
            Time end: 2018.08.43 08:44:43
    [Параметры запуска] => Array
        (
            [START] => 190000
            [LIMIT] => 10000
        )

    [Ошибки при выполнении] => Array
(
)

)


PROCESSING Step Complete:
Array
(
    [Дата] => 14.08.2018 08:50:13
    [Сообщение] => 
            Time start: 2018.08.14 08:49:44
            Taked : 10000 cities,
            Loaded from Database: 239424 cities
            Updated: 10000 cities
            Added: 0 cities
            Time end: 2018.08.13 08:50:13
    [Параметры запуска] => Array
        (
            [START] => 200000
            [LIMIT] => 10000
        )

    [Ошибки при выполнении] => Array
(
)

)


PROCESSING Step Complete:
Array
(
    [Дата] => 14.08.2018 08:55:42
    [Сообщение] => 
            Time start: 2018.08.14 08:55:13
            Taked : 10000 cities,
            Loaded from Database: 239424 cities
            Updated: 10000 cities
            Added: 0 cities
            Time end: 2018.08.42 08:55:42
    [Параметры запуска] => Array
        (
            [START] => 210000
            [LIMIT] => 10000
        )

    [Ошибки при выполнении] => Array
(
)

)


PROCESSING Step Complete:
Array
(
    [Дата] => 14.08.2018 09:01:11
    [Сообщение] => 
            Time start: 2018.08.14 09:00:42
            Taked : 10000 cities,
            Loaded from Database: 239424 cities
            Updated: 10000 cities
            Added: 0 cities
            Time end: 2018.08.11 09:01:11
    [Параметры запуска] => Array
        (
            [START] => 220000
            [LIMIT] => 10000
        )

    [Ошибки при выполнении] => Array
(
)

)


PROCESSING Complete:
Array
(
    [Дата] => 14.08.2018 09:06:39
    [Сообщение] => 
            Time start: 2018.08.14 09:06:11
            Taked : 9430 cities,
            Loaded from Database: 239424 cities
            Deleted: 0 cities,
            Updated: 9424 cities
            Added: 6 cities
            Time end: 2018.08.39 09:06:39
    [Параметры запуска] => Array
        (
            [START] => 230000
            [LIMIT] => 10000
        )

    [Ошибки при выполнении] => Array
(
)

)


