TRIGGER Complete:
Array
(
    [Дата] => 12.04.2018 07:00:02
    [Сообщение] => TRIGGER START
)


PROCESSING Step Complete:
Array
(
    [Дата] => 12.04.2018 07:00:16
    [Сообщение] => 
            Time start: 2018.04.12 07:00:02
            Taked : 10000 cities,
            Loaded from Database: 238457 cities
            Updated: 10000 cities
            Added: 0 cities
            Time end: 2018.04.16 07:00:16
    [Параметры запуска] => Array
        (
            [START] => 0
            [LIMIT] => 10000
        )

    [Ошибки при выполнении] => Array
(
)

)


PROCESSING Step Complete:
Array
(
    [Дата] => 12.04.2018 07:05:29
    [Сообщение] => 
            Time start: 2018.04.12 07:05:16
            Taked : 10000 cities,
            Loaded from Database: 238457 cities
            Updated: 10000 cities
            Added: 0 cities
            Time end: 2018.04.29 07:05:29
    [Параметры запуска] => Array
        (
            [START] => 10000
            [LIMIT] => 10000
        )

    [Ошибки при выполнении] => Array
(
)

)


PROCESSING Step Complete:
Array
(
    [Дата] => 12.04.2018 07:10:43
    [Сообщение] => 
            Time start: 2018.04.12 07:10:30
            Taked : 10000 cities,
            Loaded from Database: 238457 cities
            Updated: 10000 cities
            Added: 0 cities
            Time end: 2018.04.43 07:10:43
    [Параметры запуска] => Array
        (
            [START] => 20000
            [LIMIT] => 10000
        )

    [Ошибки при выполнении] => Array
(
)

)


PROCESSING Step Complete:
Array
(
    [Дата] => 12.04.2018 07:15:56
    [Сообщение] => 
            Time start: 2018.04.12 07:15:43
            Taked : 10000 cities,
            Loaded from Database: 238457 cities
            Updated: 10000 cities
            Added: 0 cities
            Time end: 2018.04.56 07:15:56
    [Параметры запуска] => Array
        (
            [START] => 30000
            [LIMIT] => 10000
        )

    [Ошибки при выполнении] => Array
(
)

)


PROCESSING Step Complete:
Array
(
    [Дата] => 12.04.2018 07:21:09
    [Сообщение] => 
            Time start: 2018.04.12 07:20:56
            Taked : 10000 cities,
            Loaded from Database: 238457 cities
            Updated: 10000 cities
            Added: 0 cities
            Time end: 2018.04.09 07:21:09
    [Параметры запуска] => Array
        (
            [START] => 40000
            [LIMIT] => 10000
        )

    [Ошибки при выполнении] => Array
(
)

)


PROCESSING Step Complete:
Array
(
    [Дата] => 12.04.2018 07:26:22
    [Сообщение] => 
            Time start: 2018.04.12 07:26:09
            Taked : 10000 cities,
            Loaded from Database: 238457 cities
            Updated: 10000 cities
            Added: 0 cities
            Time end: 2018.04.22 07:26:22
    [Параметры запуска] => Array
        (
            [START] => 50000
            [LIMIT] => 10000
        )

    [Ошибки при выполнении] => Array
(
)

)


PROCESSING Step Complete:
Array
(
    [Дата] => 12.04.2018 07:31:36
    [Сообщение] => 
            Time start: 2018.04.12 07:31:22
            Taked : 10000 cities,
            Loaded from Database: 238457 cities
            Updated: 10000 cities
            Added: 0 cities
            Time end: 2018.04.36 07:31:36
    [Параметры запуска] => Array
        (
            [START] => 60000
            [LIMIT] => 10000
        )

    [Ошибки при выполнении] => Array
(
)

)


PROCESSING Step Complete:
Array
(
    [Дата] => 12.04.2018 07:36:50
    [Сообщение] => 
            Time start: 2018.04.12 07:36:36
            Taked : 10000 cities,
            Loaded from Database: 238457 cities
            Updated: 10000 cities
            Added: 0 cities
            Time end: 2018.04.50 07:36:50
    [Параметры запуска] => Array
        (
            [START] => 70000
            [LIMIT] => 10000
        )

    [Ошибки при выполнении] => Array
(
)

)


PROCESSING Step Complete:
Array
(
    [Дата] => 12.04.2018 07:42:03
    [Сообщение] => 
            Time start: 2018.04.12 07:41:50
            Taked : 10000 cities,
            Loaded from Database: 238457 cities
            Updated: 10000 cities
            Added: 0 cities
            Time end: 2018.04.03 07:42:03
    [Параметры запуска] => Array
        (
            [START] => 80000
            [LIMIT] => 10000
        )

    [Ошибки при выполнении] => Array
(
)

)


PROCESSING Step Complete:
Array
(
    [Дата] => 12.04.2018 07:47:17
    [Сообщение] => 
            Time start: 2018.04.12 07:47:03
            Taked : 10000 cities,
            Loaded from Database: 238457 cities
            Updated: 10000 cities
            Added: 0 cities
            Time end: 2018.04.17 07:47:17
    [Параметры запуска] => Array
        (
            [START] => 90000
            [LIMIT] => 10000
        )

    [Ошибки при выполнении] => Array
(
)

)


PROCESSING Step Complete:
Array
(
    [Дата] => 12.04.2018 07:52:30
    [Сообщение] => 
            Time start: 2018.04.12 07:52:17
            Taked : 10000 cities,
            Loaded from Database: 238457 cities
            Updated: 10000 cities
            Added: 0 cities
            Time end: 2018.04.30 07:52:30
    [Параметры запуска] => Array
        (
            [START] => 100000
            [LIMIT] => 10000
        )

    [Ошибки при выполнении] => Array
(
)

)


PROCESSING Step Complete:
Array
(
    [Дата] => 12.04.2018 07:57:44
    [Сообщение] => 
            Time start: 2018.04.12 07:57:30
            Taked : 10000 cities,
            Loaded from Database: 238457 cities
            Updated: 10000 cities
            Added: 0 cities
            Time end: 2018.04.44 07:57:44
    [Параметры запуска] => Array
        (
            [START] => 110000
            [LIMIT] => 10000
        )

    [Ошибки при выполнении] => Array
(
)

)


PROCESSING Step Complete:
Array
(
    [Дата] => 12.04.2018 08:02:58
    [Сообщение] => 
            Time start: 2018.04.12 08:02:44
            Taked : 10000 cities,
            Loaded from Database: 238457 cities
            Updated: 10000 cities
            Added: 0 cities
            Time end: 2018.04.58 08:02:58
    [Параметры запуска] => Array
        (
            [START] => 120000
            [LIMIT] => 10000
        )

    [Ошибки при выполнении] => Array
(
)

)


PROCESSING Complete:
Array
(
    [Дата] => 12.04.2018 08:09:55
    [Сообщение] => 
            Time start: 2018.04.12 08:07:58
            Taked : 4122 cities,
            Loaded from Database: 238457 cities
            Deleted: 104335 cities,
            Updated: 4122 cities
            Added: 0 cities
            Time end: 2018.04.55 08:09:55
    [Параметры запуска] => Array
        (
            [START] => 130000
            [LIMIT] => 10000
        )

    [Ошибки при выполнении] => Array
(
)

)


