TRIGGER Complete:
Array
(
    [Дата] => 31.05.2018 07:00:03
    [Сообщение] => TRIGGER START
)


PROCESSING Step Complete:
Array
(
    [Дата] => 31.05.2018 07:00:17
    [Сообщение] => 
            Time start: 2018.05.31 07:00:03
            Taked : 10000 cities,
            Loaded from Database: 238542 cities
            Updated: 10000 cities
            Added: 0 cities
            Time end: 2018.05.17 07:00:17
    [Параметры запуска] => Array
        (
            [START] => 0
            [LIMIT] => 10000
        )

    [Ошибки при выполнении] => Array
(
)

)


PROCESSING Step Complete:
Array
(
    [Дата] => 31.05.2018 07:05:32
    [Сообщение] => 
            Time start: 2018.05.31 07:05:17
            Taked : 10000 cities,
            Loaded from Database: 238542 cities
            Updated: 10000 cities
            Added: 0 cities
            Time end: 2018.05.32 07:05:32
    [Параметры запуска] => Array
        (
            [START] => 10000
            [LIMIT] => 10000
        )

    [Ошибки при выполнении] => Array
(
)

)


PROCESSING Step Complete:
Array
(
    [Дата] => 31.05.2018 07:10:46
    [Сообщение] => 
            Time start: 2018.05.31 07:10:32
            Taked : 10000 cities,
            Loaded from Database: 238542 cities
            Updated: 10000 cities
            Added: 0 cities
            Time end: 2018.05.46 07:10:46
    [Параметры запуска] => Array
        (
            [START] => 20000
            [LIMIT] => 10000
        )

    [Ошибки при выполнении] => Array
(
)

)


PROCESSING Step Complete:
Array
(
    [Дата] => 31.05.2018 07:16:00
    [Сообщение] => 
            Time start: 2018.05.31 07:15:46
            Taked : 10000 cities,
            Loaded from Database: 238542 cities
            Updated: 10000 cities
            Added: 0 cities
            Time end: 2018.05.00 07:16:00
    [Параметры запуска] => Array
        (
            [START] => 30000
            [LIMIT] => 10000
        )

    [Ошибки при выполнении] => Array
(
)

)


PROCESSING Step Complete:
Array
(
    [Дата] => 31.05.2018 07:21:14
    [Сообщение] => 
            Time start: 2018.05.31 07:21:00
            Taked : 10000 cities,
            Loaded from Database: 238542 cities
            Updated: 10000 cities
            Added: 0 cities
            Time end: 2018.05.14 07:21:14
    [Параметры запуска] => Array
        (
            [START] => 40000
            [LIMIT] => 10000
        )

    [Ошибки при выполнении] => Array
(
)

)


PROCESSING Step Complete:
Array
(
    [Дата] => 31.05.2018 07:26:29
    [Сообщение] => 
            Time start: 2018.05.31 07:26:14
            Taked : 10000 cities,
            Loaded from Database: 238542 cities
            Updated: 10000 cities
            Added: 0 cities
            Time end: 2018.05.29 07:26:29
    [Параметры запуска] => Array
        (
            [START] => 50000
            [LIMIT] => 10000
        )

    [Ошибки при выполнении] => Array
(
)

)


PROCESSING Step Complete:
Array
(
    [Дата] => 31.05.2018 07:31:43
    [Сообщение] => 
            Time start: 2018.05.31 07:31:29
            Taked : 10000 cities,
            Loaded from Database: 238542 cities
            Updated: 10000 cities
            Added: 0 cities
            Time end: 2018.05.43 07:31:43
    [Параметры запуска] => Array
        (
            [START] => 60000
            [LIMIT] => 10000
        )

    [Ошибки при выполнении] => Array
(
)

)


PROCESSING Step Complete:
Array
(
    [Дата] => 31.05.2018 07:36:57
    [Сообщение] => 
            Time start: 2018.05.31 07:36:43
            Taked : 10000 cities,
            Loaded from Database: 238542 cities
            Updated: 10000 cities
            Added: 0 cities
            Time end: 2018.05.57 07:36:57
    [Параметры запуска] => Array
        (
            [START] => 70000
            [LIMIT] => 10000
        )

    [Ошибки при выполнении] => Array
(
)

)


PROCESSING Step Complete:
Array
(
    [Дата] => 31.05.2018 07:42:11
    [Сообщение] => 
            Time start: 2018.05.31 07:41:57
            Taked : 10000 cities,
            Loaded from Database: 238542 cities
            Updated: 10000 cities
            Added: 0 cities
            Time end: 2018.05.11 07:42:11
    [Параметры запуска] => Array
        (
            [START] => 80000
            [LIMIT] => 10000
        )

    [Ошибки при выполнении] => Array
(
)

)


PROCESSING Step Complete:
Array
(
    [Дата] => 31.05.2018 07:47:25
    [Сообщение] => 
            Time start: 2018.05.31 07:47:12
            Taked : 10000 cities,
            Loaded from Database: 238542 cities
            Updated: 10000 cities
            Added: 0 cities
            Time end: 2018.05.25 07:47:25
    [Параметры запуска] => Array
        (
            [START] => 90000
            [LIMIT] => 10000
        )

    [Ошибки при выполнении] => Array
(
)

)


PROCESSING Step Complete:
Array
(
    [Дата] => 31.05.2018 07:52:40
    [Сообщение] => 
            Time start: 2018.05.31 07:52:26
            Taked : 10000 cities,
            Loaded from Database: 238542 cities
            Updated: 10000 cities
            Added: 0 cities
            Time end: 2018.05.40 07:52:40
    [Параметры запуска] => Array
        (
            [START] => 100000
            [LIMIT] => 10000
        )

    [Ошибки при выполнении] => Array
(
)

)


PROCESSING Step Complete:
Array
(
    [Дата] => 31.05.2018 07:57:54
    [Сообщение] => 
            Time start: 2018.05.31 07:57:40
            Taked : 10000 cities,
            Loaded from Database: 238542 cities
            Updated: 10000 cities
            Added: 0 cities
            Time end: 2018.05.54 07:57:54
    [Параметры запуска] => Array
        (
            [START] => 110000
            [LIMIT] => 10000
        )

    [Ошибки при выполнении] => Array
(
)

)


PROCESSING Step Complete:
Array
(
    [Дата] => 31.05.2018 08:03:09
    [Сообщение] => 
            Time start: 2018.05.31 08:02:54
            Taked : 10000 cities,
            Loaded from Database: 238542 cities
            Updated: 10000 cities
            Added: 0 cities
            Time end: 2018.05.09 08:03:09
    [Параметры запуска] => Array
        (
            [START] => 120000
            [LIMIT] => 10000
        )

    [Ошибки при выполнении] => Array
(
)

)


PROCESSING Step Complete:
Array
(
    [Дата] => 31.05.2018 08:08:23
    [Сообщение] => 
            Time start: 2018.05.31 08:08:09
            Taked : 10000 cities,
            Loaded from Database: 238542 cities
            Updated: 10000 cities
            Added: 0 cities
            Time end: 2018.05.23 08:08:23
    [Параметры запуска] => Array
        (
            [START] => 130000
            [LIMIT] => 10000
        )

    [Ошибки при выполнении] => Array
(
)

)


PROCESSING Step Complete:
Array
(
    [Дата] => 31.05.2018 08:13:37
    [Сообщение] => 
            Time start: 2018.05.31 08:13:23
            Taked : 10000 cities,
            Loaded from Database: 238542 cities
            Updated: 10000 cities
            Added: 0 cities
            Time end: 2018.05.37 08:13:37
    [Параметры запуска] => Array
        (
            [START] => 140000
            [LIMIT] => 10000
        )

    [Ошибки при выполнении] => Array
(
)

)


PROCESSING Step Complete:
Array
(
    [Дата] => 31.05.2018 08:18:52
    [Сообщение] => 
            Time start: 2018.05.31 08:18:37
            Taked : 10000 cities,
            Loaded from Database: 238542 cities
            Updated: 10000 cities
            Added: 0 cities
            Time end: 2018.05.52 08:18:52
    [Параметры запуска] => Array
        (
            [START] => 150000
            [LIMIT] => 10000
        )

    [Ошибки при выполнении] => Array
(
)

)


PROCESSING Step Complete:
Array
(
    [Дата] => 31.05.2018 08:24:06
    [Сообщение] => 
            Time start: 2018.05.31 08:23:52
            Taked : 10000 cities,
            Loaded from Database: 238542 cities
            Updated: 10000 cities
            Added: 0 cities
            Time end: 2018.05.06 08:24:06
    [Параметры запуска] => Array
        (
            [START] => 160000
            [LIMIT] => 10000
        )

    [Ошибки при выполнении] => Array
(
)

)


PROCESSING Step Complete:
Array
(
    [Дата] => 31.05.2018 08:29:20
    [Сообщение] => 
            Time start: 2018.05.31 08:29:06
            Taked : 10000 cities,
            Loaded from Database: 238542 cities
            Updated: 10000 cities
            Added: 0 cities
            Time end: 2018.05.20 08:29:20
    [Параметры запуска] => Array
        (
            [START] => 170000
            [LIMIT] => 10000
        )

    [Ошибки при выполнении] => Array
(
)

)


PROCESSING Step Complete:
Array
(
    [Дата] => 31.05.2018 08:34:35
    [Сообщение] => 
            Time start: 2018.05.31 08:34:21
            Taked : 10000 cities,
            Loaded from Database: 238542 cities
            Updated: 10000 cities
            Added: 0 cities
            Time end: 2018.05.35 08:34:35
    [Параметры запуска] => Array
        (
            [START] => 180000
            [LIMIT] => 10000
        )

    [Ошибки при выполнении] => Array
(
)

)


PROCESSING Step Complete:
Array
(
    [Дата] => 31.05.2018 08:39:49
    [Сообщение] => 
            Time start: 2018.05.31 08:39:35
            Taked : 10000 cities,
            Loaded from Database: 238542 cities
            Updated: 10000 cities
            Added: 0 cities
            Time end: 2018.05.49 08:39:49
    [Параметры запуска] => Array
        (
            [START] => 190000
            [LIMIT] => 10000
        )

    [Ошибки при выполнении] => Array
(
)

)


PROCESSING Step Complete:
Array
(
    [Дата] => 31.05.2018 08:45:03
    [Сообщение] => 
            Time start: 2018.05.31 08:44:49
            Taked : 10000 cities,
            Loaded from Database: 238542 cities
            Updated: 10000 cities
            Added: 0 cities
            Time end: 2018.05.03 08:45:03
    [Параметры запуска] => Array
        (
            [START] => 200000
            [LIMIT] => 10000
        )

    [Ошибки при выполнении] => Array
(
)

)


PROCESSING Step Complete:
Array
(
    [Дата] => 31.05.2018 08:50:17
    [Сообщение] => 
            Time start: 2018.05.31 08:50:03
            Taked : 10000 cities,
            Loaded from Database: 238542 cities
            Updated: 9999 cities
            Added: 1 cities
            Time end: 2018.05.17 08:50:17
    [Параметры запуска] => Array
        (
            [START] => 210000
            [LIMIT] => 10000
        )

    [Ошибки при выполнении] => Array
(
)

)


PROCESSING Step Complete:
Array
(
    [Дата] => 31.05.2018 08:55:31
    [Сообщение] => 
            Time start: 2018.05.31 08:55:17
            Taked : 10000 cities,
            Loaded from Database: 238543 cities
            Updated: 9998 cities
            Added: 2 cities
            Time end: 2018.05.31 08:55:31
    [Параметры запуска] => Array
        (
            [START] => 220000
            [LIMIT] => 10000
        )

    [Ошибки при выполнении] => Array
(
)

)


PROCESSING Complete:
Array
(
    [Дата] => 31.05.2018 09:00:44
    [Сообщение] => 
            Time start: 2018.05.31 09:00:31
            Taked : 8545 cities,
            Loaded from Database: 238545 cities
            Deleted: 0 cities,
            Updated: 8545 cities
            Added: 0 cities
            Time end: 2018.05.44 09:00:44
    [Параметры запуска] => Array
        (
            [START] => 230000
            [LIMIT] => 10000
        )

    [Ошибки при выполнении] => Array
(
)

)


