TRIGGER Complete:
Array
(
    [Дата] => 12.05.2018 07:00:02
    [Сообщение] => TRIGGER START
)


PROCESSING Step Complete:
Array
(
    [Дата] => 12.05.2018 07:00:15
    [Сообщение] => 
            Time start: 2018.05.12 07:00:02
            Taked : 10000 cities,
            Loaded from Database: 238492 cities
            Updated: 10000 cities
            Added: 0 cities
            Time end: 2018.05.15 07:00:15
    [Параметры запуска] => Array
        (
            [START] => 0
            [LIMIT] => 10000
        )

    [Ошибки при выполнении] => Array
(
)

)


PROCESSING Step Complete:
Array
(
    [Дата] => 12.05.2018 07:05:29
    [Сообщение] => 
            Time start: 2018.05.12 07:05:15
            Taked : 10000 cities,
            Loaded from Database: 238492 cities
            Updated: 10000 cities
            Added: 0 cities
            Time end: 2018.05.29 07:05:29
    [Параметры запуска] => Array
        (
            [START] => 10000
            [LIMIT] => 10000
        )

    [Ошибки при выполнении] => Array
(
)

)


PROCESSING Step Complete:
Array
(
    [Дата] => 12.05.2018 07:10:42
    [Сообщение] => 
            Time start: 2018.05.12 07:10:29
            Taked : 10000 cities,
            Loaded from Database: 238492 cities
            Updated: 10000 cities
            Added: 0 cities
            Time end: 2018.05.42 07:10:42
    [Параметры запуска] => Array
        (
            [START] => 20000
            [LIMIT] => 10000
        )

    [Ошибки при выполнении] => Array
(
)

)


PROCESSING Step Complete:
Array
(
    [Дата] => 12.05.2018 07:15:56
    [Сообщение] => 
            Time start: 2018.05.12 07:15:42
            Taked : 10000 cities,
            Loaded from Database: 238492 cities
            Updated: 10000 cities
            Added: 0 cities
            Time end: 2018.05.56 07:15:56
    [Параметры запуска] => Array
        (
            [START] => 30000
            [LIMIT] => 10000
        )

    [Ошибки при выполнении] => Array
(
)

)


PROCESSING Step Complete:
Array
(
    [Дата] => 12.05.2018 07:21:09
    [Сообщение] => 
            Time start: 2018.05.12 07:20:56
            Taked : 10000 cities,
            Loaded from Database: 238492 cities
            Updated: 10000 cities
            Added: 0 cities
            Time end: 2018.05.09 07:21:09
    [Параметры запуска] => Array
        (
            [START] => 40000
            [LIMIT] => 10000
        )

    [Ошибки при выполнении] => Array
(
)

)


PROCESSING Step Complete:
Array
(
    [Дата] => 12.05.2018 07:26:23
    [Сообщение] => 
            Time start: 2018.05.12 07:26:09
            Taked : 10000 cities,
            Loaded from Database: 238492 cities
            Updated: 10000 cities
            Added: 0 cities
            Time end: 2018.05.23 07:26:23
    [Параметры запуска] => Array
        (
            [START] => 50000
            [LIMIT] => 10000
        )

    [Ошибки при выполнении] => Array
(
)

)


PROCESSING Step Complete:
Array
(
    [Дата] => 12.05.2018 07:31:36
    [Сообщение] => 
            Time start: 2018.05.12 07:31:23
            Taked : 10000 cities,
            Loaded from Database: 238492 cities
            Updated: 10000 cities
            Added: 0 cities
            Time end: 2018.05.36 07:31:36
    [Параметры запуска] => Array
        (
            [START] => 60000
            [LIMIT] => 10000
        )

    [Ошибки при выполнении] => Array
(
)

)


PROCESSING Step Complete:
Array
(
    [Дата] => 12.05.2018 07:36:50
    [Сообщение] => 
            Time start: 2018.05.12 07:36:37
            Taked : 10000 cities,
            Loaded from Database: 238492 cities
            Updated: 10000 cities
            Added: 0 cities
            Time end: 2018.05.50 07:36:50
    [Параметры запуска] => Array
        (
            [START] => 70000
            [LIMIT] => 10000
        )

    [Ошибки при выполнении] => Array
(
)

)


PROCESSING Step Complete:
Array
(
    [Дата] => 12.05.2018 07:42:03
    [Сообщение] => 
            Time start: 2018.05.12 07:41:50
            Taked : 10000 cities,
            Loaded from Database: 238492 cities
            Updated: 10000 cities
            Added: 0 cities
            Time end: 2018.05.03 07:42:03
    [Параметры запуска] => Array
        (
            [START] => 80000
            [LIMIT] => 10000
        )

    [Ошибки при выполнении] => Array
(
)

)


PROCESSING Step Complete:
Array
(
    [Дата] => 12.05.2018 07:47:17
    [Сообщение] => 
            Time start: 2018.05.12 07:47:04
            Taked : 10000 cities,
            Loaded from Database: 238492 cities
            Updated: 10000 cities
            Added: 0 cities
            Time end: 2018.05.17 07:47:17
    [Параметры запуска] => Array
        (
            [START] => 90000
            [LIMIT] => 10000
        )

    [Ошибки при выполнении] => Array
(
)

)


PROCESSING Step Complete:
Array
(
    [Дата] => 12.05.2018 07:52:29
    [Сообщение] => 
            Time start: 2018.05.12 07:52:17
            Taked : 10000 cities,
            Loaded from Database: 238492 cities
            Updated: 10000 cities
            Added: 0 cities
            Time end: 2018.05.29 07:52:29
    [Параметры запуска] => Array
        (
            [START] => 100000
            [LIMIT] => 10000
        )

    [Ошибки при выполнении] => Array
(
)

)


PROCESSING Step Complete:
Array
(
    [Дата] => 12.05.2018 07:57:42
    [Сообщение] => 
            Time start: 2018.05.12 07:57:29
            Taked : 10000 cities,
            Loaded from Database: 238492 cities
            Updated: 10000 cities
            Added: 0 cities
            Time end: 2018.05.42 07:57:42
    [Параметры запуска] => Array
        (
            [START] => 110000
            [LIMIT] => 10000
        )

    [Ошибки при выполнении] => Array
(
)

)


PROCESSING Step Complete:
Array
(
    [Дата] => 12.05.2018 08:02:54
    [Сообщение] => 
            Time start: 2018.05.12 08:02:42
            Taked : 10000 cities,
            Loaded from Database: 238492 cities
            Updated: 10000 cities
            Added: 0 cities
            Time end: 2018.05.54 08:02:54
    [Параметры запуска] => Array
        (
            [START] => 120000
            [LIMIT] => 10000
        )

    [Ошибки при выполнении] => Array
(
)

)


PROCESSING Step Complete:
Array
(
    [Дата] => 12.05.2018 08:08:07
    [Сообщение] => 
            Time start: 2018.05.12 08:07:55
            Taked : 10000 cities,
            Loaded from Database: 238492 cities
            Updated: 10000 cities
            Added: 0 cities
            Time end: 2018.05.07 08:08:07
    [Параметры запуска] => Array
        (
            [START] => 130000
            [LIMIT] => 10000
        )

    [Ошибки при выполнении] => Array
(
)

)


PROCESSING Step Complete:
Array
(
    [Дата] => 12.05.2018 08:13:19
    [Сообщение] => 
            Time start: 2018.05.12 08:13:07
            Taked : 10000 cities,
            Loaded from Database: 238492 cities
            Updated: 10000 cities
            Added: 0 cities
            Time end: 2018.05.19 08:13:19
    [Параметры запуска] => Array
        (
            [START] => 140000
            [LIMIT] => 10000
        )

    [Ошибки при выполнении] => Array
(
)

)


PROCESSING Step Complete:
Array
(
    [Дата] => 12.05.2018 08:18:33
    [Сообщение] => 
            Time start: 2018.05.12 08:18:20
            Taked : 10000 cities,
            Loaded from Database: 238492 cities
            Updated: 10000 cities
            Added: 0 cities
            Time end: 2018.05.33 08:18:33
    [Параметры запуска] => Array
        (
            [START] => 150000
            [LIMIT] => 10000
        )

    [Ошибки при выполнении] => Array
(
)

)


PROCESSING Step Complete:
Array
(
    [Дата] => 12.05.2018 08:23:47
    [Сообщение] => 
            Time start: 2018.05.12 08:23:33
            Taked : 10000 cities,
            Loaded from Database: 238492 cities
            Updated: 10000 cities
            Added: 0 cities
            Time end: 2018.05.47 08:23:47
    [Параметры запуска] => Array
        (
            [START] => 160000
            [LIMIT] => 10000
        )

    [Ошибки при выполнении] => Array
(
)

)


PROCESSING Step Complete:
Array
(
    [Дата] => 12.05.2018 08:29:00
    [Сообщение] => 
            Time start: 2018.05.12 08:28:47
            Taked : 10000 cities,
            Loaded from Database: 238492 cities
            Updated: 10000 cities
            Added: 0 cities
            Time end: 2018.05.00 08:29:00
    [Параметры запуска] => Array
        (
            [START] => 170000
            [LIMIT] => 10000
        )

    [Ошибки при выполнении] => Array
(
)

)


PROCESSING Step Complete:
Array
(
    [Дата] => 12.05.2018 08:34:14
    [Сообщение] => 
            Time start: 2018.05.12 08:34:00
            Taked : 10000 cities,
            Loaded from Database: 238492 cities
            Updated: 10000 cities
            Added: 0 cities
            Time end: 2018.05.14 08:34:14
    [Параметры запуска] => Array
        (
            [START] => 180000
            [LIMIT] => 10000
        )

    [Ошибки при выполнении] => Array
(
)

)


PROCESSING Step Complete:
Array
(
    [Дата] => 12.05.2018 08:39:27
    [Сообщение] => 
            Time start: 2018.05.12 08:39:14
            Taked : 10000 cities,
            Loaded from Database: 238492 cities
            Updated: 10000 cities
            Added: 0 cities
            Time end: 2018.05.27 08:39:27
    [Параметры запуска] => Array
        (
            [START] => 190000
            [LIMIT] => 10000
        )

    [Ошибки при выполнении] => Array
(
)

)


PROCESSING Step Complete:
Array
(
    [Дата] => 12.05.2018 08:44:40
    [Сообщение] => 
            Time start: 2018.05.12 08:44:27
            Taked : 10000 cities,
            Loaded from Database: 238492 cities
            Updated: 9998 cities
            Added: 2 cities
            Time end: 2018.05.40 08:44:40
    [Параметры запуска] => Array
        (
            [START] => 200000
            [LIMIT] => 10000
        )

    [Ошибки при выполнении] => Array
(
)

)


PROCESSING Step Complete:
Array
(
    [Дата] => 12.05.2018 08:49:53
    [Сообщение] => 
            Time start: 2018.05.12 08:49:40
            Taked : 10000 cities,
            Loaded from Database: 238494 cities
            Updated: 10000 cities
            Added: 0 cities
            Time end: 2018.05.53 08:49:53
    [Параметры запуска] => Array
        (
            [START] => 210000
            [LIMIT] => 10000
        )

    [Ошибки при выполнении] => Array
(
)

)


PROCESSING Step Complete:
Array
(
    [Дата] => 12.05.2018 08:55:07
    [Сообщение] => 
            Time start: 2018.05.12 08:54:53
            Taked : 10000 cities,
            Loaded from Database: 238494 cities
            Updated: 10000 cities
            Added: 0 cities
            Time end: 2018.05.07 08:55:07
    [Параметры запуска] => Array
        (
            [START] => 220000
            [LIMIT] => 10000
        )

    [Ошибки при выполнении] => Array
(
)

)


PROCESSING Complete:
Array
(
    [Дата] => 12.05.2018 09:00:19
    [Сообщение] => 
            Time start: 2018.05.12 09:00:07
            Taked : 8494 cities,
            Loaded from Database: 238494 cities
            Deleted: 0 cities,
            Updated: 8494 cities
            Added: 0 cities
            Time end: 2018.05.19 09:00:19
    [Параметры запуска] => Array
        (
            [START] => 230000
            [LIMIT] => 10000
        )

    [Ошибки при выполнении] => Array
(
)

)


