TRIGGER Complete:
Array
(
    [Дата] => 08.07.2018 07:00:03
    [Сообщение] => TRIGGER START
)


PROCESSING Step Complete:
Array
(
    [Дата] => 08.07.2018 07:00:17
    [Сообщение] => 
            Time start: 2018.07.08 07:00:03
            Taked : 10000 cities,
            Loaded from Database: 239240 cities
            Updated: 10000 cities
            Added: 0 cities
            Time end: 2018.07.17 07:00:17
    [Параметры запуска] => Array
        (
            [START] => 0
            [LIMIT] => 10000
        )

    [Ошибки при выполнении] => Array
(
)

)


PROCESSING Step Complete:
Array
(
    [Дата] => 08.07.2018 07:05:32
    [Сообщение] => 
            Time start: 2018.07.08 07:05:18
            Taked : 10000 cities,
            Loaded from Database: 239240 cities
            Updated: 10000 cities
            Added: 0 cities
            Time end: 2018.07.32 07:05:32
    [Параметры запуска] => Array
        (
            [START] => 10000
            [LIMIT] => 10000
        )

    [Ошибки при выполнении] => Array
(
)

)


PROCESSING Step Complete:
Array
(
    [Дата] => 08.07.2018 07:10:47
    [Сообщение] => 
            Time start: 2018.07.08 07:10:32
            Taked : 10000 cities,
            Loaded from Database: 239240 cities
            Updated: 10000 cities
            Added: 0 cities
            Time end: 2018.07.47 07:10:47
    [Параметры запуска] => Array
        (
            [START] => 20000
            [LIMIT] => 10000
        )

    [Ошибки при выполнении] => Array
(
)

)


PROCESSING Step Complete:
Array
(
    [Дата] => 08.07.2018 07:16:07
    [Сообщение] => 
            Time start: 2018.07.08 07:15:47
            Taked : 10000 cities,
            Loaded from Database: 239240 cities
            Updated: 10000 cities
            Added: 0 cities
            Time end: 2018.07.07 07:16:07
    [Параметры запуска] => Array
        (
            [START] => 30000
            [LIMIT] => 10000
        )

    [Ошибки при выполнении] => Array
(
)

)


PROCESSING Step Complete:
Array
(
    [Дата] => 08.07.2018 07:21:22
    [Сообщение] => 
            Time start: 2018.07.08 07:21:07
            Taked : 10000 cities,
            Loaded from Database: 239240 cities
            Updated: 10000 cities
            Added: 0 cities
            Time end: 2018.07.22 07:21:22
    [Параметры запуска] => Array
        (
            [START] => 40000
            [LIMIT] => 10000
        )

    [Ошибки при выполнении] => Array
(
)

)


PROCESSING Step Complete:
Array
(
    [Дата] => 08.07.2018 07:26:36
    [Сообщение] => 
            Time start: 2018.07.08 07:26:22
            Taked : 10000 cities,
            Loaded from Database: 239240 cities
            Updated: 10000 cities
            Added: 0 cities
            Time end: 2018.07.36 07:26:36
    [Параметры запуска] => Array
        (
            [START] => 50000
            [LIMIT] => 10000
        )

    [Ошибки при выполнении] => Array
(
)

)


PROCESSING Step Complete:
Array
(
    [Дата] => 08.07.2018 07:31:51
    [Сообщение] => 
            Time start: 2018.07.08 07:31:36
            Taked : 10000 cities,
            Loaded from Database: 239240 cities
            Updated: 10000 cities
            Added: 0 cities
            Time end: 2018.07.51 07:31:51
    [Параметры запуска] => Array
        (
            [START] => 60000
            [LIMIT] => 10000
        )

    [Ошибки при выполнении] => Array
(
)

)


PROCESSING Step Complete:
Array
(
    [Дата] => 08.07.2018 07:37:05
    [Сообщение] => 
            Time start: 2018.07.08 07:36:51
            Taked : 10000 cities,
            Loaded from Database: 239240 cities
            Updated: 10000 cities
            Added: 0 cities
            Time end: 2018.07.05 07:37:05
    [Параметры запуска] => Array
        (
            [START] => 70000
            [LIMIT] => 10000
        )

    [Ошибки при выполнении] => Array
(
)

)


PROCESSING Step Complete:
Array
(
    [Дата] => 08.07.2018 07:42:20
    [Сообщение] => 
            Time start: 2018.07.08 07:42:05
            Taked : 10000 cities,
            Loaded from Database: 239240 cities
            Updated: 10000 cities
            Added: 0 cities
            Time end: 2018.07.20 07:42:20
    [Параметры запуска] => Array
        (
            [START] => 80000
            [LIMIT] => 10000
        )

    [Ошибки при выполнении] => Array
(
)

)


PROCESSING Step Complete:
Array
(
    [Дата] => 08.07.2018 07:47:34
    [Сообщение] => 
            Time start: 2018.07.08 07:47:20
            Taked : 10000 cities,
            Loaded from Database: 239240 cities
            Updated: 10000 cities
            Added: 0 cities
            Time end: 2018.07.34 07:47:34
    [Параметры запуска] => Array
        (
            [START] => 90000
            [LIMIT] => 10000
        )

    [Ошибки при выполнении] => Array
(
)

)


PROCESSING Step Complete:
Array
(
    [Дата] => 08.07.2018 07:52:48
    [Сообщение] => 
            Time start: 2018.07.08 07:52:34
            Taked : 10000 cities,
            Loaded from Database: 239240 cities
            Updated: 10000 cities
            Added: 0 cities
            Time end: 2018.07.48 07:52:48
    [Параметры запуска] => Array
        (
            [START] => 100000
            [LIMIT] => 10000
        )

    [Ошибки при выполнении] => Array
(
)

)


PROCESSING Step Complete:
Array
(
    [Дата] => 08.07.2018 07:58:02
    [Сообщение] => 
            Time start: 2018.07.08 07:57:48
            Taked : 10000 cities,
            Loaded from Database: 239240 cities
            Updated: 10000 cities
            Added: 0 cities
            Time end: 2018.07.02 07:58:02
    [Параметры запуска] => Array
        (
            [START] => 110000
            [LIMIT] => 10000
        )

    [Ошибки при выполнении] => Array
(
)

)


PROCESSING Step Complete:
Array
(
    [Дата] => 08.07.2018 08:03:16
    [Сообщение] => 
            Time start: 2018.07.08 08:03:02
            Taked : 10000 cities,
            Loaded from Database: 239240 cities
            Updated: 10000 cities
            Added: 0 cities
            Time end: 2018.07.16 08:03:16
    [Параметры запуска] => Array
        (
            [START] => 120000
            [LIMIT] => 10000
        )

    [Ошибки при выполнении] => Array
(
)

)


PROCESSING Step Complete:
Array
(
    [Дата] => 08.07.2018 08:08:30
    [Сообщение] => 
            Time start: 2018.07.08 08:08:16
            Taked : 10000 cities,
            Loaded from Database: 239240 cities
            Updated: 10000 cities
            Added: 0 cities
            Time end: 2018.07.30 08:08:30
    [Параметры запуска] => Array
        (
            [START] => 130000
            [LIMIT] => 10000
        )

    [Ошибки при выполнении] => Array
(
)

)


PROCESSING Step Complete:
Array
(
    [Дата] => 08.07.2018 08:13:45
    [Сообщение] => 
            Time start: 2018.07.08 08:13:31
            Taked : 10000 cities,
            Loaded from Database: 239240 cities
            Updated: 10000 cities
            Added: 0 cities
            Time end: 2018.07.45 08:13:45
    [Параметры запуска] => Array
        (
            [START] => 140000
            [LIMIT] => 10000
        )

    [Ошибки при выполнении] => Array
(
)

)


PROCESSING Step Complete:
Array
(
    [Дата] => 08.07.2018 08:19:00
    [Сообщение] => 
            Time start: 2018.07.08 08:18:45
            Taked : 10000 cities,
            Loaded from Database: 239240 cities
            Updated: 10000 cities
            Added: 0 cities
            Time end: 2018.07.00 08:19:00
    [Параметры запуска] => Array
        (
            [START] => 150000
            [LIMIT] => 10000
        )

    [Ошибки при выполнении] => Array
(
)

)


PROCESSING Step Complete:
Array
(
    [Дата] => 08.07.2018 08:24:13
    [Сообщение] => 
            Time start: 2018.07.08 08:24:00
            Taked : 10000 cities,
            Loaded from Database: 239240 cities
            Updated: 10000 cities
            Added: 0 cities
            Time end: 2018.07.13 08:24:13
    [Параметры запуска] => Array
        (
            [START] => 160000
            [LIMIT] => 10000
        )

    [Ошибки при выполнении] => Array
(
)

)


PROCESSING Step Complete:
Array
(
    [Дата] => 08.07.2018 08:29:27
    [Сообщение] => 
            Time start: 2018.07.08 08:29:13
            Taked : 10000 cities,
            Loaded from Database: 239240 cities
            Updated: 10000 cities
            Added: 0 cities
            Time end: 2018.07.27 08:29:27
    [Параметры запуска] => Array
        (
            [START] => 170000
            [LIMIT] => 10000
        )

    [Ошибки при выполнении] => Array
(
)

)


PROCESSING Step Complete:
Array
(
    [Дата] => 08.07.2018 08:34:42
    [Сообщение] => 
            Time start: 2018.07.08 08:34:28
            Taked : 10000 cities,
            Loaded from Database: 239240 cities
            Updated: 10000 cities
            Added: 0 cities
            Time end: 2018.07.42 08:34:42
    [Параметры запуска] => Array
        (
            [START] => 180000
            [LIMIT] => 10000
        )

    [Ошибки при выполнении] => Array
(
)

)


PROCESSING Step Complete:
Array
(
    [Дата] => 08.07.2018 08:39:56
    [Сообщение] => 
            Time start: 2018.07.08 08:39:42
            Taked : 10000 cities,
            Loaded from Database: 239240 cities
            Updated: 10000 cities
            Added: 0 cities
            Time end: 2018.07.56 08:39:56
    [Параметры запуска] => Array
        (
            [START] => 190000
            [LIMIT] => 10000
        )

    [Ошибки при выполнении] => Array
(
)

)


PROCESSING Step Complete:
Array
(
    [Дата] => 08.07.2018 08:45:10
    [Сообщение] => 
            Time start: 2018.07.08 08:44:56
            Taked : 10000 cities,
            Loaded from Database: 239240 cities
            Updated: 9999 cities
            Added: 1 cities
            Time end: 2018.07.10 08:45:10
    [Параметры запуска] => Array
        (
            [START] => 200000
            [LIMIT] => 10000
        )

    [Ошибки при выполнении] => Array
(
)

)


PROCESSING Step Complete:
Array
(
    [Дата] => 08.07.2018 08:50:25
    [Сообщение] => 
            Time start: 2018.07.08 08:50:11
            Taked : 10000 cities,
            Loaded from Database: 239241 cities
            Updated: 10000 cities
            Added: 0 cities
            Time end: 2018.07.25 08:50:25
    [Параметры запуска] => Array
        (
            [START] => 210000
            [LIMIT] => 10000
        )

    [Ошибки при выполнении] => Array
(
)

)


PROCESSING Step Complete:
Array
(
    [Дата] => 08.07.2018 08:55:39
    [Сообщение] => 
            Time start: 2018.07.08 08:55:25
            Taked : 10000 cities,
            Loaded from Database: 239241 cities
            Updated: 10000 cities
            Added: 0 cities
            Time end: 2018.07.39 08:55:39
    [Параметры запуска] => Array
        (
            [START] => 220000
            [LIMIT] => 10000
        )

    [Ошибки при выполнении] => Array
(
)

)


PROCESSING Complete:
Array
(
    [Дата] => 08.07.2018 09:00:53
    [Сообщение] => 
            Time start: 2018.07.08 09:00:40
            Taked : 9241 cities,
            Loaded from Database: 239241 cities
            Deleted: 0 cities,
            Updated: 9241 cities
            Added: 0 cities
            Time end: 2018.07.53 09:00:53
    [Параметры запуска] => Array
        (
            [START] => 230000
            [LIMIT] => 10000
        )

    [Ошибки при выполнении] => Array
(
)

)


