TRIGGER Complete:
Array
(
    [Дата] => 30.07.2018 07:00:03
    [Сообщение] => TRIGGER START
)


PROCESSING Step Complete:
Array
(
    [Дата] => 30.07.2018 07:00:33
    [Сообщение] => 
            Time start: 2018.07.30 07:00:03
            Taked : 10000 cities,
            Loaded from Database: 239330 cities
            Updated: 10000 cities
            Added: 0 cities
            Time end: 2018.07.33 07:00:33
    [Параметры запуска] => Array
        (
            [START] => 0
            [LIMIT] => 10000
        )

    [Ошибки при выполнении] => Array
(
)

)


PROCESSING Step Complete:
Array
(
    [Дата] => 30.07.2018 07:06:01
    [Сообщение] => 
            Time start: 2018.07.30 07:05:33
            Taked : 10000 cities,
            Loaded from Database: 239330 cities
            Updated: 10000 cities
            Added: 0 cities
            Time end: 2018.07.01 07:06:01
    [Параметры запуска] => Array
        (
            [START] => 10000
            [LIMIT] => 10000
        )

    [Ошибки при выполнении] => Array
(
)

)


PROCESSING Step Complete:
Array
(
    [Дата] => 30.07.2018 07:11:30
    [Сообщение] => 
            Time start: 2018.07.30 07:11:02
            Taked : 10000 cities,
            Loaded from Database: 239330 cities
            Updated: 10000 cities
            Added: 0 cities
            Time end: 2018.07.30 07:11:30
    [Параметры запуска] => Array
        (
            [START] => 20000
            [LIMIT] => 10000
        )

    [Ошибки при выполнении] => Array
(
)

)


PROCESSING Step Complete:
Array
(
    [Дата] => 30.07.2018 07:17:00
    [Сообщение] => 
            Time start: 2018.07.30 07:16:31
            Taked : 10000 cities,
            Loaded from Database: 239330 cities
            Updated: 10000 cities
            Added: 0 cities
            Time end: 2018.07.00 07:17:00
    [Параметры запуска] => Array
        (
            [START] => 30000
            [LIMIT] => 10000
        )

    [Ошибки при выполнении] => Array
(
)

)


PROCESSING Step Complete:
Array
(
    [Дата] => 30.07.2018 07:22:28
    [Сообщение] => 
            Time start: 2018.07.30 07:22:00
            Taked : 10000 cities,
            Loaded from Database: 239330 cities
            Updated: 10000 cities
            Added: 0 cities
            Time end: 2018.07.28 07:22:28
    [Параметры запуска] => Array
        (
            [START] => 40000
            [LIMIT] => 10000
        )

    [Ошибки при выполнении] => Array
(
)

)


PROCESSING Step Complete:
Array
(
    [Дата] => 30.07.2018 07:27:57
    [Сообщение] => 
            Time start: 2018.07.30 07:27:28
            Taked : 10000 cities,
            Loaded from Database: 239330 cities
            Updated: 10000 cities
            Added: 0 cities
            Time end: 2018.07.57 07:27:57
    [Параметры запуска] => Array
        (
            [START] => 50000
            [LIMIT] => 10000
        )

    [Ошибки при выполнении] => Array
(
)

)


PROCESSING Step Complete:
Array
(
    [Дата] => 30.07.2018 07:33:26
    [Сообщение] => 
            Time start: 2018.07.30 07:32:57
            Taked : 10000 cities,
            Loaded from Database: 239330 cities
            Updated: 10000 cities
            Added: 0 cities
            Time end: 2018.07.26 07:33:26
    [Параметры запуска] => Array
        (
            [START] => 60000
            [LIMIT] => 10000
        )

    [Ошибки при выполнении] => Array
(
)

)


PROCESSING Step Complete:
Array
(
    [Дата] => 30.07.2018 07:38:55
    [Сообщение] => 
            Time start: 2018.07.30 07:38:26
            Taked : 10000 cities,
            Loaded from Database: 239330 cities
            Updated: 10000 cities
            Added: 0 cities
            Time end: 2018.07.55 07:38:55
    [Параметры запуска] => Array
        (
            [START] => 70000
            [LIMIT] => 10000
        )

    [Ошибки при выполнении] => Array
(
)

)


PROCESSING Step Complete:
Array
(
    [Дата] => 30.07.2018 07:44:25
    [Сообщение] => 
            Time start: 2018.07.30 07:43:56
            Taked : 10000 cities,
            Loaded from Database: 239330 cities
            Updated: 10000 cities
            Added: 0 cities
            Time end: 2018.07.25 07:44:25
    [Параметры запуска] => Array
        (
            [START] => 80000
            [LIMIT] => 10000
        )

    [Ошибки при выполнении] => Array
(
)

)


PROCESSING Step Complete:
Array
(
    [Дата] => 30.07.2018 07:49:55
    [Сообщение] => 
            Time start: 2018.07.30 07:49:25
            Taked : 10000 cities,
            Loaded from Database: 239330 cities
            Updated: 10000 cities
            Added: 0 cities
            Time end: 2018.07.55 07:49:55
    [Параметры запуска] => Array
        (
            [START] => 90000
            [LIMIT] => 10000
        )

    [Ошибки при выполнении] => Array
(
)

)


PROCESSING Step Complete:
Array
(
    [Дата] => 30.07.2018 07:55:24
    [Сообщение] => 
            Time start: 2018.07.30 07:54:55
            Taked : 10000 cities,
            Loaded from Database: 239330 cities
            Updated: 10000 cities
            Added: 0 cities
            Time end: 2018.07.24 07:55:24
    [Параметры запуска] => Array
        (
            [START] => 100000
            [LIMIT] => 10000
        )

    [Ошибки при выполнении] => Array
(
)

)


PROCESSING Step Complete:
Array
(
    [Дата] => 30.07.2018 08:00:52
    [Сообщение] => 
            Time start: 2018.07.30 08:00:25
            Taked : 10000 cities,
            Loaded from Database: 239330 cities
            Updated: 10000 cities
            Added: 0 cities
            Time end: 2018.07.52 08:00:52
    [Параметры запуска] => Array
        (
            [START] => 110000
            [LIMIT] => 10000
        )

    [Ошибки при выполнении] => Array
(
)

)


PROCESSING Step Complete:
Array
(
    [Дата] => 30.07.2018 08:06:21
    [Сообщение] => 
            Time start: 2018.07.30 08:05:52
            Taked : 10000 cities,
            Loaded from Database: 239330 cities
            Updated: 10000 cities
            Added: 0 cities
            Time end: 2018.07.21 08:06:21
    [Параметры запуска] => Array
        (
            [START] => 120000
            [LIMIT] => 10000
        )

    [Ошибки при выполнении] => Array
(
)

)


PROCESSING Step Complete:
Array
(
    [Дата] => 30.07.2018 08:11:51
    [Сообщение] => 
            Time start: 2018.07.30 08:11:21
            Taked : 10000 cities,
            Loaded from Database: 239330 cities
            Updated: 10000 cities
            Added: 0 cities
            Time end: 2018.07.51 08:11:51
    [Параметры запуска] => Array
        (
            [START] => 130000
            [LIMIT] => 10000
        )

    [Ошибки при выполнении] => Array
(
)

)


PROCESSING Step Complete:
Array
(
    [Дата] => 30.07.2018 08:17:20
    [Сообщение] => 
            Time start: 2018.07.30 08:16:51
            Taked : 10000 cities,
            Loaded from Database: 239330 cities
            Updated: 10000 cities
            Added: 0 cities
            Time end: 2018.07.20 08:17:20
    [Параметры запуска] => Array
        (
            [START] => 140000
            [LIMIT] => 10000
        )

    [Ошибки при выполнении] => Array
(
)

)


PROCESSING Step Complete:
Array
(
    [Дата] => 30.07.2018 08:22:50
    [Сообщение] => 
            Time start: 2018.07.30 08:22:20
            Taked : 10000 cities,
            Loaded from Database: 239330 cities
            Updated: 10000 cities
            Added: 0 cities
            Time end: 2018.07.50 08:22:50
    [Параметры запуска] => Array
        (
            [START] => 150000
            [LIMIT] => 10000
        )

    [Ошибки при выполнении] => Array
(
)

)


PROCESSING Step Complete:
Array
(
    [Дата] => 30.07.2018 08:28:19
    [Сообщение] => 
            Time start: 2018.07.30 08:27:50
            Taked : 10000 cities,
            Loaded from Database: 239330 cities
            Updated: 10000 cities
            Added: 0 cities
            Time end: 2018.07.19 08:28:19
    [Параметры запуска] => Array
        (
            [START] => 160000
            [LIMIT] => 10000
        )

    [Ошибки при выполнении] => Array
(
)

)


PROCESSING Step Complete:
Array
(
    [Дата] => 30.07.2018 08:33:48
    [Сообщение] => 
            Time start: 2018.07.30 08:33:19
            Taked : 10000 cities,
            Loaded from Database: 239330 cities
            Updated: 10000 cities
            Added: 0 cities
            Time end: 2018.07.48 08:33:48
    [Параметры запуска] => Array
        (
            [START] => 170000
            [LIMIT] => 10000
        )

    [Ошибки при выполнении] => Array
(
)

)


PROCESSING Step Complete:
Array
(
    [Дата] => 30.07.2018 08:39:17
    [Сообщение] => 
            Time start: 2018.07.30 08:38:48
            Taked : 10000 cities,
            Loaded from Database: 239330 cities
            Updated: 10000 cities
            Added: 0 cities
            Time end: 2018.07.17 08:39:17
    [Параметры запуска] => Array
        (
            [START] => 180000
            [LIMIT] => 10000
        )

    [Ошибки при выполнении] => Array
(
)

)


PROCESSING Step Complete:
Array
(
    [Дата] => 30.07.2018 08:44:45
    [Сообщение] => 
            Time start: 2018.07.30 08:44:17
            Taked : 10000 cities,
            Loaded from Database: 239330 cities
            Updated: 10000 cities
            Added: 0 cities
            Time end: 2018.07.45 08:44:45
    [Параметры запуска] => Array
        (
            [START] => 190000
            [LIMIT] => 10000
        )

    [Ошибки при выполнении] => Array
(
)

)


PROCESSING Step Complete:
Array
(
    [Дата] => 30.07.2018 08:50:15
    [Сообщение] => 
            Time start: 2018.07.30 08:49:46
            Taked : 10000 cities,
            Loaded from Database: 239330 cities
            Updated: 9998 cities
            Added: 2 cities
            Time end: 2018.07.15 08:50:15
    [Параметры запуска] => Array
        (
            [START] => 200000
            [LIMIT] => 10000
        )

    [Ошибки при выполнении] => Array
(
)

)


PROCESSING Step Complete:
Array
(
    [Дата] => 30.07.2018 08:55:43
    [Сообщение] => 
            Time start: 2018.07.30 08:55:15
            Taked : 10000 cities,
            Loaded from Database: 239332 cities
            Updated: 10000 cities
            Added: 0 cities
            Time end: 2018.07.43 08:55:43
    [Параметры запуска] => Array
        (
            [START] => 210000
            [LIMIT] => 10000
        )

    [Ошибки при выполнении] => Array
(
)

)


PROCESSING Step Complete:
Array
(
    [Дата] => 30.07.2018 09:01:13
    [Сообщение] => 
            Time start: 2018.07.30 09:00:43
            Taked : 10000 cities,
            Loaded from Database: 239332 cities
            Updated: 10000 cities
            Added: 0 cities
            Time end: 2018.07.13 09:01:13
    [Параметры запуска] => Array
        (
            [START] => 220000
            [LIMIT] => 10000
        )

    [Ошибки при выполнении] => Array
(
)

)


PROCESSING Complete:
Array
(
    [Дата] => 30.07.2018 09:06:40
    [Сообщение] => 
            Time start: 2018.07.30 09:06:13
            Taked : 9332 cities,
            Loaded from Database: 239332 cities
            Deleted: 0 cities,
            Updated: 9332 cities
            Added: 0 cities
            Time end: 2018.07.40 09:06:40
    [Параметры запуска] => Array
        (
            [START] => 230000
            [LIMIT] => 10000
        )

    [Ошибки при выполнении] => Array
(
)

)


