TRIGGER Complete:
Array
(
    [Дата] => 20.06.2018 07:00:03
    [Сообщение] => TRIGGER START
)


PROCESSING Step Complete:
Array
(
    [Дата] => 20.06.2018 07:00:17
    [Сообщение] => 
            Time start: 2018.06.20 07:00:03
            Taked : 10000 cities,
            Loaded from Database: 238621 cities
            Updated: 10000 cities
            Added: 0 cities
            Time end: 2018.06.17 07:00:17
    [Параметры запуска] => Array
        (
            [START] => 0
            [LIMIT] => 10000
        )

    [Ошибки при выполнении] => Array
(
)

)


PROCESSING Step Complete:
Array
(
    [Дата] => 20.06.2018 07:05:32
    [Сообщение] => 
            Time start: 2018.06.20 07:05:17
            Taked : 10000 cities,
            Loaded from Database: 238621 cities
            Updated: 10000 cities
            Added: 0 cities
            Time end: 2018.06.32 07:05:32
    [Параметры запуска] => Array
        (
            [START] => 10000
            [LIMIT] => 10000
        )

    [Ошибки при выполнении] => Array
(
)

)


PROCESSING Step Complete:
Array
(
    [Дата] => 20.06.2018 07:10:46
    [Сообщение] => 
            Time start: 2018.06.20 07:10:32
            Taked : 10000 cities,
            Loaded from Database: 238621 cities
            Updated: 10000 cities
            Added: 0 cities
            Time end: 2018.06.46 07:10:46
    [Параметры запуска] => Array
        (
            [START] => 20000
            [LIMIT] => 10000
        )

    [Ошибки при выполнении] => Array
(
)

)


PROCESSING Step Complete:
Array
(
    [Дата] => 20.06.2018 07:16:01
    [Сообщение] => 
            Time start: 2018.06.20 07:15:46
            Taked : 10000 cities,
            Loaded from Database: 238621 cities
            Updated: 10000 cities
            Added: 0 cities
            Time end: 2018.06.01 07:16:01
    [Параметры запуска] => Array
        (
            [START] => 30000
            [LIMIT] => 10000
        )

    [Ошибки при выполнении] => Array
(
)

)


PROCESSING Step Complete:
Array
(
    [Дата] => 20.06.2018 07:21:16
    [Сообщение] => 
            Time start: 2018.06.20 07:21:01
            Taked : 10000 cities,
            Loaded from Database: 238621 cities
            Updated: 10000 cities
            Added: 0 cities
            Time end: 2018.06.16 07:21:16
    [Параметры запуска] => Array
        (
            [START] => 40000
            [LIMIT] => 10000
        )

    [Ошибки при выполнении] => Array
(
)

)


PROCESSING Step Complete:
Array
(
    [Дата] => 20.06.2018 07:26:30
    [Сообщение] => 
            Time start: 2018.06.20 07:26:16
            Taked : 10000 cities,
            Loaded from Database: 238621 cities
            Updated: 10000 cities
            Added: 0 cities
            Time end: 2018.06.30 07:26:30
    [Параметры запуска] => Array
        (
            [START] => 50000
            [LIMIT] => 10000
        )

    [Ошибки при выполнении] => Array
(
)

)


PROCESSING Step Complete:
Array
(
    [Дата] => 20.06.2018 07:31:45
    [Сообщение] => 
            Time start: 2018.06.20 07:31:30
            Taked : 10000 cities,
            Loaded from Database: 238621 cities
            Updated: 10000 cities
            Added: 0 cities
            Time end: 2018.06.45 07:31:45
    [Параметры запуска] => Array
        (
            [START] => 60000
            [LIMIT] => 10000
        )

    [Ошибки при выполнении] => Array
(
)

)


PROCESSING Step Complete:
Array
(
    [Дата] => 20.06.2018 07:37:00
    [Сообщение] => 
            Time start: 2018.06.20 07:36:45
            Taked : 10000 cities,
            Loaded from Database: 238621 cities
            Updated: 10000 cities
            Added: 0 cities
            Time end: 2018.06.00 07:37:00
    [Параметры запуска] => Array
        (
            [START] => 70000
            [LIMIT] => 10000
        )

    [Ошибки при выполнении] => Array
(
)

)


PROCESSING Step Complete:
Array
(
    [Дата] => 20.06.2018 07:42:14
    [Сообщение] => 
            Time start: 2018.06.20 07:42:00
            Taked : 10000 cities,
            Loaded from Database: 238621 cities
            Updated: 10000 cities
            Added: 0 cities
            Time end: 2018.06.14 07:42:14
    [Параметры запуска] => Array
        (
            [START] => 80000
            [LIMIT] => 10000
        )

    [Ошибки при выполнении] => Array
(
)

)


PROCESSING Step Complete:
Array
(
    [Дата] => 20.06.2018 07:47:29
    [Сообщение] => 
            Time start: 2018.06.20 07:47:14
            Taked : 10000 cities,
            Loaded from Database: 238621 cities
            Updated: 10000 cities
            Added: 0 cities
            Time end: 2018.06.29 07:47:29
    [Параметры запуска] => Array
        (
            [START] => 90000
            [LIMIT] => 10000
        )

    [Ошибки при выполнении] => Array
(
)

)


PROCESSING Step Complete:
Array
(
    [Дата] => 20.06.2018 07:52:44
    [Сообщение] => 
            Time start: 2018.06.20 07:52:29
            Taked : 10000 cities,
            Loaded from Database: 238621 cities
            Updated: 10000 cities
            Added: 0 cities
            Time end: 2018.06.44 07:52:44
    [Параметры запуска] => Array
        (
            [START] => 100000
            [LIMIT] => 10000
        )

    [Ошибки при выполнении] => Array
(
)

)


PROCESSING Step Complete:
Array
(
    [Дата] => 20.06.2018 07:57:59
    [Сообщение] => 
            Time start: 2018.06.20 07:57:44
            Taked : 10000 cities,
            Loaded from Database: 238621 cities
            Updated: 10000 cities
            Added: 0 cities
            Time end: 2018.06.59 07:57:59
    [Параметры запуска] => Array
        (
            [START] => 110000
            [LIMIT] => 10000
        )

    [Ошибки при выполнении] => Array
(
)

)


PROCESSING Step Complete:
Array
(
    [Дата] => 20.06.2018 08:03:13
    [Сообщение] => 
            Time start: 2018.06.20 08:02:59
            Taked : 10000 cities,
            Loaded from Database: 238621 cities
            Updated: 10000 cities
            Added: 0 cities
            Time end: 2018.06.13 08:03:13
    [Параметры запуска] => Array
        (
            [START] => 120000
            [LIMIT] => 10000
        )

    [Ошибки при выполнении] => Array
(
)

)


PROCESSING Step Complete:
Array
(
    [Дата] => 20.06.2018 08:08:28
    [Сообщение] => 
            Time start: 2018.06.20 08:08:13
            Taked : 10000 cities,
            Loaded from Database: 238621 cities
            Updated: 10000 cities
            Added: 0 cities
            Time end: 2018.06.28 08:08:28
    [Параметры запуска] => Array
        (
            [START] => 130000
            [LIMIT] => 10000
        )

    [Ошибки при выполнении] => Array
(
)

)


PROCESSING Step Complete:
Array
(
    [Дата] => 20.06.2018 08:13:43
    [Сообщение] => 
            Time start: 2018.06.20 08:13:28
            Taked : 10000 cities,
            Loaded from Database: 238621 cities
            Updated: 10000 cities
            Added: 0 cities
            Time end: 2018.06.43 08:13:43
    [Параметры запуска] => Array
        (
            [START] => 140000
            [LIMIT] => 10000
        )

    [Ошибки при выполнении] => Array
(
)

)


PROCESSING Step Complete:
Array
(
    [Дата] => 20.06.2018 08:18:58
    [Сообщение] => 
            Time start: 2018.06.20 08:18:43
            Taked : 10000 cities,
            Loaded from Database: 238621 cities
            Updated: 10000 cities
            Added: 0 cities
            Time end: 2018.06.58 08:18:58
    [Параметры запуска] => Array
        (
            [START] => 150000
            [LIMIT] => 10000
        )

    [Ошибки при выполнении] => Array
(
)

)


PROCESSING Step Complete:
Array
(
    [Дата] => 20.06.2018 08:24:12
    [Сообщение] => 
            Time start: 2018.06.20 08:23:58
            Taked : 10000 cities,
            Loaded from Database: 238621 cities
            Updated: 10000 cities
            Added: 0 cities
            Time end: 2018.06.12 08:24:12
    [Параметры запуска] => Array
        (
            [START] => 160000
            [LIMIT] => 10000
        )

    [Ошибки при выполнении] => Array
(
)

)


PROCESSING Step Complete:
Array
(
    [Дата] => 20.06.2018 08:29:27
    [Сообщение] => 
            Time start: 2018.06.20 08:29:12
            Taked : 10000 cities,
            Loaded from Database: 238621 cities
            Updated: 10000 cities
            Added: 0 cities
            Time end: 2018.06.27 08:29:27
    [Параметры запуска] => Array
        (
            [START] => 170000
            [LIMIT] => 10000
        )

    [Ошибки при выполнении] => Array
(
)

)


PROCESSING Step Complete:
Array
(
    [Дата] => 20.06.2018 08:34:42
    [Сообщение] => 
            Time start: 2018.06.20 08:34:27
            Taked : 10000 cities,
            Loaded from Database: 238621 cities
            Updated: 10000 cities
            Added: 0 cities
            Time end: 2018.06.42 08:34:42
    [Параметры запуска] => Array
        (
            [START] => 180000
            [LIMIT] => 10000
        )

    [Ошибки при выполнении] => Array
(
)

)


PROCESSING Step Complete:
Array
(
    [Дата] => 20.06.2018 08:39:57
    [Сообщение] => 
            Time start: 2018.06.20 08:39:42
            Taked : 10000 cities,
            Loaded from Database: 238621 cities
            Updated: 10000 cities
            Added: 0 cities
            Time end: 2018.06.57 08:39:57
    [Параметры запуска] => Array
        (
            [START] => 190000
            [LIMIT] => 10000
        )

    [Ошибки при выполнении] => Array
(
)

)


PROCESSING Step Complete:
Array
(
    [Дата] => 20.06.2018 08:45:11
    [Сообщение] => 
            Time start: 2018.06.20 08:44:57
            Taked : 10000 cities,
            Loaded from Database: 238621 cities
            Updated: 10000 cities
            Added: 0 cities
            Time end: 2018.06.11 08:45:11
    [Параметры запуска] => Array
        (
            [START] => 200000
            [LIMIT] => 10000
        )

    [Ошибки при выполнении] => Array
(
)

)


PROCESSING Step Complete:
Array
(
    [Дата] => 20.06.2018 08:50:25
    [Сообщение] => 
            Time start: 2018.06.20 08:50:11
            Taked : 10000 cities,
            Loaded from Database: 238621 cities
            Updated: 9820 cities
            Added: 180 cities
            Time end: 2018.06.25 08:50:25
    [Параметры запуска] => Array
        (
            [START] => 210000
            [LIMIT] => 10000
        )

    [Ошибки при выполнении] => Array
(
)

)


PROCESSING Step Complete:
Array
(
    [Дата] => 20.06.2018 08:55:40
    [Сообщение] => 
            Time start: 2018.06.20 08:55:26
            Taked : 10000 cities,
            Loaded from Database: 238801 cities
            Updated: 10000 cities
            Added: 0 cities
            Time end: 2018.06.40 08:55:40
    [Параметры запуска] => Array
        (
            [START] => 220000
            [LIMIT] => 10000
        )

    [Ошибки при выполнении] => Array
(
)

)


PROCESSING Complete:
Array
(
    [Дата] => 20.06.2018 09:00:53
    [Сообщение] => 
            Time start: 2018.06.20 09:00:40
            Taked : 8801 cities,
            Loaded from Database: 238801 cities
            Deleted: 0 cities,
            Updated: 8801 cities
            Added: 0 cities
            Time end: 2018.06.53 09:00:53
    [Параметры запуска] => Array
        (
            [START] => 230000
            [LIMIT] => 10000
        )

    [Ошибки при выполнении] => Array
(
)

)


