TRIGGER Complete:
Array
(
    [Дата] => 14.09.2018 07:00:07
    [Сообщение] => TRIGGER START
)


PROCESSING Step Complete:
Array
(
    [Дата] => 14.09.2018 07:00:36
    [Сообщение] => 
            Time start: 2018.09.14 07:00:07
            Taked : 10000 cities,
            Loaded from Database: 239532 cities
            Updated: 10000 cities
            Added: 0 cities
            Time end: 2018.09.36 07:00:36
    [Параметры запуска] => Array
        (
            [START] => 0
            [LIMIT] => 10000
        )

    [Ошибки при выполнении] => Array
(
)

)


PROCESSING Step Complete:
Array
(
    [Дата] => 14.09.2018 07:06:05
    [Сообщение] => 
            Time start: 2018.09.14 07:05:36
            Taked : 10000 cities,
            Loaded from Database: 239532 cities
            Updated: 10000 cities
            Added: 0 cities
            Time end: 2018.09.05 07:06:05
    [Параметры запуска] => Array
        (
            [START] => 10000
            [LIMIT] => 10000
        )

    [Ошибки при выполнении] => Array
(
)

)


PROCESSING Step Complete:
Array
(
    [Дата] => 14.09.2018 07:11:34
    [Сообщение] => 
            Time start: 2018.09.14 07:11:05
            Taked : 10000 cities,
            Loaded from Database: 239532 cities
            Updated: 10000 cities
            Added: 0 cities
            Time end: 2018.09.34 07:11:34
    [Параметры запуска] => Array
        (
            [START] => 20000
            [LIMIT] => 10000
        )

    [Ошибки при выполнении] => Array
(
)

)


PROCESSING Step Complete:
Array
(
    [Дата] => 14.09.2018 07:17:02
    [Сообщение] => 
            Time start: 2018.09.14 07:16:34
            Taked : 10000 cities,
            Loaded from Database: 239532 cities
            Updated: 10000 cities
            Added: 0 cities
            Time end: 2018.09.02 07:17:02
    [Параметры запуска] => Array
        (
            [START] => 30000
            [LIMIT] => 10000
        )

    [Ошибки при выполнении] => Array
(
)

)


PROCESSING Step Complete:
Array
(
    [Дата] => 14.09.2018 07:22:31
    [Сообщение] => 
            Time start: 2018.09.14 07:22:02
            Taked : 10000 cities,
            Loaded from Database: 239532 cities
            Updated: 10000 cities
            Added: 0 cities
            Time end: 2018.09.31 07:22:31
    [Параметры запуска] => Array
        (
            [START] => 40000
            [LIMIT] => 10000
        )

    [Ошибки при выполнении] => Array
(
)

)


PROCESSING Step Complete:
Array
(
    [Дата] => 14.09.2018 07:28:00
    [Сообщение] => 
            Time start: 2018.09.14 07:27:31
            Taked : 10000 cities,
            Loaded from Database: 239532 cities
            Updated: 10000 cities
            Added: 0 cities
            Time end: 2018.09.00 07:28:00
    [Параметры запуска] => Array
        (
            [START] => 50000
            [LIMIT] => 10000
        )

    [Ошибки при выполнении] => Array
(
)

)


PROCESSING Step Complete:
Array
(
    [Дата] => 14.09.2018 07:33:29
    [Сообщение] => 
            Time start: 2018.09.14 07:33:00
            Taked : 10000 cities,
            Loaded from Database: 239532 cities
            Updated: 10000 cities
            Added: 0 cities
            Time end: 2018.09.29 07:33:29
    [Параметры запуска] => Array
        (
            [START] => 60000
            [LIMIT] => 10000
        )

    [Ошибки при выполнении] => Array
(
)

)


PROCESSING Step Complete:
Array
(
    [Дата] => 14.09.2018 07:38:59
    [Сообщение] => 
            Time start: 2018.09.14 07:38:30
            Taked : 10000 cities,
            Loaded from Database: 239532 cities
            Updated: 10000 cities
            Added: 0 cities
            Time end: 2018.09.59 07:38:59
    [Параметры запуска] => Array
        (
            [START] => 70000
            [LIMIT] => 10000
        )

    [Ошибки при выполнении] => Array
(
)

)


PROCESSING Step Complete:
Array
(
    [Дата] => 14.09.2018 07:44:28
    [Сообщение] => 
            Time start: 2018.09.14 07:43:59
            Taked : 10000 cities,
            Loaded from Database: 239532 cities
            Updated: 10000 cities
            Added: 0 cities
            Time end: 2018.09.28 07:44:28
    [Параметры запуска] => Array
        (
            [START] => 80000
            [LIMIT] => 10000
        )

    [Ошибки при выполнении] => Array
(
)

)


PROCESSING Step Complete:
Array
(
    [Дата] => 14.09.2018 07:49:57
    [Сообщение] => 
            Time start: 2018.09.14 07:49:28
            Taked : 10000 cities,
            Loaded from Database: 239532 cities
            Updated: 10000 cities
            Added: 0 cities
            Time end: 2018.09.57 07:49:57
    [Параметры запуска] => Array
        (
            [START] => 90000
            [LIMIT] => 10000
        )

    [Ошибки при выполнении] => Array
(
)

)


PROCESSING Step Complete:
Array
(
    [Дата] => 14.09.2018 07:55:26
    [Сообщение] => 
            Time start: 2018.09.14 07:54:57
            Taked : 10000 cities,
            Loaded from Database: 239532 cities
            Updated: 10000 cities
            Added: 0 cities
            Time end: 2018.09.26 07:55:26
    [Параметры запуска] => Array
        (
            [START] => 100000
            [LIMIT] => 10000
        )

    [Ошибки при выполнении] => Array
(
)

)


PROCESSING Step Complete:
Array
(
    [Дата] => 14.09.2018 08:00:55
    [Сообщение] => 
            Time start: 2018.09.14 08:00:26
            Taked : 10000 cities,
            Loaded from Database: 239532 cities
            Updated: 10000 cities
            Added: 0 cities
            Time end: 2018.09.55 08:00:55
    [Параметры запуска] => Array
        (
            [START] => 110000
            [LIMIT] => 10000
        )

    [Ошибки при выполнении] => Array
(
)

)


PROCESSING Step Complete:
Array
(
    [Дата] => 14.09.2018 08:06:24
    [Сообщение] => 
            Time start: 2018.09.14 08:05:55
            Taked : 10000 cities,
            Loaded from Database: 239532 cities
            Updated: 10000 cities
            Added: 0 cities
            Time end: 2018.09.24 08:06:24
    [Параметры запуска] => Array
        (
            [START] => 120000
            [LIMIT] => 10000
        )

    [Ошибки при выполнении] => Array
(
)

)


PROCESSING Step Complete:
Array
(
    [Дата] => 14.09.2018 08:11:53
    [Сообщение] => 
            Time start: 2018.09.14 08:11:24
            Taked : 10000 cities,
            Loaded from Database: 239532 cities
            Updated: 10000 cities
            Added: 0 cities
            Time end: 2018.09.53 08:11:53
    [Параметры запуска] => Array
        (
            [START] => 130000
            [LIMIT] => 10000
        )

    [Ошибки при выполнении] => Array
(
)

)


PROCESSING Step Complete:
Array
(
    [Дата] => 14.09.2018 08:17:22
    [Сообщение] => 
            Time start: 2018.09.14 08:16:53
            Taked : 10000 cities,
            Loaded from Database: 239532 cities
            Updated: 10000 cities
            Added: 0 cities
            Time end: 2018.09.22 08:17:22
    [Параметры запуска] => Array
        (
            [START] => 140000
            [LIMIT] => 10000
        )

    [Ошибки при выполнении] => Array
(
)

)


PROCESSING Step Complete:
Array
(
    [Дата] => 14.09.2018 08:22:52
    [Сообщение] => 
            Time start: 2018.09.14 08:22:22
            Taked : 10000 cities,
            Loaded from Database: 239532 cities
            Updated: 10000 cities
            Added: 0 cities
            Time end: 2018.09.52 08:22:52
    [Параметры запуска] => Array
        (
            [START] => 150000
            [LIMIT] => 10000
        )

    [Ошибки при выполнении] => Array
(
)

)


PROCESSING Step Complete:
Array
(
    [Дата] => 14.09.2018 08:28:21
    [Сообщение] => 
            Time start: 2018.09.14 08:27:52
            Taked : 10000 cities,
            Loaded from Database: 239532 cities
            Updated: 10000 cities
            Added: 0 cities
            Time end: 2018.09.21 08:28:21
    [Параметры запуска] => Array
        (
            [START] => 160000
            [LIMIT] => 10000
        )

    [Ошибки при выполнении] => Array
(
)

)


PROCESSING Step Complete:
Array
(
    [Дата] => 14.09.2018 08:33:50
    [Сообщение] => 
            Time start: 2018.09.14 08:33:21
            Taked : 10000 cities,
            Loaded from Database: 239532 cities
            Updated: 10000 cities
            Added: 0 cities
            Time end: 2018.09.50 08:33:50
    [Параметры запуска] => Array
        (
            [START] => 170000
            [LIMIT] => 10000
        )

    [Ошибки при выполнении] => Array
(
)

)


PROCESSING Step Complete:
Array
(
    [Дата] => 14.09.2018 08:39:20
    [Сообщение] => 
            Time start: 2018.09.14 08:38:51
            Taked : 10000 cities,
            Loaded from Database: 239532 cities
            Updated: 10000 cities
            Added: 0 cities
            Time end: 2018.09.20 08:39:20
    [Параметры запуска] => Array
        (
            [START] => 180000
            [LIMIT] => 10000
        )

    [Ошибки при выполнении] => Array
(
)

)


PROCESSING Step Complete:
Array
(
    [Дата] => 14.09.2018 08:44:49
    [Сообщение] => 
            Time start: 2018.09.14 08:44:20
            Taked : 10000 cities,
            Loaded from Database: 239532 cities
            Updated: 10000 cities
            Added: 0 cities
            Time end: 2018.09.49 08:44:49
    [Параметры запуска] => Array
        (
            [START] => 190000
            [LIMIT] => 10000
        )

    [Ошибки при выполнении] => Array
(
)

)


PROCESSING Step Complete:
Array
(
    [Дата] => 14.09.2018 08:50:18
    [Сообщение] => 
            Time start: 2018.09.14 08:49:50
            Taked : 10000 cities,
            Loaded from Database: 239532 cities
            Updated: 10000 cities
            Added: 0 cities
            Time end: 2018.09.18 08:50:18
    [Параметры запуска] => Array
        (
            [START] => 200000
            [LIMIT] => 10000
        )

    [Ошибки при выполнении] => Array
(
)

)


PROCESSING Step Complete:
Array
(
    [Дата] => 14.09.2018 08:55:48
    [Сообщение] => 
            Time start: 2018.09.14 08:55:18
            Taked : 10000 cities,
            Loaded from Database: 239532 cities
            Updated: 9975 cities
            Added: 25 cities
            Time end: 2018.09.48 08:55:48
    [Параметры запуска] => Array
        (
            [START] => 210000
            [LIMIT] => 10000
        )

    [Ошибки при выполнении] => Array
(
)

)


PROCESSING Step Complete:
Array
(
    [Дата] => 14.09.2018 09:01:17
    [Сообщение] => 
            Time start: 2018.09.14 09:00:48
            Taked : 10000 cities,
            Loaded from Database: 239557 cities
            Updated: 10000 cities
            Added: 0 cities
            Time end: 2018.09.17 09:01:17
    [Параметры запуска] => Array
        (
            [START] => 220000
            [LIMIT] => 10000
        )

    [Ошибки при выполнении] => Array
(
)

)


PROCESSING Complete:
Array
(
    [Дата] => 14.09.2018 09:06:45
    [Сообщение] => 
            Time start: 2018.09.14 09:06:17
            Taked : 9545 cities,
            Loaded from Database: 239557 cities
            Deleted: 12 cities,
            Updated: 9545 cities
            Added: 0 cities
            Time end: 2018.09.45 09:06:45
    [Параметры запуска] => Array
        (
            [START] => 230000
            [LIMIT] => 10000
        )

    [Ошибки при выполнении] => Array
(
)

)


