TRIGGER Complete:
Array
(
    [Дата] => 21.04.2018 07:00:03
    [Сообщение] => TRIGGER START
)


PROCESSING Step Complete:
Array
(
    [Дата] => 21.04.2018 07:00:16
    [Сообщение] => 
            Time start: 2018.04.21 07:00:03
            Taked : 10000 cities,
            Loaded from Database: 238464 cities
            Updated: 10000 cities
            Added: 0 cities
            Time end: 2018.04.16 07:00:16
    [Параметры запуска] => Array
        (
            [START] => 0
            [LIMIT] => 10000
        )

    [Ошибки при выполнении] => Array
(
)

)


PROCESSING Step Complete:
Array
(
    [Дата] => 21.04.2018 07:05:29
    [Сообщение] => 
            Time start: 2018.04.21 07:05:16
            Taked : 10000 cities,
            Loaded from Database: 238464 cities
            Updated: 10000 cities
            Added: 0 cities
            Time end: 2018.04.29 07:05:29
    [Параметры запуска] => Array
        (
            [START] => 10000
            [LIMIT] => 10000
        )

    [Ошибки при выполнении] => Array
(
)

)


PROCESSING Step Complete:
Array
(
    [Дата] => 21.04.2018 07:10:43
    [Сообщение] => 
            Time start: 2018.04.21 07:10:30
            Taked : 10000 cities,
            Loaded from Database: 238464 cities
            Updated: 10000 cities
            Added: 0 cities
            Time end: 2018.04.43 07:10:43
    [Параметры запуска] => Array
        (
            [START] => 20000
            [LIMIT] => 10000
        )

    [Ошибки при выполнении] => Array
(
)

)


PROCESSING Step Complete:
Array
(
    [Дата] => 21.04.2018 07:15:56
    [Сообщение] => 
            Time start: 2018.04.21 07:15:43
            Taked : 10000 cities,
            Loaded from Database: 238464 cities
            Updated: 10000 cities
            Added: 0 cities
            Time end: 2018.04.56 07:15:56
    [Параметры запуска] => Array
        (
            [START] => 30000
            [LIMIT] => 10000
        )

    [Ошибки при выполнении] => Array
(
)

)


PROCESSING Step Complete:
Array
(
    [Дата] => 21.04.2018 07:21:10
    [Сообщение] => 
            Time start: 2018.04.21 07:20:57
            Taked : 10000 cities,
            Loaded from Database: 238464 cities
            Updated: 10000 cities
            Added: 0 cities
            Time end: 2018.04.10 07:21:10
    [Параметры запуска] => Array
        (
            [START] => 40000
            [LIMIT] => 10000
        )

    [Ошибки при выполнении] => Array
(
)

)


PROCESSING Step Complete:
Array
(
    [Дата] => 21.04.2018 07:26:23
    [Сообщение] => 
            Time start: 2018.04.21 07:26:10
            Taked : 10000 cities,
            Loaded from Database: 238464 cities
            Updated: 10000 cities
            Added: 0 cities
            Time end: 2018.04.23 07:26:23
    [Параметры запуска] => Array
        (
            [START] => 50000
            [LIMIT] => 10000
        )

    [Ошибки при выполнении] => Array
(
)

)


PROCESSING Step Complete:
Array
(
    [Дата] => 21.04.2018 07:31:37
    [Сообщение] => 
            Time start: 2018.04.21 07:31:23
            Taked : 10000 cities,
            Loaded from Database: 238464 cities
            Updated: 10000 cities
            Added: 0 cities
            Time end: 2018.04.37 07:31:37
    [Параметры запуска] => Array
        (
            [START] => 60000
            [LIMIT] => 10000
        )

    [Ошибки при выполнении] => Array
(
)

)


PROCESSING Step Complete:
Array
(
    [Дата] => 21.04.2018 07:36:50
    [Сообщение] => 
            Time start: 2018.04.21 07:36:37
            Taked : 10000 cities,
            Loaded from Database: 238464 cities
            Updated: 10000 cities
            Added: 0 cities
            Time end: 2018.04.50 07:36:50
    [Параметры запуска] => Array
        (
            [START] => 70000
            [LIMIT] => 10000
        )

    [Ошибки при выполнении] => Array
(
)

)


PROCESSING Step Complete:
Array
(
    [Дата] => 21.04.2018 07:42:04
    [Сообщение] => 
            Time start: 2018.04.21 07:41:51
            Taked : 10000 cities,
            Loaded from Database: 238464 cities
            Updated: 10000 cities
            Added: 0 cities
            Time end: 2018.04.04 07:42:04
    [Параметры запуска] => Array
        (
            [START] => 80000
            [LIMIT] => 10000
        )

    [Ошибки при выполнении] => Array
(
)

)


PROCESSING Step Complete:
Array
(
    [Дата] => 21.04.2018 07:47:18
    [Сообщение] => 
            Time start: 2018.04.21 07:47:04
            Taked : 10000 cities,
            Loaded from Database: 238464 cities
            Updated: 10000 cities
            Added: 0 cities
            Time end: 2018.04.18 07:47:18
    [Параметры запуска] => Array
        (
            [START] => 90000
            [LIMIT] => 10000
        )

    [Ошибки при выполнении] => Array
(
)

)


PROCESSING Step Complete:
Array
(
    [Дата] => 21.04.2018 07:52:32
    [Сообщение] => 
            Time start: 2018.04.21 07:52:18
            Taked : 10000 cities,
            Loaded from Database: 238464 cities
            Updated: 10000 cities
            Added: 0 cities
            Time end: 2018.04.32 07:52:32
    [Параметры запуска] => Array
        (
            [START] => 100000
            [LIMIT] => 10000
        )

    [Ошибки при выполнении] => Array
(
)

)


PROCESSING Step Complete:
Array
(
    [Дата] => 21.04.2018 07:57:45
    [Сообщение] => 
            Time start: 2018.04.21 07:57:32
            Taked : 10000 cities,
            Loaded from Database: 238464 cities
            Updated: 10000 cities
            Added: 0 cities
            Time end: 2018.04.45 07:57:45
    [Параметры запуска] => Array
        (
            [START] => 110000
            [LIMIT] => 10000
        )

    [Ошибки при выполнении] => Array
(
)

)


PROCESSING Step Complete:
Array
(
    [Дата] => 21.04.2018 08:02:58
    [Сообщение] => 
            Time start: 2018.04.21 08:02:45
            Taked : 10000 cities,
            Loaded from Database: 238464 cities
            Updated: 10000 cities
            Added: 0 cities
            Time end: 2018.04.58 08:02:58
    [Параметры запуска] => Array
        (
            [START] => 120000
            [LIMIT] => 10000
        )

    [Ошибки при выполнении] => Array
(
)

)


PROCESSING Step Complete:
Array
(
    [Дата] => 21.04.2018 08:08:11
    [Сообщение] => 
            Time start: 2018.04.21 08:07:58
            Taked : 10000 cities,
            Loaded from Database: 238464 cities
            Updated: 10000 cities
            Added: 0 cities
            Time end: 2018.04.11 08:08:11
    [Параметры запуска] => Array
        (
            [START] => 130000
            [LIMIT] => 10000
        )

    [Ошибки при выполнении] => Array
(
)

)


PROCESSING Step Complete:
Array
(
    [Дата] => 21.04.2018 08:13:24
    [Сообщение] => 
            Time start: 2018.04.21 08:13:11
            Taked : 10000 cities,
            Loaded from Database: 238464 cities
            Updated: 10000 cities
            Added: 0 cities
            Time end: 2018.04.24 08:13:24
    [Параметры запуска] => Array
        (
            [START] => 140000
            [LIMIT] => 10000
        )

    [Ошибки при выполнении] => Array
(
)

)


PROCESSING Step Complete:
Array
(
    [Дата] => 21.04.2018 08:18:38
    [Сообщение] => 
            Time start: 2018.04.21 08:18:24
            Taked : 10000 cities,
            Loaded from Database: 238464 cities
            Updated: 10000 cities
            Added: 0 cities
            Time end: 2018.04.38 08:18:38
    [Параметры запуска] => Array
        (
            [START] => 150000
            [LIMIT] => 10000
        )

    [Ошибки при выполнении] => Array
(
)

)


PROCESSING Step Complete:
Array
(
    [Дата] => 21.04.2018 08:23:51
    [Сообщение] => 
            Time start: 2018.04.21 08:23:38
            Taked : 10000 cities,
            Loaded from Database: 238464 cities
            Updated: 10000 cities
            Added: 0 cities
            Time end: 2018.04.51 08:23:51
    [Параметры запуска] => Array
        (
            [START] => 160000
            [LIMIT] => 10000
        )

    [Ошибки при выполнении] => Array
(
)

)


PROCESSING Step Complete:
Array
(
    [Дата] => 21.04.2018 08:29:04
    [Сообщение] => 
            Time start: 2018.04.21 08:28:52
            Taked : 10000 cities,
            Loaded from Database: 238464 cities
            Updated: 10000 cities
            Added: 0 cities
            Time end: 2018.04.04 08:29:04
    [Параметры запуска] => Array
        (
            [START] => 170000
            [LIMIT] => 10000
        )

    [Ошибки при выполнении] => Array
(
)

)


PROCESSING Step Complete:
Array
(
    [Дата] => 21.04.2018 08:34:17
    [Сообщение] => 
            Time start: 2018.04.21 08:34:04
            Taked : 10000 cities,
            Loaded from Database: 238464 cities
            Updated: 10000 cities
            Added: 0 cities
            Time end: 2018.04.17 08:34:17
    [Параметры запуска] => Array
        (
            [START] => 180000
            [LIMIT] => 10000
        )

    [Ошибки при выполнении] => Array
(
)

)


PROCESSING Step Complete:
Array
(
    [Дата] => 21.04.2018 08:39:31
    [Сообщение] => 
            Time start: 2018.04.21 08:39:17
            Taked : 10000 cities,
            Loaded from Database: 238464 cities
            Updated: 10000 cities
            Added: 0 cities
            Time end: 2018.04.31 08:39:31
    [Параметры запуска] => Array
        (
            [START] => 190000
            [LIMIT] => 10000
        )

    [Ошибки при выполнении] => Array
(
)

)


PROCESSING Step Complete:
Array
(
    [Дата] => 21.04.2018 08:44:44
    [Сообщение] => 
            Time start: 2018.04.21 08:44:31
            Taked : 10000 cities,
            Loaded from Database: 238464 cities
            Updated: 10000 cities
            Added: 0 cities
            Time end: 2018.04.44 08:44:44
    [Параметры запуска] => Array
        (
            [START] => 200000
            [LIMIT] => 10000
        )

    [Ошибки при выполнении] => Array
(
)

)


PROCESSING Step Complete:
Array
(
    [Дата] => 21.04.2018 08:49:58
    [Сообщение] => 
            Time start: 2018.04.21 08:49:44
            Taked : 10000 cities,
            Loaded from Database: 238464 cities
            Updated: 9998 cities
            Added: 2 cities
            Time end: 2018.04.58 08:49:58
    [Параметры запуска] => Array
        (
            [START] => 210000
            [LIMIT] => 10000
        )

    [Ошибки при выполнении] => Array
(
)

)


PROCESSING Step Complete:
Array
(
    [Дата] => 21.04.2018 08:55:11
    [Сообщение] => 
            Time start: 2018.04.21 08:54:58
            Taked : 10000 cities,
            Loaded from Database: 238466 cities
            Updated: 10000 cities
            Added: 0 cities
            Time end: 2018.04.11 08:55:11
    [Параметры запуска] => Array
        (
            [START] => 220000
            [LIMIT] => 10000
        )

    [Ошибки при выполнении] => Array
(
)

)


PROCESSING Complete:
Array
(
    [Дата] => 21.04.2018 09:00:23
    [Сообщение] => 
            Time start: 2018.04.21 09:00:11
            Taked : 8466 cities,
            Loaded from Database: 238466 cities
            Deleted: 0 cities,
            Updated: 8466 cities
            Added: 0 cities
            Time end: 2018.04.23 09:00:23
    [Параметры запуска] => Array
        (
            [START] => 230000
            [LIMIT] => 10000
        )

    [Ошибки при выполнении] => Array
(
)

)


