TRIGGER Complete:
Array
(
    [Дата] => 16.08.2018 07:00:03
    [Сообщение] => TRIGGER START
)


PROCESSING Step Complete:
Array
(
    [Дата] => 16.08.2018 07:00:33
    [Сообщение] => 
            Time start: 2018.08.16 07:00:04
            Taked : 10000 cities,
            Loaded from Database: 239431 cities
            Updated: 10000 cities
            Added: 0 cities
            Time end: 2018.08.33 07:00:33
    [Параметры запуска] => Array
        (
            [START] => 0
            [LIMIT] => 10000
        )

    [Ошибки при выполнении] => Array
(
)

)


PROCESSING Step Complete:
Array
(
    [Дата] => 16.08.2018 07:06:02
    [Сообщение] => 
            Time start: 2018.08.16 07:05:33
            Taked : 10000 cities,
            Loaded from Database: 239431 cities
            Updated: 10000 cities
            Added: 0 cities
            Time end: 2018.08.02 07:06:02
    [Параметры запуска] => Array
        (
            [START] => 10000
            [LIMIT] => 10000
        )

    [Ошибки при выполнении] => Array
(
)

)


PROCESSING Step Complete:
Array
(
    [Дата] => 16.08.2018 07:11:31
    [Сообщение] => 
            Time start: 2018.08.16 07:11:02
            Taked : 10000 cities,
            Loaded from Database: 239431 cities
            Updated: 10000 cities
            Added: 0 cities
            Time end: 2018.08.31 07:11:31
    [Параметры запуска] => Array
        (
            [START] => 20000
            [LIMIT] => 10000
        )

    [Ошибки при выполнении] => Array
(
)

)


PROCESSING Step Complete:
Array
(
    [Дата] => 16.08.2018 07:17:00
    [Сообщение] => 
            Time start: 2018.08.16 07:16:31
            Taked : 10000 cities,
            Loaded from Database: 239431 cities
            Updated: 10000 cities
            Added: 0 cities
            Time end: 2018.08.00 07:17:00
    [Параметры запуска] => Array
        (
            [START] => 30000
            [LIMIT] => 10000
        )

    [Ошибки при выполнении] => Array
(
)

)


PROCESSING Step Complete:
Array
(
    [Дата] => 16.08.2018 07:22:29
    [Сообщение] => 
            Time start: 2018.08.16 07:22:00
            Taked : 10000 cities,
            Loaded from Database: 239431 cities
            Updated: 10000 cities
            Added: 0 cities
            Time end: 2018.08.29 07:22:29
    [Параметры запуска] => Array
        (
            [START] => 40000
            [LIMIT] => 10000
        )

    [Ошибки при выполнении] => Array
(
)

)


PROCESSING Step Complete:
Array
(
    [Дата] => 16.08.2018 07:27:58
    [Сообщение] => 
            Time start: 2018.08.16 07:27:29
            Taked : 10000 cities,
            Loaded from Database: 239431 cities
            Updated: 10000 cities
            Added: 0 cities
            Time end: 2018.08.58 07:27:58
    [Параметры запуска] => Array
        (
            [START] => 50000
            [LIMIT] => 10000
        )

    [Ошибки при выполнении] => Array
(
)

)


PROCESSING Step Complete:
Array
(
    [Дата] => 16.08.2018 07:33:28
    [Сообщение] => 
            Time start: 2018.08.16 07:32:58
            Taked : 10000 cities,
            Loaded from Database: 239431 cities
            Updated: 10000 cities
            Added: 0 cities
            Time end: 2018.08.28 07:33:28
    [Параметры запуска] => Array
        (
            [START] => 60000
            [LIMIT] => 10000
        )

    [Ошибки при выполнении] => Array
(
)

)


PROCESSING Step Complete:
Array
(
    [Дата] => 16.08.2018 07:38:57
    [Сообщение] => 
            Time start: 2018.08.16 07:38:28
            Taked : 10000 cities,
            Loaded from Database: 239431 cities
            Updated: 10000 cities
            Added: 0 cities
            Time end: 2018.08.57 07:38:57
    [Параметры запуска] => Array
        (
            [START] => 70000
            [LIMIT] => 10000
        )

    [Ошибки при выполнении] => Array
(
)

)


PROCESSING Step Complete:
Array
(
    [Дата] => 16.08.2018 07:44:26
    [Сообщение] => 
            Time start: 2018.08.16 07:43:57
            Taked : 10000 cities,
            Loaded from Database: 239431 cities
            Updated: 10000 cities
            Added: 0 cities
            Time end: 2018.08.26 07:44:26
    [Параметры запуска] => Array
        (
            [START] => 80000
            [LIMIT] => 10000
        )

    [Ошибки при выполнении] => Array
(
)

)


PROCESSING Step Complete:
Array
(
    [Дата] => 16.08.2018 07:49:53
    [Сообщение] => 
            Time start: 2018.08.16 07:49:26
            Taked : 10000 cities,
            Loaded from Database: 239431 cities
            Updated: 10000 cities
            Added: 0 cities
            Time end: 2018.08.53 07:49:53
    [Параметры запуска] => Array
        (
            [START] => 90000
            [LIMIT] => 10000
        )

    [Ошибки при выполнении] => Array
(
)

)


PROCESSING Step Complete:
Array
(
    [Дата] => 16.08.2018 07:55:21
    [Сообщение] => 
            Time start: 2018.08.16 07:54:53
            Taked : 10000 cities,
            Loaded from Database: 239431 cities
            Updated: 10000 cities
            Added: 0 cities
            Time end: 2018.08.21 07:55:21
    [Параметры запуска] => Array
        (
            [START] => 100000
            [LIMIT] => 10000
        )

    [Ошибки при выполнении] => Array
(
)

)


PROCESSING Step Complete:
Array
(
    [Дата] => 16.08.2018 08:00:50
    [Сообщение] => 
            Time start: 2018.08.16 08:00:21
            Taked : 10000 cities,
            Loaded from Database: 239431 cities
            Updated: 10000 cities
            Added: 0 cities
            Time end: 2018.08.50 08:00:50
    [Параметры запуска] => Array
        (
            [START] => 110000
            [LIMIT] => 10000
        )

    [Ошибки при выполнении] => Array
(
)

)


PROCESSING Step Complete:
Array
(
    [Дата] => 16.08.2018 08:06:19
    [Сообщение] => 
            Time start: 2018.08.16 08:05:50
            Taked : 10000 cities,
            Loaded from Database: 239431 cities
            Updated: 10000 cities
            Added: 0 cities
            Time end: 2018.08.19 08:06:19
    [Параметры запуска] => Array
        (
            [START] => 120000
            [LIMIT] => 10000
        )

    [Ошибки при выполнении] => Array
(
)

)


PROCESSING Step Complete:
Array
(
    [Дата] => 16.08.2018 08:11:47
    [Сообщение] => 
            Time start: 2018.08.16 08:11:19
            Taked : 10000 cities,
            Loaded from Database: 239431 cities
            Updated: 10000 cities
            Added: 0 cities
            Time end: 2018.08.47 08:11:47
    [Параметры запуска] => Array
        (
            [START] => 130000
            [LIMIT] => 10000
        )

    [Ошибки при выполнении] => Array
(
)

)


PROCESSING Step Complete:
Array
(
    [Дата] => 16.08.2018 08:17:16
    [Сообщение] => 
            Time start: 2018.08.16 08:16:47
            Taked : 10000 cities,
            Loaded from Database: 239431 cities
            Updated: 10000 cities
            Added: 0 cities
            Time end: 2018.08.16 08:17:16
    [Параметры запуска] => Array
        (
            [START] => 140000
            [LIMIT] => 10000
        )

    [Ошибки при выполнении] => Array
(
)

)


PROCESSING Step Complete:
Array
(
    [Дата] => 16.08.2018 08:22:45
    [Сообщение] => 
            Time start: 2018.08.16 08:22:17
            Taked : 10000 cities,
            Loaded from Database: 239431 cities
            Updated: 10000 cities
            Added: 0 cities
            Time end: 2018.08.45 08:22:45
    [Параметры запуска] => Array
        (
            [START] => 150000
            [LIMIT] => 10000
        )

    [Ошибки при выполнении] => Array
(
)

)


PROCESSING Step Complete:
Array
(
    [Дата] => 16.08.2018 08:28:15
    [Сообщение] => 
            Time start: 2018.08.16 08:27:46
            Taked : 10000 cities,
            Loaded from Database: 239431 cities
            Updated: 10000 cities
            Added: 0 cities
            Time end: 2018.08.15 08:28:15
    [Параметры запуска] => Array
        (
            [START] => 160000
            [LIMIT] => 10000
        )

    [Ошибки при выполнении] => Array
(
)

)


PROCESSING Step Complete:
Array
(
    [Дата] => 16.08.2018 08:33:43
    [Сообщение] => 
            Time start: 2018.08.16 08:33:15
            Taked : 10000 cities,
            Loaded from Database: 239431 cities
            Updated: 10000 cities
            Added: 0 cities
            Time end: 2018.08.43 08:33:43
    [Параметры запуска] => Array
        (
            [START] => 170000
            [LIMIT] => 10000
        )

    [Ошибки при выполнении] => Array
(
)

)


PROCESSING Step Complete:
Array
(
    [Дата] => 16.08.2018 08:39:13
    [Сообщение] => 
            Time start: 2018.08.16 08:38:44
            Taked : 10000 cities,
            Loaded from Database: 239431 cities
            Updated: 10000 cities
            Added: 0 cities
            Time end: 2018.08.13 08:39:13
    [Параметры запуска] => Array
        (
            [START] => 180000
            [LIMIT] => 10000
        )

    [Ошибки при выполнении] => Array
(
)

)


PROCESSING Step Complete:
Array
(
    [Дата] => 16.08.2018 08:44:42
    [Сообщение] => 
            Time start: 2018.08.16 08:44:13
            Taked : 10000 cities,
            Loaded from Database: 239431 cities
            Updated: 10000 cities
            Added: 0 cities
            Time end: 2018.08.42 08:44:42
    [Параметры запуска] => Array
        (
            [START] => 190000
            [LIMIT] => 10000
        )

    [Ошибки при выполнении] => Array
(
)

)


PROCESSING Step Complete:
Array
(
    [Дата] => 16.08.2018 08:50:11
    [Сообщение] => 
            Time start: 2018.08.16 08:49:42
            Taked : 10000 cities,
            Loaded from Database: 239431 cities
            Updated: 10000 cities
            Added: 0 cities
            Time end: 2018.08.11 08:50:11
    [Параметры запуска] => Array
        (
            [START] => 200000
            [LIMIT] => 10000
        )

    [Ошибки при выполнении] => Array
(
)

)


PROCESSING Step Complete:
Array
(
    [Дата] => 16.08.2018 08:55:40
    [Сообщение] => 
            Time start: 2018.08.16 08:55:11
            Taked : 10000 cities,
            Loaded from Database: 239431 cities
            Updated: 9999 cities
            Added: 1 cities
            Time end: 2018.08.40 08:55:40
    [Параметры запуска] => Array
        (
            [START] => 210000
            [LIMIT] => 10000
        )

    [Ошибки при выполнении] => Array
(
)

)


PROCESSING Step Complete:
Array
(
    [Дата] => 16.08.2018 09:01:09
    [Сообщение] => 
            Time start: 2018.08.16 09:00:40
            Taked : 10000 cities,
            Loaded from Database: 239432 cities
            Updated: 10000 cities
            Added: 0 cities
            Time end: 2018.08.09 09:01:09
    [Параметры запуска] => Array
        (
            [START] => 220000
            [LIMIT] => 10000
        )

    [Ошибки при выполнении] => Array
(
)

)


PROCESSING Complete:
Array
(
    [Дата] => 16.08.2018 09:06:36
    [Сообщение] => 
            Time start: 2018.08.16 09:06:09
            Taked : 9432 cities,
            Loaded from Database: 239432 cities
            Deleted: 0 cities,
            Updated: 9432 cities
            Added: 0 cities
            Time end: 2018.08.36 09:06:36
    [Параметры запуска] => Array
        (
            [START] => 230000
            [LIMIT] => 10000
        )

    [Ошибки при выполнении] => Array
(
)

)


