TRIGGER Complete:
Array
(
    [Дата] => 18.07.2018 07:00:03
    [Сообщение] => TRIGGER START
)


PROCESSING Step Complete:
Array
(
    [Дата] => 18.07.2018 07:00:17
    [Сообщение] => 
            Time start: 2018.07.18 07:00:03
            Taked : 10000 cities,
            Loaded from Database: 239283 cities
            Updated: 10000 cities
            Added: 0 cities
            Time end: 2018.07.17 07:00:17
    [Параметры запуска] => Array
        (
            [START] => 0
            [LIMIT] => 10000
        )

    [Ошибки при выполнении] => Array
(
)

)


PROCESSING Step Complete:
Array
(
    [Дата] => 18.07.2018 07:05:32
    [Сообщение] => 
            Time start: 2018.07.18 07:05:18
            Taked : 10000 cities,
            Loaded from Database: 239283 cities
            Updated: 10000 cities
            Added: 0 cities
            Time end: 2018.07.32 07:05:32
    [Параметры запуска] => Array
        (
            [START] => 10000
            [LIMIT] => 10000
        )

    [Ошибки при выполнении] => Array
(
)

)


PROCESSING Step Complete:
Array
(
    [Дата] => 18.07.2018 07:10:46
    [Сообщение] => 
            Time start: 2018.07.18 07:10:32
            Taked : 10000 cities,
            Loaded from Database: 239283 cities
            Updated: 10000 cities
            Added: 0 cities
            Time end: 2018.07.46 07:10:46
    [Параметры запуска] => Array
        (
            [START] => 20000
            [LIMIT] => 10000
        )

    [Ошибки при выполнении] => Array
(
)

)


PROCESSING Step Complete:
Array
(
    [Дата] => 18.07.2018 07:16:00
    [Сообщение] => 
            Time start: 2018.07.18 07:15:47
            Taked : 10000 cities,
            Loaded from Database: 239283 cities
            Updated: 10000 cities
            Added: 0 cities
            Time end: 2018.07.00 07:16:00
    [Параметры запуска] => Array
        (
            [START] => 30000
            [LIMIT] => 10000
        )

    [Ошибки при выполнении] => Array
(
)

)


PROCESSING Step Complete:
Array
(
    [Дата] => 18.07.2018 07:21:13
    [Сообщение] => 
            Time start: 2018.07.18 07:21:00
            Taked : 10000 cities,
            Loaded from Database: 239283 cities
            Updated: 10000 cities
            Added: 0 cities
            Time end: 2018.07.13 07:21:13
    [Параметры запуска] => Array
        (
            [START] => 40000
            [LIMIT] => 10000
        )

    [Ошибки при выполнении] => Array
(
)

)


PROCESSING Step Complete:
Array
(
    [Дата] => 18.07.2018 07:26:28
    [Сообщение] => 
            Time start: 2018.07.18 07:26:14
            Taked : 10000 cities,
            Loaded from Database: 239283 cities
            Updated: 10000 cities
            Added: 0 cities
            Time end: 2018.07.28 07:26:28
    [Параметры запуска] => Array
        (
            [START] => 50000
            [LIMIT] => 10000
        )

    [Ошибки при выполнении] => Array
(
)

)


PROCESSING Step Complete:
Array
(
    [Дата] => 18.07.2018 07:31:42
    [Сообщение] => 
            Time start: 2018.07.18 07:31:28
            Taked : 10000 cities,
            Loaded from Database: 239283 cities
            Updated: 10000 cities
            Added: 0 cities
            Time end: 2018.07.42 07:31:42
    [Параметры запуска] => Array
        (
            [START] => 60000
            [LIMIT] => 10000
        )

    [Ошибки при выполнении] => Array
(
)

)


PROCESSING Step Complete:
Array
(
    [Дата] => 18.07.2018 07:36:56
    [Сообщение] => 
            Time start: 2018.07.18 07:36:42
            Taked : 10000 cities,
            Loaded from Database: 239283 cities
            Updated: 10000 cities
            Added: 0 cities
            Time end: 2018.07.56 07:36:56
    [Параметры запуска] => Array
        (
            [START] => 70000
            [LIMIT] => 10000
        )

    [Ошибки при выполнении] => Array
(
)

)


PROCESSING Step Complete:
Array
(
    [Дата] => 18.07.2018 07:42:10
    [Сообщение] => 
            Time start: 2018.07.18 07:41:56
            Taked : 10000 cities,
            Loaded from Database: 239283 cities
            Updated: 10000 cities
            Added: 0 cities
            Time end: 2018.07.10 07:42:10
    [Параметры запуска] => Array
        (
            [START] => 80000
            [LIMIT] => 10000
        )

    [Ошибки при выполнении] => Array
(
)

)


PROCESSING Step Complete:
Array
(
    [Дата] => 18.07.2018 07:47:24
    [Сообщение] => 
            Time start: 2018.07.18 07:47:10
            Taked : 10000 cities,
            Loaded from Database: 239283 cities
            Updated: 10000 cities
            Added: 0 cities
            Time end: 2018.07.24 07:47:24
    [Параметры запуска] => Array
        (
            [START] => 90000
            [LIMIT] => 10000
        )

    [Ошибки при выполнении] => Array
(
)

)


PROCESSING Step Complete:
Array
(
    [Дата] => 18.07.2018 07:52:38
    [Сообщение] => 
            Time start: 2018.07.18 07:52:24
            Taked : 10000 cities,
            Loaded from Database: 239283 cities
            Updated: 10000 cities
            Added: 0 cities
            Time end: 2018.07.38 07:52:38
    [Параметры запуска] => Array
        (
            [START] => 100000
            [LIMIT] => 10000
        )

    [Ошибки при выполнении] => Array
(
)

)


PROCESSING Step Complete:
Array
(
    [Дата] => 18.07.2018 07:57:53
    [Сообщение] => 
            Time start: 2018.07.18 07:57:39
            Taked : 10000 cities,
            Loaded from Database: 239283 cities
            Updated: 10000 cities
            Added: 0 cities
            Time end: 2018.07.53 07:57:53
    [Параметры запуска] => Array
        (
            [START] => 110000
            [LIMIT] => 10000
        )

    [Ошибки при выполнении] => Array
(
)

)


PROCESSING Step Complete:
Array
(
    [Дата] => 18.07.2018 08:03:07
    [Сообщение] => 
            Time start: 2018.07.18 08:02:53
            Taked : 10000 cities,
            Loaded from Database: 239283 cities
            Updated: 10000 cities
            Added: 0 cities
            Time end: 2018.07.07 08:03:07
    [Параметры запуска] => Array
        (
            [START] => 120000
            [LIMIT] => 10000
        )

    [Ошибки при выполнении] => Array
(
)

)


PROCESSING Step Complete:
Array
(
    [Дата] => 18.07.2018 08:08:21
    [Сообщение] => 
            Time start: 2018.07.18 08:08:07
            Taked : 10000 cities,
            Loaded from Database: 239283 cities
            Updated: 10000 cities
            Added: 0 cities
            Time end: 2018.07.21 08:08:21
    [Параметры запуска] => Array
        (
            [START] => 130000
            [LIMIT] => 10000
        )

    [Ошибки при выполнении] => Array
(
)

)


PROCESSING Step Complete:
Array
(
    [Дата] => 18.07.2018 08:13:36
    [Сообщение] => 
            Time start: 2018.07.18 08:13:21
            Taked : 10000 cities,
            Loaded from Database: 239283 cities
            Updated: 10000 cities
            Added: 0 cities
            Time end: 2018.07.36 08:13:36
    [Параметры запуска] => Array
        (
            [START] => 140000
            [LIMIT] => 10000
        )

    [Ошибки при выполнении] => Array
(
)

)


PROCESSING Step Complete:
Array
(
    [Дата] => 18.07.2018 08:18:50
    [Сообщение] => 
            Time start: 2018.07.18 08:18:36
            Taked : 10000 cities,
            Loaded from Database: 239283 cities
            Updated: 10000 cities
            Added: 0 cities
            Time end: 2018.07.50 08:18:50
    [Параметры запуска] => Array
        (
            [START] => 150000
            [LIMIT] => 10000
        )

    [Ошибки при выполнении] => Array
(
)

)


PROCESSING Step Complete:
Array
(
    [Дата] => 18.07.2018 08:24:04
    [Сообщение] => 
            Time start: 2018.07.18 08:23:50
            Taked : 10000 cities,
            Loaded from Database: 239283 cities
            Updated: 10000 cities
            Added: 0 cities
            Time end: 2018.07.04 08:24:04
    [Параметры запуска] => Array
        (
            [START] => 160000
            [LIMIT] => 10000
        )

    [Ошибки при выполнении] => Array
(
)

)


PROCESSING Step Complete:
Array
(
    [Дата] => 18.07.2018 08:29:19
    [Сообщение] => 
            Time start: 2018.07.18 08:29:05
            Taked : 10000 cities,
            Loaded from Database: 239283 cities
            Updated: 10000 cities
            Added: 0 cities
            Time end: 2018.07.19 08:29:19
    [Параметры запуска] => Array
        (
            [START] => 170000
            [LIMIT] => 10000
        )

    [Ошибки при выполнении] => Array
(
)

)


PROCESSING Step Complete:
Array
(
    [Дата] => 18.07.2018 08:34:34
    [Сообщение] => 
            Time start: 2018.07.18 08:34:19
            Taked : 10000 cities,
            Loaded from Database: 239283 cities
            Updated: 10000 cities
            Added: 0 cities
            Time end: 2018.07.34 08:34:34
    [Параметры запуска] => Array
        (
            [START] => 180000
            [LIMIT] => 10000
        )

    [Ошибки при выполнении] => Array
(
)

)


PROCESSING Step Complete:
Array
(
    [Дата] => 18.07.2018 08:39:48
    [Сообщение] => 
            Time start: 2018.07.18 08:39:34
            Taked : 10000 cities,
            Loaded from Database: 239283 cities
            Updated: 9999 cities
            Added: 1 cities
            Time end: 2018.07.48 08:39:48
    [Параметры запуска] => Array
        (
            [START] => 190000
            [LIMIT] => 10000
        )

    [Ошибки при выполнении] => Array
(
)

)


PROCESSING Step Complete:
Array
(
    [Дата] => 18.07.2018 08:45:03
    [Сообщение] => 
            Time start: 2018.07.18 08:44:48
            Taked : 10000 cities,
            Loaded from Database: 239284 cities
            Updated: 9998 cities
            Added: 2 cities
            Time end: 2018.07.03 08:45:03
    [Параметры запуска] => Array
        (
            [START] => 200000
            [LIMIT] => 10000
        )

    [Ошибки при выполнении] => Array
(
)

)


PROCESSING Step Complete:
Array
(
    [Дата] => 18.07.2018 08:50:17
    [Сообщение] => 
            Time start: 2018.07.18 08:50:03
            Taked : 10000 cities,
            Loaded from Database: 239286 cities
            Updated: 10000 cities
            Added: 0 cities
            Time end: 2018.07.17 08:50:17
    [Параметры запуска] => Array
        (
            [START] => 210000
            [LIMIT] => 10000
        )

    [Ошибки при выполнении] => Array
(
)

)


PROCESSING Step Complete:
Array
(
    [Дата] => 18.07.2018 08:55:32
    [Сообщение] => 
            Time start: 2018.07.18 08:55:17
            Taked : 10000 cities,
            Loaded from Database: 239286 cities
            Updated: 10000 cities
            Added: 0 cities
            Time end: 2018.07.32 08:55:32
    [Параметры запуска] => Array
        (
            [START] => 220000
            [LIMIT] => 10000
        )

    [Ошибки при выполнении] => Array
(
)

)


PROCESSING Complete:
Array
(
    [Дата] => 18.07.2018 09:00:45
    [Сообщение] => 
            Time start: 2018.07.18 09:00:32
            Taked : 9286 cities,
            Loaded from Database: 239286 cities
            Deleted: 0 cities,
            Updated: 9286 cities
            Added: 0 cities
            Time end: 2018.07.45 09:00:45
    [Параметры запуска] => Array
        (
            [START] => 230000
            [LIMIT] => 10000
        )

    [Ошибки при выполнении] => Array
(
)

)


