TRIGGER Complete:
Array
(
    [Дата] => 26.07.2018 07:00:04
    [Сообщение] => TRIGGER START
)


PROCESSING Step Complete:
Array
(
    [Дата] => 26.07.2018 07:00:33
    [Сообщение] => 
            Time start: 2018.07.26 07:00:04
            Taked : 10000 cities,
            Loaded from Database: 239314 cities
            Updated: 10000 cities
            Added: 0 cities
            Time end: 2018.07.33 07:00:33
    [Параметры запуска] => Array
        (
            [START] => 0
            [LIMIT] => 10000
        )

    [Ошибки при выполнении] => Array
(
)

)


PROCESSING Step Complete:
Array
(
    [Дата] => 26.07.2018 07:06:02
    [Сообщение] => 
            Time start: 2018.07.26 07:05:33
            Taked : 10000 cities,
            Loaded from Database: 239314 cities
            Updated: 10000 cities
            Added: 0 cities
            Time end: 2018.07.02 07:06:02
    [Параметры запуска] => Array
        (
            [START] => 10000
            [LIMIT] => 10000
        )

    [Ошибки при выполнении] => Array
(
)

)


PROCESSING Step Complete:
Array
(
    [Дата] => 26.07.2018 07:11:31
    [Сообщение] => 
            Time start: 2018.07.26 07:11:02
            Taked : 10000 cities,
            Loaded from Database: 239314 cities
            Updated: 10000 cities
            Added: 0 cities
            Time end: 2018.07.31 07:11:31
    [Параметры запуска] => Array
        (
            [START] => 20000
            [LIMIT] => 10000
        )

    [Ошибки при выполнении] => Array
(
)

)


PROCESSING Step Complete:
Array
(
    [Дата] => 26.07.2018 07:17:00
    [Сообщение] => 
            Time start: 2018.07.26 07:16:31
            Taked : 10000 cities,
            Loaded from Database: 239314 cities
            Updated: 10000 cities
            Added: 0 cities
            Time end: 2018.07.00 07:17:00
    [Параметры запуска] => Array
        (
            [START] => 30000
            [LIMIT] => 10000
        )

    [Ошибки при выполнении] => Array
(
)

)


PROCESSING Step Complete:
Array
(
    [Дата] => 26.07.2018 07:22:30
    [Сообщение] => 
            Time start: 2018.07.26 07:22:00
            Taked : 10000 cities,
            Loaded from Database: 239314 cities
            Updated: 10000 cities
            Added: 0 cities
            Time end: 2018.07.30 07:22:30
    [Параметры запуска] => Array
        (
            [START] => 40000
            [LIMIT] => 10000
        )

    [Ошибки при выполнении] => Array
(
)

)


PROCESSING Step Complete:
Array
(
    [Дата] => 26.07.2018 07:27:59
    [Сообщение] => 
            Time start: 2018.07.26 07:27:30
            Taked : 10000 cities,
            Loaded from Database: 239314 cities
            Updated: 10000 cities
            Added: 0 cities
            Time end: 2018.07.59 07:27:59
    [Параметры запуска] => Array
        (
            [START] => 50000
            [LIMIT] => 10000
        )

    [Ошибки при выполнении] => Array
(
)

)


PROCESSING Step Complete:
Array
(
    [Дата] => 26.07.2018 07:33:28
    [Сообщение] => 
            Time start: 2018.07.26 07:32:59
            Taked : 10000 cities,
            Loaded from Database: 239314 cities
            Updated: 10000 cities
            Added: 0 cities
            Time end: 2018.07.28 07:33:28
    [Параметры запуска] => Array
        (
            [START] => 60000
            [LIMIT] => 10000
        )

    [Ошибки при выполнении] => Array
(
)

)


PROCESSING Step Complete:
Array
(
    [Дата] => 26.07.2018 07:38:57
    [Сообщение] => 
            Time start: 2018.07.26 07:38:28
            Taked : 10000 cities,
            Loaded from Database: 239314 cities
            Updated: 10000 cities
            Added: 0 cities
            Time end: 2018.07.57 07:38:57
    [Параметры запуска] => Array
        (
            [START] => 70000
            [LIMIT] => 10000
        )

    [Ошибки при выполнении] => Array
(
)

)


PROCESSING Step Complete:
Array
(
    [Дата] => 26.07.2018 07:44:27
    [Сообщение] => 
            Time start: 2018.07.26 07:43:57
            Taked : 10000 cities,
            Loaded from Database: 239314 cities
            Updated: 10000 cities
            Added: 0 cities
            Time end: 2018.07.27 07:44:27
    [Параметры запуска] => Array
        (
            [START] => 80000
            [LIMIT] => 10000
        )

    [Ошибки при выполнении] => Array
(
)

)


PROCESSING Step Complete:
Array
(
    [Дата] => 26.07.2018 07:49:56
    [Сообщение] => 
            Time start: 2018.07.26 07:49:27
            Taked : 10000 cities,
            Loaded from Database: 239314 cities
            Updated: 10000 cities
            Added: 0 cities
            Time end: 2018.07.56 07:49:56
    [Параметры запуска] => Array
        (
            [START] => 90000
            [LIMIT] => 10000
        )

    [Ошибки при выполнении] => Array
(
)

)


PROCESSING Step Complete:
Array
(
    [Дата] => 26.07.2018 07:55:25
    [Сообщение] => 
            Time start: 2018.07.26 07:54:56
            Taked : 10000 cities,
            Loaded from Database: 239314 cities
            Updated: 10000 cities
            Added: 0 cities
            Time end: 2018.07.25 07:55:25
    [Параметры запуска] => Array
        (
            [START] => 100000
            [LIMIT] => 10000
        )

    [Ошибки при выполнении] => Array
(
)

)


PROCESSING Step Complete:
Array
(
    [Дата] => 26.07.2018 08:00:54
    [Сообщение] => 
            Time start: 2018.07.26 08:00:25
            Taked : 10000 cities,
            Loaded from Database: 239314 cities
            Updated: 10000 cities
            Added: 0 cities
            Time end: 2018.07.54 08:00:54
    [Параметры запуска] => Array
        (
            [START] => 110000
            [LIMIT] => 10000
        )

    [Ошибки при выполнении] => Array
(
)

)


PROCESSING Step Complete:
Array
(
    [Дата] => 26.07.2018 08:06:23
    [Сообщение] => 
            Time start: 2018.07.26 08:05:54
            Taked : 10000 cities,
            Loaded from Database: 239314 cities
            Updated: 10000 cities
            Added: 0 cities
            Time end: 2018.07.23 08:06:23
    [Параметры запуска] => Array
        (
            [START] => 120000
            [LIMIT] => 10000
        )

    [Ошибки при выполнении] => Array
(
)

)


PROCESSING Step Complete:
Array
(
    [Дата] => 26.07.2018 08:11:52
    [Сообщение] => 
            Time start: 2018.07.26 08:11:23
            Taked : 10000 cities,
            Loaded from Database: 239314 cities
            Updated: 10000 cities
            Added: 0 cities
            Time end: 2018.07.52 08:11:52
    [Параметры запуска] => Array
        (
            [START] => 130000
            [LIMIT] => 10000
        )

    [Ошибки при выполнении] => Array
(
)

)


PROCESSING Step Complete:
Array
(
    [Дата] => 26.07.2018 08:17:21
    [Сообщение] => 
            Time start: 2018.07.26 08:16:52
            Taked : 10000 cities,
            Loaded from Database: 239314 cities
            Updated: 10000 cities
            Added: 0 cities
            Time end: 2018.07.21 08:17:21
    [Параметры запуска] => Array
        (
            [START] => 140000
            [LIMIT] => 10000
        )

    [Ошибки при выполнении] => Array
(
)

)


PROCESSING Step Complete:
Array
(
    [Дата] => 26.07.2018 08:22:50
    [Сообщение] => 
            Time start: 2018.07.26 08:22:22
            Taked : 10000 cities,
            Loaded from Database: 239314 cities
            Updated: 10000 cities
            Added: 0 cities
            Time end: 2018.07.50 08:22:50
    [Параметры запуска] => Array
        (
            [START] => 150000
            [LIMIT] => 10000
        )

    [Ошибки при выполнении] => Array
(
)

)


PROCESSING Step Complete:
Array
(
    [Дата] => 26.07.2018 08:28:20
    [Сообщение] => 
            Time start: 2018.07.26 08:27:51
            Taked : 10000 cities,
            Loaded from Database: 239314 cities
            Updated: 10000 cities
            Added: 0 cities
            Time end: 2018.07.20 08:28:20
    [Параметры запуска] => Array
        (
            [START] => 160000
            [LIMIT] => 10000
        )

    [Ошибки при выполнении] => Array
(
)

)


PROCESSING Step Complete:
Array
(
    [Дата] => 26.07.2018 08:33:49
    [Сообщение] => 
            Time start: 2018.07.26 08:33:20
            Taked : 10000 cities,
            Loaded from Database: 239314 cities
            Updated: 10000 cities
            Added: 0 cities
            Time end: 2018.07.49 08:33:49
    [Параметры запуска] => Array
        (
            [START] => 170000
            [LIMIT] => 10000
        )

    [Ошибки при выполнении] => Array
(
)

)


PROCESSING Step Complete:
Array
(
    [Дата] => 26.07.2018 08:39:19
    [Сообщение] => 
            Time start: 2018.07.26 08:38:49
            Taked : 10000 cities,
            Loaded from Database: 239314 cities
            Updated: 10000 cities
            Added: 0 cities
            Time end: 2018.07.19 08:39:19
    [Параметры запуска] => Array
        (
            [START] => 180000
            [LIMIT] => 10000
        )

    [Ошибки при выполнении] => Array
(
)

)


PROCESSING Step Complete:
Array
(
    [Дата] => 26.07.2018 08:44:49
    [Сообщение] => 
            Time start: 2018.07.26 08:44:19
            Taked : 10000 cities,
            Loaded from Database: 239314 cities
            Updated: 10000 cities
            Added: 0 cities
            Time end: 2018.07.49 08:44:49
    [Параметры запуска] => Array
        (
            [START] => 190000
            [LIMIT] => 10000
        )

    [Ошибки при выполнении] => Array
(
)

)


PROCESSING Step Complete:
Array
(
    [Дата] => 26.07.2018 08:50:18
    [Сообщение] => 
            Time start: 2018.07.26 08:49:49
            Taked : 10000 cities,
            Loaded from Database: 239314 cities
            Updated: 10000 cities
            Added: 0 cities
            Time end: 2018.07.18 08:50:18
    [Параметры запуска] => Array
        (
            [START] => 200000
            [LIMIT] => 10000
        )

    [Ошибки при выполнении] => Array
(
)

)


PROCESSING Step Complete:
Array
(
    [Дата] => 26.07.2018 08:55:48
    [Сообщение] => 
            Time start: 2018.07.26 08:55:18
            Taked : 10000 cities,
            Loaded from Database: 239314 cities
            Updated: 10000 cities
            Added: 0 cities
            Time end: 2018.07.48 08:55:48
    [Параметры запуска] => Array
        (
            [START] => 210000
            [LIMIT] => 10000
        )

    [Ошибки при выполнении] => Array
(
)

)


PROCESSING Step Complete:
Array
(
    [Дата] => 26.07.2018 09:01:17
    [Сообщение] => 
            Time start: 2018.07.26 09:00:48
            Taked : 10000 cities,
            Loaded from Database: 239314 cities
            Updated: 10000 cities
            Added: 0 cities
            Time end: 2018.07.17 09:01:17
    [Параметры запуска] => Array
        (
            [START] => 220000
            [LIMIT] => 10000
        )

    [Ошибки при выполнении] => Array
(
)

)


PROCESSING Complete:
Array
(
    [Дата] => 26.07.2018 09:06:45
    [Сообщение] => 
            Time start: 2018.07.26 09:06:17
            Taked : 9315 cities,
            Loaded from Database: 239314 cities
            Deleted: 0 cities,
            Updated: 9314 cities
            Added: 1 cities
            Time end: 2018.07.45 09:06:45
    [Параметры запуска] => Array
        (
            [START] => 230000
            [LIMIT] => 10000
        )

    [Ошибки при выполнении] => Array
(
)

)


