TRIGGER Complete:
Array
(
    [Дата] => 12.06.2018 07:00:27
    [Сообщение] => TRIGGER START
)


PROCESSING Step Complete:
Array
(
    [Дата] => 12.06.2018 07:00:40
    [Сообщение] => 
            Time start: 2018.06.12 07:00:27
            Taked : 10000 cities,
            Loaded from Database: 238492 cities
            Updated: 10000 cities
            Added: 0 cities
            Time end: 2018.06.40 07:00:40
    [Параметры запуска] => Array
        (
            [START] => 0
            [LIMIT] => 10000
        )

    [Ошибки при выполнении] => Array
(
)

)


PROCESSING Step Complete:
Array
(
    [Дата] => 12.06.2018 07:05:54
    [Сообщение] => 
            Time start: 2018.06.12 07:05:40
            Taked : 10000 cities,
            Loaded from Database: 238492 cities
            Updated: 10000 cities
            Added: 0 cities
            Time end: 2018.06.54 07:05:54
    [Параметры запуска] => Array
        (
            [START] => 10000
            [LIMIT] => 10000
        )

    [Ошибки при выполнении] => Array
(
)

)


PROCESSING Step Complete:
Array
(
    [Дата] => 12.06.2018 07:11:09
    [Сообщение] => 
            Time start: 2018.06.12 07:10:54
            Taked : 10000 cities,
            Loaded from Database: 238492 cities
            Updated: 10000 cities
            Added: 0 cities
            Time end: 2018.06.09 07:11:09
    [Параметры запуска] => Array
        (
            [START] => 20000
            [LIMIT] => 10000
        )

    [Ошибки при выполнении] => Array
(
)

)


PROCESSING Step Complete:
Array
(
    [Дата] => 12.06.2018 07:16:23
    [Сообщение] => 
            Time start: 2018.06.12 07:16:09
            Taked : 10000 cities,
            Loaded from Database: 238492 cities
            Updated: 10000 cities
            Added: 0 cities
            Time end: 2018.06.23 07:16:23
    [Параметры запуска] => Array
        (
            [START] => 30000
            [LIMIT] => 10000
        )

    [Ошибки при выполнении] => Array
(
)

)


PROCESSING Step Complete:
Array
(
    [Дата] => 12.06.2018 07:21:37
    [Сообщение] => 
            Time start: 2018.06.12 07:21:23
            Taked : 10000 cities,
            Loaded from Database: 238492 cities
            Updated: 10000 cities
            Added: 0 cities
            Time end: 2018.06.37 07:21:37
    [Параметры запуска] => Array
        (
            [START] => 40000
            [LIMIT] => 10000
        )

    [Ошибки при выполнении] => Array
(
)

)


PROCESSING Step Complete:
Array
(
    [Дата] => 12.06.2018 07:26:52
    [Сообщение] => 
            Time start: 2018.06.12 07:26:38
            Taked : 10000 cities,
            Loaded from Database: 238492 cities
            Updated: 10000 cities
            Added: 0 cities
            Time end: 2018.06.52 07:26:52
    [Параметры запуска] => Array
        (
            [START] => 50000
            [LIMIT] => 10000
        )

    [Ошибки при выполнении] => Array
(
)

)


PROCESSING Step Complete:
Array
(
    [Дата] => 12.06.2018 07:32:06
    [Сообщение] => 
            Time start: 2018.06.12 07:31:52
            Taked : 10000 cities,
            Loaded from Database: 238492 cities
            Updated: 10000 cities
            Added: 0 cities
            Time end: 2018.06.06 07:32:06
    [Параметры запуска] => Array
        (
            [START] => 60000
            [LIMIT] => 10000
        )

    [Ошибки при выполнении] => Array
(
)

)


PROCESSING Step Complete:
Array
(
    [Дата] => 12.06.2018 07:37:20
    [Сообщение] => 
            Time start: 2018.06.12 07:37:06
            Taked : 10000 cities,
            Loaded from Database: 238492 cities
            Updated: 10000 cities
            Added: 0 cities
            Time end: 2018.06.20 07:37:20
    [Параметры запуска] => Array
        (
            [START] => 70000
            [LIMIT] => 10000
        )

    [Ошибки при выполнении] => Array
(
)

)


PROCESSING Step Complete:
Array
(
    [Дата] => 12.06.2018 07:42:34
    [Сообщение] => 
            Time start: 2018.06.12 07:42:20
            Taked : 10000 cities,
            Loaded from Database: 238492 cities
            Updated: 10000 cities
            Added: 0 cities
            Time end: 2018.06.34 07:42:34
    [Параметры запуска] => Array
        (
            [START] => 80000
            [LIMIT] => 10000
        )

    [Ошибки при выполнении] => Array
(
)

)


PROCESSING Step Complete:
Array
(
    [Дата] => 12.06.2018 07:47:49
    [Сообщение] => 
            Time start: 2018.06.12 07:47:35
            Taked : 10000 cities,
            Loaded from Database: 238492 cities
            Updated: 10000 cities
            Added: 0 cities
            Time end: 2018.06.49 07:47:49
    [Параметры запуска] => Array
        (
            [START] => 90000
            [LIMIT] => 10000
        )

    [Ошибки при выполнении] => Array
(
)

)


PROCESSING Step Complete:
Array
(
    [Дата] => 12.06.2018 07:53:03
    [Сообщение] => 
            Time start: 2018.06.12 07:52:49
            Taked : 10000 cities,
            Loaded from Database: 238492 cities
            Updated: 10000 cities
            Added: 0 cities
            Time end: 2018.06.03 07:53:03
    [Параметры запуска] => Array
        (
            [START] => 100000
            [LIMIT] => 10000
        )

    [Ошибки при выполнении] => Array
(
)

)


PROCESSING Step Complete:
Array
(
    [Дата] => 12.06.2018 07:58:18
    [Сообщение] => 
            Time start: 2018.06.12 07:58:04
            Taked : 10000 cities,
            Loaded from Database: 238492 cities
            Updated: 10000 cities
            Added: 0 cities
            Time end: 2018.06.18 07:58:18
    [Параметры запуска] => Array
        (
            [START] => 110000
            [LIMIT] => 10000
        )

    [Ошибки при выполнении] => Array
(
)

)


PROCESSING Step Complete:
Array
(
    [Дата] => 12.06.2018 08:03:32
    [Сообщение] => 
            Time start: 2018.06.12 08:03:18
            Taked : 10000 cities,
            Loaded from Database: 238492 cities
            Updated: 10000 cities
            Added: 0 cities
            Time end: 2018.06.32 08:03:32
    [Параметры запуска] => Array
        (
            [START] => 120000
            [LIMIT] => 10000
        )

    [Ошибки при выполнении] => Array
(
)

)


PROCESSING Step Complete:
Array
(
    [Дата] => 12.06.2018 08:08:47
    [Сообщение] => 
            Time start: 2018.06.12 08:08:32
            Taked : 10000 cities,
            Loaded from Database: 238492 cities
            Updated: 10000 cities
            Added: 0 cities
            Time end: 2018.06.47 08:08:47
    [Параметры запуска] => Array
        (
            [START] => 130000
            [LIMIT] => 10000
        )

    [Ошибки при выполнении] => Array
(
)

)


PROCESSING Step Complete:
Array
(
    [Дата] => 12.06.2018 08:14:01
    [Сообщение] => 
            Time start: 2018.06.12 08:13:47
            Taked : 10000 cities,
            Loaded from Database: 238492 cities
            Updated: 10000 cities
            Added: 0 cities
            Time end: 2018.06.01 08:14:01
    [Параметры запуска] => Array
        (
            [START] => 140000
            [LIMIT] => 10000
        )

    [Ошибки при выполнении] => Array
(
)

)


PROCESSING Step Complete:
Array
(
    [Дата] => 12.06.2018 08:19:16
    [Сообщение] => 
            Time start: 2018.06.12 08:19:01
            Taked : 10000 cities,
            Loaded from Database: 238492 cities
            Updated: 10000 cities
            Added: 0 cities
            Time end: 2018.06.16 08:19:16
    [Параметры запуска] => Array
        (
            [START] => 150000
            [LIMIT] => 10000
        )

    [Ошибки при выполнении] => Array
(
)

)


PROCESSING Step Complete:
Array
(
    [Дата] => 12.06.2018 08:24:30
    [Сообщение] => 
            Time start: 2018.06.12 08:24:16
            Taked : 10000 cities,
            Loaded from Database: 238492 cities
            Updated: 10000 cities
            Added: 0 cities
            Time end: 2018.06.30 08:24:30
    [Параметры запуска] => Array
        (
            [START] => 160000
            [LIMIT] => 10000
        )

    [Ошибки при выполнении] => Array
(
)

)


PROCESSING Step Complete:
Array
(
    [Дата] => 12.06.2018 08:29:44
    [Сообщение] => 
            Time start: 2018.06.12 08:29:30
            Taked : 10000 cities,
            Loaded from Database: 238492 cities
            Updated: 10000 cities
            Added: 0 cities
            Time end: 2018.06.44 08:29:44
    [Параметры запуска] => Array
        (
            [START] => 170000
            [LIMIT] => 10000
        )

    [Ошибки при выполнении] => Array
(
)

)


PROCESSING Step Complete:
Array
(
    [Дата] => 12.06.2018 08:34:58
    [Сообщение] => 
            Time start: 2018.06.12 08:34:44
            Taked : 10000 cities,
            Loaded from Database: 238492 cities
            Updated: 10000 cities
            Added: 0 cities
            Time end: 2018.06.58 08:34:58
    [Параметры запуска] => Array
        (
            [START] => 180000
            [LIMIT] => 10000
        )

    [Ошибки при выполнении] => Array
(
)

)


PROCESSING Step Complete:
Array
(
    [Дата] => 12.06.2018 08:40:13
    [Сообщение] => 
            Time start: 2018.06.12 08:39:58
            Taked : 10000 cities,
            Loaded from Database: 238492 cities
            Updated: 10000 cities
            Added: 0 cities
            Time end: 2018.06.13 08:40:13
    [Параметры запуска] => Array
        (
            [START] => 190000
            [LIMIT] => 10000
        )

    [Ошибки при выполнении] => Array
(
)

)


PROCESSING Step Complete:
Array
(
    [Дата] => 12.06.2018 08:45:27
    [Сообщение] => 
            Time start: 2018.06.12 08:45:13
            Taked : 10000 cities,
            Loaded from Database: 238492 cities
            Updated: 10000 cities
            Added: 0 cities
            Time end: 2018.06.27 08:45:27
    [Параметры запуска] => Array
        (
            [START] => 200000
            [LIMIT] => 10000
        )

    [Ошибки при выполнении] => Array
(
)

)


PROCESSING Step Complete:
Array
(
    [Дата] => 12.06.2018 08:50:41
    [Сообщение] => 
            Time start: 2018.06.12 08:50:27
            Taked : 10000 cities,
            Loaded from Database: 238492 cities
            Updated: 9999 cities
            Added: 1 cities
            Time end: 2018.06.41 08:50:41
    [Параметры запуска] => Array
        (
            [START] => 210000
            [LIMIT] => 10000
        )

    [Ошибки при выполнении] => Array
(
)

)


PROCESSING Step Complete:
Array
(
    [Дата] => 12.06.2018 08:55:56
    [Сообщение] => 
            Time start: 2018.06.12 08:55:41
            Taked : 10000 cities,
            Loaded from Database: 238493 cities
            Updated: 10000 cities
            Added: 0 cities
            Time end: 2018.06.56 08:55:56
    [Параметры запуска] => Array
        (
            [START] => 220000
            [LIMIT] => 10000
        )

    [Ошибки при выполнении] => Array
(
)

)


PROCESSING Complete:
Array
(
    [Дата] => 12.06.2018 09:01:09
    [Сообщение] => 
            Time start: 2018.06.12 09:00:56
            Taked : 8493 cities,
            Loaded from Database: 238493 cities
            Deleted: 0 cities,
            Updated: 8493 cities
            Added: 0 cities
            Time end: 2018.06.09 09:01:09
    [Параметры запуска] => Array
        (
            [START] => 230000
            [LIMIT] => 10000
        )

    [Ошибки при выполнении] => Array
(
)

)


