TRIGGER Complete:
Array
(
    [Дата] => 19.08.2018 07:00:03
    [Сообщение] => TRIGGER START
)


PROCESSING Step Complete:
Array
(
    [Дата] => 19.08.2018 07:00:32
    [Сообщение] => 
            Time start: 2018.08.19 07:00:03
            Taked : 10000 cities,
            Loaded from Database: 239436 cities
            Updated: 10000 cities
            Added: 0 cities
            Time end: 2018.08.32 07:00:32
    [Параметры запуска] => Array
        (
            [START] => 0
            [LIMIT] => 10000
        )

    [Ошибки при выполнении] => Array
(
)

)


PROCESSING Step Complete:
Array
(
    [Дата] => 19.08.2018 07:06:01
    [Сообщение] => 
            Time start: 2018.08.19 07:05:32
            Taked : 10000 cities,
            Loaded from Database: 239436 cities
            Updated: 10000 cities
            Added: 0 cities
            Time end: 2018.08.01 07:06:01
    [Параметры запуска] => Array
        (
            [START] => 10000
            [LIMIT] => 10000
        )

    [Ошибки при выполнении] => Array
(
)

)


PROCESSING Step Complete:
Array
(
    [Дата] => 19.08.2018 07:11:30
    [Сообщение] => 
            Time start: 2018.08.19 07:11:01
            Taked : 10000 cities,
            Loaded from Database: 239436 cities
            Updated: 10000 cities
            Added: 0 cities
            Time end: 2018.08.30 07:11:30
    [Параметры запуска] => Array
        (
            [START] => 20000
            [LIMIT] => 10000
        )

    [Ошибки при выполнении] => Array
(
)

)


PROCESSING Step Complete:
Array
(
    [Дата] => 19.08.2018 07:16:58
    [Сообщение] => 
            Time start: 2018.08.19 07:16:30
            Taked : 10000 cities,
            Loaded from Database: 239436 cities
            Updated: 10000 cities
            Added: 0 cities
            Time end: 2018.08.58 07:16:58
    [Параметры запуска] => Array
        (
            [START] => 30000
            [LIMIT] => 10000
        )

    [Ошибки при выполнении] => Array
(
)

)


PROCESSING Step Complete:
Array
(
    [Дата] => 19.08.2018 07:22:26
    [Сообщение] => 
            Time start: 2018.08.19 07:21:58
            Taked : 10000 cities,
            Loaded from Database: 239436 cities
            Updated: 10000 cities
            Added: 0 cities
            Time end: 2018.08.26 07:22:26
    [Параметры запуска] => Array
        (
            [START] => 40000
            [LIMIT] => 10000
        )

    [Ошибки при выполнении] => Array
(
)

)


PROCESSING Step Complete:
Array
(
    [Дата] => 19.08.2018 07:27:55
    [Сообщение] => 
            Time start: 2018.08.19 07:27:27
            Taked : 10000 cities,
            Loaded from Database: 239436 cities
            Updated: 10000 cities
            Added: 0 cities
            Time end: 2018.08.55 07:27:55
    [Параметры запуска] => Array
        (
            [START] => 50000
            [LIMIT] => 10000
        )

    [Ошибки при выполнении] => Array
(
)

)


PROCESSING Step Complete:
Array
(
    [Дата] => 19.08.2018 07:33:24
    [Сообщение] => 
            Time start: 2018.08.19 07:32:55
            Taked : 10000 cities,
            Loaded from Database: 239436 cities
            Updated: 10000 cities
            Added: 0 cities
            Time end: 2018.08.24 07:33:24
    [Параметры запуска] => Array
        (
            [START] => 60000
            [LIMIT] => 10000
        )

    [Ошибки при выполнении] => Array
(
)

)


PROCESSING Step Complete:
Array
(
    [Дата] => 19.08.2018 07:38:53
    [Сообщение] => 
            Time start: 2018.08.19 07:38:24
            Taked : 10000 cities,
            Loaded from Database: 239436 cities
            Updated: 10000 cities
            Added: 0 cities
            Time end: 2018.08.53 07:38:53
    [Параметры запуска] => Array
        (
            [START] => 70000
            [LIMIT] => 10000
        )

    [Ошибки при выполнении] => Array
(
)

)


PROCESSING Step Complete:
Array
(
    [Дата] => 19.08.2018 07:44:23
    [Сообщение] => 
            Time start: 2018.08.19 07:43:53
            Taked : 10000 cities,
            Loaded from Database: 239436 cities
            Updated: 10000 cities
            Added: 0 cities
            Time end: 2018.08.23 07:44:23
    [Параметры запуска] => Array
        (
            [START] => 80000
            [LIMIT] => 10000
        )

    [Ошибки при выполнении] => Array
(
)

)


PROCESSING Step Complete:
Array
(
    [Дата] => 19.08.2018 07:49:52
    [Сообщение] => 
            Time start: 2018.08.19 07:49:23
            Taked : 10000 cities,
            Loaded from Database: 239436 cities
            Updated: 10000 cities
            Added: 0 cities
            Time end: 2018.08.52 07:49:52
    [Параметры запуска] => Array
        (
            [START] => 90000
            [LIMIT] => 10000
        )

    [Ошибки при выполнении] => Array
(
)

)


PROCESSING Step Complete:
Array
(
    [Дата] => 19.08.2018 07:55:21
    [Сообщение] => 
            Time start: 2018.08.19 07:54:52
            Taked : 10000 cities,
            Loaded from Database: 239436 cities
            Updated: 10000 cities
            Added: 0 cities
            Time end: 2018.08.21 07:55:21
    [Параметры запуска] => Array
        (
            [START] => 100000
            [LIMIT] => 10000
        )

    [Ошибки при выполнении] => Array
(
)

)


PROCESSING Step Complete:
Array
(
    [Дата] => 19.08.2018 08:00:50
    [Сообщение] => 
            Time start: 2018.08.19 08:00:21
            Taked : 10000 cities,
            Loaded from Database: 239436 cities
            Updated: 10000 cities
            Added: 0 cities
            Time end: 2018.08.50 08:00:50
    [Параметры запуска] => Array
        (
            [START] => 110000
            [LIMIT] => 10000
        )

    [Ошибки при выполнении] => Array
(
)

)


PROCESSING Step Complete:
Array
(
    [Дата] => 19.08.2018 08:06:19
    [Сообщение] => 
            Time start: 2018.08.19 08:05:50
            Taked : 10000 cities,
            Loaded from Database: 239436 cities
            Updated: 10000 cities
            Added: 0 cities
            Time end: 2018.08.19 08:06:19
    [Параметры запуска] => Array
        (
            [START] => 120000
            [LIMIT] => 10000
        )

    [Ошибки при выполнении] => Array
(
)

)


PROCESSING Step Complete:
Array
(
    [Дата] => 19.08.2018 08:11:48
    [Сообщение] => 
            Time start: 2018.08.19 08:11:19
            Taked : 10000 cities,
            Loaded from Database: 239436 cities
            Updated: 10000 cities
            Added: 0 cities
            Time end: 2018.08.48 08:11:48
    [Параметры запуска] => Array
        (
            [START] => 130000
            [LIMIT] => 10000
        )

    [Ошибки при выполнении] => Array
(
)

)


PROCESSING Step Complete:
Array
(
    [Дата] => 19.08.2018 08:17:17
    [Сообщение] => 
            Time start: 2018.08.19 08:16:48
            Taked : 10000 cities,
            Loaded from Database: 239436 cities
            Updated: 10000 cities
            Added: 0 cities
            Time end: 2018.08.17 08:17:17
    [Параметры запуска] => Array
        (
            [START] => 140000
            [LIMIT] => 10000
        )

    [Ошибки при выполнении] => Array
(
)

)


PROCESSING Step Complete:
Array
(
    [Дата] => 19.08.2018 08:22:47
    [Сообщение] => 
            Time start: 2018.08.19 08:22:17
            Taked : 10000 cities,
            Loaded from Database: 239436 cities
            Updated: 10000 cities
            Added: 0 cities
            Time end: 2018.08.47 08:22:47
    [Параметры запуска] => Array
        (
            [START] => 150000
            [LIMIT] => 10000
        )

    [Ошибки при выполнении] => Array
(
)

)


PROCESSING Step Complete:
Array
(
    [Дата] => 19.08.2018 08:28:15
    [Сообщение] => 
            Time start: 2018.08.19 08:27:47
            Taked : 10000 cities,
            Loaded from Database: 239436 cities
            Updated: 10000 cities
            Added: 0 cities
            Time end: 2018.08.15 08:28:15
    [Параметры запуска] => Array
        (
            [START] => 160000
            [LIMIT] => 10000
        )

    [Ошибки при выполнении] => Array
(
)

)


PROCESSING Step Complete:
Array
(
    [Дата] => 19.08.2018 08:33:43
    [Сообщение] => 
            Time start: 2018.08.19 08:33:15
            Taked : 10000 cities,
            Loaded from Database: 239436 cities
            Updated: 10000 cities
            Added: 0 cities
            Time end: 2018.08.43 08:33:43
    [Параметры запуска] => Array
        (
            [START] => 170000
            [LIMIT] => 10000
        )

    [Ошибки при выполнении] => Array
(
)

)


PROCESSING Step Complete:
Array
(
    [Дата] => 19.08.2018 08:39:13
    [Сообщение] => 
            Time start: 2018.08.19 08:38:44
            Taked : 10000 cities,
            Loaded from Database: 239436 cities
            Updated: 10000 cities
            Added: 0 cities
            Time end: 2018.08.13 08:39:13
    [Параметры запуска] => Array
        (
            [START] => 180000
            [LIMIT] => 10000
        )

    [Ошибки при выполнении] => Array
(
)

)


PROCESSING Step Complete:
Array
(
    [Дата] => 19.08.2018 08:44:42
    [Сообщение] => 
            Time start: 2018.08.19 08:44:13
            Taked : 10000 cities,
            Loaded from Database: 239436 cities
            Updated: 10000 cities
            Added: 0 cities
            Time end: 2018.08.42 08:44:42
    [Параметры запуска] => Array
        (
            [START] => 190000
            [LIMIT] => 10000
        )

    [Ошибки при выполнении] => Array
(
)

)


PROCESSING Step Complete:
Array
(
    [Дата] => 19.08.2018 08:50:11
    [Сообщение] => 
            Time start: 2018.08.19 08:49:42
            Taked : 10000 cities,
            Loaded from Database: 239436 cities
            Updated: 10000 cities
            Added: 0 cities
            Time end: 2018.08.11 08:50:11
    [Параметры запуска] => Array
        (
            [START] => 200000
            [LIMIT] => 10000
        )

    [Ошибки при выполнении] => Array
(
)

)


PROCESSING Step Complete:
Array
(
    [Дата] => 19.08.2018 08:55:40
    [Сообщение] => 
            Time start: 2018.08.19 08:55:12
            Taked : 10000 cities,
            Loaded from Database: 239436 cities
            Updated: 9997 cities
            Added: 3 cities
            Time end: 2018.08.40 08:55:40
    [Параметры запуска] => Array
        (
            [START] => 210000
            [LIMIT] => 10000
        )

    [Ошибки при выполнении] => Array
(
)

)


PROCESSING Step Complete:
Array
(
    [Дата] => 19.08.2018 09:01:09
    [Сообщение] => 
            Time start: 2018.08.19 09:00:40
            Taked : 10000 cities,
            Loaded from Database: 239439 cities
            Updated: 10000 cities
            Added: 0 cities
            Time end: 2018.08.09 09:01:09
    [Параметры запуска] => Array
        (
            [START] => 220000
            [LIMIT] => 10000
        )

    [Ошибки при выполнении] => Array
(
)

)


PROCESSING Complete:
Array
(
    [Дата] => 19.08.2018 09:06:36
    [Сообщение] => 
            Time start: 2018.08.19 09:06:09
            Taked : 9439 cities,
            Loaded from Database: 239439 cities
            Deleted: 0 cities,
            Updated: 9439 cities
            Added: 0 cities
            Time end: 2018.08.36 09:06:36
    [Параметры запуска] => Array
        (
            [START] => 230000
            [LIMIT] => 10000
        )

    [Ошибки при выполнении] => Array
(
)

)


