TRIGGER Complete:
Array
(
    [Дата] => 25.05.2018 07:00:03
    [Сообщение] => TRIGGER START
)


PROCESSING Step Complete:
Array
(
    [Дата] => 25.05.2018 07:00:17
    [Сообщение] => 
            Time start: 2018.05.25 07:00:03
            Taked : 10000 cities,
            Loaded from Database: 238526 cities
            Updated: 10000 cities
            Added: 0 cities
            Time end: 2018.05.17 07:00:17
    [Параметры запуска] => Array
        (
            [START] => 0
            [LIMIT] => 10000
        )

    [Ошибки при выполнении] => Array
(
)

)


PROCESSING Step Complete:
Array
(
    [Дата] => 25.05.2018 07:05:29
    [Сообщение] => 
            Time start: 2018.05.25 07:05:17
            Taked : 10000 cities,
            Loaded from Database: 238526 cities
            Updated: 10000 cities
            Added: 0 cities
            Time end: 2018.05.29 07:05:29
    [Параметры запуска] => Array
        (
            [START] => 10000
            [LIMIT] => 10000
        )

    [Ошибки при выполнении] => Array
(
)

)


PROCESSING Step Complete:
Array
(
    [Дата] => 25.05.2018 07:10:42
    [Сообщение] => 
            Time start: 2018.05.25 07:10:30
            Taked : 10000 cities,
            Loaded from Database: 238526 cities
            Updated: 10000 cities
            Added: 0 cities
            Time end: 2018.05.42 07:10:42
    [Параметры запуска] => Array
        (
            [START] => 20000
            [LIMIT] => 10000
        )

    [Ошибки при выполнении] => Array
(
)

)


PROCESSING Step Complete:
Array
(
    [Дата] => 25.05.2018 07:15:55
    [Сообщение] => 
            Time start: 2018.05.25 07:15:42
            Taked : 10000 cities,
            Loaded from Database: 238526 cities
            Updated: 10000 cities
            Added: 0 cities
            Time end: 2018.05.55 07:15:55
    [Параметры запуска] => Array
        (
            [START] => 30000
            [LIMIT] => 10000
        )

    [Ошибки при выполнении] => Array
(
)

)


PROCESSING Step Complete:
Array
(
    [Дата] => 25.05.2018 07:21:09
    [Сообщение] => 
            Time start: 2018.05.25 07:20:56
            Taked : 10000 cities,
            Loaded from Database: 238526 cities
            Updated: 10000 cities
            Added: 0 cities
            Time end: 2018.05.09 07:21:09
    [Параметры запуска] => Array
        (
            [START] => 40000
            [LIMIT] => 10000
        )

    [Ошибки при выполнении] => Array
(
)

)


PROCESSING Step Complete:
Array
(
    [Дата] => 25.05.2018 07:26:23
    [Сообщение] => 
            Time start: 2018.05.25 07:26:09
            Taked : 10000 cities,
            Loaded from Database: 238526 cities
            Updated: 10000 cities
            Added: 0 cities
            Time end: 2018.05.23 07:26:23
    [Параметры запуска] => Array
        (
            [START] => 50000
            [LIMIT] => 10000
        )

    [Ошибки при выполнении] => Array
(
)

)


PROCESSING Step Complete:
Array
(
    [Дата] => 25.05.2018 07:31:36
    [Сообщение] => 
            Time start: 2018.05.25 07:31:23
            Taked : 10000 cities,
            Loaded from Database: 238526 cities
            Updated: 10000 cities
            Added: 0 cities
            Time end: 2018.05.36 07:31:36
    [Параметры запуска] => Array
        (
            [START] => 60000
            [LIMIT] => 10000
        )

    [Ошибки при выполнении] => Array
(
)

)


PROCESSING Step Complete:
Array
(
    [Дата] => 25.05.2018 07:36:49
    [Сообщение] => 
            Time start: 2018.05.25 07:36:36
            Taked : 10000 cities,
            Loaded from Database: 238526 cities
            Updated: 10000 cities
            Added: 0 cities
            Time end: 2018.05.49 07:36:49
    [Параметры запуска] => Array
        (
            [START] => 70000
            [LIMIT] => 10000
        )

    [Ошибки при выполнении] => Array
(
)

)


PROCESSING Step Complete:
Array
(
    [Дата] => 25.05.2018 07:42:03
    [Сообщение] => 
            Time start: 2018.05.25 07:41:49
            Taked : 10000 cities,
            Loaded from Database: 238526 cities
            Updated: 10000 cities
            Added: 0 cities
            Time end: 2018.05.03 07:42:03
    [Параметры запуска] => Array
        (
            [START] => 80000
            [LIMIT] => 10000
        )

    [Ошибки при выполнении] => Array
(
)

)


PROCESSING Step Complete:
Array
(
    [Дата] => 25.05.2018 07:47:15
    [Сообщение] => 
            Time start: 2018.05.25 07:47:03
            Taked : 10000 cities,
            Loaded from Database: 238526 cities
            Updated: 10000 cities
            Added: 0 cities
            Time end: 2018.05.15 07:47:15
    [Параметры запуска] => Array
        (
            [START] => 90000
            [LIMIT] => 10000
        )

    [Ошибки при выполнении] => Array
(
)

)


PROCESSING Step Complete:
Array
(
    [Дата] => 25.05.2018 07:52:28
    [Сообщение] => 
            Time start: 2018.05.25 07:52:15
            Taked : 10000 cities,
            Loaded from Database: 238526 cities
            Updated: 10000 cities
            Added: 0 cities
            Time end: 2018.05.28 07:52:28
    [Параметры запуска] => Array
        (
            [START] => 100000
            [LIMIT] => 10000
        )

    [Ошибки при выполнении] => Array
(
)

)


PROCESSING Step Complete:
Array
(
    [Дата] => 25.05.2018 07:57:42
    [Сообщение] => 
            Time start: 2018.05.25 07:57:28
            Taked : 10000 cities,
            Loaded from Database: 238526 cities
            Updated: 10000 cities
            Added: 0 cities
            Time end: 2018.05.42 07:57:42
    [Параметры запуска] => Array
        (
            [START] => 110000
            [LIMIT] => 10000
        )

    [Ошибки при выполнении] => Array
(
)

)


PROCESSING Step Complete:
Array
(
    [Дата] => 25.05.2018 08:02:55
    [Сообщение] => 
            Time start: 2018.05.25 08:02:42
            Taked : 10000 cities,
            Loaded from Database: 238526 cities
            Updated: 10000 cities
            Added: 0 cities
            Time end: 2018.05.55 08:02:55
    [Параметры запуска] => Array
        (
            [START] => 120000
            [LIMIT] => 10000
        )

    [Ошибки при выполнении] => Array
(
)

)


PROCESSING Step Complete:
Array
(
    [Дата] => 25.05.2018 08:08:09
    [Сообщение] => 
            Time start: 2018.05.25 08:07:56
            Taked : 10000 cities,
            Loaded from Database: 238526 cities
            Updated: 10000 cities
            Added: 0 cities
            Time end: 2018.05.09 08:08:09
    [Параметры запуска] => Array
        (
            [START] => 130000
            [LIMIT] => 10000
        )

    [Ошибки при выполнении] => Array
(
)

)


PROCESSING Step Complete:
Array
(
    [Дата] => 25.05.2018 08:13:22
    [Сообщение] => 
            Time start: 2018.05.25 08:13:09
            Taked : 10000 cities,
            Loaded from Database: 238526 cities
            Updated: 10000 cities
            Added: 0 cities
            Time end: 2018.05.22 08:13:22
    [Параметры запуска] => Array
        (
            [START] => 140000
            [LIMIT] => 10000
        )

    [Ошибки при выполнении] => Array
(
)

)


PROCESSING Step Complete:
Array
(
    [Дата] => 25.05.2018 08:18:35
    [Сообщение] => 
            Time start: 2018.05.25 08:18:22
            Taked : 10000 cities,
            Loaded from Database: 238526 cities
            Updated: 10000 cities
            Added: 0 cities
            Time end: 2018.05.35 08:18:35
    [Параметры запуска] => Array
        (
            [START] => 150000
            [LIMIT] => 10000
        )

    [Ошибки при выполнении] => Array
(
)

)


PROCESSING Step Complete:
Array
(
    [Дата] => 25.05.2018 08:23:48
    [Сообщение] => 
            Time start: 2018.05.25 08:23:35
            Taked : 10000 cities,
            Loaded from Database: 238526 cities
            Updated: 10000 cities
            Added: 0 cities
            Time end: 2018.05.48 08:23:48
    [Параметры запуска] => Array
        (
            [START] => 160000
            [LIMIT] => 10000
        )

    [Ошибки при выполнении] => Array
(
)

)


PROCESSING Step Complete:
Array
(
    [Дата] => 25.05.2018 08:29:02
    [Сообщение] => 
            Time start: 2018.05.25 08:28:48
            Taked : 10000 cities,
            Loaded from Database: 238526 cities
            Updated: 10000 cities
            Added: 0 cities
            Time end: 2018.05.02 08:29:02
    [Параметры запуска] => Array
        (
            [START] => 170000
            [LIMIT] => 10000
        )

    [Ошибки при выполнении] => Array
(
)

)


PROCESSING Step Complete:
Array
(
    [Дата] => 25.05.2018 08:34:16
    [Сообщение] => 
            Time start: 2018.05.25 08:34:02
            Taked : 10000 cities,
            Loaded from Database: 238526 cities
            Updated: 10000 cities
            Added: 0 cities
            Time end: 2018.05.16 08:34:16
    [Параметры запуска] => Array
        (
            [START] => 180000
            [LIMIT] => 10000
        )

    [Ошибки при выполнении] => Array
(
)

)


PROCESSING Step Complete:
Array
(
    [Дата] => 25.05.2018 08:39:29
    [Сообщение] => 
            Time start: 2018.05.25 08:39:16
            Taked : 10000 cities,
            Loaded from Database: 238526 cities
            Updated: 10000 cities
            Added: 0 cities
            Time end: 2018.05.29 08:39:29
    [Параметры запуска] => Array
        (
            [START] => 190000
            [LIMIT] => 10000
        )

    [Ошибки при выполнении] => Array
(
)

)


PROCESSING Step Complete:
Array
(
    [Дата] => 25.05.2018 08:44:42
    [Сообщение] => 
            Time start: 2018.05.25 08:44:29
            Taked : 10000 cities,
            Loaded from Database: 238526 cities
            Updated: 10000 cities
            Added: 0 cities
            Time end: 2018.05.42 08:44:42
    [Параметры запуска] => Array
        (
            [START] => 200000
            [LIMIT] => 10000
        )

    [Ошибки при выполнении] => Array
(
)

)


PROCESSING Step Complete:
Array
(
    [Дата] => 25.05.2018 08:49:55
    [Сообщение] => 
            Time start: 2018.05.25 08:49:42
            Taked : 10000 cities,
            Loaded from Database: 238526 cities
            Updated: 10000 cities
            Added: 0 cities
            Time end: 2018.05.55 08:49:55
    [Параметры запуска] => Array
        (
            [START] => 210000
            [LIMIT] => 10000
        )

    [Ошибки при выполнении] => Array
(
)

)


PROCESSING Step Complete:
Array
(
    [Дата] => 25.05.2018 08:55:07
    [Сообщение] => 
            Time start: 2018.05.25 08:54:55
            Taked : 10000 cities,
            Loaded from Database: 238526 cities
            Updated: 9995 cities
            Added: 5 cities
            Time end: 2018.05.07 08:55:07
    [Параметры запуска] => Array
        (
            [START] => 220000
            [LIMIT] => 10000
        )

    [Ошибки при выполнении] => Array
(
)

)


PROCESSING Complete:
Array
(
    [Дата] => 25.05.2018 09:00:18
    [Сообщение] => 
            Time start: 2018.05.25 09:00:07
            Taked : 8531 cities,
            Loaded from Database: 238531 cities
            Deleted: 0 cities,
            Updated: 8531 cities
            Added: 0 cities
            Time end: 2018.05.18 09:00:18
    [Параметры запуска] => Array
        (
            [START] => 230000
            [LIMIT] => 10000
        )

    [Ошибки при выполнении] => Array
(
)

)


