TRIGGER Complete:
Array
(
    [Дата] => 09.08.2018 07:00:04
    [Сообщение] => TRIGGER START
)


PROCESSING Step Complete:
Array
(
    [Дата] => 09.08.2018 07:00:33
    [Сообщение] => 
            Time start: 2018.08.09 07:00:04
            Taked : 10000 cities,
            Loaded from Database: 239414 cities
            Updated: 10000 cities
            Added: 0 cities
            Time end: 2018.08.33 07:00:33
    [Параметры запуска] => Array
        (
            [START] => 0
            [LIMIT] => 10000
        )

    [Ошибки при выполнении] => Array
(
)

)


PROCESSING Step Complete:
Array
(
    [Дата] => 09.08.2018 07:06:02
    [Сообщение] => 
            Time start: 2018.08.09 07:05:33
            Taked : 10000 cities,
            Loaded from Database: 239414 cities
            Updated: 10000 cities
            Added: 0 cities
            Time end: 2018.08.02 07:06:02
    [Параметры запуска] => Array
        (
            [START] => 10000
            [LIMIT] => 10000
        )

    [Ошибки при выполнении] => Array
(
)

)


PROCESSING Step Complete:
Array
(
    [Дата] => 09.08.2018 07:11:32
    [Сообщение] => 
            Time start: 2018.08.09 07:11:02
            Taked : 10000 cities,
            Loaded from Database: 239414 cities
            Updated: 10000 cities
            Added: 0 cities
            Time end: 2018.08.32 07:11:32
    [Параметры запуска] => Array
        (
            [START] => 20000
            [LIMIT] => 10000
        )

    [Ошибки при выполнении] => Array
(
)

)


PROCESSING Step Complete:
Array
(
    [Дата] => 09.08.2018 07:17:00
    [Сообщение] => 
            Time start: 2018.08.09 07:16:32
            Taked : 10000 cities,
            Loaded from Database: 239414 cities
            Updated: 10000 cities
            Added: 0 cities
            Time end: 2018.08.00 07:17:00
    [Параметры запуска] => Array
        (
            [START] => 30000
            [LIMIT] => 10000
        )

    [Ошибки при выполнении] => Array
(
)

)


PROCESSING Step Complete:
Array
(
    [Дата] => 09.08.2018 07:22:29
    [Сообщение] => 
            Time start: 2018.08.09 07:22:00
            Taked : 10000 cities,
            Loaded from Database: 239414 cities
            Updated: 10000 cities
            Added: 0 cities
            Time end: 2018.08.29 07:22:29
    [Параметры запуска] => Array
        (
            [START] => 40000
            [LIMIT] => 10000
        )

    [Ошибки при выполнении] => Array
(
)

)


PROCESSING Step Complete:
Array
(
    [Дата] => 09.08.2018 07:27:58
    [Сообщение] => 
            Time start: 2018.08.09 07:27:29
            Taked : 10000 cities,
            Loaded from Database: 239414 cities
            Updated: 10000 cities
            Added: 0 cities
            Time end: 2018.08.58 07:27:58
    [Параметры запуска] => Array
        (
            [START] => 50000
            [LIMIT] => 10000
        )

    [Ошибки при выполнении] => Array
(
)

)


PROCESSING Step Complete:
Array
(
    [Дата] => 09.08.2018 07:33:27
    [Сообщение] => 
            Time start: 2018.08.09 07:32:58
            Taked : 10000 cities,
            Loaded from Database: 239414 cities
            Updated: 10000 cities
            Added: 0 cities
            Time end: 2018.08.27 07:33:27
    [Параметры запуска] => Array
        (
            [START] => 60000
            [LIMIT] => 10000
        )

    [Ошибки при выполнении] => Array
(
)

)


PROCESSING Step Complete:
Array
(
    [Дата] => 09.08.2018 07:38:56
    [Сообщение] => 
            Time start: 2018.08.09 07:38:27
            Taked : 10000 cities,
            Loaded from Database: 239414 cities
            Updated: 10000 cities
            Added: 0 cities
            Time end: 2018.08.56 07:38:56
    [Параметры запуска] => Array
        (
            [START] => 70000
            [LIMIT] => 10000
        )

    [Ошибки при выполнении] => Array
(
)

)


PROCESSING Step Complete:
Array
(
    [Дата] => 09.08.2018 07:44:25
    [Сообщение] => 
            Time start: 2018.08.09 07:43:56
            Taked : 10000 cities,
            Loaded from Database: 239414 cities
            Updated: 10000 cities
            Added: 0 cities
            Time end: 2018.08.25 07:44:25
    [Параметры запуска] => Array
        (
            [START] => 80000
            [LIMIT] => 10000
        )

    [Ошибки при выполнении] => Array
(
)

)


PROCESSING Step Complete:
Array
(
    [Дата] => 09.08.2018 07:49:54
    [Сообщение] => 
            Time start: 2018.08.09 07:49:25
            Taked : 10000 cities,
            Loaded from Database: 239414 cities
            Updated: 10000 cities
            Added: 0 cities
            Time end: 2018.08.54 07:49:54
    [Параметры запуска] => Array
        (
            [START] => 90000
            [LIMIT] => 10000
        )

    [Ошибки при выполнении] => Array
(
)

)


PROCESSING Step Complete:
Array
(
    [Дата] => 09.08.2018 07:55:23
    [Сообщение] => 
            Time start: 2018.08.09 07:54:54
            Taked : 10000 cities,
            Loaded from Database: 239414 cities
            Updated: 10000 cities
            Added: 0 cities
            Time end: 2018.08.23 07:55:23
    [Параметры запуска] => Array
        (
            [START] => 100000
            [LIMIT] => 10000
        )

    [Ошибки при выполнении] => Array
(
)

)


PROCESSING Step Complete:
Array
(
    [Дата] => 09.08.2018 08:00:53
    [Сообщение] => 
            Time start: 2018.08.09 08:00:23
            Taked : 10000 cities,
            Loaded from Database: 239414 cities
            Updated: 10000 cities
            Added: 0 cities
            Time end: 2018.08.53 08:00:53
    [Параметры запуска] => Array
        (
            [START] => 110000
            [LIMIT] => 10000
        )

    [Ошибки при выполнении] => Array
(
)

)


PROCESSING Step Complete:
Array
(
    [Дата] => 09.08.2018 08:06:22
    [Сообщение] => 
            Time start: 2018.08.09 08:05:53
            Taked : 10000 cities,
            Loaded from Database: 239414 cities
            Updated: 10000 cities
            Added: 0 cities
            Time end: 2018.08.22 08:06:22
    [Параметры запуска] => Array
        (
            [START] => 120000
            [LIMIT] => 10000
        )

    [Ошибки при выполнении] => Array
(
)

)


PROCESSING Step Complete:
Array
(
    [Дата] => 09.08.2018 08:11:51
    [Сообщение] => 
            Time start: 2018.08.09 08:11:22
            Taked : 10000 cities,
            Loaded from Database: 239414 cities
            Updated: 10000 cities
            Added: 0 cities
            Time end: 2018.08.51 08:11:51
    [Параметры запуска] => Array
        (
            [START] => 130000
            [LIMIT] => 10000
        )

    [Ошибки при выполнении] => Array
(
)

)


PROCESSING Step Complete:
Array
(
    [Дата] => 09.08.2018 08:17:20
    [Сообщение] => 
            Time start: 2018.08.09 08:16:51
            Taked : 10000 cities,
            Loaded from Database: 239414 cities
            Updated: 10000 cities
            Added: 0 cities
            Time end: 2018.08.20 08:17:20
    [Параметры запуска] => Array
        (
            [START] => 140000
            [LIMIT] => 10000
        )

    [Ошибки при выполнении] => Array
(
)

)


PROCESSING Step Complete:
Array
(
    [Дата] => 09.08.2018 08:22:49
    [Сообщение] => 
            Time start: 2018.08.09 08:22:20
            Taked : 10000 cities,
            Loaded from Database: 239414 cities
            Updated: 10000 cities
            Added: 0 cities
            Time end: 2018.08.49 08:22:49
    [Параметры запуска] => Array
        (
            [START] => 150000
            [LIMIT] => 10000
        )

    [Ошибки при выполнении] => Array
(
)

)


PROCESSING Step Complete:
Array
(
    [Дата] => 09.08.2018 08:28:18
    [Сообщение] => 
            Time start: 2018.08.09 08:27:49
            Taked : 10000 cities,
            Loaded from Database: 239414 cities
            Updated: 10000 cities
            Added: 0 cities
            Time end: 2018.08.18 08:28:18
    [Параметры запуска] => Array
        (
            [START] => 160000
            [LIMIT] => 10000
        )

    [Ошибки при выполнении] => Array
(
)

)


PROCESSING Step Complete:
Array
(
    [Дата] => 09.08.2018 08:33:48
    [Сообщение] => 
            Time start: 2018.08.09 08:33:18
            Taked : 10000 cities,
            Loaded from Database: 239414 cities
            Updated: 10000 cities
            Added: 0 cities
            Time end: 2018.08.48 08:33:48
    [Параметры запуска] => Array
        (
            [START] => 170000
            [LIMIT] => 10000
        )

    [Ошибки при выполнении] => Array
(
)

)


PROCESSING Step Complete:
Array
(
    [Дата] => 09.08.2018 08:39:17
    [Сообщение] => 
            Time start: 2018.08.09 08:38:48
            Taked : 10000 cities,
            Loaded from Database: 239414 cities
            Updated: 10000 cities
            Added: 0 cities
            Time end: 2018.08.17 08:39:17
    [Параметры запуска] => Array
        (
            [START] => 180000
            [LIMIT] => 10000
        )

    [Ошибки при выполнении] => Array
(
)

)


PROCESSING Step Complete:
Array
(
    [Дата] => 09.08.2018 08:44:46
    [Сообщение] => 
            Time start: 2018.08.09 08:44:17
            Taked : 10000 cities,
            Loaded from Database: 239414 cities
            Updated: 10000 cities
            Added: 0 cities
            Time end: 2018.08.46 08:44:46
    [Параметры запуска] => Array
        (
            [START] => 190000
            [LIMIT] => 10000
        )

    [Ошибки при выполнении] => Array
(
)

)


PROCESSING Step Complete:
Array
(
    [Дата] => 09.08.2018 08:50:16
    [Сообщение] => 
            Time start: 2018.08.09 08:49:47
            Taked : 10000 cities,
            Loaded from Database: 239414 cities
            Updated: 9998 cities
            Added: 2 cities
            Time end: 2018.08.16 08:50:16
    [Параметры запуска] => Array
        (
            [START] => 200000
            [LIMIT] => 10000
        )

    [Ошибки при выполнении] => Array
(
)

)


PROCESSING Step Complete:
Array
(
    [Дата] => 09.08.2018 08:55:45
    [Сообщение] => 
            Time start: 2018.08.09 08:55:16
            Taked : 10000 cities,
            Loaded from Database: 239416 cities
            Updated: 10000 cities
            Added: 0 cities
            Time end: 2018.08.45 08:55:45
    [Параметры запуска] => Array
        (
            [START] => 210000
            [LIMIT] => 10000
        )

    [Ошибки при выполнении] => Array
(
)

)


PROCESSING Step Complete:
Array
(
    [Дата] => 09.08.2018 09:01:14
    [Сообщение] => 
            Time start: 2018.08.09 09:00:45
            Taked : 10000 cities,
            Loaded from Database: 239416 cities
            Updated: 10000 cities
            Added: 0 cities
            Time end: 2018.08.14 09:01:14
    [Параметры запуска] => Array
        (
            [START] => 220000
            [LIMIT] => 10000
        )

    [Ошибки при выполнении] => Array
(
)

)


PROCESSING Complete:
Array
(
    [Дата] => 09.08.2018 09:06:43
    [Сообщение] => 
            Time start: 2018.08.09 09:06:14
            Taked : 9416 cities,
            Loaded from Database: 239416 cities
            Deleted: 0 cities,
            Updated: 9416 cities
            Added: 0 cities
            Time end: 2018.08.43 09:06:43
    [Параметры запуска] => Array
        (
            [START] => 230000
            [LIMIT] => 10000
        )

    [Ошибки при выполнении] => Array
(
)

)


