TRIGGER Complete:
Array
(
    [Дата] => 10.09.2018 07:00:04
    [Сообщение] => TRIGGER START
)


PROCESSING Step Complete:
Array
(
    [Дата] => 10.09.2018 07:00:33
    [Сообщение] => 
            Time start: 2018.09.10 07:00:04
            Taked : 10000 cities,
            Loaded from Database: 239466 cities
            Updated: 10000 cities
            Added: 0 cities
            Time end: 2018.09.33 07:00:33
    [Параметры запуска] => Array
        (
            [START] => 0
            [LIMIT] => 10000
        )

    [Ошибки при выполнении] => Array
(
)

)


PROCESSING Step Complete:
Array
(
    [Дата] => 10.09.2018 07:06:02
    [Сообщение] => 
            Time start: 2018.09.10 07:05:33
            Taked : 10000 cities,
            Loaded from Database: 239466 cities
            Updated: 10000 cities
            Added: 0 cities
            Time end: 2018.09.02 07:06:02
    [Параметры запуска] => Array
        (
            [START] => 10000
            [LIMIT] => 10000
        )

    [Ошибки при выполнении] => Array
(
)

)


PROCESSING Step Complete:
Array
(
    [Дата] => 10.09.2018 07:11:31
    [Сообщение] => 
            Time start: 2018.09.10 07:11:02
            Taked : 10000 cities,
            Loaded from Database: 239466 cities
            Updated: 10000 cities
            Added: 0 cities
            Time end: 2018.09.31 07:11:31
    [Параметры запуска] => Array
        (
            [START] => 20000
            [LIMIT] => 10000
        )

    [Ошибки при выполнении] => Array
(
)

)


PROCESSING Step Complete:
Array
(
    [Дата] => 10.09.2018 07:17:00
    [Сообщение] => 
            Time start: 2018.09.10 07:16:32
            Taked : 10000 cities,
            Loaded from Database: 239466 cities
            Updated: 10000 cities
            Added: 0 cities
            Time end: 2018.09.00 07:17:00
    [Параметры запуска] => Array
        (
            [START] => 30000
            [LIMIT] => 10000
        )

    [Ошибки при выполнении] => Array
(
)

)


PROCESSING Step Complete:
Array
(
    [Дата] => 10.09.2018 07:22:30
    [Сообщение] => 
            Time start: 2018.09.10 07:22:00
            Taked : 10000 cities,
            Loaded from Database: 239466 cities
            Updated: 10000 cities
            Added: 0 cities
            Time end: 2018.09.30 07:22:30
    [Параметры запуска] => Array
        (
            [START] => 40000
            [LIMIT] => 10000
        )

    [Ошибки при выполнении] => Array
(
)

)


PROCESSING Step Complete:
Array
(
    [Дата] => 10.09.2018 07:27:59
    [Сообщение] => 
            Time start: 2018.09.10 07:27:30
            Taked : 10000 cities,
            Loaded from Database: 239466 cities
            Updated: 10000 cities
            Added: 0 cities
            Time end: 2018.09.59 07:27:59
    [Параметры запуска] => Array
        (
            [START] => 50000
            [LIMIT] => 10000
        )

    [Ошибки при выполнении] => Array
(
)

)


PROCESSING Step Complete:
Array
(
    [Дата] => 10.09.2018 07:33:28
    [Сообщение] => 
            Time start: 2018.09.10 07:32:59
            Taked : 10000 cities,
            Loaded from Database: 239466 cities
            Updated: 10000 cities
            Added: 0 cities
            Time end: 2018.09.28 07:33:28
    [Параметры запуска] => Array
        (
            [START] => 60000
            [LIMIT] => 10000
        )

    [Ошибки при выполнении] => Array
(
)

)


PROCESSING Step Complete:
Array
(
    [Дата] => 10.09.2018 07:38:56
    [Сообщение] => 
            Time start: 2018.09.10 07:38:28
            Taked : 10000 cities,
            Loaded from Database: 239466 cities
            Updated: 10000 cities
            Added: 0 cities
            Time end: 2018.09.56 07:38:56
    [Параметры запуска] => Array
        (
            [START] => 70000
            [LIMIT] => 10000
        )

    [Ошибки при выполнении] => Array
(
)

)


PROCESSING Step Complete:
Array
(
    [Дата] => 10.09.2018 07:44:25
    [Сообщение] => 
            Time start: 2018.09.10 07:43:56
            Taked : 10000 cities,
            Loaded from Database: 239466 cities
            Updated: 10000 cities
            Added: 0 cities
            Time end: 2018.09.25 07:44:25
    [Параметры запуска] => Array
        (
            [START] => 80000
            [LIMIT] => 10000
        )

    [Ошибки при выполнении] => Array
(
)

)


PROCESSING Step Complete:
Array
(
    [Дата] => 10.09.2018 07:49:54
    [Сообщение] => 
            Time start: 2018.09.10 07:49:25
            Taked : 10000 cities,
            Loaded from Database: 239466 cities
            Updated: 10000 cities
            Added: 0 cities
            Time end: 2018.09.54 07:49:54
    [Параметры запуска] => Array
        (
            [START] => 90000
            [LIMIT] => 10000
        )

    [Ошибки при выполнении] => Array
(
)

)


PROCESSING Step Complete:
Array
(
    [Дата] => 10.09.2018 07:55:23
    [Сообщение] => 
            Time start: 2018.09.10 07:54:54
            Taked : 10000 cities,
            Loaded from Database: 239466 cities
            Updated: 10000 cities
            Added: 0 cities
            Time end: 2018.09.23 07:55:23
    [Параметры запуска] => Array
        (
            [START] => 100000
            [LIMIT] => 10000
        )

    [Ошибки при выполнении] => Array
(
)

)


PROCESSING Step Complete:
Array
(
    [Дата] => 10.09.2018 08:00:52
    [Сообщение] => 
            Time start: 2018.09.10 08:00:23
            Taked : 10000 cities,
            Loaded from Database: 239466 cities
            Updated: 10000 cities
            Added: 0 cities
            Time end: 2018.09.52 08:00:52
    [Параметры запуска] => Array
        (
            [START] => 110000
            [LIMIT] => 10000
        )

    [Ошибки при выполнении] => Array
(
)

)


PROCESSING Step Complete:
Array
(
    [Дата] => 10.09.2018 08:06:21
    [Сообщение] => 
            Time start: 2018.09.10 08:05:52
            Taked : 10000 cities,
            Loaded from Database: 239466 cities
            Updated: 10000 cities
            Added: 0 cities
            Time end: 2018.09.21 08:06:21
    [Параметры запуска] => Array
        (
            [START] => 120000
            [LIMIT] => 10000
        )

    [Ошибки при выполнении] => Array
(
)

)


PROCESSING Step Complete:
Array
(
    [Дата] => 10.09.2018 08:11:51
    [Сообщение] => 
            Time start: 2018.09.10 08:11:21
            Taked : 10000 cities,
            Loaded from Database: 239466 cities
            Updated: 10000 cities
            Added: 0 cities
            Time end: 2018.09.51 08:11:51
    [Параметры запуска] => Array
        (
            [START] => 130000
            [LIMIT] => 10000
        )

    [Ошибки при выполнении] => Array
(
)

)


PROCESSING Step Complete:
Array
(
    [Дата] => 10.09.2018 08:17:20
    [Сообщение] => 
            Time start: 2018.09.10 08:16:51
            Taked : 10000 cities,
            Loaded from Database: 239466 cities
            Updated: 10000 cities
            Added: 0 cities
            Time end: 2018.09.20 08:17:20
    [Параметры запуска] => Array
        (
            [START] => 140000
            [LIMIT] => 10000
        )

    [Ошибки при выполнении] => Array
(
)

)


PROCESSING Step Complete:
Array
(
    [Дата] => 10.09.2018 08:22:49
    [Сообщение] => 
            Time start: 2018.09.10 08:22:20
            Taked : 10000 cities,
            Loaded from Database: 239466 cities
            Updated: 10000 cities
            Added: 0 cities
            Time end: 2018.09.49 08:22:49
    [Параметры запуска] => Array
        (
            [START] => 150000
            [LIMIT] => 10000
        )

    [Ошибки при выполнении] => Array
(
)

)


PROCESSING Step Complete:
Array
(
    [Дата] => 10.09.2018 08:28:16
    [Сообщение] => 
            Time start: 2018.09.10 08:27:49
            Taked : 10000 cities,
            Loaded from Database: 239466 cities
            Updated: 10000 cities
            Added: 0 cities
            Time end: 2018.09.16 08:28:16
    [Параметры запуска] => Array
        (
            [START] => 160000
            [LIMIT] => 10000
        )

    [Ошибки при выполнении] => Array
(
)

)


PROCESSING Step Complete:
Array
(
    [Дата] => 10.09.2018 08:33:45
    [Сообщение] => 
            Time start: 2018.09.10 08:33:16
            Taked : 10000 cities,
            Loaded from Database: 239466 cities
            Updated: 10000 cities
            Added: 0 cities
            Time end: 2018.09.45 08:33:45
    [Параметры запуска] => Array
        (
            [START] => 170000
            [LIMIT] => 10000
        )

    [Ошибки при выполнении] => Array
(
)

)


PROCESSING Step Complete:
Array
(
    [Дата] => 10.09.2018 08:39:15
    [Сообщение] => 
            Time start: 2018.09.10 08:38:45
            Taked : 10000 cities,
            Loaded from Database: 239466 cities
            Updated: 10000 cities
            Added: 0 cities
            Time end: 2018.09.15 08:39:15
    [Параметры запуска] => Array
        (
            [START] => 180000
            [LIMIT] => 10000
        )

    [Ошибки при выполнении] => Array
(
)

)


PROCESSING Step Complete:
Array
(
    [Дата] => 10.09.2018 08:44:44
    [Сообщение] => 
            Time start: 2018.09.10 08:44:15
            Taked : 10000 cities,
            Loaded from Database: 239466 cities
            Updated: 10000 cities
            Added: 0 cities
            Time end: 2018.09.44 08:44:44
    [Параметры запуска] => Array
        (
            [START] => 190000
            [LIMIT] => 10000
        )

    [Ошибки при выполнении] => Array
(
)

)


PROCESSING Step Complete:
Array
(
    [Дата] => 10.09.2018 08:50:13
    [Сообщение] => 
            Time start: 2018.09.10 08:49:44
            Taked : 10000 cities,
            Loaded from Database: 239466 cities
            Updated: 10000 cities
            Added: 0 cities
            Time end: 2018.09.13 08:50:13
    [Параметры запуска] => Array
        (
            [START] => 200000
            [LIMIT] => 10000
        )

    [Ошибки при выполнении] => Array
(
)

)


PROCESSING Step Complete:
Array
(
    [Дата] => 10.09.2018 08:55:42
    [Сообщение] => 
            Time start: 2018.09.10 08:55:13
            Taked : 10000 cities,
            Loaded from Database: 239466 cities
            Updated: 10000 cities
            Added: 0 cities
            Time end: 2018.09.42 08:55:42
    [Параметры запуска] => Array
        (
            [START] => 210000
            [LIMIT] => 10000
        )

    [Ошибки при выполнении] => Array
(
)

)


PROCESSING Step Complete:
Array
(
    [Дата] => 10.09.2018 09:01:11
    [Сообщение] => 
            Time start: 2018.09.10 09:00:42
            Taked : 10000 cities,
            Loaded from Database: 239466 cities
            Updated: 10000 cities
            Added: 0 cities
            Time end: 2018.09.11 09:01:11
    [Параметры запуска] => Array
        (
            [START] => 220000
            [LIMIT] => 10000
        )

    [Ошибки при выполнении] => Array
(
)

)


PROCESSING Complete:
Array
(
    [Дата] => 10.09.2018 09:06:39
    [Сообщение] => 
            Time start: 2018.09.10 09:06:11
            Taked : 9468 cities,
            Loaded from Database: 239466 cities
            Deleted: 0 cities,
            Updated: 9466 cities
            Added: 2 cities
            Time end: 2018.09.39 09:06:39
    [Параметры запуска] => Array
        (
            [START] => 230000
            [LIMIT] => 10000
        )

    [Ошибки при выполнении] => Array
(
)

)


