TRIGGER Complete:
Array
(
    [Дата] => 09.04.2018 07:00:02
    [Сообщение] => TRIGGER START
)


PROCESSING Step Complete:
Array
(
    [Дата] => 09.04.2018 07:00:16
    [Сообщение] => 
            Time start: 2018.04.09 07:00:02
            Taked : 10000 cities,
            Loaded from Database: 239210 cities
            Updated: 10000 cities
            Added: 0 cities
            Time end: 2018.04.16 07:00:16
    [Параметры запуска] => Array
        (
            [START] => 0
            [LIMIT] => 10000
        )

    [Ошибки при выполнении] => Array
(
)

)


PROCESSING Step Complete:
Array
(
    [Дата] => 09.04.2018 07:05:28
    [Сообщение] => 
            Time start: 2018.04.09 07:05:16
            Taked : 10000 cities,
            Loaded from Database: 239210 cities
            Updated: 10000 cities
            Added: 0 cities
            Time end: 2018.04.28 07:05:28
    [Параметры запуска] => Array
        (
            [START] => 10000
            [LIMIT] => 10000
        )

    [Ошибки при выполнении] => Array
(
)

)


PROCESSING Step Complete:
Array
(
    [Дата] => 09.04.2018 07:10:41
    [Сообщение] => 
            Time start: 2018.04.09 07:10:28
            Taked : 10000 cities,
            Loaded from Database: 239210 cities
            Updated: 10000 cities
            Added: 0 cities
            Time end: 2018.04.41 07:10:41
    [Параметры запуска] => Array
        (
            [START] => 20000
            [LIMIT] => 10000
        )

    [Ошибки при выполнении] => Array
(
)

)


PROCESSING Step Complete:
Array
(
    [Дата] => 09.04.2018 07:15:55
    [Сообщение] => 
            Time start: 2018.04.09 07:15:41
            Taked : 10000 cities,
            Loaded from Database: 239210 cities
            Updated: 10000 cities
            Added: 0 cities
            Time end: 2018.04.55 07:15:55
    [Параметры запуска] => Array
        (
            [START] => 30000
            [LIMIT] => 10000
        )

    [Ошибки при выполнении] => Array
(
)

)


PROCESSING Step Complete:
Array
(
    [Дата] => 09.04.2018 07:21:08
    [Сообщение] => 
            Time start: 2018.04.09 07:20:55
            Taked : 10000 cities,
            Loaded from Database: 239210 cities
            Updated: 10000 cities
            Added: 0 cities
            Time end: 2018.04.08 07:21:08
    [Параметры запуска] => Array
        (
            [START] => 40000
            [LIMIT] => 10000
        )

    [Ошибки при выполнении] => Array
(
)

)


PROCESSING Step Complete:
Array
(
    [Дата] => 09.04.2018 07:26:22
    [Сообщение] => 
            Time start: 2018.04.09 07:26:09
            Taked : 10000 cities,
            Loaded from Database: 239210 cities
            Updated: 10000 cities
            Added: 0 cities
            Time end: 2018.04.22 07:26:22
    [Параметры запуска] => Array
        (
            [START] => 50000
            [LIMIT] => 10000
        )

    [Ошибки при выполнении] => Array
(
)

)


PROCESSING Step Complete:
Array
(
    [Дата] => 09.04.2018 07:31:36
    [Сообщение] => 
            Time start: 2018.04.09 07:31:22
            Taked : 10000 cities,
            Loaded from Database: 239210 cities
            Updated: 10000 cities
            Added: 0 cities
            Time end: 2018.04.36 07:31:36
    [Параметры запуска] => Array
        (
            [START] => 60000
            [LIMIT] => 10000
        )

    [Ошибки при выполнении] => Array
(
)

)


PROCESSING Step Complete:
Array
(
    [Дата] => 09.04.2018 07:36:49
    [Сообщение] => 
            Time start: 2018.04.09 07:36:36
            Taked : 10000 cities,
            Loaded from Database: 239210 cities
            Updated: 10000 cities
            Added: 0 cities
            Time end: 2018.04.49 07:36:49
    [Параметры запуска] => Array
        (
            [START] => 70000
            [LIMIT] => 10000
        )

    [Ошибки при выполнении] => Array
(
)

)


PROCESSING Step Complete:
Array
(
    [Дата] => 09.04.2018 07:42:03
    [Сообщение] => 
            Time start: 2018.04.09 07:41:49
            Taked : 10000 cities,
            Loaded from Database: 239210 cities
            Updated: 10000 cities
            Added: 0 cities
            Time end: 2018.04.03 07:42:03
    [Параметры запуска] => Array
        (
            [START] => 80000
            [LIMIT] => 10000
        )

    [Ошибки при выполнении] => Array
(
)

)


PROCESSING Step Complete:
Array
(
    [Дата] => 09.04.2018 07:47:17
    [Сообщение] => 
            Time start: 2018.04.09 07:47:03
            Taked : 10000 cities,
            Loaded from Database: 239210 cities
            Updated: 10000 cities
            Added: 0 cities
            Time end: 2018.04.17 07:47:17
    [Параметры запуска] => Array
        (
            [START] => 90000
            [LIMIT] => 10000
        )

    [Ошибки при выполнении] => Array
(
)

)


PROCESSING Step Complete:
Array
(
    [Дата] => 09.04.2018 07:52:30
    [Сообщение] => 
            Time start: 2018.04.09 07:52:17
            Taked : 10000 cities,
            Loaded from Database: 239210 cities
            Updated: 10000 cities
            Added: 0 cities
            Time end: 2018.04.30 07:52:30
    [Параметры запуска] => Array
        (
            [START] => 100000
            [LIMIT] => 10000
        )

    [Ошибки при выполнении] => Array
(
)

)


PROCESSING Step Complete:
Array
(
    [Дата] => 09.04.2018 07:57:44
    [Сообщение] => 
            Time start: 2018.04.09 07:57:30
            Taked : 10000 cities,
            Loaded from Database: 239210 cities
            Updated: 10000 cities
            Added: 0 cities
            Time end: 2018.04.44 07:57:44
    [Параметры запуска] => Array
        (
            [START] => 110000
            [LIMIT] => 10000
        )

    [Ошибки при выполнении] => Array
(
)

)


PROCESSING Step Complete:
Array
(
    [Дата] => 09.04.2018 08:02:58
    [Сообщение] => 
            Time start: 2018.04.09 08:02:44
            Taked : 10000 cities,
            Loaded from Database: 239210 cities
            Updated: 10000 cities
            Added: 0 cities
            Time end: 2018.04.58 08:02:58
    [Параметры запуска] => Array
        (
            [START] => 120000
            [LIMIT] => 10000
        )

    [Ошибки при выполнении] => Array
(
)

)


PROCESSING Step Complete:
Array
(
    [Дата] => 09.04.2018 08:08:11
    [Сообщение] => 
            Time start: 2018.04.09 08:07:58
            Taked : 10000 cities,
            Loaded from Database: 239210 cities
            Updated: 10000 cities
            Added: 0 cities
            Time end: 2018.04.11 08:08:11
    [Параметры запуска] => Array
        (
            [START] => 130000
            [LIMIT] => 10000
        )

    [Ошибки при выполнении] => Array
(
)

)


PROCESSING Step Complete:
Array
(
    [Дата] => 09.04.2018 08:13:24
    [Сообщение] => 
            Time start: 2018.04.09 08:13:11
            Taked : 10000 cities,
            Loaded from Database: 239210 cities
            Updated: 10000 cities
            Added: 0 cities
            Time end: 2018.04.24 08:13:24
    [Параметры запуска] => Array
        (
            [START] => 140000
            [LIMIT] => 10000
        )

    [Ошибки при выполнении] => Array
(
)

)


PROCESSING Step Complete:
Array
(
    [Дата] => 09.04.2018 08:18:37
    [Сообщение] => 
            Time start: 2018.04.09 08:18:24
            Taked : 10000 cities,
            Loaded from Database: 239210 cities
            Updated: 10000 cities
            Added: 0 cities
            Time end: 2018.04.37 08:18:37
    [Параметры запуска] => Array
        (
            [START] => 150000
            [LIMIT] => 10000
        )

    [Ошибки при выполнении] => Array
(
)

)


PROCESSING Step Complete:
Array
(
    [Дата] => 09.04.2018 08:23:50
    [Сообщение] => 
            Time start: 2018.04.09 08:23:38
            Taked : 10000 cities,
            Loaded from Database: 239210 cities
            Updated: 10000 cities
            Added: 0 cities
            Time end: 2018.04.50 08:23:50
    [Параметры запуска] => Array
        (
            [START] => 160000
            [LIMIT] => 10000
        )

    [Ошибки при выполнении] => Array
(
)

)


PROCESSING Step Complete:
Array
(
    [Дата] => 09.04.2018 08:29:03
    [Сообщение] => 
            Time start: 2018.04.09 08:28:50
            Taked : 10000 cities,
            Loaded from Database: 239210 cities
            Updated: 10000 cities
            Added: 0 cities
            Time end: 2018.04.03 08:29:03
    [Параметры запуска] => Array
        (
            [START] => 170000
            [LIMIT] => 10000
        )

    [Ошибки при выполнении] => Array
(
)

)


PROCESSING Step Complete:
Array
(
    [Дата] => 09.04.2018 08:34:15
    [Сообщение] => 
            Time start: 2018.04.09 08:34:03
            Taked : 10000 cities,
            Loaded from Database: 239210 cities
            Updated: 10000 cities
            Added: 0 cities
            Time end: 2018.04.15 08:34:15
    [Параметры запуска] => Array
        (
            [START] => 180000
            [LIMIT] => 10000
        )

    [Ошибки при выполнении] => Array
(
)

)


PROCESSING Step Complete:
Array
(
    [Дата] => 09.04.2018 08:39:29
    [Сообщение] => 
            Time start: 2018.04.09 08:39:15
            Taked : 10000 cities,
            Loaded from Database: 239210 cities
            Updated: 10000 cities
            Added: 0 cities
            Time end: 2018.04.29 08:39:29
    [Параметры запуска] => Array
        (
            [START] => 190000
            [LIMIT] => 10000
        )

    [Ошибки при выполнении] => Array
(
)

)


PROCESSING Step Complete:
Array
(
    [Дата] => 09.04.2018 08:44:43
    [Сообщение] => 
            Time start: 2018.04.09 08:44:29
            Taked : 10000 cities,
            Loaded from Database: 239210 cities
            Updated: 9999 cities
            Added: 1 cities
            Time end: 2018.04.43 08:44:43
    [Параметры запуска] => Array
        (
            [START] => 200000
            [LIMIT] => 10000
        )

    [Ошибки при выполнении] => Array
(
)

)


PROCESSING Step Complete:
Array
(
    [Дата] => 09.04.2018 08:49:56
    [Сообщение] => 
            Time start: 2018.04.09 08:49:43
            Taked : 10000 cities,
            Loaded from Database: 239211 cities
            Updated: 10000 cities
            Added: 0 cities
            Time end: 2018.04.56 08:49:56
    [Параметры запуска] => Array
        (
            [START] => 210000
            [LIMIT] => 10000
        )

    [Ошибки при выполнении] => Array
(
)

)


PROCESSING Step Complete:
Array
(
    [Дата] => 09.04.2018 08:55:10
    [Сообщение] => 
            Time start: 2018.04.09 08:54:56
            Taked : 10000 cities,
            Loaded from Database: 239211 cities
            Updated: 10000 cities
            Added: 0 cities
            Time end: 2018.04.10 08:55:10
    [Параметры запуска] => Array
        (
            [START] => 220000
            [LIMIT] => 10000
        )

    [Ошибки при выполнении] => Array
(
)

)


