TRIGGER Complete:
Array
(
    [Дата] => 23.06.2018 07:00:03
    [Сообщение] => TRIGGER START
)


PROCESSING Step Complete:
Array
(
    [Дата] => 23.06.2018 07:00:16
    [Сообщение] => 
            Time start: 2018.06.23 07:00:03
            Taked : 10000 cities,
            Loaded from Database: 238964 cities
            Updated: 10000 cities
            Added: 0 cities
            Time end: 2018.06.16 07:00:16
    [Параметры запуска] => Array
        (
            [START] => 0
            [LIMIT] => 10000
        )

    [Ошибки при выполнении] => Array
(
)

)


PROCESSING Step Complete:
Array
(
    [Дата] => 23.06.2018 07:05:30
    [Сообщение] => 
            Time start: 2018.06.23 07:05:16
            Taked : 10000 cities,
            Loaded from Database: 238964 cities
            Updated: 10000 cities
            Added: 0 cities
            Time end: 2018.06.30 07:05:30
    [Параметры запуска] => Array
        (
            [START] => 10000
            [LIMIT] => 10000
        )

    [Ошибки при выполнении] => Array
(
)

)


PROCESSING Step Complete:
Array
(
    [Дата] => 23.06.2018 07:10:44
    [Сообщение] => 
            Time start: 2018.06.23 07:10:30
            Taked : 10000 cities,
            Loaded from Database: 238964 cities
            Updated: 10000 cities
            Added: 0 cities
            Time end: 2018.06.44 07:10:44
    [Параметры запуска] => Array
        (
            [START] => 20000
            [LIMIT] => 10000
        )

    [Ошибки при выполнении] => Array
(
)

)


PROCESSING Step Complete:
Array
(
    [Дата] => 23.06.2018 07:15:58
    [Сообщение] => 
            Time start: 2018.06.23 07:15:44
            Taked : 10000 cities,
            Loaded from Database: 238964 cities
            Updated: 10000 cities
            Added: 0 cities
            Time end: 2018.06.58 07:15:58
    [Параметры запуска] => Array
        (
            [START] => 30000
            [LIMIT] => 10000
        )

    [Ошибки при выполнении] => Array
(
)

)


PROCESSING Step Complete:
Array
(
    [Дата] => 23.06.2018 07:21:12
    [Сообщение] => 
            Time start: 2018.06.23 07:20:58
            Taked : 10000 cities,
            Loaded from Database: 238964 cities
            Updated: 10000 cities
            Added: 0 cities
            Time end: 2018.06.12 07:21:12
    [Параметры запуска] => Array
        (
            [START] => 40000
            [LIMIT] => 10000
        )

    [Ошибки при выполнении] => Array
(
)

)


PROCESSING Step Complete:
Array
(
    [Дата] => 23.06.2018 07:26:27
    [Сообщение] => 
            Time start: 2018.06.23 07:26:13
            Taked : 10000 cities,
            Loaded from Database: 238964 cities
            Updated: 10000 cities
            Added: 0 cities
            Time end: 2018.06.27 07:26:27
    [Параметры запуска] => Array
        (
            [START] => 50000
            [LIMIT] => 10000
        )

    [Ошибки при выполнении] => Array
(
)

)


PROCESSING Step Complete:
Array
(
    [Дата] => 23.06.2018 07:31:41
    [Сообщение] => 
            Time start: 2018.06.23 07:31:27
            Taked : 10000 cities,
            Loaded from Database: 238964 cities
            Updated: 10000 cities
            Added: 0 cities
            Time end: 2018.06.41 07:31:41
    [Параметры запуска] => Array
        (
            [START] => 60000
            [LIMIT] => 10000
        )

    [Ошибки при выполнении] => Array
(
)

)


PROCESSING Step Complete:
Array
(
    [Дата] => 23.06.2018 07:36:56
    [Сообщение] => 
            Time start: 2018.06.23 07:36:42
            Taked : 10000 cities,
            Loaded from Database: 238964 cities
            Updated: 10000 cities
            Added: 0 cities
            Time end: 2018.06.56 07:36:56
    [Параметры запуска] => Array
        (
            [START] => 70000
            [LIMIT] => 10000
        )

    [Ошибки при выполнении] => Array
(
)

)


PROCESSING Step Complete:
Array
(
    [Дата] => 23.06.2018 07:42:10
    [Сообщение] => 
            Time start: 2018.06.23 07:41:56
            Taked : 10000 cities,
            Loaded from Database: 238964 cities
            Updated: 10000 cities
            Added: 0 cities
            Time end: 2018.06.10 07:42:10
    [Параметры запуска] => Array
        (
            [START] => 80000
            [LIMIT] => 10000
        )

    [Ошибки при выполнении] => Array
(
)

)


PROCESSING Step Complete:
Array
(
    [Дата] => 23.06.2018 07:47:25
    [Сообщение] => 
            Time start: 2018.06.23 07:47:10
            Taked : 10000 cities,
            Loaded from Database: 238964 cities
            Updated: 10000 cities
            Added: 0 cities
            Time end: 2018.06.25 07:47:25
    [Параметры запуска] => Array
        (
            [START] => 90000
            [LIMIT] => 10000
        )

    [Ошибки при выполнении] => Array
(
)

)


PROCESSING Step Complete:
Array
(
    [Дата] => 23.06.2018 07:52:39
    [Сообщение] => 
            Time start: 2018.06.23 07:52:25
            Taked : 10000 cities,
            Loaded from Database: 238964 cities
            Updated: 10000 cities
            Added: 0 cities
            Time end: 2018.06.39 07:52:39
    [Параметры запуска] => Array
        (
            [START] => 100000
            [LIMIT] => 10000
        )

    [Ошибки при выполнении] => Array
(
)

)


PROCESSING Step Complete:
Array
(
    [Дата] => 23.06.2018 07:57:54
    [Сообщение] => 
            Time start: 2018.06.23 07:57:39
            Taked : 10000 cities,
            Loaded from Database: 238964 cities
            Updated: 10000 cities
            Added: 0 cities
            Time end: 2018.06.54 07:57:54
    [Параметры запуска] => Array
        (
            [START] => 110000
            [LIMIT] => 10000
        )

    [Ошибки при выполнении] => Array
(
)

)


PROCESSING Step Complete:
Array
(
    [Дата] => 23.06.2018 08:03:08
    [Сообщение] => 
            Time start: 2018.06.23 08:02:54
            Taked : 10000 cities,
            Loaded from Database: 238964 cities
            Updated: 10000 cities
            Added: 0 cities
            Time end: 2018.06.08 08:03:08
    [Параметры запуска] => Array
        (
            [START] => 120000
            [LIMIT] => 10000
        )

    [Ошибки при выполнении] => Array
(
)

)


PROCESSING Step Complete:
Array
(
    [Дата] => 23.06.2018 08:08:23
    [Сообщение] => 
            Time start: 2018.06.23 08:08:08
            Taked : 10000 cities,
            Loaded from Database: 238964 cities
            Updated: 10000 cities
            Added: 0 cities
            Time end: 2018.06.23 08:08:23
    [Параметры запуска] => Array
        (
            [START] => 130000
            [LIMIT] => 10000
        )

    [Ошибки при выполнении] => Array
(
)

)


PROCESSING Step Complete:
Array
(
    [Дата] => 23.06.2018 08:13:37
    [Сообщение] => 
            Time start: 2018.06.23 08:13:23
            Taked : 10000 cities,
            Loaded from Database: 238964 cities
            Updated: 10000 cities
            Added: 0 cities
            Time end: 2018.06.37 08:13:37
    [Параметры запуска] => Array
        (
            [START] => 140000
            [LIMIT] => 10000
        )

    [Ошибки при выполнении] => Array
(
)

)


PROCESSING Step Complete:
Array
(
    [Дата] => 23.06.2018 08:18:52
    [Сообщение] => 
            Time start: 2018.06.23 08:18:37
            Taked : 10000 cities,
            Loaded from Database: 238964 cities
            Updated: 10000 cities
            Added: 0 cities
            Time end: 2018.06.52 08:18:52
    [Параметры запуска] => Array
        (
            [START] => 150000
            [LIMIT] => 10000
        )

    [Ошибки при выполнении] => Array
(
)

)


PROCESSING Step Complete:
Array
(
    [Дата] => 23.06.2018 08:24:06
    [Сообщение] => 
            Time start: 2018.06.23 08:23:52
            Taked : 10000 cities,
            Loaded from Database: 238964 cities
            Updated: 10000 cities
            Added: 0 cities
            Time end: 2018.06.06 08:24:06
    [Параметры запуска] => Array
        (
            [START] => 160000
            [LIMIT] => 10000
        )

    [Ошибки при выполнении] => Array
(
)

)


PROCESSING Step Complete:
Array
(
    [Дата] => 23.06.2018 08:29:21
    [Сообщение] => 
            Time start: 2018.06.23 08:29:06
            Taked : 10000 cities,
            Loaded from Database: 238964 cities
            Updated: 10000 cities
            Added: 0 cities
            Time end: 2018.06.21 08:29:21
    [Параметры запуска] => Array
        (
            [START] => 170000
            [LIMIT] => 10000
        )

    [Ошибки при выполнении] => Array
(
)

)


PROCESSING Step Complete:
Array
(
    [Дата] => 23.06.2018 08:34:35
    [Сообщение] => 
            Time start: 2018.06.23 08:34:21
            Taked : 10000 cities,
            Loaded from Database: 238964 cities
            Updated: 10000 cities
            Added: 0 cities
            Time end: 2018.06.35 08:34:35
    [Параметры запуска] => Array
        (
            [START] => 180000
            [LIMIT] => 10000
        )

    [Ошибки при выполнении] => Array
(
)

)


PROCESSING Step Complete:
Array
(
    [Дата] => 23.06.2018 08:39:50
    [Сообщение] => 
            Time start: 2018.06.23 08:39:35
            Taked : 10000 cities,
            Loaded from Database: 238964 cities
            Updated: 10000 cities
            Added: 0 cities
            Time end: 2018.06.50 08:39:50
    [Параметры запуска] => Array
        (
            [START] => 190000
            [LIMIT] => 10000
        )

    [Ошибки при выполнении] => Array
(
)

)


PROCESSING Step Complete:
Array
(
    [Дата] => 23.06.2018 08:45:04
    [Сообщение] => 
            Time start: 2018.06.23 08:44:51
            Taked : 10000 cities,
            Loaded from Database: 238964 cities
            Updated: 10000 cities
            Added: 0 cities
            Time end: 2018.06.04 08:45:04
    [Параметры запуска] => Array
        (
            [START] => 200000
            [LIMIT] => 10000
        )

    [Ошибки при выполнении] => Array
(
)

)


PROCESSING Step Complete:
Array
(
    [Дата] => 23.06.2018 08:50:19
    [Сообщение] => 
            Time start: 2018.06.23 08:50:04
            Taked : 10000 cities,
            Loaded from Database: 238964 cities
            Updated: 10000 cities
            Added: 0 cities
            Time end: 2018.06.19 08:50:19
    [Параметры запуска] => Array
        (
            [START] => 210000
            [LIMIT] => 10000
        )

    [Ошибки при выполнении] => Array
(
)

)


PROCESSING Step Complete:
Array
(
    [Дата] => 23.06.2018 08:55:34
    [Сообщение] => 
            Time start: 2018.06.23 08:55:19
            Taked : 10000 cities,
            Loaded from Database: 238964 cities
            Updated: 10000 cities
            Added: 0 cities
            Time end: 2018.06.34 08:55:34
    [Параметры запуска] => Array
        (
            [START] => 220000
            [LIMIT] => 10000
        )

    [Ошибки при выполнении] => Array
(
)

)


PROCESSING Complete:
Array
(
    [Дата] => 23.06.2018 09:00:47
    [Сообщение] => 
            Time start: 2018.06.23 09:00:34
            Taked : 9149 cities,
            Loaded from Database: 238964 cities
            Deleted: 0 cities,
            Updated: 8964 cities
            Added: 185 cities
            Time end: 2018.06.47 09:00:47
    [Параметры запуска] => Array
        (
            [START] => 230000
            [LIMIT] => 10000
        )

    [Ошибки при выполнении] => Array
(
)

)


