TRIGGER Complete:
Array
(
    [Дата] => 13.05.2018 07:00:03
    [Сообщение] => TRIGGER START
)


PROCESSING Step Complete:
Array
(
    [Дата] => 13.05.2018 07:00:16
    [Сообщение] => 
            Time start: 2018.05.13 07:00:03
            Taked : 10000 cities,
            Loaded from Database: 238494 cities
            Updated: 10000 cities
            Added: 0 cities
            Time end: 2018.05.16 07:00:16
    [Параметры запуска] => Array
        (
            [START] => 0
            [LIMIT] => 10000
        )

    [Ошибки при выполнении] => Array
(
)

)


PROCESSING Step Complete:
Array
(
    [Дата] => 13.05.2018 07:05:30
    [Сообщение] => 
            Time start: 2018.05.13 07:05:16
            Taked : 10000 cities,
            Loaded from Database: 238494 cities
            Updated: 10000 cities
            Added: 0 cities
            Time end: 2018.05.30 07:05:30
    [Параметры запуска] => Array
        (
            [START] => 10000
            [LIMIT] => 10000
        )

    [Ошибки при выполнении] => Array
(
)

)


PROCESSING Step Complete:
Array
(
    [Дата] => 13.05.2018 07:10:43
    [Сообщение] => 
            Time start: 2018.05.13 07:10:30
            Taked : 10000 cities,
            Loaded from Database: 238494 cities
            Updated: 10000 cities
            Added: 0 cities
            Time end: 2018.05.43 07:10:43
    [Параметры запуска] => Array
        (
            [START] => 20000
            [LIMIT] => 10000
        )

    [Ошибки при выполнении] => Array
(
)

)


PROCESSING Step Complete:
Array
(
    [Дата] => 13.05.2018 07:15:57
    [Сообщение] => 
            Time start: 2018.05.13 07:15:44
            Taked : 10000 cities,
            Loaded from Database: 238494 cities
            Updated: 10000 cities
            Added: 0 cities
            Time end: 2018.05.57 07:15:57
    [Параметры запуска] => Array
        (
            [START] => 30000
            [LIMIT] => 10000
        )

    [Ошибки при выполнении] => Array
(
)

)


PROCESSING Step Complete:
Array
(
    [Дата] => 13.05.2018 07:21:11
    [Сообщение] => 
            Time start: 2018.05.13 07:20:57
            Taked : 10000 cities,
            Loaded from Database: 238494 cities
            Updated: 10000 cities
            Added: 0 cities
            Time end: 2018.05.11 07:21:11
    [Параметры запуска] => Array
        (
            [START] => 40000
            [LIMIT] => 10000
        )

    [Ошибки при выполнении] => Array
(
)

)


PROCESSING Step Complete:
Array
(
    [Дата] => 13.05.2018 07:26:24
    [Сообщение] => 
            Time start: 2018.05.13 07:26:11
            Taked : 10000 cities,
            Loaded from Database: 238494 cities
            Updated: 10000 cities
            Added: 0 cities
            Time end: 2018.05.24 07:26:24
    [Параметры запуска] => Array
        (
            [START] => 50000
            [LIMIT] => 10000
        )

    [Ошибки при выполнении] => Array
(
)

)


PROCESSING Step Complete:
Array
(
    [Дата] => 13.05.2018 07:31:38
    [Сообщение] => 
            Time start: 2018.05.13 07:31:24
            Taked : 10000 cities,
            Loaded from Database: 238494 cities
            Updated: 10000 cities
            Added: 0 cities
            Time end: 2018.05.38 07:31:38
    [Параметры запуска] => Array
        (
            [START] => 60000
            [LIMIT] => 10000
        )

    [Ошибки при выполнении] => Array
(
)

)


PROCESSING Step Complete:
Array
(
    [Дата] => 13.05.2018 07:36:51
    [Сообщение] => 
            Time start: 2018.05.13 07:36:38
            Taked : 10000 cities,
            Loaded from Database: 238494 cities
            Updated: 10000 cities
            Added: 0 cities
            Time end: 2018.05.51 07:36:51
    [Параметры запуска] => Array
        (
            [START] => 70000
            [LIMIT] => 10000
        )

    [Ошибки при выполнении] => Array
(
)

)


PROCESSING Step Complete:
Array
(
    [Дата] => 13.05.2018 07:42:05
    [Сообщение] => 
            Time start: 2018.05.13 07:41:51
            Taked : 10000 cities,
            Loaded from Database: 238494 cities
            Updated: 10000 cities
            Added: 0 cities
            Time end: 2018.05.05 07:42:05
    [Параметры запуска] => Array
        (
            [START] => 80000
            [LIMIT] => 10000
        )

    [Ошибки при выполнении] => Array
(
)

)


PROCESSING Step Complete:
Array
(
    [Дата] => 13.05.2018 07:47:18
    [Сообщение] => 
            Time start: 2018.05.13 07:47:05
            Taked : 10000 cities,
            Loaded from Database: 238494 cities
            Updated: 10000 cities
            Added: 0 cities
            Time end: 2018.05.18 07:47:18
    [Параметры запуска] => Array
        (
            [START] => 90000
            [LIMIT] => 10000
        )

    [Ошибки при выполнении] => Array
(
)

)


PROCESSING Step Complete:
Array
(
    [Дата] => 13.05.2018 07:52:31
    [Сообщение] => 
            Time start: 2018.05.13 07:52:18
            Taked : 10000 cities,
            Loaded from Database: 238494 cities
            Updated: 10000 cities
            Added: 0 cities
            Time end: 2018.05.31 07:52:31
    [Параметры запуска] => Array
        (
            [START] => 100000
            [LIMIT] => 10000
        )

    [Ошибки при выполнении] => Array
(
)

)


PROCESSING Step Complete:
Array
(
    [Дата] => 13.05.2018 07:57:44
    [Сообщение] => 
            Time start: 2018.05.13 07:57:31
            Taked : 10000 cities,
            Loaded from Database: 238494 cities
            Updated: 10000 cities
            Added: 0 cities
            Time end: 2018.05.44 07:57:44
    [Параметры запуска] => Array
        (
            [START] => 110000
            [LIMIT] => 10000
        )

    [Ошибки при выполнении] => Array
(
)

)


PROCESSING Step Complete:
Array
(
    [Дата] => 13.05.2018 08:02:56
    [Сообщение] => 
            Time start: 2018.05.13 08:02:44
            Taked : 10000 cities,
            Loaded from Database: 238494 cities
            Updated: 10000 cities
            Added: 0 cities
            Time end: 2018.05.56 08:02:56
    [Параметры запуска] => Array
        (
            [START] => 120000
            [LIMIT] => 10000
        )

    [Ошибки при выполнении] => Array
(
)

)


PROCESSING Step Complete:
Array
(
    [Дата] => 13.05.2018 08:08:08
    [Сообщение] => 
            Time start: 2018.05.13 08:07:56
            Taked : 10000 cities,
            Loaded from Database: 238494 cities
            Updated: 10000 cities
            Added: 0 cities
            Time end: 2018.05.08 08:08:08
    [Параметры запуска] => Array
        (
            [START] => 130000
            [LIMIT] => 10000
        )

    [Ошибки при выполнении] => Array
(
)

)


PROCESSING Step Complete:
Array
(
    [Дата] => 13.05.2018 08:13:22
    [Сообщение] => 
            Time start: 2018.05.13 08:13:08
            Taked : 10000 cities,
            Loaded from Database: 238494 cities
            Updated: 10000 cities
            Added: 0 cities
            Time end: 2018.05.22 08:13:22
    [Параметры запуска] => Array
        (
            [START] => 140000
            [LIMIT] => 10000
        )

    [Ошибки при выполнении] => Array
(
)

)


PROCESSING Step Complete:
Array
(
    [Дата] => 13.05.2018 08:18:35
    [Сообщение] => 
            Time start: 2018.05.13 08:18:22
            Taked : 10000 cities,
            Loaded from Database: 238494 cities
            Updated: 10000 cities
            Added: 0 cities
            Time end: 2018.05.35 08:18:35
    [Параметры запуска] => Array
        (
            [START] => 150000
            [LIMIT] => 10000
        )

    [Ошибки при выполнении] => Array
(
)

)


PROCESSING Step Complete:
Array
(
    [Дата] => 13.05.2018 08:23:49
    [Сообщение] => 
            Time start: 2018.05.13 08:23:35
            Taked : 10000 cities,
            Loaded from Database: 238494 cities
            Updated: 10000 cities
            Added: 0 cities
            Time end: 2018.05.49 08:23:49
    [Параметры запуска] => Array
        (
            [START] => 160000
            [LIMIT] => 10000
        )

    [Ошибки при выполнении] => Array
(
)

)


PROCESSING Step Complete:
Array
(
    [Дата] => 13.05.2018 08:29:02
    [Сообщение] => 
            Time start: 2018.05.13 08:28:49
            Taked : 10000 cities,
            Loaded from Database: 238494 cities
            Updated: 10000 cities
            Added: 0 cities
            Time end: 2018.05.02 08:29:02
    [Параметры запуска] => Array
        (
            [START] => 170000
            [LIMIT] => 10000
        )

    [Ошибки при выполнении] => Array
(
)

)


PROCESSING Step Complete:
Array
(
    [Дата] => 13.05.2018 08:34:15
    [Сообщение] => 
            Time start: 2018.05.13 08:34:03
            Taked : 10000 cities,
            Loaded from Database: 238494 cities
            Updated: 10000 cities
            Added: 0 cities
            Time end: 2018.05.15 08:34:15
    [Параметры запуска] => Array
        (
            [START] => 180000
            [LIMIT] => 10000
        )

    [Ошибки при выполнении] => Array
(
)

)


PROCESSING Step Complete:
Array
(
    [Дата] => 13.05.2018 08:39:29
    [Сообщение] => 
            Time start: 2018.05.13 08:39:15
            Taked : 10000 cities,
            Loaded from Database: 238494 cities
            Updated: 10000 cities
            Added: 0 cities
            Time end: 2018.05.29 08:39:29
    [Параметры запуска] => Array
        (
            [START] => 190000
            [LIMIT] => 10000
        )

    [Ошибки при выполнении] => Array
(
)

)


PROCESSING Step Complete:
Array
(
    [Дата] => 13.05.2018 08:44:43
    [Сообщение] => 
            Time start: 2018.05.13 08:44:29
            Taked : 10000 cities,
            Loaded from Database: 238494 cities
            Updated: 10000 cities
            Added: 0 cities
            Time end: 2018.05.43 08:44:43
    [Параметры запуска] => Array
        (
            [START] => 200000
            [LIMIT] => 10000
        )

    [Ошибки при выполнении] => Array
(
)

)


PROCESSING Step Complete:
Array
(
    [Дата] => 13.05.2018 08:49:56
    [Сообщение] => 
            Time start: 2018.05.13 08:49:43
            Taked : 10000 cities,
            Loaded from Database: 238494 cities
            Updated: 10000 cities
            Added: 0 cities
            Time end: 2018.05.56 08:49:56
    [Параметры запуска] => Array
        (
            [START] => 210000
            [LIMIT] => 10000
        )

    [Ошибки при выполнении] => Array
(
)

)


PROCESSING Step Complete:
Array
(
    [Дата] => 13.05.2018 08:55:09
    [Сообщение] => 
            Time start: 2018.05.13 08:54:56
            Taked : 10000 cities,
            Loaded from Database: 238494 cities
            Updated: 9998 cities
            Added: 2 cities
            Time end: 2018.05.09 08:55:09
    [Параметры запуска] => Array
        (
            [START] => 220000
            [LIMIT] => 10000
        )

    [Ошибки при выполнении] => Array
(
)

)


PROCESSING Complete:
Array
(
    [Дата] => 13.05.2018 09:00:20
    [Сообщение] => 
            Time start: 2018.05.13 09:00:09
            Taked : 8496 cities,
            Loaded from Database: 238496 cities
            Deleted: 0 cities,
            Updated: 8496 cities
            Added: 0 cities
            Time end: 2018.05.20 09:00:20
    [Параметры запуска] => Array
        (
            [START] => 230000
            [LIMIT] => 10000
        )

    [Ошибки при выполнении] => Array
(
)

)


