TRIGGER Complete:
Array
(
    [Дата] => 07.09.2018 07:00:03
    [Сообщение] => TRIGGER START
)


PROCESSING Step Complete:
Array
(
    [Дата] => 07.09.2018 07:00:33
    [Сообщение] => 
            Time start: 2018.09.07 07:00:04
            Taked : 10000 cities,
            Loaded from Database: 239462 cities
            Updated: 10000 cities
            Added: 0 cities
            Time end: 2018.09.33 07:00:33
    [Параметры запуска] => Array
        (
            [START] => 0
            [LIMIT] => 10000
        )

    [Ошибки при выполнении] => Array
(
)

)


PROCESSING Step Complete:
Array
(
    [Дата] => 07.09.2018 07:06:01
    [Сообщение] => 
            Time start: 2018.09.07 07:05:33
            Taked : 10000 cities,
            Loaded from Database: 239462 cities
            Updated: 10000 cities
            Added: 0 cities
            Time end: 2018.09.01 07:06:01
    [Параметры запуска] => Array
        (
            [START] => 10000
            [LIMIT] => 10000
        )

    [Ошибки при выполнении] => Array
(
)

)


PROCESSING Step Complete:
Array
(
    [Дата] => 07.09.2018 07:11:30
    [Сообщение] => 
            Time start: 2018.09.07 07:11:01
            Taked : 10000 cities,
            Loaded from Database: 239462 cities
            Updated: 10000 cities
            Added: 0 cities
            Time end: 2018.09.30 07:11:30
    [Параметры запуска] => Array
        (
            [START] => 20000
            [LIMIT] => 10000
        )

    [Ошибки при выполнении] => Array
(
)

)


PROCESSING Step Complete:
Array
(
    [Дата] => 07.09.2018 07:16:59
    [Сообщение] => 
            Time start: 2018.09.07 07:16:30
            Taked : 10000 cities,
            Loaded from Database: 239462 cities
            Updated: 10000 cities
            Added: 0 cities
            Time end: 2018.09.59 07:16:59
    [Параметры запуска] => Array
        (
            [START] => 30000
            [LIMIT] => 10000
        )

    [Ошибки при выполнении] => Array
(
)

)


PROCESSING Step Complete:
Array
(
    [Дата] => 07.09.2018 07:22:28
    [Сообщение] => 
            Time start: 2018.09.07 07:21:59
            Taked : 10000 cities,
            Loaded from Database: 239462 cities
            Updated: 10000 cities
            Added: 0 cities
            Time end: 2018.09.28 07:22:28
    [Параметры запуска] => Array
        (
            [START] => 40000
            [LIMIT] => 10000
        )

    [Ошибки при выполнении] => Array
(
)

)


PROCESSING Step Complete:
Array
(
    [Дата] => 07.09.2018 07:27:57
    [Сообщение] => 
            Time start: 2018.09.07 07:27:28
            Taked : 10000 cities,
            Loaded from Database: 239462 cities
            Updated: 10000 cities
            Added: 0 cities
            Time end: 2018.09.57 07:27:57
    [Параметры запуска] => Array
        (
            [START] => 50000
            [LIMIT] => 10000
        )

    [Ошибки при выполнении] => Array
(
)

)


PROCESSING Step Complete:
Array
(
    [Дата] => 07.09.2018 07:33:26
    [Сообщение] => 
            Time start: 2018.09.07 07:32:57
            Taked : 10000 cities,
            Loaded from Database: 239462 cities
            Updated: 10000 cities
            Added: 0 cities
            Time end: 2018.09.26 07:33:26
    [Параметры запуска] => Array
        (
            [START] => 60000
            [LIMIT] => 10000
        )

    [Ошибки при выполнении] => Array
(
)

)


PROCESSING Step Complete:
Array
(
    [Дата] => 07.09.2018 07:38:54
    [Сообщение] => 
            Time start: 2018.09.07 07:38:26
            Taked : 10000 cities,
            Loaded from Database: 239462 cities
            Updated: 10000 cities
            Added: 0 cities
            Time end: 2018.09.54 07:38:54
    [Параметры запуска] => Array
        (
            [START] => 70000
            [LIMIT] => 10000
        )

    [Ошибки при выполнении] => Array
(
)

)


PROCESSING Step Complete:
Array
(
    [Дата] => 07.09.2018 07:44:23
    [Сообщение] => 
            Time start: 2018.09.07 07:43:55
            Taked : 10000 cities,
            Loaded from Database: 239462 cities
            Updated: 10000 cities
            Added: 0 cities
            Time end: 2018.09.23 07:44:23
    [Параметры запуска] => Array
        (
            [START] => 80000
            [LIMIT] => 10000
        )

    [Ошибки при выполнении] => Array
(
)

)


PROCESSING Step Complete:
Array
(
    [Дата] => 07.09.2018 07:49:53
    [Сообщение] => 
            Time start: 2018.09.07 07:49:24
            Taked : 10000 cities,
            Loaded from Database: 239462 cities
            Updated: 10000 cities
            Added: 0 cities
            Time end: 2018.09.53 07:49:53
    [Параметры запуска] => Array
        (
            [START] => 90000
            [LIMIT] => 10000
        )

    [Ошибки при выполнении] => Array
(
)

)


PROCESSING Step Complete:
Array
(
    [Дата] => 07.09.2018 07:55:23
    [Сообщение] => 
            Time start: 2018.09.07 07:54:53
            Taked : 10000 cities,
            Loaded from Database: 239462 cities
            Updated: 10000 cities
            Added: 0 cities
            Time end: 2018.09.23 07:55:23
    [Параметры запуска] => Array
        (
            [START] => 100000
            [LIMIT] => 10000
        )

    [Ошибки при выполнении] => Array
(
)

)


PROCESSING Step Complete:
Array
(
    [Дата] => 07.09.2018 08:00:52
    [Сообщение] => 
            Time start: 2018.09.07 08:00:23
            Taked : 10000 cities,
            Loaded from Database: 239462 cities
            Updated: 10000 cities
            Added: 0 cities
            Time end: 2018.09.52 08:00:52
    [Параметры запуска] => Array
        (
            [START] => 110000
            [LIMIT] => 10000
        )

    [Ошибки при выполнении] => Array
(
)

)


PROCESSING Step Complete:
Array
(
    [Дата] => 07.09.2018 08:06:21
    [Сообщение] => 
            Time start: 2018.09.07 08:05:52
            Taked : 10000 cities,
            Loaded from Database: 239462 cities
            Updated: 10000 cities
            Added: 0 cities
            Time end: 2018.09.21 08:06:21
    [Параметры запуска] => Array
        (
            [START] => 120000
            [LIMIT] => 10000
        )

    [Ошибки при выполнении] => Array
(
)

)


PROCESSING Step Complete:
Array
(
    [Дата] => 07.09.2018 08:11:50
    [Сообщение] => 
            Time start: 2018.09.07 08:11:21
            Taked : 10000 cities,
            Loaded from Database: 239462 cities
            Updated: 10000 cities
            Added: 0 cities
            Time end: 2018.09.50 08:11:50
    [Параметры запуска] => Array
        (
            [START] => 130000
            [LIMIT] => 10000
        )

    [Ошибки при выполнении] => Array
(
)

)


PROCESSING Step Complete:
Array
(
    [Дата] => 07.09.2018 08:17:22
    [Сообщение] => 
            Time start: 2018.09.07 08:16:50
            Taked : 10000 cities,
            Loaded from Database: 239462 cities
            Updated: 10000 cities
            Added: 0 cities
            Time end: 2018.09.22 08:17:22
    [Параметры запуска] => Array
        (
            [START] => 140000
            [LIMIT] => 10000
        )

    [Ошибки при выполнении] => Array
(
)

)


PROCESSING Step Complete:
Array
(
    [Дата] => 07.09.2018 08:22:52
    [Сообщение] => 
            Time start: 2018.09.07 08:22:23
            Taked : 10000 cities,
            Loaded from Database: 239462 cities
            Updated: 10000 cities
            Added: 0 cities
            Time end: 2018.09.52 08:22:52
    [Параметры запуска] => Array
        (
            [START] => 150000
            [LIMIT] => 10000
        )

    [Ошибки при выполнении] => Array
(
)

)


PROCESSING Step Complete:
Array
(
    [Дата] => 07.09.2018 08:28:21
    [Сообщение] => 
            Time start: 2018.09.07 08:27:52
            Taked : 10000 cities,
            Loaded from Database: 239462 cities
            Updated: 10000 cities
            Added: 0 cities
            Time end: 2018.09.21 08:28:21
    [Параметры запуска] => Array
        (
            [START] => 160000
            [LIMIT] => 10000
        )

    [Ошибки при выполнении] => Array
(
)

)


PROCESSING Step Complete:
Array
(
    [Дата] => 07.09.2018 08:33:51
    [Сообщение] => 
            Time start: 2018.09.07 08:33:21
            Taked : 10000 cities,
            Loaded from Database: 239462 cities
            Updated: 10000 cities
            Added: 0 cities
            Time end: 2018.09.51 08:33:51
    [Параметры запуска] => Array
        (
            [START] => 170000
            [LIMIT] => 10000
        )

    [Ошибки при выполнении] => Array
(
)

)


PROCESSING Step Complete:
Array
(
    [Дата] => 07.09.2018 08:39:20
    [Сообщение] => 
            Time start: 2018.09.07 08:38:51
            Taked : 10000 cities,
            Loaded from Database: 239462 cities
            Updated: 10000 cities
            Added: 0 cities
            Time end: 2018.09.20 08:39:20
    [Параметры запуска] => Array
        (
            [START] => 180000
            [LIMIT] => 10000
        )

    [Ошибки при выполнении] => Array
(
)

)


PROCESSING Step Complete:
Array
(
    [Дата] => 07.09.2018 08:44:49
    [Сообщение] => 
            Time start: 2018.09.07 08:44:20
            Taked : 10000 cities,
            Loaded from Database: 239462 cities
            Updated: 10000 cities
            Added: 0 cities
            Time end: 2018.09.49 08:44:49
    [Параметры запуска] => Array
        (
            [START] => 190000
            [LIMIT] => 10000
        )

    [Ошибки при выполнении] => Array
(
)

)


PROCESSING Step Complete:
Array
(
    [Дата] => 07.09.2018 08:50:19
    [Сообщение] => 
            Time start: 2018.09.07 08:49:49
            Taked : 10000 cities,
            Loaded from Database: 239462 cities
            Updated: 9999 cities
            Added: 1 cities
            Time end: 2018.09.19 08:50:19
    [Параметры запуска] => Array
        (
            [START] => 200000
            [LIMIT] => 10000
        )

    [Ошибки при выполнении] => Array
(
)

)


PROCESSING Step Complete:
Array
(
    [Дата] => 07.09.2018 08:55:48
    [Сообщение] => 
            Time start: 2018.09.07 08:55:19
            Taked : 10000 cities,
            Loaded from Database: 239463 cities
            Updated: 10000 cities
            Added: 0 cities
            Time end: 2018.09.48 08:55:48
    [Параметры запуска] => Array
        (
            [START] => 210000
            [LIMIT] => 10000
        )

    [Ошибки при выполнении] => Array
(
)

)


PROCESSING Step Complete:
Array
(
    [Дата] => 07.09.2018 09:01:17
    [Сообщение] => 
            Time start: 2018.09.07 09:00:48
            Taked : 10000 cities,
            Loaded from Database: 239463 cities
            Updated: 10000 cities
            Added: 0 cities
            Time end: 2018.09.17 09:01:17
    [Параметры запуска] => Array
        (
            [START] => 220000
            [LIMIT] => 10000
        )

    [Ошибки при выполнении] => Array
(
)

)


PROCESSING Complete:
Array
(
    [Дата] => 07.09.2018 09:06:45
    [Сообщение] => 
            Time start: 2018.09.07 09:06:17
            Taked : 9463 cities,
            Loaded from Database: 239463 cities
            Deleted: 0 cities,
            Updated: 9463 cities
            Added: 0 cities
            Time end: 2018.09.45 09:06:45
    [Параметры запуска] => Array
        (
            [START] => 230000
            [LIMIT] => 10000
        )

    [Ошибки при выполнении] => Array
(
)

)


