TRIGGER Complete:
Array
(
    [Дата] => 17.07.2018 07:00:03
    [Сообщение] => TRIGGER START
)


PROCESSING Step Complete:
Array
(
    [Дата] => 17.07.2018 07:00:17
    [Сообщение] => 
            Time start: 2018.07.17 07:00:03
            Taked : 10000 cities,
            Loaded from Database: 239282 cities
            Updated: 10000 cities
            Added: 0 cities
            Time end: 2018.07.17 07:00:17
    [Параметры запуска] => Array
        (
            [START] => 0
            [LIMIT] => 10000
        )

    [Ошибки при выполнении] => Array
(
)

)


PROCESSING Step Complete:
Array
(
    [Дата] => 17.07.2018 07:05:32
    [Сообщение] => 
            Time start: 2018.07.17 07:05:17
            Taked : 10000 cities,
            Loaded from Database: 239282 cities
            Updated: 10000 cities
            Added: 0 cities
            Time end: 2018.07.32 07:05:32
    [Параметры запуска] => Array
        (
            [START] => 10000
            [LIMIT] => 10000
        )

    [Ошибки при выполнении] => Array
(
)

)


PROCESSING Step Complete:
Array
(
    [Дата] => 17.07.2018 07:10:46
    [Сообщение] => 
            Time start: 2018.07.17 07:10:32
            Taked : 10000 cities,
            Loaded from Database: 239282 cities
            Updated: 10000 cities
            Added: 0 cities
            Time end: 2018.07.46 07:10:46
    [Параметры запуска] => Array
        (
            [START] => 20000
            [LIMIT] => 10000
        )

    [Ошибки при выполнении] => Array
(
)

)


PROCESSING Step Complete:
Array
(
    [Дата] => 17.07.2018 07:16:00
    [Сообщение] => 
            Time start: 2018.07.17 07:15:46
            Taked : 10000 cities,
            Loaded from Database: 239282 cities
            Updated: 10000 cities
            Added: 0 cities
            Time end: 2018.07.00 07:16:00
    [Параметры запуска] => Array
        (
            [START] => 30000
            [LIMIT] => 10000
        )

    [Ошибки при выполнении] => Array
(
)

)


PROCESSING Step Complete:
Array
(
    [Дата] => 17.07.2018 07:21:14
    [Сообщение] => 
            Time start: 2018.07.17 07:21:00
            Taked : 10000 cities,
            Loaded from Database: 239282 cities
            Updated: 10000 cities
            Added: 0 cities
            Time end: 2018.07.14 07:21:14
    [Параметры запуска] => Array
        (
            [START] => 40000
            [LIMIT] => 10000
        )

    [Ошибки при выполнении] => Array
(
)

)


PROCESSING Step Complete:
Array
(
    [Дата] => 17.07.2018 07:26:29
    [Сообщение] => 
            Time start: 2018.07.17 07:26:14
            Taked : 10000 cities,
            Loaded from Database: 239282 cities
            Updated: 10000 cities
            Added: 0 cities
            Time end: 2018.07.29 07:26:29
    [Параметры запуска] => Array
        (
            [START] => 50000
            [LIMIT] => 10000
        )

    [Ошибки при выполнении] => Array
(
)

)


PROCESSING Step Complete:
Array
(
    [Дата] => 17.07.2018 07:31:44
    [Сообщение] => 
            Time start: 2018.07.17 07:31:29
            Taked : 10000 cities,
            Loaded from Database: 239282 cities
            Updated: 10000 cities
            Added: 0 cities
            Time end: 2018.07.44 07:31:44
    [Параметры запуска] => Array
        (
            [START] => 60000
            [LIMIT] => 10000
        )

    [Ошибки при выполнении] => Array
(
)

)


PROCESSING Step Complete:
Array
(
    [Дата] => 17.07.2018 07:36:58
    [Сообщение] => 
            Time start: 2018.07.17 07:36:44
            Taked : 10000 cities,
            Loaded from Database: 239282 cities
            Updated: 10000 cities
            Added: 0 cities
            Time end: 2018.07.58 07:36:58
    [Параметры запуска] => Array
        (
            [START] => 70000
            [LIMIT] => 10000
        )

    [Ошибки при выполнении] => Array
(
)

)


PROCESSING Step Complete:
Array
(
    [Дата] => 17.07.2018 07:42:13
    [Сообщение] => 
            Time start: 2018.07.17 07:41:58
            Taked : 10000 cities,
            Loaded from Database: 239282 cities
            Updated: 10000 cities
            Added: 0 cities
            Time end: 2018.07.13 07:42:13
    [Параметры запуска] => Array
        (
            [START] => 80000
            [LIMIT] => 10000
        )

    [Ошибки при выполнении] => Array
(
)

)


PROCESSING Step Complete:
Array
(
    [Дата] => 17.07.2018 07:47:26
    [Сообщение] => 
            Time start: 2018.07.17 07:47:13
            Taked : 10000 cities,
            Loaded from Database: 239282 cities
            Updated: 10000 cities
            Added: 0 cities
            Time end: 2018.07.26 07:47:26
    [Параметры запуска] => Array
        (
            [START] => 90000
            [LIMIT] => 10000
        )

    [Ошибки при выполнении] => Array
(
)

)


PROCESSING Step Complete:
Array
(
    [Дата] => 17.07.2018 07:52:40
    [Сообщение] => 
            Time start: 2018.07.17 07:52:26
            Taked : 10000 cities,
            Loaded from Database: 239282 cities
            Updated: 10000 cities
            Added: 0 cities
            Time end: 2018.07.40 07:52:40
    [Параметры запуска] => Array
        (
            [START] => 100000
            [LIMIT] => 10000
        )

    [Ошибки при выполнении] => Array
(
)

)


PROCESSING Step Complete:
Array
(
    [Дата] => 17.07.2018 07:57:54
    [Сообщение] => 
            Time start: 2018.07.17 07:57:40
            Taked : 10000 cities,
            Loaded from Database: 239282 cities
            Updated: 10000 cities
            Added: 0 cities
            Time end: 2018.07.54 07:57:54
    [Параметры запуска] => Array
        (
            [START] => 110000
            [LIMIT] => 10000
        )

    [Ошибки при выполнении] => Array
(
)

)


PROCESSING Step Complete:
Array
(
    [Дата] => 17.07.2018 08:03:08
    [Сообщение] => 
            Time start: 2018.07.17 08:02:55
            Taked : 10000 cities,
            Loaded from Database: 239282 cities
            Updated: 10000 cities
            Added: 0 cities
            Time end: 2018.07.08 08:03:08
    [Параметры запуска] => Array
        (
            [START] => 120000
            [LIMIT] => 10000
        )

    [Ошибки при выполнении] => Array
(
)

)


PROCESSING Step Complete:
Array
(
    [Дата] => 17.07.2018 08:08:22
    [Сообщение] => 
            Time start: 2018.07.17 08:08:08
            Taked : 10000 cities,
            Loaded from Database: 239282 cities
            Updated: 10000 cities
            Added: 0 cities
            Time end: 2018.07.22 08:08:22
    [Параметры запуска] => Array
        (
            [START] => 130000
            [LIMIT] => 10000
        )

    [Ошибки при выполнении] => Array
(
)

)


PROCESSING Step Complete:
Array
(
    [Дата] => 17.07.2018 08:13:36
    [Сообщение] => 
            Time start: 2018.07.17 08:13:22
            Taked : 10000 cities,
            Loaded from Database: 239282 cities
            Updated: 10000 cities
            Added: 0 cities
            Time end: 2018.07.36 08:13:36
    [Параметры запуска] => Array
        (
            [START] => 140000
            [LIMIT] => 10000
        )

    [Ошибки при выполнении] => Array
(
)

)


PROCESSING Step Complete:
Array
(
    [Дата] => 17.07.2018 08:18:50
    [Сообщение] => 
            Time start: 2018.07.17 08:18:36
            Taked : 10000 cities,
            Loaded from Database: 239282 cities
            Updated: 10000 cities
            Added: 0 cities
            Time end: 2018.07.50 08:18:50
    [Параметры запуска] => Array
        (
            [START] => 150000
            [LIMIT] => 10000
        )

    [Ошибки при выполнении] => Array
(
)

)


PROCESSING Step Complete:
Array
(
    [Дата] => 17.07.2018 08:24:04
    [Сообщение] => 
            Time start: 2018.07.17 08:23:50
            Taked : 10000 cities,
            Loaded from Database: 239282 cities
            Updated: 10000 cities
            Added: 0 cities
            Time end: 2018.07.04 08:24:04
    [Параметры запуска] => Array
        (
            [START] => 160000
            [LIMIT] => 10000
        )

    [Ошибки при выполнении] => Array
(
)

)


PROCESSING Step Complete:
Array
(
    [Дата] => 17.07.2018 08:29:19
    [Сообщение] => 
            Time start: 2018.07.17 08:29:04
            Taked : 10000 cities,
            Loaded from Database: 239282 cities
            Updated: 10000 cities
            Added: 0 cities
            Time end: 2018.07.19 08:29:19
    [Параметры запуска] => Array
        (
            [START] => 170000
            [LIMIT] => 10000
        )

    [Ошибки при выполнении] => Array
(
)

)


PROCESSING Step Complete:
Array
(
    [Дата] => 17.07.2018 08:34:33
    [Сообщение] => 
            Time start: 2018.07.17 08:34:19
            Taked : 10000 cities,
            Loaded from Database: 239282 cities
            Updated: 10000 cities
            Added: 0 cities
            Time end: 2018.07.33 08:34:33
    [Параметры запуска] => Array
        (
            [START] => 180000
            [LIMIT] => 10000
        )

    [Ошибки при выполнении] => Array
(
)

)


PROCESSING Step Complete:
Array
(
    [Дата] => 17.07.2018 08:39:48
    [Сообщение] => 
            Time start: 2018.07.17 08:39:33
            Taked : 10000 cities,
            Loaded from Database: 239282 cities
            Updated: 10000 cities
            Added: 0 cities
            Time end: 2018.07.48 08:39:48
    [Параметры запуска] => Array
        (
            [START] => 190000
            [LIMIT] => 10000
        )

    [Ошибки при выполнении] => Array
(
)

)


PROCESSING Step Complete:
Array
(
    [Дата] => 17.07.2018 08:45:02
    [Сообщение] => 
            Time start: 2018.07.17 08:44:48
            Taked : 10000 cities,
            Loaded from Database: 239282 cities
            Updated: 10000 cities
            Added: 0 cities
            Time end: 2018.07.02 08:45:02
    [Параметры запуска] => Array
        (
            [START] => 200000
            [LIMIT] => 10000
        )

    [Ошибки при выполнении] => Array
(
)

)


PROCESSING Step Complete:
Array
(
    [Дата] => 17.07.2018 08:50:17
    [Сообщение] => 
            Time start: 2018.07.17 08:50:02
            Taked : 10000 cities,
            Loaded from Database: 239282 cities
            Updated: 10000 cities
            Added: 0 cities
            Time end: 2018.07.17 08:50:17
    [Параметры запуска] => Array
        (
            [START] => 210000
            [LIMIT] => 10000
        )

    [Ошибки при выполнении] => Array
(
)

)


PROCESSING Step Complete:
Array
(
    [Дата] => 17.07.2018 08:55:31
    [Сообщение] => 
            Time start: 2018.07.17 08:55:17
            Taked : 10000 cities,
            Loaded from Database: 239282 cities
            Updated: 9999 cities
            Added: 1 cities
            Time end: 2018.07.31 08:55:31
    [Параметры запуска] => Array
        (
            [START] => 220000
            [LIMIT] => 10000
        )

    [Ошибки при выполнении] => Array
(
)

)


PROCESSING Complete:
Array
(
    [Дата] => 17.07.2018 09:00:45
    [Сообщение] => 
            Time start: 2018.07.17 09:00:32
            Taked : 9283 cities,
            Loaded from Database: 239283 cities
            Deleted: 0 cities,
            Updated: 9283 cities
            Added: 0 cities
            Time end: 2018.07.45 09:00:45
    [Параметры запуска] => Array
        (
            [START] => 230000
            [LIMIT] => 10000
        )

    [Ошибки при выполнении] => Array
(
)

)


