TRIGGER Complete:
Array
(
    [Дата] => 30.08.2018 07:00:03
    [Сообщение] => TRIGGER START
)


PROCESSING Step Complete:
Array
(
    [Дата] => 30.08.2018 07:00:32
    [Сообщение] => 
            Time start: 2018.08.30 07:00:03
            Taked : 10000 cities,
            Loaded from Database: 239449 cities
            Updated: 10000 cities
            Added: 0 cities
            Time end: 2018.08.32 07:00:32
    [Параметры запуска] => Array
        (
            [START] => 0
            [LIMIT] => 10000
        )

    [Ошибки при выполнении] => Array
(
)

)


PROCESSING Step Complete:
Array
(
    [Дата] => 30.08.2018 07:06:00
    [Сообщение] => 
            Time start: 2018.08.30 07:05:32
            Taked : 10000 cities,
            Loaded from Database: 239449 cities
            Updated: 10000 cities
            Added: 0 cities
            Time end: 2018.08.00 07:06:00
    [Параметры запуска] => Array
        (
            [START] => 10000
            [LIMIT] => 10000
        )

    [Ошибки при выполнении] => Array
(
)

)


PROCESSING Step Complete:
Array
(
    [Дата] => 30.08.2018 07:11:29
    [Сообщение] => 
            Time start: 2018.08.30 07:11:00
            Taked : 10000 cities,
            Loaded from Database: 239449 cities
            Updated: 10000 cities
            Added: 0 cities
            Time end: 2018.08.29 07:11:29
    [Параметры запуска] => Array
        (
            [START] => 20000
            [LIMIT] => 10000
        )

    [Ошибки при выполнении] => Array
(
)

)


PROCESSING Step Complete:
Array
(
    [Дата] => 30.08.2018 07:16:58
    [Сообщение] => 
            Time start: 2018.08.30 07:16:29
            Taked : 10000 cities,
            Loaded from Database: 239449 cities
            Updated: 10000 cities
            Added: 0 cities
            Time end: 2018.08.58 07:16:58
    [Параметры запуска] => Array
        (
            [START] => 30000
            [LIMIT] => 10000
        )

    [Ошибки при выполнении] => Array
(
)

)


PROCESSING Step Complete:
Array
(
    [Дата] => 30.08.2018 07:22:27
    [Сообщение] => 
            Time start: 2018.08.30 07:21:59
            Taked : 10000 cities,
            Loaded from Database: 239449 cities
            Updated: 10000 cities
            Added: 0 cities
            Time end: 2018.08.27 07:22:27
    [Параметры запуска] => Array
        (
            [START] => 40000
            [LIMIT] => 10000
        )

    [Ошибки при выполнении] => Array
(
)

)


PROCESSING Step Complete:
Array
(
    [Дата] => 30.08.2018 07:27:56
    [Сообщение] => 
            Time start: 2018.08.30 07:27:27
            Taked : 10000 cities,
            Loaded from Database: 239449 cities
            Updated: 10000 cities
            Added: 0 cities
            Time end: 2018.08.56 07:27:56
    [Параметры запуска] => Array
        (
            [START] => 50000
            [LIMIT] => 10000
        )

    [Ошибки при выполнении] => Array
(
)

)


PROCESSING Step Complete:
Array
(
    [Дата] => 30.08.2018 07:33:25
    [Сообщение] => 
            Time start: 2018.08.30 07:32:56
            Taked : 10000 cities,
            Loaded from Database: 239449 cities
            Updated: 10000 cities
            Added: 0 cities
            Time end: 2018.08.25 07:33:25
    [Параметры запуска] => Array
        (
            [START] => 60000
            [LIMIT] => 10000
        )

    [Ошибки при выполнении] => Array
(
)

)


PROCESSING Step Complete:
Array
(
    [Дата] => 30.08.2018 07:38:54
    [Сообщение] => 
            Time start: 2018.08.30 07:38:26
            Taked : 10000 cities,
            Loaded from Database: 239449 cities
            Updated: 10000 cities
            Added: 0 cities
            Time end: 2018.08.54 07:38:54
    [Параметры запуска] => Array
        (
            [START] => 70000
            [LIMIT] => 10000
        )

    [Ошибки при выполнении] => Array
(
)

)


PROCESSING Step Complete:
Array
(
    [Дата] => 30.08.2018 07:44:23
    [Сообщение] => 
            Time start: 2018.08.30 07:43:54
            Taked : 10000 cities,
            Loaded from Database: 239449 cities
            Updated: 10000 cities
            Added: 0 cities
            Time end: 2018.08.23 07:44:23
    [Параметры запуска] => Array
        (
            [START] => 80000
            [LIMIT] => 10000
        )

    [Ошибки при выполнении] => Array
(
)

)


PROCESSING Step Complete:
Array
(
    [Дата] => 30.08.2018 07:49:51
    [Сообщение] => 
            Time start: 2018.08.30 07:49:23
            Taked : 10000 cities,
            Loaded from Database: 239449 cities
            Updated: 10000 cities
            Added: 0 cities
            Time end: 2018.08.51 07:49:51
    [Параметры запуска] => Array
        (
            [START] => 90000
            [LIMIT] => 10000
        )

    [Ошибки при выполнении] => Array
(
)

)


PROCESSING Step Complete:
Array
(
    [Дата] => 30.08.2018 07:55:20
    [Сообщение] => 
            Time start: 2018.08.30 07:54:51
            Taked : 10000 cities,
            Loaded from Database: 239449 cities
            Updated: 10000 cities
            Added: 0 cities
            Time end: 2018.08.20 07:55:20
    [Параметры запуска] => Array
        (
            [START] => 100000
            [LIMIT] => 10000
        )

    [Ошибки при выполнении] => Array
(
)

)


PROCESSING Step Complete:
Array
(
    [Дата] => 30.08.2018 08:00:49
    [Сообщение] => 
            Time start: 2018.08.30 08:00:20
            Taked : 10000 cities,
            Loaded from Database: 239449 cities
            Updated: 10000 cities
            Added: 0 cities
            Time end: 2018.08.49 08:00:49
    [Параметры запуска] => Array
        (
            [START] => 110000
            [LIMIT] => 10000
        )

    [Ошибки при выполнении] => Array
(
)

)


PROCESSING Step Complete:
Array
(
    [Дата] => 30.08.2018 08:06:17
    [Сообщение] => 
            Time start: 2018.08.30 08:05:49
            Taked : 10000 cities,
            Loaded from Database: 239449 cities
            Updated: 10000 cities
            Added: 0 cities
            Time end: 2018.08.17 08:06:17
    [Параметры запуска] => Array
        (
            [START] => 120000
            [LIMIT] => 10000
        )

    [Ошибки при выполнении] => Array
(
)

)


PROCESSING Step Complete:
Array
(
    [Дата] => 30.08.2018 08:11:46
    [Сообщение] => 
            Time start: 2018.08.30 08:11:18
            Taked : 10000 cities,
            Loaded from Database: 239449 cities
            Updated: 10000 cities
            Added: 0 cities
            Time end: 2018.08.46 08:11:46
    [Параметры запуска] => Array
        (
            [START] => 130000
            [LIMIT] => 10000
        )

    [Ошибки при выполнении] => Array
(
)

)


PROCESSING Step Complete:
Array
(
    [Дата] => 30.08.2018 08:17:16
    [Сообщение] => 
            Time start: 2018.08.30 08:16:46
            Taked : 10000 cities,
            Loaded from Database: 239449 cities
            Updated: 10000 cities
            Added: 0 cities
            Time end: 2018.08.16 08:17:16
    [Параметры запуска] => Array
        (
            [START] => 140000
            [LIMIT] => 10000
        )

    [Ошибки при выполнении] => Array
(
)

)


PROCESSING Step Complete:
Array
(
    [Дата] => 30.08.2018 08:22:45
    [Сообщение] => 
            Time start: 2018.08.30 08:22:16
            Taked : 10000 cities,
            Loaded from Database: 239449 cities
            Updated: 10000 cities
            Added: 0 cities
            Time end: 2018.08.45 08:22:45
    [Параметры запуска] => Array
        (
            [START] => 150000
            [LIMIT] => 10000
        )

    [Ошибки при выполнении] => Array
(
)

)


PROCESSING Step Complete:
Array
(
    [Дата] => 30.08.2018 08:28:14
    [Сообщение] => 
            Time start: 2018.08.30 08:27:45
            Taked : 10000 cities,
            Loaded from Database: 239449 cities
            Updated: 10000 cities
            Added: 0 cities
            Time end: 2018.08.14 08:28:14
    [Параметры запуска] => Array
        (
            [START] => 160000
            [LIMIT] => 10000
        )

    [Ошибки при выполнении] => Array
(
)

)


PROCESSING Step Complete:
Array
(
    [Дата] => 30.08.2018 08:33:43
    [Сообщение] => 
            Time start: 2018.08.30 08:33:14
            Taked : 10000 cities,
            Loaded from Database: 239449 cities
            Updated: 10000 cities
            Added: 0 cities
            Time end: 2018.08.43 08:33:43
    [Параметры запуска] => Array
        (
            [START] => 170000
            [LIMIT] => 10000
        )

    [Ошибки при выполнении] => Array
(
)

)


PROCESSING Step Complete:
Array
(
    [Дата] => 30.08.2018 08:39:12
    [Сообщение] => 
            Time start: 2018.08.30 08:38:43
            Taked : 10000 cities,
            Loaded from Database: 239449 cities
            Updated: 10000 cities
            Added: 0 cities
            Time end: 2018.08.12 08:39:12
    [Параметры запуска] => Array
        (
            [START] => 180000
            [LIMIT] => 10000
        )

    [Ошибки при выполнении] => Array
(
)

)


PROCESSING Step Complete:
Array
(
    [Дата] => 30.08.2018 08:44:41
    [Сообщение] => 
            Time start: 2018.08.30 08:44:12
            Taked : 10000 cities,
            Loaded from Database: 239449 cities
            Updated: 10000 cities
            Added: 0 cities
            Time end: 2018.08.41 08:44:41
    [Параметры запуска] => Array
        (
            [START] => 190000
            [LIMIT] => 10000
        )

    [Ошибки при выполнении] => Array
(
)

)


PROCESSING Step Complete:
Array
(
    [Дата] => 30.08.2018 08:50:10
    [Сообщение] => 
            Time start: 2018.08.30 08:49:41
            Taked : 10000 cities,
            Loaded from Database: 239449 cities
            Updated: 9998 cities
            Added: 2 cities
            Time end: 2018.08.10 08:50:10
    [Параметры запуска] => Array
        (
            [START] => 200000
            [LIMIT] => 10000
        )

    [Ошибки при выполнении] => Array
(
)

)


PROCESSING Step Complete:
Array
(
    [Дата] => 30.08.2018 08:55:40
    [Сообщение] => 
            Time start: 2018.08.30 08:55:10
            Taked : 10000 cities,
            Loaded from Database: 239451 cities
            Updated: 10000 cities
            Added: 0 cities
            Time end: 2018.08.40 08:55:40
    [Параметры запуска] => Array
        (
            [START] => 210000
            [LIMIT] => 10000
        )

    [Ошибки при выполнении] => Array
(
)

)


PROCESSING Step Complete:
Array
(
    [Дата] => 30.08.2018 09:01:09
    [Сообщение] => 
            Time start: 2018.08.30 09:00:40
            Taked : 10000 cities,
            Loaded from Database: 239451 cities
            Updated: 10000 cities
            Added: 0 cities
            Time end: 2018.08.09 09:01:09
    [Параметры запуска] => Array
        (
            [START] => 220000
            [LIMIT] => 10000
        )

    [Ошибки при выполнении] => Array
(
)

)


PROCESSING Complete:
Array
(
    [Дата] => 30.08.2018 09:06:37
    [Сообщение] => 
            Time start: 2018.08.30 09:06:09
            Taked : 9451 cities,
            Loaded from Database: 239451 cities
            Deleted: 0 cities,
            Updated: 9451 cities
            Added: 0 cities
            Time end: 2018.08.37 09:06:37
    [Параметры запуска] => Array
        (
            [START] => 230000
            [LIMIT] => 10000
        )

    [Ошибки при выполнении] => Array
(
)

)


