TRIGGER Complete:
Array
(
    [Дата] => 08.04.2018 07:00:03
    [Сообщение] => TRIGGER START
)


PROCESSING Step Complete:
Array
(
    [Дата] => 08.04.2018 07:00:16
    [Сообщение] => 
            Time start: 2018.04.08 07:00:03
            Taked : 10000 cities,
            Loaded from Database: 239215 cities
            Updated: 10000 cities
            Added: 0 cities
            Time end: 2018.04.16 07:00:16
    [Параметры запуска] => Array
        (
            [START] => 0
            [LIMIT] => 10000
        )

    [Ошибки при выполнении] => Array
(
)

)


PROCESSING Step Complete:
Array
(
    [Дата] => 08.04.2018 07:05:29
    [Сообщение] => 
            Time start: 2018.04.08 07:05:17
            Taked : 10000 cities,
            Loaded from Database: 239215 cities
            Updated: 10000 cities
            Added: 0 cities
            Time end: 2018.04.29 07:05:29
    [Параметры запуска] => Array
        (
            [START] => 10000
            [LIMIT] => 10000
        )

    [Ошибки при выполнении] => Array
(
)

)


PROCESSING Step Complete:
Array
(
    [Дата] => 08.04.2018 07:10:42
    [Сообщение] => 
            Time start: 2018.04.08 07:10:29
            Taked : 10000 cities,
            Loaded from Database: 239215 cities
            Updated: 10000 cities
            Added: 0 cities
            Time end: 2018.04.42 07:10:42
    [Параметры запуска] => Array
        (
            [START] => 20000
            [LIMIT] => 10000
        )

    [Ошибки при выполнении] => Array
(
)

)


PROCESSING Step Complete:
Array
(
    [Дата] => 08.04.2018 07:15:56
    [Сообщение] => 
            Time start: 2018.04.08 07:15:43
            Taked : 10000 cities,
            Loaded from Database: 239215 cities
            Updated: 10000 cities
            Added: 0 cities
            Time end: 2018.04.56 07:15:56
    [Параметры запуска] => Array
        (
            [START] => 30000
            [LIMIT] => 10000
        )

    [Ошибки при выполнении] => Array
(
)

)


PROCESSING Step Complete:
Array
(
    [Дата] => 08.04.2018 07:21:08
    [Сообщение] => 
            Time start: 2018.04.08 07:20:56
            Taked : 10000 cities,
            Loaded from Database: 239215 cities
            Updated: 10000 cities
            Added: 0 cities
            Time end: 2018.04.08 07:21:08
    [Параметры запуска] => Array
        (
            [START] => 40000
            [LIMIT] => 10000
        )

    [Ошибки при выполнении] => Array
(
)

)


PROCESSING Step Complete:
Array
(
    [Дата] => 08.04.2018 07:26:22
    [Сообщение] => 
            Time start: 2018.04.08 07:26:09
            Taked : 10000 cities,
            Loaded from Database: 239215 cities
            Updated: 10000 cities
            Added: 0 cities
            Time end: 2018.04.22 07:26:22
    [Параметры запуска] => Array
        (
            [START] => 50000
            [LIMIT] => 10000
        )

    [Ошибки при выполнении] => Array
(
)

)


PROCESSING Step Complete:
Array
(
    [Дата] => 08.04.2018 07:31:35
    [Сообщение] => 
            Time start: 2018.04.08 07:31:22
            Taked : 10000 cities,
            Loaded from Database: 239215 cities
            Updated: 10000 cities
            Added: 0 cities
            Time end: 2018.04.35 07:31:35
    [Параметры запуска] => Array
        (
            [START] => 60000
            [LIMIT] => 10000
        )

    [Ошибки при выполнении] => Array
(
)

)


PROCESSING Step Complete:
Array
(
    [Дата] => 08.04.2018 07:36:48
    [Сообщение] => 
            Time start: 2018.04.08 07:36:35
            Taked : 10000 cities,
            Loaded from Database: 239215 cities
            Updated: 10000 cities
            Added: 0 cities
            Time end: 2018.04.48 07:36:48
    [Параметры запуска] => Array
        (
            [START] => 70000
            [LIMIT] => 10000
        )

    [Ошибки при выполнении] => Array
(
)

)


PROCESSING Step Complete:
Array
(
    [Дата] => 08.04.2018 07:42:02
    [Сообщение] => 
            Time start: 2018.04.08 07:41:49
            Taked : 10000 cities,
            Loaded from Database: 239215 cities
            Updated: 10000 cities
            Added: 0 cities
            Time end: 2018.04.02 07:42:02
    [Параметры запуска] => Array
        (
            [START] => 80000
            [LIMIT] => 10000
        )

    [Ошибки при выполнении] => Array
(
)

)


PROCESSING Step Complete:
Array
(
    [Дата] => 08.04.2018 07:47:15
    [Сообщение] => 
            Time start: 2018.04.08 07:47:02
            Taked : 10000 cities,
            Loaded from Database: 239215 cities
            Updated: 10000 cities
            Added: 0 cities
            Time end: 2018.04.15 07:47:15
    [Параметры запуска] => Array
        (
            [START] => 90000
            [LIMIT] => 10000
        )

    [Ошибки при выполнении] => Array
(
)

)


PROCESSING Step Complete:
Array
(
    [Дата] => 08.04.2018 07:52:29
    [Сообщение] => 
            Time start: 2018.04.08 07:52:15
            Taked : 10000 cities,
            Loaded from Database: 239215 cities
            Updated: 10000 cities
            Added: 0 cities
            Time end: 2018.04.29 07:52:29
    [Параметры запуска] => Array
        (
            [START] => 100000
            [LIMIT] => 10000
        )

    [Ошибки при выполнении] => Array
(
)

)


PROCESSING Step Complete:
Array
(
    [Дата] => 08.04.2018 07:57:42
    [Сообщение] => 
            Time start: 2018.04.08 07:57:29
            Taked : 10000 cities,
            Loaded from Database: 239215 cities
            Updated: 10000 cities
            Added: 0 cities
            Time end: 2018.04.42 07:57:42
    [Параметры запуска] => Array
        (
            [START] => 110000
            [LIMIT] => 10000
        )

    [Ошибки при выполнении] => Array
(
)

)


PROCESSING Step Complete:
Array
(
    [Дата] => 08.04.2018 08:02:55
    [Сообщение] => 
            Time start: 2018.04.08 08:02:42
            Taked : 10000 cities,
            Loaded from Database: 239215 cities
            Updated: 10000 cities
            Added: 0 cities
            Time end: 2018.04.55 08:02:55
    [Параметры запуска] => Array
        (
            [START] => 120000
            [LIMIT] => 10000
        )

    [Ошибки при выполнении] => Array
(
)

)


PROCESSING Step Complete:
Array
(
    [Дата] => 08.04.2018 08:08:09
    [Сообщение] => 
            Time start: 2018.04.08 08:07:55
            Taked : 10000 cities,
            Loaded from Database: 239215 cities
            Updated: 10000 cities
            Added: 0 cities
            Time end: 2018.04.09 08:08:09
    [Параметры запуска] => Array
        (
            [START] => 130000
            [LIMIT] => 10000
        )

    [Ошибки при выполнении] => Array
(
)

)


PROCESSING Step Complete:
Array
(
    [Дата] => 08.04.2018 08:13:22
    [Сообщение] => 
            Time start: 2018.04.08 08:13:09
            Taked : 10000 cities,
            Loaded from Database: 239215 cities
            Updated: 10000 cities
            Added: 0 cities
            Time end: 2018.04.22 08:13:22
    [Параметры запуска] => Array
        (
            [START] => 140000
            [LIMIT] => 10000
        )

    [Ошибки при выполнении] => Array
(
)

)


PROCESSING Step Complete:
Array
(
    [Дата] => 08.04.2018 08:18:36
    [Сообщение] => 
            Time start: 2018.04.08 08:18:23
            Taked : 10000 cities,
            Loaded from Database: 239215 cities
            Updated: 10000 cities
            Added: 0 cities
            Time end: 2018.04.36 08:18:36
    [Параметры запуска] => Array
        (
            [START] => 150000
            [LIMIT] => 10000
        )

    [Ошибки при выполнении] => Array
(
)

)


PROCESSING Step Complete:
Array
(
    [Дата] => 08.04.2018 08:23:50
    [Сообщение] => 
            Time start: 2018.04.08 08:23:36
            Taked : 10000 cities,
            Loaded from Database: 239215 cities
            Updated: 10000 cities
            Added: 0 cities
            Time end: 2018.04.50 08:23:50
    [Параметры запуска] => Array
        (
            [START] => 160000
            [LIMIT] => 10000
        )

    [Ошибки при выполнении] => Array
(
)

)


PROCESSING Step Complete:
Array
(
    [Дата] => 08.04.2018 08:29:03
    [Сообщение] => 
            Time start: 2018.04.08 08:28:50
            Taked : 10000 cities,
            Loaded from Database: 239215 cities
            Updated: 10000 cities
            Added: 0 cities
            Time end: 2018.04.03 08:29:03
    [Параметры запуска] => Array
        (
            [START] => 170000
            [LIMIT] => 10000
        )

    [Ошибки при выполнении] => Array
(
)

)


PROCESSING Step Complete:
Array
(
    [Дата] => 08.04.2018 08:34:17
    [Сообщение] => 
            Time start: 2018.04.08 08:34:03
            Taked : 10000 cities,
            Loaded from Database: 239215 cities
            Updated: 10000 cities
            Added: 0 cities
            Time end: 2018.04.17 08:34:17
    [Параметры запуска] => Array
        (
            [START] => 180000
            [LIMIT] => 10000
        )

    [Ошибки при выполнении] => Array
(
)

)


PROCESSING Step Complete:
Array
(
    [Дата] => 08.04.2018 08:39:30
    [Сообщение] => 
            Time start: 2018.04.08 08:39:17
            Taked : 10000 cities,
            Loaded from Database: 239215 cities
            Updated: 10000 cities
            Added: 0 cities
            Time end: 2018.04.30 08:39:30
    [Параметры запуска] => Array
        (
            [START] => 190000
            [LIMIT] => 10000
        )

    [Ошибки при выполнении] => Array
(
)

)


PROCESSING Step Complete:
Array
(
    [Дата] => 08.04.2018 08:44:44
    [Сообщение] => 
            Time start: 2018.04.08 08:44:30
            Taked : 10000 cities,
            Loaded from Database: 239215 cities
            Updated: 9997 cities
            Added: 3 cities
            Time end: 2018.04.44 08:44:44
    [Параметры запуска] => Array
        (
            [START] => 200000
            [LIMIT] => 10000
        )

    [Ошибки при выполнении] => Array
(
)

)


PROCESSING Step Complete:
Array
(
    [Дата] => 08.04.2018 08:49:57
    [Сообщение] => 
            Time start: 2018.04.08 08:49:44
            Taked : 10000 cities,
            Loaded from Database: 239218 cities
            Updated: 10000 cities
            Added: 0 cities
            Time end: 2018.04.57 08:49:57
    [Параметры запуска] => Array
        (
            [START] => 210000
            [LIMIT] => 10000
        )

    [Ошибки при выполнении] => Array
(
)

)


PROCESSING Step Complete:
Array
(
    [Дата] => 08.04.2018 08:55:11
    [Сообщение] => 
            Time start: 2018.04.08 08:54:58
            Taked : 10000 cities,
            Loaded from Database: 239218 cities
            Updated: 10000 cities
            Added: 0 cities
            Time end: 2018.04.11 08:55:11
    [Параметры запуска] => Array
        (
            [START] => 220000
            [LIMIT] => 10000
        )

    [Ошибки при выполнении] => Array
(
)

)


