TRIGGER Complete:
Array
(
    [Дата] => 28.08.2018 07:00:03
    [Сообщение] => TRIGGER START
)


PROCESSING Step Complete:
Array
(
    [Дата] => 28.08.2018 07:00:32
    [Сообщение] => 
            Time start: 2018.08.28 07:00:04
            Taked : 10000 cities,
            Loaded from Database: 239445 cities
            Updated: 10000 cities
            Added: 0 cities
            Time end: 2018.08.32 07:00:32
    [Параметры запуска] => Array
        (
            [START] => 0
            [LIMIT] => 10000
        )

    [Ошибки при выполнении] => Array
(
)

)


PROCESSING Step Complete:
Array
(
    [Дата] => 28.08.2018 07:06:01
    [Сообщение] => 
            Time start: 2018.08.28 07:05:32
            Taked : 10000 cities,
            Loaded from Database: 239445 cities
            Updated: 10000 cities
            Added: 0 cities
            Time end: 2018.08.01 07:06:01
    [Параметры запуска] => Array
        (
            [START] => 10000
            [LIMIT] => 10000
        )

    [Ошибки при выполнении] => Array
(
)

)


PROCESSING Step Complete:
Array
(
    [Дата] => 28.08.2018 07:11:30
    [Сообщение] => 
            Time start: 2018.08.28 07:11:02
            Taked : 10000 cities,
            Loaded from Database: 239445 cities
            Updated: 10000 cities
            Added: 0 cities
            Time end: 2018.08.30 07:11:30
    [Параметры запуска] => Array
        (
            [START] => 20000
            [LIMIT] => 10000
        )

    [Ошибки при выполнении] => Array
(
)

)


PROCESSING Step Complete:
Array
(
    [Дата] => 28.08.2018 07:16:59
    [Сообщение] => 
            Time start: 2018.08.28 07:16:30
            Taked : 10000 cities,
            Loaded from Database: 239445 cities
            Updated: 10000 cities
            Added: 0 cities
            Time end: 2018.08.59 07:16:59
    [Параметры запуска] => Array
        (
            [START] => 30000
            [LIMIT] => 10000
        )

    [Ошибки при выполнении] => Array
(
)

)


PROCESSING Step Complete:
Array
(
    [Дата] => 28.08.2018 07:22:28
    [Сообщение] => 
            Time start: 2018.08.28 07:21:59
            Taked : 10000 cities,
            Loaded from Database: 239445 cities
            Updated: 10000 cities
            Added: 0 cities
            Time end: 2018.08.28 07:22:28
    [Параметры запуска] => Array
        (
            [START] => 40000
            [LIMIT] => 10000
        )

    [Ошибки при выполнении] => Array
(
)

)


PROCESSING Step Complete:
Array
(
    [Дата] => 28.08.2018 07:27:57
    [Сообщение] => 
            Time start: 2018.08.28 07:27:28
            Taked : 10000 cities,
            Loaded from Database: 239445 cities
            Updated: 10000 cities
            Added: 0 cities
            Time end: 2018.08.57 07:27:57
    [Параметры запуска] => Array
        (
            [START] => 50000
            [LIMIT] => 10000
        )

    [Ошибки при выполнении] => Array
(
)

)


PROCESSING Step Complete:
Array
(
    [Дата] => 28.08.2018 07:33:26
    [Сообщение] => 
            Time start: 2018.08.28 07:32:57
            Taked : 10000 cities,
            Loaded from Database: 239445 cities
            Updated: 10000 cities
            Added: 0 cities
            Time end: 2018.08.26 07:33:26
    [Параметры запуска] => Array
        (
            [START] => 60000
            [LIMIT] => 10000
        )

    [Ошибки при выполнении] => Array
(
)

)


PROCESSING Step Complete:
Array
(
    [Дата] => 28.08.2018 07:38:55
    [Сообщение] => 
            Time start: 2018.08.28 07:38:26
            Taked : 10000 cities,
            Loaded from Database: 239445 cities
            Updated: 10000 cities
            Added: 0 cities
            Time end: 2018.08.55 07:38:55
    [Параметры запуска] => Array
        (
            [START] => 70000
            [LIMIT] => 10000
        )

    [Ошибки при выполнении] => Array
(
)

)


PROCESSING Step Complete:
Array
(
    [Дата] => 28.08.2018 07:44:25
    [Сообщение] => 
            Time start: 2018.08.28 07:43:55
            Taked : 10000 cities,
            Loaded from Database: 239445 cities
            Updated: 10000 cities
            Added: 0 cities
            Time end: 2018.08.25 07:44:25
    [Параметры запуска] => Array
        (
            [START] => 80000
            [LIMIT] => 10000
        )

    [Ошибки при выполнении] => Array
(
)

)


PROCESSING Step Complete:
Array
(
    [Дата] => 28.08.2018 07:49:54
    [Сообщение] => 
            Time start: 2018.08.28 07:49:25
            Taked : 10000 cities,
            Loaded from Database: 239445 cities
            Updated: 10000 cities
            Added: 0 cities
            Time end: 2018.08.54 07:49:54
    [Параметры запуска] => Array
        (
            [START] => 90000
            [LIMIT] => 10000
        )

    [Ошибки при выполнении] => Array
(
)

)


PROCESSING Step Complete:
Array
(
    [Дата] => 28.08.2018 07:55:23
    [Сообщение] => 
            Time start: 2018.08.28 07:54:55
            Taked : 10000 cities,
            Loaded from Database: 239445 cities
            Updated: 10000 cities
            Added: 0 cities
            Time end: 2018.08.23 07:55:23
    [Параметры запуска] => Array
        (
            [START] => 100000
            [LIMIT] => 10000
        )

    [Ошибки при выполнении] => Array
(
)

)


PROCESSING Step Complete:
Array
(
    [Дата] => 28.08.2018 08:00:53
    [Сообщение] => 
            Time start: 2018.08.28 08:00:24
            Taked : 10000 cities,
            Loaded from Database: 239445 cities
            Updated: 10000 cities
            Added: 0 cities
            Time end: 2018.08.53 08:00:53
    [Параметры запуска] => Array
        (
            [START] => 110000
            [LIMIT] => 10000
        )

    [Ошибки при выполнении] => Array
(
)

)


PROCESSING Step Complete:
Array
(
    [Дата] => 28.08.2018 08:06:22
    [Сообщение] => 
            Time start: 2018.08.28 08:05:53
            Taked : 10000 cities,
            Loaded from Database: 239445 cities
            Updated: 10000 cities
            Added: 0 cities
            Time end: 2018.08.22 08:06:22
    [Параметры запуска] => Array
        (
            [START] => 120000
            [LIMIT] => 10000
        )

    [Ошибки при выполнении] => Array
(
)

)


PROCESSING Step Complete:
Array
(
    [Дата] => 28.08.2018 08:11:51
    [Сообщение] => 
            Time start: 2018.08.28 08:11:23
            Taked : 10000 cities,
            Loaded from Database: 239445 cities
            Updated: 10000 cities
            Added: 0 cities
            Time end: 2018.08.51 08:11:51
    [Параметры запуска] => Array
        (
            [START] => 130000
            [LIMIT] => 10000
        )

    [Ошибки при выполнении] => Array
(
)

)


PROCESSING Step Complete:
Array
(
    [Дата] => 28.08.2018 08:17:20
    [Сообщение] => 
            Time start: 2018.08.28 08:16:51
            Taked : 10000 cities,
            Loaded from Database: 239445 cities
            Updated: 10000 cities
            Added: 0 cities
            Time end: 2018.08.20 08:17:20
    [Параметры запуска] => Array
        (
            [START] => 140000
            [LIMIT] => 10000
        )

    [Ошибки при выполнении] => Array
(
)

)


PROCESSING Step Complete:
Array
(
    [Дата] => 28.08.2018 08:22:48
    [Сообщение] => 
            Time start: 2018.08.28 08:22:21
            Taked : 10000 cities,
            Loaded from Database: 239445 cities
            Updated: 10000 cities
            Added: 0 cities
            Time end: 2018.08.48 08:22:48
    [Параметры запуска] => Array
        (
            [START] => 150000
            [LIMIT] => 10000
        )

    [Ошибки при выполнении] => Array
(
)

)


PROCESSING Step Complete:
Array
(
    [Дата] => 28.08.2018 08:28:17
    [Сообщение] => 
            Time start: 2018.08.28 08:27:48
            Taked : 10000 cities,
            Loaded from Database: 239445 cities
            Updated: 10000 cities
            Added: 0 cities
            Time end: 2018.08.17 08:28:17
    [Параметры запуска] => Array
        (
            [START] => 160000
            [LIMIT] => 10000
        )

    [Ошибки при выполнении] => Array
(
)

)


PROCESSING Step Complete:
Array
(
    [Дата] => 28.08.2018 08:33:46
    [Сообщение] => 
            Time start: 2018.08.28 08:33:17
            Taked : 10000 cities,
            Loaded from Database: 239445 cities
            Updated: 10000 cities
            Added: 0 cities
            Time end: 2018.08.46 08:33:46
    [Параметры запуска] => Array
        (
            [START] => 170000
            [LIMIT] => 10000
        )

    [Ошибки при выполнении] => Array
(
)

)


PROCESSING Step Complete:
Array
(
    [Дата] => 28.08.2018 08:39:15
    [Сообщение] => 
            Time start: 2018.08.28 08:38:47
            Taked : 10000 cities,
            Loaded from Database: 239445 cities
            Updated: 10000 cities
            Added: 0 cities
            Time end: 2018.08.15 08:39:15
    [Параметры запуска] => Array
        (
            [START] => 180000
            [LIMIT] => 10000
        )

    [Ошибки при выполнении] => Array
(
)

)


PROCESSING Step Complete:
Array
(
    [Дата] => 28.08.2018 08:44:44
    [Сообщение] => 
            Time start: 2018.08.28 08:44:15
            Taked : 10000 cities,
            Loaded from Database: 239445 cities
            Updated: 10000 cities
            Added: 0 cities
            Time end: 2018.08.44 08:44:44
    [Параметры запуска] => Array
        (
            [START] => 190000
            [LIMIT] => 10000
        )

    [Ошибки при выполнении] => Array
(
)

)


PROCESSING Step Complete:
Array
(
    [Дата] => 28.08.2018 08:50:14
    [Сообщение] => 
            Time start: 2018.08.28 08:49:44
            Taked : 10000 cities,
            Loaded from Database: 239445 cities
            Updated: 10000 cities
            Added: 0 cities
            Time end: 2018.08.14 08:50:14
    [Параметры запуска] => Array
        (
            [START] => 200000
            [LIMIT] => 10000
        )

    [Ошибки при выполнении] => Array
(
)

)


PROCESSING Step Complete:
Array
(
    [Дата] => 28.08.2018 08:55:43
    [Сообщение] => 
            Time start: 2018.08.28 08:55:14
            Taked : 10000 cities,
            Loaded from Database: 239445 cities
            Updated: 10000 cities
            Added: 0 cities
            Time end: 2018.08.43 08:55:43
    [Параметры запуска] => Array
        (
            [START] => 210000
            [LIMIT] => 10000
        )

    [Ошибки при выполнении] => Array
(
)

)


PROCESSING Step Complete:
Array
(
    [Дата] => 28.08.2018 09:01:12
    [Сообщение] => 
            Time start: 2018.08.28 09:00:43
            Taked : 10000 cities,
            Loaded from Database: 239445 cities
            Updated: 10000 cities
            Added: 0 cities
            Time end: 2018.08.12 09:01:12
    [Параметры запуска] => Array
        (
            [START] => 220000
            [LIMIT] => 10000
        )

    [Ошибки при выполнении] => Array
(
)

)


PROCESSING Complete:
Array
(
    [Дата] => 28.08.2018 09:06:40
    [Сообщение] => 
            Time start: 2018.08.28 09:06:12
            Taked : 9445 cities,
            Loaded from Database: 239445 cities
            Deleted: 0 cities,
            Updated: 9445 cities
            Added: 0 cities
            Time end: 2018.08.40 09:06:40
    [Параметры запуска] => Array
        (
            [START] => 230000
            [LIMIT] => 10000
        )

    [Ошибки при выполнении] => Array
(
)

)


