TRIGGER Complete:
Array
(
    [Дата] => 08.05.2018 07:00:02
    [Сообщение] => TRIGGER START
)


PROCESSING Step Complete:
Array
(
    [Дата] => 08.05.2018 07:00:16
    [Сообщение] => 
            Time start: 2018.05.08 07:00:02
            Taked : 10000 cities,
            Loaded from Database: 238489 cities
            Updated: 10000 cities
            Added: 0 cities
            Time end: 2018.05.16 07:00:16
    [Параметры запуска] => Array
        (
            [START] => 0
            [LIMIT] => 10000
        )

    [Ошибки при выполнении] => Array
(
)

)


PROCESSING Step Complete:
Array
(
    [Дата] => 08.05.2018 07:05:28
    [Сообщение] => 
            Time start: 2018.05.08 07:05:16
            Taked : 10000 cities,
            Loaded from Database: 238489 cities
            Updated: 10000 cities
            Added: 0 cities
            Time end: 2018.05.28 07:05:28
    [Параметры запуска] => Array
        (
            [START] => 10000
            [LIMIT] => 10000
        )

    [Ошибки при выполнении] => Array
(
)

)


PROCESSING Step Complete:
Array
(
    [Дата] => 08.05.2018 07:10:41
    [Сообщение] => 
            Time start: 2018.05.08 07:10:28
            Taked : 10000 cities,
            Loaded from Database: 238489 cities
            Updated: 10000 cities
            Added: 0 cities
            Time end: 2018.05.41 07:10:41
    [Параметры запуска] => Array
        (
            [START] => 20000
            [LIMIT] => 10000
        )

    [Ошибки при выполнении] => Array
(
)

)


PROCESSING Step Complete:
Array
(
    [Дата] => 08.05.2018 07:15:55
    [Сообщение] => 
            Time start: 2018.05.08 07:15:42
            Taked : 10000 cities,
            Loaded from Database: 238489 cities
            Updated: 10000 cities
            Added: 0 cities
            Time end: 2018.05.55 07:15:55
    [Параметры запуска] => Array
        (
            [START] => 30000
            [LIMIT] => 10000
        )

    [Ошибки при выполнении] => Array
(
)

)


PROCESSING Step Complete:
Array
(
    [Дата] => 08.05.2018 07:21:08
    [Сообщение] => 
            Time start: 2018.05.08 07:20:55
            Taked : 10000 cities,
            Loaded from Database: 238489 cities
            Updated: 10000 cities
            Added: 0 cities
            Time end: 2018.05.08 07:21:08
    [Параметры запуска] => Array
        (
            [START] => 40000
            [LIMIT] => 10000
        )

    [Ошибки при выполнении] => Array
(
)

)


PROCESSING Step Complete:
Array
(
    [Дата] => 08.05.2018 07:26:21
    [Сообщение] => 
            Time start: 2018.05.08 07:26:08
            Taked : 10000 cities,
            Loaded from Database: 238489 cities
            Updated: 10000 cities
            Added: 0 cities
            Time end: 2018.05.21 07:26:21
    [Параметры запуска] => Array
        (
            [START] => 50000
            [LIMIT] => 10000
        )

    [Ошибки при выполнении] => Array
(
)

)


PROCESSING Step Complete:
Array
(
    [Дата] => 08.05.2018 07:31:34
    [Сообщение] => 
            Time start: 2018.05.08 07:31:21
            Taked : 10000 cities,
            Loaded from Database: 238489 cities
            Updated: 10000 cities
            Added: 0 cities
            Time end: 2018.05.34 07:31:34
    [Параметры запуска] => Array
        (
            [START] => 60000
            [LIMIT] => 10000
        )

    [Ошибки при выполнении] => Array
(
)

)


PROCESSING Step Complete:
Array
(
    [Дата] => 08.05.2018 07:36:47
    [Сообщение] => 
            Time start: 2018.05.08 07:36:34
            Taked : 10000 cities,
            Loaded from Database: 238489 cities
            Updated: 10000 cities
            Added: 0 cities
            Time end: 2018.05.47 07:36:47
    [Параметры запуска] => Array
        (
            [START] => 70000
            [LIMIT] => 10000
        )

    [Ошибки при выполнении] => Array
(
)

)


PROCESSING Step Complete:
Array
(
    [Дата] => 08.05.2018 07:42:00
    [Сообщение] => 
            Time start: 2018.05.08 07:41:47
            Taked : 10000 cities,
            Loaded from Database: 238489 cities
            Updated: 10000 cities
            Added: 0 cities
            Time end: 2018.05.00 07:42:00
    [Параметры запуска] => Array
        (
            [START] => 80000
            [LIMIT] => 10000
        )

    [Ошибки при выполнении] => Array
(
)

)


PROCESSING Step Complete:
Array
(
    [Дата] => 08.05.2018 07:47:14
    [Сообщение] => 
            Time start: 2018.05.08 07:47:00
            Taked : 10000 cities,
            Loaded from Database: 238489 cities
            Updated: 10000 cities
            Added: 0 cities
            Time end: 2018.05.14 07:47:14
    [Параметры запуска] => Array
        (
            [START] => 90000
            [LIMIT] => 10000
        )

    [Ошибки при выполнении] => Array
(
)

)


PROCESSING Step Complete:
Array
(
    [Дата] => 08.05.2018 07:52:26
    [Сообщение] => 
            Time start: 2018.05.08 07:52:14
            Taked : 10000 cities,
            Loaded from Database: 238489 cities
            Updated: 10000 cities
            Added: 0 cities
            Time end: 2018.05.26 07:52:26
    [Параметры запуска] => Array
        (
            [START] => 100000
            [LIMIT] => 10000
        )

    [Ошибки при выполнении] => Array
(
)

)


PROCESSING Step Complete:
Array
(
    [Дата] => 08.05.2018 07:57:40
    [Сообщение] => 
            Time start: 2018.05.08 07:57:26
            Taked : 10000 cities,
            Loaded from Database: 238489 cities
            Updated: 10000 cities
            Added: 0 cities
            Time end: 2018.05.40 07:57:40
    [Параметры запуска] => Array
        (
            [START] => 110000
            [LIMIT] => 10000
        )

    [Ошибки при выполнении] => Array
(
)

)


PROCESSING Step Complete:
Array
(
    [Дата] => 08.05.2018 08:02:52
    [Сообщение] => 
            Time start: 2018.05.08 08:02:40
            Taked : 10000 cities,
            Loaded from Database: 238489 cities
            Updated: 10000 cities
            Added: 0 cities
            Time end: 2018.05.52 08:02:52
    [Параметры запуска] => Array
        (
            [START] => 120000
            [LIMIT] => 10000
        )

    [Ошибки при выполнении] => Array
(
)

)


PROCESSING Step Complete:
Array
(
    [Дата] => 08.05.2018 08:08:06
    [Сообщение] => 
            Time start: 2018.05.08 08:07:52
            Taked : 10000 cities,
            Loaded from Database: 238489 cities
            Updated: 10000 cities
            Added: 0 cities
            Time end: 2018.05.06 08:08:06
    [Параметры запуска] => Array
        (
            [START] => 130000
            [LIMIT] => 10000
        )

    [Ошибки при выполнении] => Array
(
)

)


PROCESSING Step Complete:
Array
(
    [Дата] => 08.05.2018 08:13:19
    [Сообщение] => 
            Time start: 2018.05.08 08:13:06
            Taked : 10000 cities,
            Loaded from Database: 238489 cities
            Updated: 10000 cities
            Added: 0 cities
            Time end: 2018.05.19 08:13:19
    [Параметры запуска] => Array
        (
            [START] => 140000
            [LIMIT] => 10000
        )

    [Ошибки при выполнении] => Array
(
)

)


PROCESSING Step Complete:
Array
(
    [Дата] => 08.05.2018 08:18:33
    [Сообщение] => 
            Time start: 2018.05.08 08:18:19
            Taked : 10000 cities,
            Loaded from Database: 238489 cities
            Updated: 10000 cities
            Added: 0 cities
            Time end: 2018.05.33 08:18:33
    [Параметры запуска] => Array
        (
            [START] => 150000
            [LIMIT] => 10000
        )

    [Ошибки при выполнении] => Array
(
)

)


PROCESSING Step Complete:
Array
(
    [Дата] => 08.05.2018 08:23:46
    [Сообщение] => 
            Time start: 2018.05.08 08:23:33
            Taked : 10000 cities,
            Loaded from Database: 238489 cities
            Updated: 10000 cities
            Added: 0 cities
            Time end: 2018.05.46 08:23:46
    [Параметры запуска] => Array
        (
            [START] => 160000
            [LIMIT] => 10000
        )

    [Ошибки при выполнении] => Array
(
)

)


PROCESSING Step Complete:
Array
(
    [Дата] => 08.05.2018 08:29:00
    [Сообщение] => 
            Time start: 2018.05.08 08:28:46
            Taked : 10000 cities,
            Loaded from Database: 238489 cities
            Updated: 10000 cities
            Added: 0 cities
            Time end: 2018.05.00 08:29:00
    [Параметры запуска] => Array
        (
            [START] => 170000
            [LIMIT] => 10000
        )

    [Ошибки при выполнении] => Array
(
)

)


PROCESSING Step Complete:
Array
(
    [Дата] => 08.05.2018 08:34:13
    [Сообщение] => 
            Time start: 2018.05.08 08:34:00
            Taked : 10000 cities,
            Loaded from Database: 238489 cities
            Updated: 10000 cities
            Added: 0 cities
            Time end: 2018.05.13 08:34:13
    [Параметры запуска] => Array
        (
            [START] => 180000
            [LIMIT] => 10000
        )

    [Ошибки при выполнении] => Array
(
)

)


PROCESSING Step Complete:
Array
(
    [Дата] => 08.05.2018 08:39:27
    [Сообщение] => 
            Time start: 2018.05.08 08:39:14
            Taked : 10000 cities,
            Loaded from Database: 238489 cities
            Updated: 10000 cities
            Added: 0 cities
            Time end: 2018.05.27 08:39:27
    [Параметры запуска] => Array
        (
            [START] => 190000
            [LIMIT] => 10000
        )

    [Ошибки при выполнении] => Array
(
)

)


PROCESSING Step Complete:
Array
(
    [Дата] => 08.05.2018 08:44:39
    [Сообщение] => 
            Time start: 2018.05.08 08:44:27
            Taked : 10000 cities,
            Loaded from Database: 238489 cities
            Updated: 10000 cities
            Added: 0 cities
            Time end: 2018.05.39 08:44:39
    [Параметры запуска] => Array
        (
            [START] => 200000
            [LIMIT] => 10000
        )

    [Ошибки при выполнении] => Array
(
)

)


PROCESSING Step Complete:
Array
(
    [Дата] => 08.05.2018 08:49:52
    [Сообщение] => 
            Time start: 2018.05.08 08:49:39
            Taked : 10000 cities,
            Loaded from Database: 238489 cities
            Updated: 9999 cities
            Added: 1 cities
            Time end: 2018.05.52 08:49:52
    [Параметры запуска] => Array
        (
            [START] => 210000
            [LIMIT] => 10000
        )

    [Ошибки при выполнении] => Array
(
)

)


PROCESSING Step Complete:
Array
(
    [Дата] => 08.05.2018 08:55:05
    [Сообщение] => 
            Time start: 2018.05.08 08:54:52
            Taked : 10000 cities,
            Loaded from Database: 238490 cities
            Updated: 10000 cities
            Added: 0 cities
            Time end: 2018.05.05 08:55:05
    [Параметры запуска] => Array
        (
            [START] => 220000
            [LIMIT] => 10000
        )

    [Ошибки при выполнении] => Array
(
)

)


PROCESSING Complete:
Array
(
    [Дата] => 08.05.2018 09:00:17
    [Сообщение] => 
            Time start: 2018.05.08 09:00:06
            Taked : 8490 cities,
            Loaded from Database: 238490 cities
            Deleted: 0 cities,
            Updated: 8490 cities
            Added: 0 cities
            Time end: 2018.05.17 09:00:17
    [Параметры запуска] => Array
        (
            [START] => 230000
            [LIMIT] => 10000
        )

    [Ошибки при выполнении] => Array
(
)

)


