TRIGGER Complete:
Array
(
    [Дата] => 27.04.2018 07:00:02
    [Сообщение] => TRIGGER START
)


PROCESSING Step Complete:
Array
(
    [Дата] => 27.04.2018 07:00:14
    [Сообщение] => 
            Time start: 2018.04.27 07:00:02
            Taked : 10000 cities,
            Loaded from Database: 238474 cities
            Updated: 10000 cities
            Added: 0 cities
            Time end: 2018.04.14 07:00:14
    [Параметры запуска] => Array
        (
            [START] => 0
            [LIMIT] => 10000
        )

    [Ошибки при выполнении] => Array
(
)

)


PROCESSING Step Complete:
Array
(
    [Дата] => 27.04.2018 07:05:28
    [Сообщение] => 
            Time start: 2018.04.27 07:05:15
            Taked : 10000 cities,
            Loaded from Database: 238474 cities
            Updated: 10000 cities
            Added: 0 cities
            Time end: 2018.04.28 07:05:28
    [Параметры запуска] => Array
        (
            [START] => 10000
            [LIMIT] => 10000
        )

    [Ошибки при выполнении] => Array
(
)

)


PROCESSING Step Complete:
Array
(
    [Дата] => 27.04.2018 07:10:41
    [Сообщение] => 
            Time start: 2018.04.27 07:10:28
            Taked : 10000 cities,
            Loaded from Database: 238474 cities
            Updated: 10000 cities
            Added: 0 cities
            Time end: 2018.04.41 07:10:41
    [Параметры запуска] => Array
        (
            [START] => 20000
            [LIMIT] => 10000
        )

    [Ошибки при выполнении] => Array
(
)

)


PROCESSING Step Complete:
Array
(
    [Дата] => 27.04.2018 07:15:54
    [Сообщение] => 
            Time start: 2018.04.27 07:15:41
            Taked : 10000 cities,
            Loaded from Database: 238474 cities
            Updated: 10000 cities
            Added: 0 cities
            Time end: 2018.04.54 07:15:54
    [Параметры запуска] => Array
        (
            [START] => 30000
            [LIMIT] => 10000
        )

    [Ошибки при выполнении] => Array
(
)

)


PROCESSING Step Complete:
Array
(
    [Дата] => 27.04.2018 07:21:07
    [Сообщение] => 
            Time start: 2018.04.27 07:20:54
            Taked : 10000 cities,
            Loaded from Database: 238474 cities
            Updated: 10000 cities
            Added: 0 cities
            Time end: 2018.04.07 07:21:07
    [Параметры запуска] => Array
        (
            [START] => 40000
            [LIMIT] => 10000
        )

    [Ошибки при выполнении] => Array
(
)

)


PROCESSING Step Complete:
Array
(
    [Дата] => 27.04.2018 07:26:21
    [Сообщение] => 
            Time start: 2018.04.27 07:26:08
            Taked : 10000 cities,
            Loaded from Database: 238474 cities
            Updated: 10000 cities
            Added: 0 cities
            Time end: 2018.04.21 07:26:21
    [Параметры запуска] => Array
        (
            [START] => 50000
            [LIMIT] => 10000
        )

    [Ошибки при выполнении] => Array
(
)

)


PROCESSING Step Complete:
Array
(
    [Дата] => 27.04.2018 07:31:35
    [Сообщение] => 
            Time start: 2018.04.27 07:31:21
            Taked : 10000 cities,
            Loaded from Database: 238474 cities
            Updated: 10000 cities
            Added: 0 cities
            Time end: 2018.04.35 07:31:35
    [Параметры запуска] => Array
        (
            [START] => 60000
            [LIMIT] => 10000
        )

    [Ошибки при выполнении] => Array
(
)

)


PROCESSING Step Complete:
Array
(
    [Дата] => 27.04.2018 07:36:48
    [Сообщение] => 
            Time start: 2018.04.27 07:36:35
            Taked : 10000 cities,
            Loaded from Database: 238474 cities
            Updated: 10000 cities
            Added: 0 cities
            Time end: 2018.04.48 07:36:48
    [Параметры запуска] => Array
        (
            [START] => 70000
            [LIMIT] => 10000
        )

    [Ошибки при выполнении] => Array
(
)

)


PROCESSING Step Complete:
Array
(
    [Дата] => 27.04.2018 07:42:02
    [Сообщение] => 
            Time start: 2018.04.27 07:41:49
            Taked : 10000 cities,
            Loaded from Database: 238474 cities
            Updated: 10000 cities
            Added: 0 cities
            Time end: 2018.04.02 07:42:02
    [Параметры запуска] => Array
        (
            [START] => 80000
            [LIMIT] => 10000
        )

    [Ошибки при выполнении] => Array
(
)

)


PROCESSING Step Complete:
Array
(
    [Дата] => 27.04.2018 07:47:15
    [Сообщение] => 
            Time start: 2018.04.27 07:47:02
            Taked : 10000 cities,
            Loaded from Database: 238474 cities
            Updated: 10000 cities
            Added: 0 cities
            Time end: 2018.04.15 07:47:15
    [Параметры запуска] => Array
        (
            [START] => 90000
            [LIMIT] => 10000
        )

    [Ошибки при выполнении] => Array
(
)

)


PROCESSING Step Complete:
Array
(
    [Дата] => 27.04.2018 07:52:28
    [Сообщение] => 
            Time start: 2018.04.27 07:52:15
            Taked : 10000 cities,
            Loaded from Database: 238474 cities
            Updated: 10000 cities
            Added: 0 cities
            Time end: 2018.04.28 07:52:28
    [Параметры запуска] => Array
        (
            [START] => 100000
            [LIMIT] => 10000
        )

    [Ошибки при выполнении] => Array
(
)

)


PROCESSING Step Complete:
Array
(
    [Дата] => 27.04.2018 07:57:41
    [Сообщение] => 
            Time start: 2018.04.27 07:57:29
            Taked : 10000 cities,
            Loaded from Database: 238474 cities
            Updated: 10000 cities
            Added: 0 cities
            Time end: 2018.04.41 07:57:41
    [Параметры запуска] => Array
        (
            [START] => 110000
            [LIMIT] => 10000
        )

    [Ошибки при выполнении] => Array
(
)

)


PROCESSING Step Complete:
Array
(
    [Дата] => 27.04.2018 08:02:55
    [Сообщение] => 
            Time start: 2018.04.27 08:02:41
            Taked : 10000 cities,
            Loaded from Database: 238474 cities
            Updated: 10000 cities
            Added: 0 cities
            Time end: 2018.04.55 08:02:55
    [Параметры запуска] => Array
        (
            [START] => 120000
            [LIMIT] => 10000
        )

    [Ошибки при выполнении] => Array
(
)

)


PROCESSING Step Complete:
Array
(
    [Дата] => 27.04.2018 08:08:09
    [Сообщение] => 
            Time start: 2018.04.27 08:07:55
            Taked : 10000 cities,
            Loaded from Database: 238474 cities
            Updated: 10000 cities
            Added: 0 cities
            Time end: 2018.04.09 08:08:09
    [Параметры запуска] => Array
        (
            [START] => 130000
            [LIMIT] => 10000
        )

    [Ошибки при выполнении] => Array
(
)

)


PROCESSING Step Complete:
Array
(
    [Дата] => 27.04.2018 08:13:22
    [Сообщение] => 
            Time start: 2018.04.27 08:13:09
            Taked : 10000 cities,
            Loaded from Database: 238474 cities
            Updated: 10000 cities
            Added: 0 cities
            Time end: 2018.04.22 08:13:22
    [Параметры запуска] => Array
        (
            [START] => 140000
            [LIMIT] => 10000
        )

    [Ошибки при выполнении] => Array
(
)

)


PROCESSING Step Complete:
Array
(
    [Дата] => 27.04.2018 08:18:36
    [Сообщение] => 
            Time start: 2018.04.27 08:18:22
            Taked : 10000 cities,
            Loaded from Database: 238474 cities
            Updated: 10000 cities
            Added: 0 cities
            Time end: 2018.04.36 08:18:36
    [Параметры запуска] => Array
        (
            [START] => 150000
            [LIMIT] => 10000
        )

    [Ошибки при выполнении] => Array
(
)

)


PROCESSING Step Complete:
Array
(
    [Дата] => 27.04.2018 08:23:49
    [Сообщение] => 
            Time start: 2018.04.27 08:23:36
            Taked : 10000 cities,
            Loaded from Database: 238474 cities
            Updated: 10000 cities
            Added: 0 cities
            Time end: 2018.04.49 08:23:49
    [Параметры запуска] => Array
        (
            [START] => 160000
            [LIMIT] => 10000
        )

    [Ошибки при выполнении] => Array
(
)

)


PROCESSING Step Complete:
Array
(
    [Дата] => 27.04.2018 08:29:02
    [Сообщение] => 
            Time start: 2018.04.27 08:28:49
            Taked : 10000 cities,
            Loaded from Database: 238474 cities
            Updated: 10000 cities
            Added: 0 cities
            Time end: 2018.04.02 08:29:02
    [Параметры запуска] => Array
        (
            [START] => 170000
            [LIMIT] => 10000
        )

    [Ошибки при выполнении] => Array
(
)

)


PROCESSING Step Complete:
Array
(
    [Дата] => 27.04.2018 08:34:15
    [Сообщение] => 
            Time start: 2018.04.27 08:34:02
            Taked : 10000 cities,
            Loaded from Database: 238474 cities
            Updated: 10000 cities
            Added: 0 cities
            Time end: 2018.04.15 08:34:15
    [Параметры запуска] => Array
        (
            [START] => 180000
            [LIMIT] => 10000
        )

    [Ошибки при выполнении] => Array
(
)

)


PROCESSING Step Complete:
Array
(
    [Дата] => 27.04.2018 08:39:29
    [Сообщение] => 
            Time start: 2018.04.27 08:39:16
            Taked : 10000 cities,
            Loaded from Database: 238474 cities
            Updated: 10000 cities
            Added: 0 cities
            Time end: 2018.04.29 08:39:29
    [Параметры запуска] => Array
        (
            [START] => 190000
            [LIMIT] => 10000
        )

    [Ошибки при выполнении] => Array
(
)

)


PROCESSING Step Complete:
Array
(
    [Дата] => 27.04.2018 08:44:41
    [Сообщение] => 
            Time start: 2018.04.27 08:44:29
            Taked : 10000 cities,
            Loaded from Database: 238474 cities
            Updated: 9999 cities
            Added: 1 cities
            Time end: 2018.04.41 08:44:41
    [Параметры запуска] => Array
        (
            [START] => 200000
            [LIMIT] => 10000
        )

    [Ошибки при выполнении] => Array
(
)

)


PROCESSING Step Complete:
Array
(
    [Дата] => 27.04.2018 08:49:55
    [Сообщение] => 
            Time start: 2018.04.27 08:49:41
            Taked : 10000 cities,
            Loaded from Database: 238475 cities
            Updated: 10000 cities
            Added: 0 cities
            Time end: 2018.04.55 08:49:55
    [Параметры запуска] => Array
        (
            [START] => 210000
            [LIMIT] => 10000
        )

    [Ошибки при выполнении] => Array
(
)

)


PROCESSING Step Complete:
Array
(
    [Дата] => 27.04.2018 08:55:08
    [Сообщение] => 
            Time start: 2018.04.27 08:54:55
            Taked : 10000 cities,
            Loaded from Database: 238475 cities
            Updated: 10000 cities
            Added: 0 cities
            Time end: 2018.04.08 08:55:08
    [Параметры запуска] => Array
        (
            [START] => 220000
            [LIMIT] => 10000
        )

    [Ошибки при выполнении] => Array
(
)

)


PROCESSING Complete:
Array
(
    [Дата] => 27.04.2018 09:00:20
    [Сообщение] => 
            Time start: 2018.04.27 09:00:08
            Taked : 8475 cities,
            Loaded from Database: 238475 cities
            Deleted: 0 cities,
            Updated: 8475 cities
            Added: 0 cities
            Time end: 2018.04.20 09:00:20
    [Параметры запуска] => Array
        (
            [START] => 230000
            [LIMIT] => 10000
        )

    [Ошибки при выполнении] => Array
(
)

)


