TRIGGER Complete:
Array
(
    [Дата] => 18.04.2018 07:00:02
    [Сообщение] => TRIGGER START
)


PROCESSING Step Complete:
Array
(
    [Дата] => 18.04.2018 07:00:16
    [Сообщение] => 
            Time start: 2018.04.18 07:00:02
            Taked : 10000 cities,
            Loaded from Database: 238461 cities
            Updated: 10000 cities
            Added: 0 cities
            Time end: 2018.04.16 07:00:16
    [Параметры запуска] => Array
        (
            [START] => 0
            [LIMIT] => 10000
        )

    [Ошибки при выполнении] => Array
(
)

)


PROCESSING Step Complete:
Array
(
    [Дата] => 18.04.2018 07:05:29
    [Сообщение] => 
            Time start: 2018.04.18 07:05:16
            Taked : 10000 cities,
            Loaded from Database: 238461 cities
            Updated: 10000 cities
            Added: 0 cities
            Time end: 2018.04.29 07:05:29
    [Параметры запуска] => Array
        (
            [START] => 10000
            [LIMIT] => 10000
        )

    [Ошибки при выполнении] => Array
(
)

)


PROCESSING Step Complete:
Array
(
    [Дата] => 18.04.2018 07:10:43
    [Сообщение] => 
            Time start: 2018.04.18 07:10:29
            Taked : 10000 cities,
            Loaded from Database: 238461 cities
            Updated: 10000 cities
            Added: 0 cities
            Time end: 2018.04.43 07:10:43
    [Параметры запуска] => Array
        (
            [START] => 20000
            [LIMIT] => 10000
        )

    [Ошибки при выполнении] => Array
(
)

)


PROCESSING Step Complete:
Array
(
    [Дата] => 18.04.2018 07:15:56
    [Сообщение] => 
            Time start: 2018.04.18 07:15:43
            Taked : 10000 cities,
            Loaded from Database: 238461 cities
            Updated: 10000 cities
            Added: 0 cities
            Time end: 2018.04.56 07:15:56
    [Параметры запуска] => Array
        (
            [START] => 30000
            [LIMIT] => 10000
        )

    [Ошибки при выполнении] => Array
(
)

)


PROCESSING Step Complete:
Array
(
    [Дата] => 18.04.2018 07:21:10
    [Сообщение] => 
            Time start: 2018.04.18 07:20:56
            Taked : 10000 cities,
            Loaded from Database: 238461 cities
            Updated: 10000 cities
            Added: 0 cities
            Time end: 2018.04.10 07:21:10
    [Параметры запуска] => Array
        (
            [START] => 40000
            [LIMIT] => 10000
        )

    [Ошибки при выполнении] => Array
(
)

)


PROCESSING Step Complete:
Array
(
    [Дата] => 18.04.2018 07:26:23
    [Сообщение] => 
            Time start: 2018.04.18 07:26:10
            Taked : 10000 cities,
            Loaded from Database: 238461 cities
            Updated: 10000 cities
            Added: 0 cities
            Time end: 2018.04.23 07:26:23
    [Параметры запуска] => Array
        (
            [START] => 50000
            [LIMIT] => 10000
        )

    [Ошибки при выполнении] => Array
(
)

)


PROCESSING Step Complete:
Array
(
    [Дата] => 18.04.2018 07:31:35
    [Сообщение] => 
            Time start: 2018.04.18 07:31:23
            Taked : 10000 cities,
            Loaded from Database: 238461 cities
            Updated: 10000 cities
            Added: 0 cities
            Time end: 2018.04.35 07:31:35
    [Параметры запуска] => Array
        (
            [START] => 60000
            [LIMIT] => 10000
        )

    [Ошибки при выполнении] => Array
(
)

)


PROCESSING Step Complete:
Array
(
    [Дата] => 18.04.2018 07:36:48
    [Сообщение] => 
            Time start: 2018.04.18 07:36:35
            Taked : 10000 cities,
            Loaded from Database: 238461 cities
            Updated: 10000 cities
            Added: 0 cities
            Time end: 2018.04.48 07:36:48
    [Параметры запуска] => Array
        (
            [START] => 70000
            [LIMIT] => 10000
        )

    [Ошибки при выполнении] => Array
(
)

)


PROCESSING Step Complete:
Array
(
    [Дата] => 18.04.2018 07:42:01
    [Сообщение] => 
            Time start: 2018.04.18 07:41:48
            Taked : 10000 cities,
            Loaded from Database: 238461 cities
            Updated: 10000 cities
            Added: 0 cities
            Time end: 2018.04.01 07:42:01
    [Параметры запуска] => Array
        (
            [START] => 80000
            [LIMIT] => 10000
        )

    [Ошибки при выполнении] => Array
(
)

)


PROCESSING Step Complete:
Array
(
    [Дата] => 18.04.2018 07:47:15
    [Сообщение] => 
            Time start: 2018.04.18 07:47:01
            Taked : 10000 cities,
            Loaded from Database: 238461 cities
            Updated: 10000 cities
            Added: 0 cities
            Time end: 2018.04.15 07:47:15
    [Параметры запуска] => Array
        (
            [START] => 90000
            [LIMIT] => 10000
        )

    [Ошибки при выполнении] => Array
(
)

)


PROCESSING Step Complete:
Array
(
    [Дата] => 18.04.2018 07:52:28
    [Сообщение] => 
            Time start: 2018.04.18 07:52:15
            Taked : 10000 cities,
            Loaded from Database: 238461 cities
            Updated: 10000 cities
            Added: 0 cities
            Time end: 2018.04.28 07:52:28
    [Параметры запуска] => Array
        (
            [START] => 100000
            [LIMIT] => 10000
        )

    [Ошибки при выполнении] => Array
(
)

)


PROCESSING Step Complete:
Array
(
    [Дата] => 18.04.2018 07:57:42
    [Сообщение] => 
            Time start: 2018.04.18 07:57:28
            Taked : 10000 cities,
            Loaded from Database: 238461 cities
            Updated: 10000 cities
            Added: 0 cities
            Time end: 2018.04.42 07:57:42
    [Параметры запуска] => Array
        (
            [START] => 110000
            [LIMIT] => 10000
        )

    [Ошибки при выполнении] => Array
(
)

)


PROCESSING Step Complete:
Array
(
    [Дата] => 18.04.2018 08:02:55
    [Сообщение] => 
            Time start: 2018.04.18 08:02:42
            Taked : 10000 cities,
            Loaded from Database: 238461 cities
            Updated: 10000 cities
            Added: 0 cities
            Time end: 2018.04.55 08:02:55
    [Параметры запуска] => Array
        (
            [START] => 120000
            [LIMIT] => 10000
        )

    [Ошибки при выполнении] => Array
(
)

)


PROCESSING Step Complete:
Array
(
    [Дата] => 18.04.2018 08:08:09
    [Сообщение] => 
            Time start: 2018.04.18 08:07:55
            Taked : 10000 cities,
            Loaded from Database: 238461 cities
            Updated: 10000 cities
            Added: 0 cities
            Time end: 2018.04.09 08:08:09
    [Параметры запуска] => Array
        (
            [START] => 130000
            [LIMIT] => 10000
        )

    [Ошибки при выполнении] => Array
(
)

)


PROCESSING Step Complete:
Array
(
    [Дата] => 18.04.2018 08:13:22
    [Сообщение] => 
            Time start: 2018.04.18 08:13:09
            Taked : 10000 cities,
            Loaded from Database: 238461 cities
            Updated: 10000 cities
            Added: 0 cities
            Time end: 2018.04.22 08:13:22
    [Параметры запуска] => Array
        (
            [START] => 140000
            [LIMIT] => 10000
        )

    [Ошибки при выполнении] => Array
(
)

)


PROCESSING Step Complete:
Array
(
    [Дата] => 18.04.2018 08:18:36
    [Сообщение] => 
            Time start: 2018.04.18 08:18:22
            Taked : 10000 cities,
            Loaded from Database: 238461 cities
            Updated: 10000 cities
            Added: 0 cities
            Time end: 2018.04.36 08:18:36
    [Параметры запуска] => Array
        (
            [START] => 150000
            [LIMIT] => 10000
        )

    [Ошибки при выполнении] => Array
(
)

)


PROCESSING Step Complete:
Array
(
    [Дата] => 18.04.2018 08:23:49
    [Сообщение] => 
            Time start: 2018.04.18 08:23:36
            Taked : 10000 cities,
            Loaded from Database: 238461 cities
            Updated: 10000 cities
            Added: 0 cities
            Time end: 2018.04.49 08:23:49
    [Параметры запуска] => Array
        (
            [START] => 160000
            [LIMIT] => 10000
        )

    [Ошибки при выполнении] => Array
(
)

)


PROCESSING Step Complete:
Array
(
    [Дата] => 18.04.2018 08:29:02
    [Сообщение] => 
            Time start: 2018.04.18 08:28:49
            Taked : 10000 cities,
            Loaded from Database: 238461 cities
            Updated: 10000 cities
            Added: 0 cities
            Time end: 2018.04.02 08:29:02
    [Параметры запуска] => Array
        (
            [START] => 170000
            [LIMIT] => 10000
        )

    [Ошибки при выполнении] => Array
(
)

)


PROCESSING Step Complete:
Array
(
    [Дата] => 18.04.2018 08:34:15
    [Сообщение] => 
            Time start: 2018.04.18 08:34:02
            Taked : 10000 cities,
            Loaded from Database: 238461 cities
            Updated: 10000 cities
            Added: 0 cities
            Time end: 2018.04.15 08:34:15
    [Параметры запуска] => Array
        (
            [START] => 180000
            [LIMIT] => 10000
        )

    [Ошибки при выполнении] => Array
(
)

)


PROCESSING Step Complete:
Array
(
    [Дата] => 18.04.2018 08:39:28
    [Сообщение] => 
            Time start: 2018.04.18 08:39:15
            Taked : 10000 cities,
            Loaded from Database: 238461 cities
            Updated: 10000 cities
            Added: 0 cities
            Time end: 2018.04.28 08:39:28
    [Параметры запуска] => Array
        (
            [START] => 190000
            [LIMIT] => 10000
        )

    [Ошибки при выполнении] => Array
(
)

)


PROCESSING Step Complete:
Array
(
    [Дата] => 18.04.2018 08:44:40
    [Сообщение] => 
            Time start: 2018.04.18 08:44:28
            Taked : 10000 cities,
            Loaded from Database: 238461 cities
            Updated: 10000 cities
            Added: 0 cities
            Time end: 2018.04.40 08:44:40
    [Параметры запуска] => Array
        (
            [START] => 200000
            [LIMIT] => 10000
        )

    [Ошибки при выполнении] => Array
(
)

)


PROCESSING Step Complete:
Array
(
    [Дата] => 18.04.2018 08:49:54
    [Сообщение] => 
            Time start: 2018.04.18 08:49:40
            Taked : 10000 cities,
            Loaded from Database: 238461 cities
            Updated: 10000 cities
            Added: 0 cities
            Time end: 2018.04.54 08:49:54
    [Параметры запуска] => Array
        (
            [START] => 210000
            [LIMIT] => 10000
        )

    [Ошибки при выполнении] => Array
(
)

)


PROCESSING Step Complete:
Array
(
    [Дата] => 18.04.2018 08:55:08
    [Сообщение] => 
            Time start: 2018.04.18 08:54:54
            Taked : 10000 cities,
            Loaded from Database: 238461 cities
            Updated: 10000 cities
            Added: 0 cities
            Time end: 2018.04.08 08:55:08
    [Параметры запуска] => Array
        (
            [START] => 220000
            [LIMIT] => 10000
        )

    [Ошибки при выполнении] => Array
(
)

)


PROCESSING Complete:
Array
(
    [Дата] => 18.04.2018 09:00:20
    [Сообщение] => 
            Time start: 2018.04.18 09:00:08
            Taked : 8461 cities,
            Loaded from Database: 238461 cities
            Deleted: 0 cities,
            Updated: 8461 cities
            Added: 0 cities
            Time end: 2018.04.20 09:00:20
    [Параметры запуска] => Array
        (
            [START] => 230000
            [LIMIT] => 10000
        )

    [Ошибки при выполнении] => Array
(
)

)


