TRIGGER Complete:
Array
(
    [Дата] => 05.08.2018 07:00:04
    [Сообщение] => TRIGGER START
)


PROCESSING Step Complete:
Array
(
    [Дата] => 05.08.2018 07:00:33
    [Сообщение] => 
            Time start: 2018.08.05 07:00:04
            Taked : 10000 cities,
            Loaded from Database: 239409 cities
            Updated: 10000 cities
            Added: 0 cities
            Time end: 2018.08.33 07:00:33
    [Параметры запуска] => Array
        (
            [START] => 0
            [LIMIT] => 10000
        )

    [Ошибки при выполнении] => Array
(
)

)


PROCESSING Step Complete:
Array
(
    [Дата] => 05.08.2018 07:06:01
    [Сообщение] => 
            Time start: 2018.08.05 07:05:33
            Taked : 10000 cities,
            Loaded from Database: 239409 cities
            Updated: 10000 cities
            Added: 0 cities
            Time end: 2018.08.01 07:06:01
    [Параметры запуска] => Array
        (
            [START] => 10000
            [LIMIT] => 10000
        )

    [Ошибки при выполнении] => Array
(
)

)


PROCESSING Step Complete:
Array
(
    [Дата] => 05.08.2018 07:11:31
    [Сообщение] => 
            Time start: 2018.08.05 07:11:02
            Taked : 10000 cities,
            Loaded from Database: 239409 cities
            Updated: 10000 cities
            Added: 0 cities
            Time end: 2018.08.31 07:11:31
    [Параметры запуска] => Array
        (
            [START] => 20000
            [LIMIT] => 10000
        )

    [Ошибки при выполнении] => Array
(
)

)


PROCESSING Step Complete:
Array
(
    [Дата] => 05.08.2018 07:17:00
    [Сообщение] => 
            Time start: 2018.08.05 07:16:31
            Taked : 10000 cities,
            Loaded from Database: 239409 cities
            Updated: 10000 cities
            Added: 0 cities
            Time end: 2018.08.00 07:17:00
    [Параметры запуска] => Array
        (
            [START] => 30000
            [LIMIT] => 10000
        )

    [Ошибки при выполнении] => Array
(
)

)


PROCESSING Step Complete:
Array
(
    [Дата] => 05.08.2018 07:22:27
    [Сообщение] => 
            Time start: 2018.08.05 07:22:00
            Taked : 10000 cities,
            Loaded from Database: 239409 cities
            Updated: 10000 cities
            Added: 0 cities
            Time end: 2018.08.27 07:22:27
    [Параметры запуска] => Array
        (
            [START] => 40000
            [LIMIT] => 10000
        )

    [Ошибки при выполнении] => Array
(
)

)


PROCESSING Step Complete:
Array
(
    [Дата] => 05.08.2018 07:27:57
    [Сообщение] => 
            Time start: 2018.08.05 07:27:28
            Taked : 10000 cities,
            Loaded from Database: 239409 cities
            Updated: 10000 cities
            Added: 0 cities
            Time end: 2018.08.57 07:27:57
    [Параметры запуска] => Array
        (
            [START] => 50000
            [LIMIT] => 10000
        )

    [Ошибки при выполнении] => Array
(
)

)


PROCESSING Step Complete:
Array
(
    [Дата] => 05.08.2018 07:33:26
    [Сообщение] => 
            Time start: 2018.08.05 07:32:57
            Taked : 10000 cities,
            Loaded from Database: 239409 cities
            Updated: 10000 cities
            Added: 0 cities
            Time end: 2018.08.26 07:33:26
    [Параметры запуска] => Array
        (
            [START] => 60000
            [LIMIT] => 10000
        )

    [Ошибки при выполнении] => Array
(
)

)


PROCESSING Step Complete:
Array
(
    [Дата] => 05.08.2018 07:38:55
    [Сообщение] => 
            Time start: 2018.08.05 07:38:26
            Taked : 10000 cities,
            Loaded from Database: 239409 cities
            Updated: 10000 cities
            Added: 0 cities
            Time end: 2018.08.55 07:38:55
    [Параметры запуска] => Array
        (
            [START] => 70000
            [LIMIT] => 10000
        )

    [Ошибки при выполнении] => Array
(
)

)


PROCESSING Step Complete:
Array
(
    [Дата] => 05.08.2018 07:44:24
    [Сообщение] => 
            Time start: 2018.08.05 07:43:55
            Taked : 10000 cities,
            Loaded from Database: 239409 cities
            Updated: 10000 cities
            Added: 0 cities
            Time end: 2018.08.24 07:44:24
    [Параметры запуска] => Array
        (
            [START] => 80000
            [LIMIT] => 10000
        )

    [Ошибки при выполнении] => Array
(
)

)


PROCESSING Step Complete:
Array
(
    [Дата] => 05.08.2018 07:49:52
    [Сообщение] => 
            Time start: 2018.08.05 07:49:25
            Taked : 10000 cities,
            Loaded from Database: 239409 cities
            Updated: 10000 cities
            Added: 0 cities
            Time end: 2018.08.52 07:49:52
    [Параметры запуска] => Array
        (
            [START] => 90000
            [LIMIT] => 10000
        )

    [Ошибки при выполнении] => Array
(
)

)


PROCESSING Step Complete:
Array
(
    [Дата] => 05.08.2018 07:55:21
    [Сообщение] => 
            Time start: 2018.08.05 07:54:52
            Taked : 10000 cities,
            Loaded from Database: 239409 cities
            Updated: 10000 cities
            Added: 0 cities
            Time end: 2018.08.21 07:55:21
    [Параметры запуска] => Array
        (
            [START] => 100000
            [LIMIT] => 10000
        )

    [Ошибки при выполнении] => Array
(
)

)


PROCESSING Step Complete:
Array
(
    [Дата] => 05.08.2018 08:00:50
    [Сообщение] => 
            Time start: 2018.08.05 08:00:21
            Taked : 10000 cities,
            Loaded from Database: 239409 cities
            Updated: 10000 cities
            Added: 0 cities
            Time end: 2018.08.50 08:00:50
    [Параметры запуска] => Array
        (
            [START] => 110000
            [LIMIT] => 10000
        )

    [Ошибки при выполнении] => Array
(
)

)


PROCESSING Step Complete:
Array
(
    [Дата] => 05.08.2018 08:06:19
    [Сообщение] => 
            Time start: 2018.08.05 08:05:50
            Taked : 10000 cities,
            Loaded from Database: 239409 cities
            Updated: 10000 cities
            Added: 0 cities
            Time end: 2018.08.19 08:06:19
    [Параметры запуска] => Array
        (
            [START] => 120000
            [LIMIT] => 10000
        )

    [Ошибки при выполнении] => Array
(
)

)


PROCESSING Step Complete:
Array
(
    [Дата] => 05.08.2018 08:11:48
    [Сообщение] => 
            Time start: 2018.08.05 08:11:19
            Taked : 10000 cities,
            Loaded from Database: 239409 cities
            Updated: 10000 cities
            Added: 0 cities
            Time end: 2018.08.48 08:11:48
    [Параметры запуска] => Array
        (
            [START] => 130000
            [LIMIT] => 10000
        )

    [Ошибки при выполнении] => Array
(
)

)


PROCESSING Step Complete:
Array
(
    [Дата] => 05.08.2018 08:17:17
    [Сообщение] => 
            Time start: 2018.08.05 08:16:48
            Taked : 10000 cities,
            Loaded from Database: 239409 cities
            Updated: 10000 cities
            Added: 0 cities
            Time end: 2018.08.17 08:17:17
    [Параметры запуска] => Array
        (
            [START] => 140000
            [LIMIT] => 10000
        )

    [Ошибки при выполнении] => Array
(
)

)


PROCESSING Step Complete:
Array
(
    [Дата] => 05.08.2018 08:22:45
    [Сообщение] => 
            Time start: 2018.08.05 08:22:17
            Taked : 10000 cities,
            Loaded from Database: 239409 cities
            Updated: 10000 cities
            Added: 0 cities
            Time end: 2018.08.45 08:22:45
    [Параметры запуска] => Array
        (
            [START] => 150000
            [LIMIT] => 10000
        )

    [Ошибки при выполнении] => Array
(
)

)


PROCESSING Step Complete:
Array
(
    [Дата] => 05.08.2018 08:28:14
    [Сообщение] => 
            Time start: 2018.08.05 08:27:45
            Taked : 10000 cities,
            Loaded from Database: 239409 cities
            Updated: 10000 cities
            Added: 0 cities
            Time end: 2018.08.14 08:28:14
    [Параметры запуска] => Array
        (
            [START] => 160000
            [LIMIT] => 10000
        )

    [Ошибки при выполнении] => Array
(
)

)


PROCESSING Step Complete:
Array
(
    [Дата] => 05.08.2018 08:33:43
    [Сообщение] => 
            Time start: 2018.08.05 08:33:15
            Taked : 10000 cities,
            Loaded from Database: 239409 cities
            Updated: 10000 cities
            Added: 0 cities
            Time end: 2018.08.43 08:33:43
    [Параметры запуска] => Array
        (
            [START] => 170000
            [LIMIT] => 10000
        )

    [Ошибки при выполнении] => Array
(
)

)


PROCESSING Step Complete:
Array
(
    [Дата] => 05.08.2018 08:39:13
    [Сообщение] => 
            Time start: 2018.08.05 08:38:43
            Taked : 10000 cities,
            Loaded from Database: 239409 cities
            Updated: 10000 cities
            Added: 0 cities
            Time end: 2018.08.13 08:39:13
    [Параметры запуска] => Array
        (
            [START] => 180000
            [LIMIT] => 10000
        )

    [Ошибки при выполнении] => Array
(
)

)


PROCESSING Step Complete:
Array
(
    [Дата] => 05.08.2018 08:44:42
    [Сообщение] => 
            Time start: 2018.08.05 08:44:13
            Taked : 10000 cities,
            Loaded from Database: 239409 cities
            Updated: 10000 cities
            Added: 0 cities
            Time end: 2018.08.42 08:44:42
    [Параметры запуска] => Array
        (
            [START] => 190000
            [LIMIT] => 10000
        )

    [Ошибки при выполнении] => Array
(
)

)


PROCESSING Step Complete:
Array
(
    [Дата] => 05.08.2018 08:50:12
    [Сообщение] => 
            Time start: 2018.08.05 08:49:43
            Taked : 10000 cities,
            Loaded from Database: 239409 cities
            Updated: 10000 cities
            Added: 0 cities
            Time end: 2018.08.12 08:50:12
    [Параметры запуска] => Array
        (
            [START] => 200000
            [LIMIT] => 10000
        )

    [Ошибки при выполнении] => Array
(
)

)


PROCESSING Step Complete:
Array
(
    [Дата] => 05.08.2018 08:55:41
    [Сообщение] => 
            Time start: 2018.08.05 08:55:12
            Taked : 10000 cities,
            Loaded from Database: 239409 cities
            Updated: 10000 cities
            Added: 0 cities
            Time end: 2018.08.41 08:55:41
    [Параметры запуска] => Array
        (
            [START] => 210000
            [LIMIT] => 10000
        )

    [Ошибки при выполнении] => Array
(
)

)


PROCESSING Step Complete:
Array
(
    [Дата] => 05.08.2018 09:01:09
    [Сообщение] => 
            Time start: 2018.08.05 09:00:41
            Taked : 10000 cities,
            Loaded from Database: 239409 cities
            Updated: 10000 cities
            Added: 0 cities
            Time end: 2018.08.09 09:01:09
    [Параметры запуска] => Array
        (
            [START] => 220000
            [LIMIT] => 10000
        )

    [Ошибки при выполнении] => Array
(
)

)


PROCESSING Complete:
Array
(
    [Дата] => 05.08.2018 09:06:37
    [Сообщение] => 
            Time start: 2018.08.05 09:06:10
            Taked : 9409 cities,
            Loaded from Database: 239409 cities
            Deleted: 0 cities,
            Updated: 9409 cities
            Added: 0 cities
            Time end: 2018.08.37 09:06:37
    [Параметры запуска] => Array
        (
            [START] => 230000
            [LIMIT] => 10000
        )

    [Ошибки при выполнении] => Array
(
)

)


