TRIGGER Complete:
Array
(
    [Дата] => 08.08.2018 07:00:03
    [Сообщение] => TRIGGER START
)


PROCESSING Step Complete:
Array
(
    [Дата] => 08.08.2018 07:00:31
    [Сообщение] => 
            Time start: 2018.08.08 07:00:03
            Taked : 10000 cities,
            Loaded from Database: 239411 cities
            Updated: 10000 cities
            Added: 0 cities
            Time end: 2018.08.31 07:00:31
    [Параметры запуска] => Array
        (
            [START] => 0
            [LIMIT] => 10000
        )

    [Ошибки при выполнении] => Array
(
)

)


PROCESSING Step Complete:
Array
(
    [Дата] => 08.08.2018 07:06:00
    [Сообщение] => 
            Time start: 2018.08.08 07:05:31
            Taked : 10000 cities,
            Loaded from Database: 239411 cities
            Updated: 10000 cities
            Added: 0 cities
            Time end: 2018.08.00 07:06:00
    [Параметры запуска] => Array
        (
            [START] => 10000
            [LIMIT] => 10000
        )

    [Ошибки при выполнении] => Array
(
)

)


PROCESSING Step Complete:
Array
(
    [Дата] => 08.08.2018 07:11:29
    [Сообщение] => 
            Time start: 2018.08.08 07:11:00
            Taked : 10000 cities,
            Loaded from Database: 239411 cities
            Updated: 10000 cities
            Added: 0 cities
            Time end: 2018.08.29 07:11:29
    [Параметры запуска] => Array
        (
            [START] => 20000
            [LIMIT] => 10000
        )

    [Ошибки при выполнении] => Array
(
)

)


PROCESSING Step Complete:
Array
(
    [Дата] => 08.08.2018 07:16:59
    [Сообщение] => 
            Time start: 2018.08.08 07:16:30
            Taked : 10000 cities,
            Loaded from Database: 239411 cities
            Updated: 10000 cities
            Added: 0 cities
            Time end: 2018.08.59 07:16:59
    [Параметры запуска] => Array
        (
            [START] => 30000
            [LIMIT] => 10000
        )

    [Ошибки при выполнении] => Array
(
)

)


PROCESSING Step Complete:
Array
(
    [Дата] => 08.08.2018 07:22:27
    [Сообщение] => 
            Time start: 2018.08.08 07:21:59
            Taked : 10000 cities,
            Loaded from Database: 239411 cities
            Updated: 10000 cities
            Added: 0 cities
            Time end: 2018.08.27 07:22:27
    [Параметры запуска] => Array
        (
            [START] => 40000
            [LIMIT] => 10000
        )

    [Ошибки при выполнении] => Array
(
)

)


PROCESSING Step Complete:
Array
(
    [Дата] => 08.08.2018 07:27:56
    [Сообщение] => 
            Time start: 2018.08.08 07:27:28
            Taked : 10000 cities,
            Loaded from Database: 239411 cities
            Updated: 10000 cities
            Added: 0 cities
            Time end: 2018.08.56 07:27:56
    [Параметры запуска] => Array
        (
            [START] => 50000
            [LIMIT] => 10000
        )

    [Ошибки при выполнении] => Array
(
)

)


PROCESSING Step Complete:
Array
(
    [Дата] => 08.08.2018 07:33:25
    [Сообщение] => 
            Time start: 2018.08.08 07:32:57
            Taked : 10000 cities,
            Loaded from Database: 239411 cities
            Updated: 10000 cities
            Added: 0 cities
            Time end: 2018.08.25 07:33:25
    [Параметры запуска] => Array
        (
            [START] => 60000
            [LIMIT] => 10000
        )

    [Ошибки при выполнении] => Array
(
)

)


PROCESSING Step Complete:
Array
(
    [Дата] => 08.08.2018 07:38:55
    [Сообщение] => 
            Time start: 2018.08.08 07:38:26
            Taked : 10000 cities,
            Loaded from Database: 239411 cities
            Updated: 10000 cities
            Added: 0 cities
            Time end: 2018.08.55 07:38:55
    [Параметры запуска] => Array
        (
            [START] => 70000
            [LIMIT] => 10000
        )

    [Ошибки при выполнении] => Array
(
)

)


PROCESSING Step Complete:
Array
(
    [Дата] => 08.08.2018 07:44:24
    [Сообщение] => 
            Time start: 2018.08.08 07:43:55
            Taked : 10000 cities,
            Loaded from Database: 239411 cities
            Updated: 10000 cities
            Added: 0 cities
            Time end: 2018.08.24 07:44:24
    [Параметры запуска] => Array
        (
            [START] => 80000
            [LIMIT] => 10000
        )

    [Ошибки при выполнении] => Array
(
)

)


PROCESSING Step Complete:
Array
(
    [Дата] => 08.08.2018 07:49:53
    [Сообщение] => 
            Time start: 2018.08.08 07:49:24
            Taked : 10000 cities,
            Loaded from Database: 239411 cities
            Updated: 10000 cities
            Added: 0 cities
            Time end: 2018.08.53 07:49:53
    [Параметры запуска] => Array
        (
            [START] => 90000
            [LIMIT] => 10000
        )

    [Ошибки при выполнении] => Array
(
)

)


PROCESSING Step Complete:
Array
(
    [Дата] => 08.08.2018 07:55:22
    [Сообщение] => 
            Time start: 2018.08.08 07:54:53
            Taked : 10000 cities,
            Loaded from Database: 239411 cities
            Updated: 10000 cities
            Added: 0 cities
            Time end: 2018.08.22 07:55:22
    [Параметры запуска] => Array
        (
            [START] => 100000
            [LIMIT] => 10000
        )

    [Ошибки при выполнении] => Array
(
)

)


PROCESSING Step Complete:
Array
(
    [Дата] => 08.08.2018 08:00:51
    [Сообщение] => 
            Time start: 2018.08.08 08:00:22
            Taked : 10000 cities,
            Loaded from Database: 239411 cities
            Updated: 10000 cities
            Added: 0 cities
            Time end: 2018.08.51 08:00:51
    [Параметры запуска] => Array
        (
            [START] => 110000
            [LIMIT] => 10000
        )

    [Ошибки при выполнении] => Array
(
)

)


PROCESSING Step Complete:
Array
(
    [Дата] => 08.08.2018 08:06:20
    [Сообщение] => 
            Time start: 2018.08.08 08:05:51
            Taked : 10000 cities,
            Loaded from Database: 239411 cities
            Updated: 10000 cities
            Added: 0 cities
            Time end: 2018.08.20 08:06:20
    [Параметры запуска] => Array
        (
            [START] => 120000
            [LIMIT] => 10000
        )

    [Ошибки при выполнении] => Array
(
)

)


PROCESSING Step Complete:
Array
(
    [Дата] => 08.08.2018 08:11:49
    [Сообщение] => 
            Time start: 2018.08.08 08:11:20
            Taked : 10000 cities,
            Loaded from Database: 239411 cities
            Updated: 10000 cities
            Added: 0 cities
            Time end: 2018.08.49 08:11:49
    [Параметры запуска] => Array
        (
            [START] => 130000
            [LIMIT] => 10000
        )

    [Ошибки при выполнении] => Array
(
)

)


PROCESSING Step Complete:
Array
(
    [Дата] => 08.08.2018 08:17:18
    [Сообщение] => 
            Time start: 2018.08.08 08:16:49
            Taked : 10000 cities,
            Loaded from Database: 239411 cities
            Updated: 10000 cities
            Added: 0 cities
            Time end: 2018.08.18 08:17:18
    [Параметры запуска] => Array
        (
            [START] => 140000
            [LIMIT] => 10000
        )

    [Ошибки при выполнении] => Array
(
)

)


PROCESSING Step Complete:
Array
(
    [Дата] => 08.08.2018 08:22:47
    [Сообщение] => 
            Time start: 2018.08.08 08:22:18
            Taked : 10000 cities,
            Loaded from Database: 239411 cities
            Updated: 10000 cities
            Added: 0 cities
            Time end: 2018.08.47 08:22:47
    [Параметры запуска] => Array
        (
            [START] => 150000
            [LIMIT] => 10000
        )

    [Ошибки при выполнении] => Array
(
)

)


PROCESSING Step Complete:
Array
(
    [Дата] => 08.08.2018 08:28:16
    [Сообщение] => 
            Time start: 2018.08.08 08:27:47
            Taked : 10000 cities,
            Loaded from Database: 239411 cities
            Updated: 10000 cities
            Added: 0 cities
            Time end: 2018.08.16 08:28:16
    [Параметры запуска] => Array
        (
            [START] => 160000
            [LIMIT] => 10000
        )

    [Ошибки при выполнении] => Array
(
)

)


PROCESSING Step Complete:
Array
(
    [Дата] => 08.08.2018 08:33:45
    [Сообщение] => 
            Time start: 2018.08.08 08:33:17
            Taked : 10000 cities,
            Loaded from Database: 239411 cities
            Updated: 10000 cities
            Added: 0 cities
            Time end: 2018.08.45 08:33:45
    [Параметры запуска] => Array
        (
            [START] => 170000
            [LIMIT] => 10000
        )

    [Ошибки при выполнении] => Array
(
)

)


PROCESSING Step Complete:
Array
(
    [Дата] => 08.08.2018 08:39:14
    [Сообщение] => 
            Time start: 2018.08.08 08:38:45
            Taked : 10000 cities,
            Loaded from Database: 239411 cities
            Updated: 10000 cities
            Added: 0 cities
            Time end: 2018.08.14 08:39:14
    [Параметры запуска] => Array
        (
            [START] => 180000
            [LIMIT] => 10000
        )

    [Ошибки при выполнении] => Array
(
)

)


PROCESSING Step Complete:
Array
(
    [Дата] => 08.08.2018 08:44:43
    [Сообщение] => 
            Time start: 2018.08.08 08:44:14
            Taked : 10000 cities,
            Loaded from Database: 239411 cities
            Updated: 10000 cities
            Added: 0 cities
            Time end: 2018.08.43 08:44:43
    [Параметры запуска] => Array
        (
            [START] => 190000
            [LIMIT] => 10000
        )

    [Ошибки при выполнении] => Array
(
)

)


PROCESSING Step Complete:
Array
(
    [Дата] => 08.08.2018 08:50:12
    [Сообщение] => 
            Time start: 2018.08.08 08:49:43
            Taked : 10000 cities,
            Loaded from Database: 239411 cities
            Updated: 9997 cities
            Added: 3 cities
            Time end: 2018.08.12 08:50:12
    [Параметры запуска] => Array
        (
            [START] => 200000
            [LIMIT] => 10000
        )

    [Ошибки при выполнении] => Array
(
)

)


PROCESSING Step Complete:
Array
(
    [Дата] => 08.08.2018 08:55:41
    [Сообщение] => 
            Time start: 2018.08.08 08:55:12
            Taked : 10000 cities,
            Loaded from Database: 239414 cities
            Updated: 10000 cities
            Added: 0 cities
            Time end: 2018.08.41 08:55:41
    [Параметры запуска] => Array
        (
            [START] => 210000
            [LIMIT] => 10000
        )

    [Ошибки при выполнении] => Array
(
)

)


PROCESSING Step Complete:
Array
(
    [Дата] => 08.08.2018 09:01:10
    [Сообщение] => 
            Time start: 2018.08.08 09:00:41
            Taked : 10000 cities,
            Loaded from Database: 239414 cities
            Updated: 10000 cities
            Added: 0 cities
            Time end: 2018.08.10 09:01:10
    [Параметры запуска] => Array
        (
            [START] => 220000
            [LIMIT] => 10000
        )

    [Ошибки при выполнении] => Array
(
)

)


PROCESSING Complete:
Array
(
    [Дата] => 08.08.2018 09:06:38
    [Сообщение] => 
            Time start: 2018.08.08 09:06:10
            Taked : 9414 cities,
            Loaded from Database: 239414 cities
            Deleted: 0 cities,
            Updated: 9414 cities
            Added: 0 cities
            Time end: 2018.08.38 09:06:38
    [Параметры запуска] => Array
        (
            [START] => 230000
            [LIMIT] => 10000
        )

    [Ошибки при выполнении] => Array
(
)

)


