TRIGGER Complete:
Array
(
    [Дата] => 13.08.2018 07:00:03
    [Сообщение] => TRIGGER START
)


PROCESSING Step Complete:
Array
(
    [Дата] => 13.08.2018 07:00:33
    [Сообщение] => 
            Time start: 2018.08.13 07:00:03
            Taked : 10000 cities,
            Loaded from Database: 239424 cities
            Updated: 10000 cities
            Added: 0 cities
            Time end: 2018.08.33 07:00:33
    [Параметры запуска] => Array
        (
            [START] => 0
            [LIMIT] => 10000
        )

    [Ошибки при выполнении] => Array
(
)

)


PROCESSING Step Complete:
Array
(
    [Дата] => 13.08.2018 07:06:02
    [Сообщение] => 
            Time start: 2018.08.13 07:05:33
            Taked : 10000 cities,
            Loaded from Database: 239424 cities
            Updated: 10000 cities
            Added: 0 cities
            Time end: 2018.08.02 07:06:02
    [Параметры запуска] => Array
        (
            [START] => 10000
            [LIMIT] => 10000
        )

    [Ошибки при выполнении] => Array
(
)

)


PROCESSING Step Complete:
Array
(
    [Дата] => 13.08.2018 07:11:31
    [Сообщение] => 
            Time start: 2018.08.13 07:11:02
            Taked : 10000 cities,
            Loaded from Database: 239424 cities
            Updated: 10000 cities
            Added: 0 cities
            Time end: 2018.08.31 07:11:31
    [Параметры запуска] => Array
        (
            [START] => 20000
            [LIMIT] => 10000
        )

    [Ошибки при выполнении] => Array
(
)

)


PROCESSING Step Complete:
Array
(
    [Дата] => 13.08.2018 07:17:00
    [Сообщение] => 
            Time start: 2018.08.13 07:16:31
            Taked : 10000 cities,
            Loaded from Database: 239424 cities
            Updated: 10000 cities
            Added: 0 cities
            Time end: 2018.08.00 07:17:00
    [Параметры запуска] => Array
        (
            [START] => 30000
            [LIMIT] => 10000
        )

    [Ошибки при выполнении] => Array
(
)

)


PROCESSING Step Complete:
Array
(
    [Дата] => 13.08.2018 07:22:29
    [Сообщение] => 
            Time start: 2018.08.13 07:22:00
            Taked : 10000 cities,
            Loaded from Database: 239424 cities
            Updated: 10000 cities
            Added: 0 cities
            Time end: 2018.08.29 07:22:29
    [Параметры запуска] => Array
        (
            [START] => 40000
            [LIMIT] => 10000
        )

    [Ошибки при выполнении] => Array
(
)

)


PROCESSING Step Complete:
Array
(
    [Дата] => 13.08.2018 07:27:58
    [Сообщение] => 
            Time start: 2018.08.13 07:27:29
            Taked : 10000 cities,
            Loaded from Database: 239424 cities
            Updated: 10000 cities
            Added: 0 cities
            Time end: 2018.08.58 07:27:58
    [Параметры запуска] => Array
        (
            [START] => 50000
            [LIMIT] => 10000
        )

    [Ошибки при выполнении] => Array
(
)

)


PROCESSING Step Complete:
Array
(
    [Дата] => 13.08.2018 07:33:27
    [Сообщение] => 
            Time start: 2018.08.13 07:32:58
            Taked : 10000 cities,
            Loaded from Database: 239424 cities
            Updated: 10000 cities
            Added: 0 cities
            Time end: 2018.08.27 07:33:27
    [Параметры запуска] => Array
        (
            [START] => 60000
            [LIMIT] => 10000
        )

    [Ошибки при выполнении] => Array
(
)

)


PROCESSING Step Complete:
Array
(
    [Дата] => 13.08.2018 07:38:56
    [Сообщение] => 
            Time start: 2018.08.13 07:38:27
            Taked : 10000 cities,
            Loaded from Database: 239424 cities
            Updated: 10000 cities
            Added: 0 cities
            Time end: 2018.08.56 07:38:56
    [Параметры запуска] => Array
        (
            [START] => 70000
            [LIMIT] => 10000
        )

    [Ошибки при выполнении] => Array
(
)

)


PROCESSING Step Complete:
Array
(
    [Дата] => 13.08.2018 07:44:25
    [Сообщение] => 
            Time start: 2018.08.13 07:43:56
            Taked : 10000 cities,
            Loaded from Database: 239424 cities
            Updated: 10000 cities
            Added: 0 cities
            Time end: 2018.08.25 07:44:25
    [Параметры запуска] => Array
        (
            [START] => 80000
            [LIMIT] => 10000
        )

    [Ошибки при выполнении] => Array
(
)

)


PROCESSING Step Complete:
Array
(
    [Дата] => 13.08.2018 07:49:54
    [Сообщение] => 
            Time start: 2018.08.13 07:49:25
            Taked : 10000 cities,
            Loaded from Database: 239424 cities
            Updated: 10000 cities
            Added: 0 cities
            Time end: 2018.08.54 07:49:54
    [Параметры запуска] => Array
        (
            [START] => 90000
            [LIMIT] => 10000
        )

    [Ошибки при выполнении] => Array
(
)

)


PROCESSING Step Complete:
Array
(
    [Дата] => 13.08.2018 07:55:23
    [Сообщение] => 
            Time start: 2018.08.13 07:54:54
            Taked : 10000 cities,
            Loaded from Database: 239424 cities
            Updated: 10000 cities
            Added: 0 cities
            Time end: 2018.08.23 07:55:23
    [Параметры запуска] => Array
        (
            [START] => 100000
            [LIMIT] => 10000
        )

    [Ошибки при выполнении] => Array
(
)

)


PROCESSING Step Complete:
Array
(
    [Дата] => 13.08.2018 08:00:52
    [Сообщение] => 
            Time start: 2018.08.13 08:00:23
            Taked : 10000 cities,
            Loaded from Database: 239424 cities
            Updated: 10000 cities
            Added: 0 cities
            Time end: 2018.08.52 08:00:52
    [Параметры запуска] => Array
        (
            [START] => 110000
            [LIMIT] => 10000
        )

    [Ошибки при выполнении] => Array
(
)

)


PROCESSING Step Complete:
Array
(
    [Дата] => 13.08.2018 08:06:21
    [Сообщение] => 
            Time start: 2018.08.13 08:05:52
            Taked : 10000 cities,
            Loaded from Database: 239424 cities
            Updated: 10000 cities
            Added: 0 cities
            Time end: 2018.08.21 08:06:21
    [Параметры запуска] => Array
        (
            [START] => 120000
            [LIMIT] => 10000
        )

    [Ошибки при выполнении] => Array
(
)

)


PROCESSING Step Complete:
Array
(
    [Дата] => 13.08.2018 08:11:49
    [Сообщение] => 
            Time start: 2018.08.13 08:11:21
            Taked : 10000 cities,
            Loaded from Database: 239424 cities
            Updated: 10000 cities
            Added: 0 cities
            Time end: 2018.08.49 08:11:49
    [Параметры запуска] => Array
        (
            [START] => 130000
            [LIMIT] => 10000
        )

    [Ошибки при выполнении] => Array
(
)

)


PROCESSING Step Complete:
Array
(
    [Дата] => 13.08.2018 08:17:18
    [Сообщение] => 
            Time start: 2018.08.13 08:16:49
            Taked : 10000 cities,
            Loaded from Database: 239424 cities
            Updated: 10000 cities
            Added: 0 cities
            Time end: 2018.08.18 08:17:18
    [Параметры запуска] => Array
        (
            [START] => 140000
            [LIMIT] => 10000
        )

    [Ошибки при выполнении] => Array
(
)

)


PROCESSING Step Complete:
Array
(
    [Дата] => 13.08.2018 08:22:47
    [Сообщение] => 
            Time start: 2018.08.13 08:22:18
            Taked : 10000 cities,
            Loaded from Database: 239424 cities
            Updated: 10000 cities
            Added: 0 cities
            Time end: 2018.08.47 08:22:47
    [Параметры запуска] => Array
        (
            [START] => 150000
            [LIMIT] => 10000
        )

    [Ошибки при выполнении] => Array
(
)

)


PROCESSING Step Complete:
Array
(
    [Дата] => 13.08.2018 08:28:16
    [Сообщение] => 
            Time start: 2018.08.13 08:27:47
            Taked : 10000 cities,
            Loaded from Database: 239424 cities
            Updated: 10000 cities
            Added: 0 cities
            Time end: 2018.08.16 08:28:16
    [Параметры запуска] => Array
        (
            [START] => 160000
            [LIMIT] => 10000
        )

    [Ошибки при выполнении] => Array
(
)

)


PROCESSING Step Complete:
Array
(
    [Дата] => 13.08.2018 08:33:46
    [Сообщение] => 
            Time start: 2018.08.13 08:33:16
            Taked : 10000 cities,
            Loaded from Database: 239424 cities
            Updated: 10000 cities
            Added: 0 cities
            Time end: 2018.08.46 08:33:46
    [Параметры запуска] => Array
        (
            [START] => 170000
            [LIMIT] => 10000
        )

    [Ошибки при выполнении] => Array
(
)

)


PROCESSING Step Complete:
Array
(
    [Дата] => 13.08.2018 08:39:15
    [Сообщение] => 
            Time start: 2018.08.13 08:38:46
            Taked : 10000 cities,
            Loaded from Database: 239424 cities
            Updated: 10000 cities
            Added: 0 cities
            Time end: 2018.08.15 08:39:15
    [Параметры запуска] => Array
        (
            [START] => 180000
            [LIMIT] => 10000
        )

    [Ошибки при выполнении] => Array
(
)

)


PROCESSING Step Complete:
Array
(
    [Дата] => 13.08.2018 08:44:44
    [Сообщение] => 
            Time start: 2018.08.13 08:44:15
            Taked : 10000 cities,
            Loaded from Database: 239424 cities
            Updated: 10000 cities
            Added: 0 cities
            Time end: 2018.08.44 08:44:44
    [Параметры запуска] => Array
        (
            [START] => 190000
            [LIMIT] => 10000
        )

    [Ошибки при выполнении] => Array
(
)

)


PROCESSING Step Complete:
Array
(
    [Дата] => 13.08.2018 08:50:14
    [Сообщение] => 
            Time start: 2018.08.13 08:49:44
            Taked : 10000 cities,
            Loaded from Database: 239424 cities
            Updated: 10000 cities
            Added: 0 cities
            Time end: 2018.08.14 08:50:14
    [Параметры запуска] => Array
        (
            [START] => 200000
            [LIMIT] => 10000
        )

    [Ошибки при выполнении] => Array
(
)

)


PROCESSING Step Complete:
Array
(
    [Дата] => 13.08.2018 08:55:42
    [Сообщение] => 
            Time start: 2018.08.13 08:55:14
            Taked : 10000 cities,
            Loaded from Database: 239424 cities
            Updated: 10000 cities
            Added: 0 cities
            Time end: 2018.08.42 08:55:42
    [Параметры запуска] => Array
        (
            [START] => 210000
            [LIMIT] => 10000
        )

    [Ошибки при выполнении] => Array
(
)

)


PROCESSING Step Complete:
Array
(
    [Дата] => 13.08.2018 09:01:12
    [Сообщение] => 
            Time start: 2018.08.13 09:00:42
            Taked : 10000 cities,
            Loaded from Database: 239424 cities
            Updated: 10000 cities
            Added: 0 cities
            Time end: 2018.08.12 09:01:12
    [Параметры запуска] => Array
        (
            [START] => 220000
            [LIMIT] => 10000
        )

    [Ошибки при выполнении] => Array
(
)

)


PROCESSING Complete:
Array
(
    [Дата] => 13.08.2018 09:06:39
    [Сообщение] => 
            Time start: 2018.08.13 09:06:12
            Taked : 9424 cities,
            Loaded from Database: 239424 cities
            Deleted: 0 cities,
            Updated: 9424 cities
            Added: 0 cities
            Time end: 2018.08.39 09:06:39
    [Параметры запуска] => Array
        (
            [START] => 230000
            [LIMIT] => 10000
        )

    [Ошибки при выполнении] => Array
(
)

)


