TRIGGER Complete:
Array
(
    [Дата] => 12.08.2018 07:00:04
    [Сообщение] => TRIGGER START
)


PROCESSING Step Complete:
Array
(
    [Дата] => 12.08.2018 07:00:33
    [Сообщение] => 
            Time start: 2018.08.12 07:00:04
            Taked : 10000 cities,
            Loaded from Database: 239421 cities
            Updated: 10000 cities
            Added: 0 cities
            Time end: 2018.08.33 07:00:33
    [Параметры запуска] => Array
        (
            [START] => 0
            [LIMIT] => 10000
        )

    [Ошибки при выполнении] => Array
(
)

)


PROCESSING Step Complete:
Array
(
    [Дата] => 12.08.2018 07:06:02
    [Сообщение] => 
            Time start: 2018.08.12 07:05:33
            Taked : 10000 cities,
            Loaded from Database: 239421 cities
            Updated: 10000 cities
            Added: 0 cities
            Time end: 2018.08.02 07:06:02
    [Параметры запуска] => Array
        (
            [START] => 10000
            [LIMIT] => 10000
        )

    [Ошибки при выполнении] => Array
(
)

)


PROCESSING Step Complete:
Array
(
    [Дата] => 12.08.2018 07:11:31
    [Сообщение] => 
            Time start: 2018.08.12 07:11:02
            Taked : 10000 cities,
            Loaded from Database: 239421 cities
            Updated: 10000 cities
            Added: 0 cities
            Time end: 2018.08.31 07:11:31
    [Параметры запуска] => Array
        (
            [START] => 20000
            [LIMIT] => 10000
        )

    [Ошибки при выполнении] => Array
(
)

)


PROCESSING Step Complete:
Array
(
    [Дата] => 12.08.2018 07:17:00
    [Сообщение] => 
            Time start: 2018.08.12 07:16:31
            Taked : 10000 cities,
            Loaded from Database: 239421 cities
            Updated: 10000 cities
            Added: 0 cities
            Time end: 2018.08.00 07:17:00
    [Параметры запуска] => Array
        (
            [START] => 30000
            [LIMIT] => 10000
        )

    [Ошибки при выполнении] => Array
(
)

)


PROCESSING Step Complete:
Array
(
    [Дата] => 12.08.2018 07:22:29
    [Сообщение] => 
            Time start: 2018.08.12 07:22:00
            Taked : 10000 cities,
            Loaded from Database: 239421 cities
            Updated: 10000 cities
            Added: 0 cities
            Time end: 2018.08.29 07:22:29
    [Параметры запуска] => Array
        (
            [START] => 40000
            [LIMIT] => 10000
        )

    [Ошибки при выполнении] => Array
(
)

)


PROCESSING Step Complete:
Array
(
    [Дата] => 12.08.2018 07:27:58
    [Сообщение] => 
            Time start: 2018.08.12 07:27:29
            Taked : 10000 cities,
            Loaded from Database: 239421 cities
            Updated: 10000 cities
            Added: 0 cities
            Time end: 2018.08.58 07:27:58
    [Параметры запуска] => Array
        (
            [START] => 50000
            [LIMIT] => 10000
        )

    [Ошибки при выполнении] => Array
(
)

)


PROCESSING Step Complete:
Array
(
    [Дата] => 12.08.2018 07:33:27
    [Сообщение] => 
            Time start: 2018.08.12 07:32:58
            Taked : 10000 cities,
            Loaded from Database: 239421 cities
            Updated: 10000 cities
            Added: 0 cities
            Time end: 2018.08.27 07:33:27
    [Параметры запуска] => Array
        (
            [START] => 60000
            [LIMIT] => 10000
        )

    [Ошибки при выполнении] => Array
(
)

)


PROCESSING Step Complete:
Array
(
    [Дата] => 12.08.2018 07:38:57
    [Сообщение] => 
            Time start: 2018.08.12 07:38:27
            Taked : 10000 cities,
            Loaded from Database: 239421 cities
            Updated: 10000 cities
            Added: 0 cities
            Time end: 2018.08.57 07:38:57
    [Параметры запуска] => Array
        (
            [START] => 70000
            [LIMIT] => 10000
        )

    [Ошибки при выполнении] => Array
(
)

)


PROCESSING Step Complete:
Array
(
    [Дата] => 12.08.2018 07:44:26
    [Сообщение] => 
            Time start: 2018.08.12 07:43:57
            Taked : 10000 cities,
            Loaded from Database: 239421 cities
            Updated: 10000 cities
            Added: 0 cities
            Time end: 2018.08.26 07:44:26
    [Параметры запуска] => Array
        (
            [START] => 80000
            [LIMIT] => 10000
        )

    [Ошибки при выполнении] => Array
(
)

)


PROCESSING Step Complete:
Array
(
    [Дата] => 12.08.2018 07:49:55
    [Сообщение] => 
            Time start: 2018.08.12 07:49:26
            Taked : 10000 cities,
            Loaded from Database: 239421 cities
            Updated: 10000 cities
            Added: 0 cities
            Time end: 2018.08.55 07:49:55
    [Параметры запуска] => Array
        (
            [START] => 90000
            [LIMIT] => 10000
        )

    [Ошибки при выполнении] => Array
(
)

)


PROCESSING Step Complete:
Array
(
    [Дата] => 12.08.2018 07:55:24
    [Сообщение] => 
            Time start: 2018.08.12 07:54:55
            Taked : 10000 cities,
            Loaded from Database: 239421 cities
            Updated: 10000 cities
            Added: 0 cities
            Time end: 2018.08.24 07:55:24
    [Параметры запуска] => Array
        (
            [START] => 100000
            [LIMIT] => 10000
        )

    [Ошибки при выполнении] => Array
(
)

)


PROCESSING Step Complete:
Array
(
    [Дата] => 12.08.2018 08:00:53
    [Сообщение] => 
            Time start: 2018.08.12 08:00:24
            Taked : 10000 cities,
            Loaded from Database: 239421 cities
            Updated: 10000 cities
            Added: 0 cities
            Time end: 2018.08.53 08:00:53
    [Параметры запуска] => Array
        (
            [START] => 110000
            [LIMIT] => 10000
        )

    [Ошибки при выполнении] => Array
(
)

)


PROCESSING Step Complete:
Array
(
    [Дата] => 12.08.2018 08:06:22
    [Сообщение] => 
            Time start: 2018.08.12 08:05:53
            Taked : 10000 cities,
            Loaded from Database: 239421 cities
            Updated: 10000 cities
            Added: 0 cities
            Time end: 2018.08.22 08:06:22
    [Параметры запуска] => Array
        (
            [START] => 120000
            [LIMIT] => 10000
        )

    [Ошибки при выполнении] => Array
(
)

)


PROCESSING Step Complete:
Array
(
    [Дата] => 12.08.2018 08:11:51
    [Сообщение] => 
            Time start: 2018.08.12 08:11:22
            Taked : 10000 cities,
            Loaded from Database: 239421 cities
            Updated: 10000 cities
            Added: 0 cities
            Time end: 2018.08.51 08:11:51
    [Параметры запуска] => Array
        (
            [START] => 130000
            [LIMIT] => 10000
        )

    [Ошибки при выполнении] => Array
(
)

)


PROCESSING Step Complete:
Array
(
    [Дата] => 12.08.2018 08:17:21
    [Сообщение] => 
            Time start: 2018.08.12 08:16:52
            Taked : 10000 cities,
            Loaded from Database: 239421 cities
            Updated: 10000 cities
            Added: 0 cities
            Time end: 2018.08.21 08:17:21
    [Параметры запуска] => Array
        (
            [START] => 140000
            [LIMIT] => 10000
        )

    [Ошибки при выполнении] => Array
(
)

)


PROCESSING Step Complete:
Array
(
    [Дата] => 12.08.2018 08:22:50
    [Сообщение] => 
            Time start: 2018.08.12 08:22:21
            Taked : 10000 cities,
            Loaded from Database: 239421 cities
            Updated: 10000 cities
            Added: 0 cities
            Time end: 2018.08.50 08:22:50
    [Параметры запуска] => Array
        (
            [START] => 150000
            [LIMIT] => 10000
        )

    [Ошибки при выполнении] => Array
(
)

)


PROCESSING Step Complete:
Array
(
    [Дата] => 12.08.2018 08:28:19
    [Сообщение] => 
            Time start: 2018.08.12 08:27:50
            Taked : 10000 cities,
            Loaded from Database: 239421 cities
            Updated: 10000 cities
            Added: 0 cities
            Time end: 2018.08.19 08:28:19
    [Параметры запуска] => Array
        (
            [START] => 160000
            [LIMIT] => 10000
        )

    [Ошибки при выполнении] => Array
(
)

)


PROCESSING Step Complete:
Array
(
    [Дата] => 12.08.2018 08:33:47
    [Сообщение] => 
            Time start: 2018.08.12 08:33:19
            Taked : 10000 cities,
            Loaded from Database: 239421 cities
            Updated: 10000 cities
            Added: 0 cities
            Time end: 2018.08.47 08:33:47
    [Параметры запуска] => Array
        (
            [START] => 170000
            [LIMIT] => 10000
        )

    [Ошибки при выполнении] => Array
(
)

)


PROCESSING Step Complete:
Array
(
    [Дата] => 12.08.2018 08:39:16
    [Сообщение] => 
            Time start: 2018.08.12 08:38:47
            Taked : 10000 cities,
            Loaded from Database: 239421 cities
            Updated: 10000 cities
            Added: 0 cities
            Time end: 2018.08.16 08:39:16
    [Параметры запуска] => Array
        (
            [START] => 180000
            [LIMIT] => 10000
        )

    [Ошибки при выполнении] => Array
(
)

)


PROCESSING Step Complete:
Array
(
    [Дата] => 12.08.2018 08:44:45
    [Сообщение] => 
            Time start: 2018.08.12 08:44:16
            Taked : 10000 cities,
            Loaded from Database: 239421 cities
            Updated: 10000 cities
            Added: 0 cities
            Time end: 2018.08.45 08:44:45
    [Параметры запуска] => Array
        (
            [START] => 190000
            [LIMIT] => 10000
        )

    [Ошибки при выполнении] => Array
(
)

)


PROCESSING Step Complete:
Array
(
    [Дата] => 12.08.2018 08:50:14
    [Сообщение] => 
            Time start: 2018.08.12 08:49:45
            Taked : 10000 cities,
            Loaded from Database: 239421 cities
            Updated: 10000 cities
            Added: 0 cities
            Time end: 2018.08.14 08:50:14
    [Параметры запуска] => Array
        (
            [START] => 200000
            [LIMIT] => 10000
        )

    [Ошибки при выполнении] => Array
(
)

)


PROCESSING Step Complete:
Array
(
    [Дата] => 12.08.2018 08:55:43
    [Сообщение] => 
            Time start: 2018.08.12 08:55:15
            Taked : 10000 cities,
            Loaded from Database: 239421 cities
            Updated: 10000 cities
            Added: 0 cities
            Time end: 2018.08.43 08:55:43
    [Параметры запуска] => Array
        (
            [START] => 210000
            [LIMIT] => 10000
        )

    [Ошибки при выполнении] => Array
(
)

)


PROCESSING Step Complete:
Array
(
    [Дата] => 12.08.2018 09:01:12
    [Сообщение] => 
            Time start: 2018.08.12 09:00:43
            Taked : 10000 cities,
            Loaded from Database: 239421 cities
            Updated: 9997 cities
            Added: 3 cities
            Time end: 2018.08.12 09:01:12
    [Параметры запуска] => Array
        (
            [START] => 220000
            [LIMIT] => 10000
        )

    [Ошибки при выполнении] => Array
(
)

)


PROCESSING Complete:
Array
(
    [Дата] => 12.08.2018 09:06:40
    [Сообщение] => 
            Time start: 2018.08.12 09:06:12
            Taked : 9424 cities,
            Loaded from Database: 239424 cities
            Deleted: 0 cities,
            Updated: 9424 cities
            Added: 0 cities
            Time end: 2018.08.40 09:06:40
    [Параметры запуска] => Array
        (
            [START] => 230000
            [LIMIT] => 10000
        )

    [Ошибки при выполнении] => Array
(
)

)


