TRIGGER Complete:
Array
(
    [Дата] => 23.08.2018 07:00:04
    [Сообщение] => TRIGGER START
)


PROCESSING Step Complete:
Array
(
    [Дата] => 23.08.2018 07:00:31
    [Сообщение] => 
            Time start: 2018.08.23 07:00:04
            Taked : 10000 cities,
            Loaded from Database: 239441 cities
            Updated: 10000 cities
            Added: 0 cities
            Time end: 2018.08.31 07:00:31
    [Параметры запуска] => Array
        (
            [START] => 0
            [LIMIT] => 10000
        )

    [Ошибки при выполнении] => Array
(
)

)


PROCESSING Step Complete:
Array
(
    [Дата] => 23.08.2018 07:06:00
    [Сообщение] => 
            Time start: 2018.08.23 07:05:31
            Taked : 10000 cities,
            Loaded from Database: 239441 cities
            Updated: 10000 cities
            Added: 0 cities
            Time end: 2018.08.00 07:06:00
    [Параметры запуска] => Array
        (
            [START] => 10000
            [LIMIT] => 10000
        )

    [Ошибки при выполнении] => Array
(
)

)


PROCESSING Step Complete:
Array
(
    [Дата] => 23.08.2018 07:11:29
    [Сообщение] => 
            Time start: 2018.08.23 07:11:00
            Taked : 10000 cities,
            Loaded from Database: 239441 cities
            Updated: 10000 cities
            Added: 0 cities
            Time end: 2018.08.29 07:11:29
    [Параметры запуска] => Array
        (
            [START] => 20000
            [LIMIT] => 10000
        )

    [Ошибки при выполнении] => Array
(
)

)


PROCESSING Step Complete:
Array
(
    [Дата] => 23.08.2018 07:16:58
    [Сообщение] => 
            Time start: 2018.08.23 07:16:30
            Taked : 10000 cities,
            Loaded from Database: 239441 cities
            Updated: 10000 cities
            Added: 0 cities
            Time end: 2018.08.58 07:16:58
    [Параметры запуска] => Array
        (
            [START] => 30000
            [LIMIT] => 10000
        )

    [Ошибки при выполнении] => Array
(
)

)


PROCESSING Step Complete:
Array
(
    [Дата] => 23.08.2018 07:22:28
    [Сообщение] => 
            Time start: 2018.08.23 07:21:58
            Taked : 10000 cities,
            Loaded from Database: 239441 cities
            Updated: 10000 cities
            Added: 0 cities
            Time end: 2018.08.28 07:22:28
    [Параметры запуска] => Array
        (
            [START] => 40000
            [LIMIT] => 10000
        )

    [Ошибки при выполнении] => Array
(
)

)


PROCESSING Step Complete:
Array
(
    [Дата] => 23.08.2018 07:27:56
    [Сообщение] => 
            Time start: 2018.08.23 07:27:28
            Taked : 10000 cities,
            Loaded from Database: 239441 cities
            Updated: 10000 cities
            Added: 0 cities
            Time end: 2018.08.56 07:27:56
    [Параметры запуска] => Array
        (
            [START] => 50000
            [LIMIT] => 10000
        )

    [Ошибки при выполнении] => Array
(
)

)


PROCESSING Step Complete:
Array
(
    [Дата] => 23.08.2018 07:33:25
    [Сообщение] => 
            Time start: 2018.08.23 07:32:56
            Taked : 10000 cities,
            Loaded from Database: 239441 cities
            Updated: 10000 cities
            Added: 0 cities
            Time end: 2018.08.25 07:33:25
    [Параметры запуска] => Array
        (
            [START] => 60000
            [LIMIT] => 10000
        )

    [Ошибки при выполнении] => Array
(
)

)


PROCESSING Step Complete:
Array
(
    [Дата] => 23.08.2018 07:38:54
    [Сообщение] => 
            Time start: 2018.08.23 07:38:25
            Taked : 10000 cities,
            Loaded from Database: 239441 cities
            Updated: 10000 cities
            Added: 0 cities
            Time end: 2018.08.54 07:38:54
    [Параметры запуска] => Array
        (
            [START] => 70000
            [LIMIT] => 10000
        )

    [Ошибки при выполнении] => Array
(
)

)


PROCESSING Step Complete:
Array
(
    [Дата] => 23.08.2018 07:44:23
    [Сообщение] => 
            Time start: 2018.08.23 07:43:54
            Taked : 10000 cities,
            Loaded from Database: 239441 cities
            Updated: 10000 cities
            Added: 0 cities
            Time end: 2018.08.23 07:44:23
    [Параметры запуска] => Array
        (
            [START] => 80000
            [LIMIT] => 10000
        )

    [Ошибки при выполнении] => Array
(
)

)


PROCESSING Step Complete:
Array
(
    [Дата] => 23.08.2018 07:49:52
    [Сообщение] => 
            Time start: 2018.08.23 07:49:23
            Taked : 10000 cities,
            Loaded from Database: 239441 cities
            Updated: 10000 cities
            Added: 0 cities
            Time end: 2018.08.52 07:49:52
    [Параметры запуска] => Array
        (
            [START] => 90000
            [LIMIT] => 10000
        )

    [Ошибки при выполнении] => Array
(
)

)


PROCESSING Step Complete:
Array
(
    [Дата] => 23.08.2018 07:55:21
    [Сообщение] => 
            Time start: 2018.08.23 07:54:52
            Taked : 10000 cities,
            Loaded from Database: 239441 cities
            Updated: 10000 cities
            Added: 0 cities
            Time end: 2018.08.21 07:55:21
    [Параметры запуска] => Array
        (
            [START] => 100000
            [LIMIT] => 10000
        )

    [Ошибки при выполнении] => Array
(
)

)


PROCESSING Step Complete:
Array
(
    [Дата] => 23.08.2018 08:00:50
    [Сообщение] => 
            Time start: 2018.08.23 08:00:21
            Taked : 10000 cities,
            Loaded from Database: 239441 cities
            Updated: 10000 cities
            Added: 0 cities
            Time end: 2018.08.50 08:00:50
    [Параметры запуска] => Array
        (
            [START] => 110000
            [LIMIT] => 10000
        )

    [Ошибки при выполнении] => Array
(
)

)


PROCESSING Step Complete:
Array
(
    [Дата] => 23.08.2018 08:06:19
    [Сообщение] => 
            Time start: 2018.08.23 08:05:50
            Taked : 10000 cities,
            Loaded from Database: 239441 cities
            Updated: 10000 cities
            Added: 0 cities
            Time end: 2018.08.19 08:06:19
    [Параметры запуска] => Array
        (
            [START] => 120000
            [LIMIT] => 10000
        )

    [Ошибки при выполнении] => Array
(
)

)


PROCESSING Step Complete:
Array
(
    [Дата] => 23.08.2018 08:11:49
    [Сообщение] => 
            Time start: 2018.08.23 08:11:20
            Taked : 10000 cities,
            Loaded from Database: 239441 cities
            Updated: 10000 cities
            Added: 0 cities
            Time end: 2018.08.49 08:11:49
    [Параметры запуска] => Array
        (
            [START] => 130000
            [LIMIT] => 10000
        )

    [Ошибки при выполнении] => Array
(
)

)


PROCESSING Step Complete:
Array
(
    [Дата] => 23.08.2018 08:17:18
    [Сообщение] => 
            Time start: 2018.08.23 08:16:49
            Taked : 10000 cities,
            Loaded from Database: 239441 cities
            Updated: 10000 cities
            Added: 0 cities
            Time end: 2018.08.18 08:17:18
    [Параметры запуска] => Array
        (
            [START] => 140000
            [LIMIT] => 10000
        )

    [Ошибки при выполнении] => Array
(
)

)


PROCESSING Step Complete:
Array
(
    [Дата] => 23.08.2018 08:22:48
    [Сообщение] => 
            Time start: 2018.08.23 08:22:18
            Taked : 10000 cities,
            Loaded from Database: 239441 cities
            Updated: 10000 cities
            Added: 0 cities
            Time end: 2018.08.48 08:22:48
    [Параметры запуска] => Array
        (
            [START] => 150000
            [LIMIT] => 10000
        )

    [Ошибки при выполнении] => Array
(
)

)


PROCESSING Step Complete:
Array
(
    [Дата] => 23.08.2018 08:28:17
    [Сообщение] => 
            Time start: 2018.08.23 08:27:48
            Taked : 10000 cities,
            Loaded from Database: 239441 cities
            Updated: 10000 cities
            Added: 0 cities
            Time end: 2018.08.17 08:28:17
    [Параметры запуска] => Array
        (
            [START] => 160000
            [LIMIT] => 10000
        )

    [Ошибки при выполнении] => Array
(
)

)


PROCESSING Step Complete:
Array
(
    [Дата] => 23.08.2018 08:33:46
    [Сообщение] => 
            Time start: 2018.08.23 08:33:17
            Taked : 10000 cities,
            Loaded from Database: 239441 cities
            Updated: 10000 cities
            Added: 0 cities
            Time end: 2018.08.46 08:33:46
    [Параметры запуска] => Array
        (
            [START] => 170000
            [LIMIT] => 10000
        )

    [Ошибки при выполнении] => Array
(
)

)


PROCESSING Step Complete:
Array
(
    [Дата] => 23.08.2018 08:39:15
    [Сообщение] => 
            Time start: 2018.08.23 08:38:46
            Taked : 10000 cities,
            Loaded from Database: 239441 cities
            Updated: 10000 cities
            Added: 0 cities
            Time end: 2018.08.15 08:39:15
    [Параметры запуска] => Array
        (
            [START] => 180000
            [LIMIT] => 10000
        )

    [Ошибки при выполнении] => Array
(
)

)


PROCESSING Step Complete:
Array
(
    [Дата] => 23.08.2018 08:44:44
    [Сообщение] => 
            Time start: 2018.08.23 08:44:15
            Taked : 10000 cities,
            Loaded from Database: 239441 cities
            Updated: 10000 cities
            Added: 0 cities
            Time end: 2018.08.44 08:44:44
    [Параметры запуска] => Array
        (
            [START] => 190000
            [LIMIT] => 10000
        )

    [Ошибки при выполнении] => Array
(
)

)


PROCESSING Step Complete:
Array
(
    [Дата] => 23.08.2018 08:50:13
    [Сообщение] => 
            Time start: 2018.08.23 08:49:44
            Taked : 10000 cities,
            Loaded from Database: 239441 cities
            Updated: 10000 cities
            Added: 0 cities
            Time end: 2018.08.13 08:50:13
    [Параметры запуска] => Array
        (
            [START] => 200000
            [LIMIT] => 10000
        )

    [Ошибки при выполнении] => Array
(
)

)


PROCESSING Step Complete:
Array
(
    [Дата] => 23.08.2018 08:55:42
    [Сообщение] => 
            Time start: 2018.08.23 08:55:13
            Taked : 10000 cities,
            Loaded from Database: 239441 cities
            Updated: 10000 cities
            Added: 0 cities
            Time end: 2018.08.42 08:55:42
    [Параметры запуска] => Array
        (
            [START] => 210000
            [LIMIT] => 10000
        )

    [Ошибки при выполнении] => Array
(
)

)


PROCESSING Step Complete:
Array
(
    [Дата] => 23.08.2018 09:01:11
    [Сообщение] => 
            Time start: 2018.08.23 09:00:42
            Taked : 10000 cities,
            Loaded from Database: 239441 cities
            Updated: 9998 cities
            Added: 2 cities
            Time end: 2018.08.11 09:01:11
    [Параметры запуска] => Array
        (
            [START] => 220000
            [LIMIT] => 10000
        )

    [Ошибки при выполнении] => Array
(
)

)


PROCESSING Complete:
Array
(
    [Дата] => 23.08.2018 09:06:39
    [Сообщение] => 
            Time start: 2018.08.23 09:06:12
            Taked : 9443 cities,
            Loaded from Database: 239443 cities
            Deleted: 0 cities,
            Updated: 9443 cities
            Added: 0 cities
            Time end: 2018.08.39 09:06:39
    [Параметры запуска] => Array
        (
            [START] => 230000
            [LIMIT] => 10000
        )

    [Ошибки при выполнении] => Array
(
)

)


