TRIGGER Complete:
Array
(
    [Дата] => 19.09.2018 07:00:03
    [Сообщение] => TRIGGER START
)


PROCESSING Step Complete:
Array
(
    [Дата] => 19.09.2018 07:00:32
    [Сообщение] => 
            Time start: 2018.09.19 07:00:03
            Taked : 10000 cities,
            Loaded from Database: 239619 cities
            Updated: 10000 cities
            Added: 0 cities
            Time end: 2018.09.32 07:00:32
    [Параметры запуска] => Array
        (
            [START] => 0
            [LIMIT] => 10000
        )

    [Ошибки при выполнении] => Array
(
)

)


PROCESSING Step Complete:
Array
(
    [Дата] => 19.09.2018 07:06:01
    [Сообщение] => 
            Time start: 2018.09.19 07:05:32
            Taked : 10000 cities,
            Loaded from Database: 239619 cities
            Updated: 10000 cities
            Added: 0 cities
            Time end: 2018.09.01 07:06:01
    [Параметры запуска] => Array
        (
            [START] => 10000
            [LIMIT] => 10000
        )

    [Ошибки при выполнении] => Array
(
)

)


PROCESSING Step Complete:
Array
(
    [Дата] => 19.09.2018 07:11:30
    [Сообщение] => 
            Time start: 2018.09.19 07:11:01
            Taked : 10000 cities,
            Loaded from Database: 239619 cities
            Updated: 10000 cities
            Added: 0 cities
            Time end: 2018.09.30 07:11:30
    [Параметры запуска] => Array
        (
            [START] => 20000
            [LIMIT] => 10000
        )

    [Ошибки при выполнении] => Array
(
)

)


PROCESSING Step Complete:
Array
(
    [Дата] => 19.09.2018 07:16:59
    [Сообщение] => 
            Time start: 2018.09.19 07:16:30
            Taked : 10000 cities,
            Loaded from Database: 239619 cities
            Updated: 10000 cities
            Added: 0 cities
            Time end: 2018.09.59 07:16:59
    [Параметры запуска] => Array
        (
            [START] => 30000
            [LIMIT] => 10000
        )

    [Ошибки при выполнении] => Array
(
)

)


PROCESSING Step Complete:
Array
(
    [Дата] => 19.09.2018 07:22:27
    [Сообщение] => 
            Time start: 2018.09.19 07:21:59
            Taked : 10000 cities,
            Loaded from Database: 239619 cities
            Updated: 10000 cities
            Added: 0 cities
            Time end: 2018.09.27 07:22:27
    [Параметры запуска] => Array
        (
            [START] => 40000
            [LIMIT] => 10000
        )

    [Ошибки при выполнении] => Array
(
)

)


PROCESSING Step Complete:
Array
(
    [Дата] => 19.09.2018 07:27:56
    [Сообщение] => 
            Time start: 2018.09.19 07:27:27
            Taked : 10000 cities,
            Loaded from Database: 239619 cities
            Updated: 10000 cities
            Added: 0 cities
            Time end: 2018.09.56 07:27:56
    [Параметры запуска] => Array
        (
            [START] => 50000
            [LIMIT] => 10000
        )

    [Ошибки при выполнении] => Array
(
)

)


PROCESSING Step Complete:
Array
(
    [Дата] => 19.09.2018 07:33:26
    [Сообщение] => 
            Time start: 2018.09.19 07:32:57
            Taked : 10000 cities,
            Loaded from Database: 239619 cities
            Updated: 10000 cities
            Added: 0 cities
            Time end: 2018.09.26 07:33:26
    [Параметры запуска] => Array
        (
            [START] => 60000
            [LIMIT] => 10000
        )

    [Ошибки при выполнении] => Array
(
)

)


PROCESSING Step Complete:
Array
(
    [Дата] => 19.09.2018 07:38:55
    [Сообщение] => 
            Time start: 2018.09.19 07:38:26
            Taked : 10000 cities,
            Loaded from Database: 239619 cities
            Updated: 10000 cities
            Added: 0 cities
            Time end: 2018.09.55 07:38:55
    [Параметры запуска] => Array
        (
            [START] => 70000
            [LIMIT] => 10000
        )

    [Ошибки при выполнении] => Array
(
)

)


PROCESSING Step Complete:
Array
(
    [Дата] => 19.09.2018 07:44:25
    [Сообщение] => 
            Time start: 2018.09.19 07:43:56
            Taked : 10000 cities,
            Loaded from Database: 239619 cities
            Updated: 10000 cities
            Added: 0 cities
            Time end: 2018.09.25 07:44:25
    [Параметры запуска] => Array
        (
            [START] => 80000
            [LIMIT] => 10000
        )

    [Ошибки при выполнении] => Array
(
)

)


PROCESSING Step Complete:
Array
(
    [Дата] => 19.09.2018 07:49:54
    [Сообщение] => 
            Time start: 2018.09.19 07:49:25
            Taked : 10000 cities,
            Loaded from Database: 239619 cities
            Updated: 10000 cities
            Added: 0 cities
            Time end: 2018.09.54 07:49:54
    [Параметры запуска] => Array
        (
            [START] => 90000
            [LIMIT] => 10000
        )

    [Ошибки при выполнении] => Array
(
)

)


PROCESSING Step Complete:
Array
(
    [Дата] => 19.09.2018 07:55:23
    [Сообщение] => 
            Time start: 2018.09.19 07:54:54
            Taked : 10000 cities,
            Loaded from Database: 239619 cities
            Updated: 10000 cities
            Added: 0 cities
            Time end: 2018.09.23 07:55:23
    [Параметры запуска] => Array
        (
            [START] => 100000
            [LIMIT] => 10000
        )

    [Ошибки при выполнении] => Array
(
)

)


PROCESSING Step Complete:
Array
(
    [Дата] => 19.09.2018 08:00:53
    [Сообщение] => 
            Time start: 2018.09.19 08:00:23
            Taked : 10000 cities,
            Loaded from Database: 239619 cities
            Updated: 10000 cities
            Added: 0 cities
            Time end: 2018.09.53 08:00:53
    [Параметры запуска] => Array
        (
            [START] => 110000
            [LIMIT] => 10000
        )

    [Ошибки при выполнении] => Array
(
)

)


PROCESSING Step Complete:
Array
(
    [Дата] => 19.09.2018 08:06:22
    [Сообщение] => 
            Time start: 2018.09.19 08:05:53
            Taked : 10000 cities,
            Loaded from Database: 239619 cities
            Updated: 10000 cities
            Added: 0 cities
            Time end: 2018.09.22 08:06:22
    [Параметры запуска] => Array
        (
            [START] => 120000
            [LIMIT] => 10000
        )

    [Ошибки при выполнении] => Array
(
)

)


PROCESSING Step Complete:
Array
(
    [Дата] => 19.09.2018 08:11:51
    [Сообщение] => 
            Time start: 2018.09.19 08:11:22
            Taked : 10000 cities,
            Loaded from Database: 239619 cities
            Updated: 10000 cities
            Added: 0 cities
            Time end: 2018.09.51 08:11:51
    [Параметры запуска] => Array
        (
            [START] => 130000
            [LIMIT] => 10000
        )

    [Ошибки при выполнении] => Array
(
)

)


PROCESSING Step Complete:
Array
(
    [Дата] => 19.09.2018 08:17:20
    [Сообщение] => 
            Time start: 2018.09.19 08:16:51
            Taked : 10000 cities,
            Loaded from Database: 239619 cities
            Updated: 10000 cities
            Added: 0 cities
            Time end: 2018.09.20 08:17:20
    [Параметры запуска] => Array
        (
            [START] => 140000
            [LIMIT] => 10000
        )

    [Ошибки при выполнении] => Array
(
)

)


PROCESSING Step Complete:
Array
(
    [Дата] => 19.09.2018 08:22:48
    [Сообщение] => 
            Time start: 2018.09.19 08:22:20
            Taked : 10000 cities,
            Loaded from Database: 239619 cities
            Updated: 10000 cities
            Added: 0 cities
            Time end: 2018.09.48 08:22:48
    [Параметры запуска] => Array
        (
            [START] => 150000
            [LIMIT] => 10000
        )

    [Ошибки при выполнении] => Array
(
)

)


PROCESSING Step Complete:
Array
(
    [Дата] => 19.09.2018 08:28:18
    [Сообщение] => 
            Time start: 2018.09.19 08:27:49
            Taked : 10000 cities,
            Loaded from Database: 239619 cities
            Updated: 10000 cities
            Added: 0 cities
            Time end: 2018.09.18 08:28:18
    [Параметры запуска] => Array
        (
            [START] => 160000
            [LIMIT] => 10000
        )

    [Ошибки при выполнении] => Array
(
)

)


PROCESSING Step Complete:
Array
(
    [Дата] => 19.09.2018 08:33:47
    [Сообщение] => 
            Time start: 2018.09.19 08:33:18
            Taked : 10000 cities,
            Loaded from Database: 239619 cities
            Updated: 10000 cities
            Added: 0 cities
            Time end: 2018.09.47 08:33:47
    [Параметры запуска] => Array
        (
            [START] => 170000
            [LIMIT] => 10000
        )

    [Ошибки при выполнении] => Array
(
)

)


PROCESSING Step Complete:
Array
(
    [Дата] => 19.09.2018 08:39:17
    [Сообщение] => 
            Time start: 2018.09.19 08:38:47
            Taked : 10000 cities,
            Loaded from Database: 239619 cities
            Updated: 10000 cities
            Added: 0 cities
            Time end: 2018.09.17 08:39:17
    [Параметры запуска] => Array
        (
            [START] => 180000
            [LIMIT] => 10000
        )

    [Ошибки при выполнении] => Array
(
)

)


PROCESSING Step Complete:
Array
(
    [Дата] => 19.09.2018 08:44:46
    [Сообщение] => 
            Time start: 2018.09.19 08:44:17
            Taked : 10000 cities,
            Loaded from Database: 239619 cities
            Updated: 10000 cities
            Added: 0 cities
            Time end: 2018.09.46 08:44:46
    [Параметры запуска] => Array
        (
            [START] => 190000
            [LIMIT] => 10000
        )

    [Ошибки при выполнении] => Array
(
)

)


PROCESSING Step Complete:
Array
(
    [Дата] => 19.09.2018 08:50:15
    [Сообщение] => 
            Time start: 2018.09.19 08:49:46
            Taked : 10000 cities,
            Loaded from Database: 239619 cities
            Updated: 10000 cities
            Added: 0 cities
            Time end: 2018.09.15 08:50:15
    [Параметры запуска] => Array
        (
            [START] => 200000
            [LIMIT] => 10000
        )

    [Ошибки при выполнении] => Array
(
)

)


PROCESSING Step Complete:
Array
(
    [Дата] => 19.09.2018 08:55:44
    [Сообщение] => 
            Time start: 2018.09.19 08:55:15
            Taked : 10000 cities,
            Loaded from Database: 239619 cities
            Updated: 10000 cities
            Added: 0 cities
            Time end: 2018.09.44 08:55:44
    [Параметры запуска] => Array
        (
            [START] => 210000
            [LIMIT] => 10000
        )

    [Ошибки при выполнении] => Array
(
)

)


PROCESSING Step Complete:
Array
(
    [Дата] => 19.09.2018 09:01:14
    [Сообщение] => 
            Time start: 2018.09.19 09:00:45
            Taked : 10000 cities,
            Loaded from Database: 239619 cities
            Updated: 9975 cities
            Added: 25 cities
            Time end: 2018.09.14 09:01:14
    [Параметры запуска] => Array
        (
            [START] => 220000
            [LIMIT] => 10000
        )

    [Ошибки при выполнении] => Array
(
)

)


PROCESSING Complete:
Array
(
    [Дата] => 19.09.2018 09:06:42
    [Сообщение] => 
            Time start: 2018.09.19 09:06:14
            Taked : 9643 cities,
            Loaded from Database: 239644 cities
            Deleted: 1 cities,
            Updated: 9643 cities
            Added: 0 cities
            Time end: 2018.09.42 09:06:42
    [Параметры запуска] => Array
        (
            [START] => 230000
            [LIMIT] => 10000
        )

    [Ошибки при выполнении] => Array
(
)

)


