TRIGGER Complete:
Array
(
    [Дата] => 08.09.2018 07:00:03
    [Сообщение] => TRIGGER START
)


PROCESSING Step Complete:
Array
(
    [Дата] => 08.09.2018 07:00:33
    [Сообщение] => 
            Time start: 2018.09.08 07:00:03
            Taked : 10000 cities,
            Loaded from Database: 239463 cities
            Updated: 10000 cities
            Added: 0 cities
            Time end: 2018.09.33 07:00:33
    [Параметры запуска] => Array
        (
            [START] => 0
            [LIMIT] => 10000
        )

    [Ошибки при выполнении] => Array
(
)

)


PROCESSING Step Complete:
Array
(
    [Дата] => 08.09.2018 07:06:02
    [Сообщение] => 
            Time start: 2018.09.08 07:05:33
            Taked : 10000 cities,
            Loaded from Database: 239463 cities
            Updated: 10000 cities
            Added: 0 cities
            Time end: 2018.09.02 07:06:02
    [Параметры запуска] => Array
        (
            [START] => 10000
            [LIMIT] => 10000
        )

    [Ошибки при выполнении] => Array
(
)

)


PROCESSING Step Complete:
Array
(
    [Дата] => 08.09.2018 07:11:31
    [Сообщение] => 
            Time start: 2018.09.08 07:11:02
            Taked : 10000 cities,
            Loaded from Database: 239463 cities
            Updated: 10000 cities
            Added: 0 cities
            Time end: 2018.09.31 07:11:31
    [Параметры запуска] => Array
        (
            [START] => 20000
            [LIMIT] => 10000
        )

    [Ошибки при выполнении] => Array
(
)

)


PROCESSING Step Complete:
Array
(
    [Дата] => 08.09.2018 07:16:59
    [Сообщение] => 
            Time start: 2018.09.08 07:16:31
            Taked : 10000 cities,
            Loaded from Database: 239463 cities
            Updated: 10000 cities
            Added: 0 cities
            Time end: 2018.09.59 07:16:59
    [Параметры запуска] => Array
        (
            [START] => 30000
            [LIMIT] => 10000
        )

    [Ошибки при выполнении] => Array
(
)

)


PROCESSING Step Complete:
Array
(
    [Дата] => 08.09.2018 07:22:28
    [Сообщение] => 
            Time start: 2018.09.08 07:21:59
            Taked : 10000 cities,
            Loaded from Database: 239463 cities
            Updated: 10000 cities
            Added: 0 cities
            Time end: 2018.09.28 07:22:28
    [Параметры запуска] => Array
        (
            [START] => 40000
            [LIMIT] => 10000
        )

    [Ошибки при выполнении] => Array
(
)

)


PROCESSING Step Complete:
Array
(
    [Дата] => 08.09.2018 07:27:57
    [Сообщение] => 
            Time start: 2018.09.08 07:27:28
            Taked : 10000 cities,
            Loaded from Database: 239463 cities
            Updated: 10000 cities
            Added: 0 cities
            Time end: 2018.09.57 07:27:57
    [Параметры запуска] => Array
        (
            [START] => 50000
            [LIMIT] => 10000
        )

    [Ошибки при выполнении] => Array
(
)

)


PROCESSING Step Complete:
Array
(
    [Дата] => 08.09.2018 07:33:27
    [Сообщение] => 
            Time start: 2018.09.08 07:32:58
            Taked : 10000 cities,
            Loaded from Database: 239463 cities
            Updated: 10000 cities
            Added: 0 cities
            Time end: 2018.09.27 07:33:27
    [Параметры запуска] => Array
        (
            [START] => 60000
            [LIMIT] => 10000
        )

    [Ошибки при выполнении] => Array
(
)

)


PROCESSING Step Complete:
Array
(
    [Дата] => 08.09.2018 07:38:55
    [Сообщение] => 
            Time start: 2018.09.08 07:38:27
            Taked : 10000 cities,
            Loaded from Database: 239463 cities
            Updated: 10000 cities
            Added: 0 cities
            Time end: 2018.09.55 07:38:55
    [Параметры запуска] => Array
        (
            [START] => 70000
            [LIMIT] => 10000
        )

    [Ошибки при выполнении] => Array
(
)

)


PROCESSING Step Complete:
Array
(
    [Дата] => 08.09.2018 07:44:25
    [Сообщение] => 
            Time start: 2018.09.08 07:43:56
            Taked : 10000 cities,
            Loaded from Database: 239463 cities
            Updated: 10000 cities
            Added: 0 cities
            Time end: 2018.09.25 07:44:25
    [Параметры запуска] => Array
        (
            [START] => 80000
            [LIMIT] => 10000
        )

    [Ошибки при выполнении] => Array
(
)

)


PROCESSING Step Complete:
Array
(
    [Дата] => 08.09.2018 07:49:54
    [Сообщение] => 
            Time start: 2018.09.08 07:49:25
            Taked : 10000 cities,
            Loaded from Database: 239463 cities
            Updated: 10000 cities
            Added: 0 cities
            Time end: 2018.09.54 07:49:54
    [Параметры запуска] => Array
        (
            [START] => 90000
            [LIMIT] => 10000
        )

    [Ошибки при выполнении] => Array
(
)

)


PROCESSING Step Complete:
Array
(
    [Дата] => 08.09.2018 07:55:23
    [Сообщение] => 
            Time start: 2018.09.08 07:54:54
            Taked : 10000 cities,
            Loaded from Database: 239463 cities
            Updated: 10000 cities
            Added: 0 cities
            Time end: 2018.09.23 07:55:23
    [Параметры запуска] => Array
        (
            [START] => 100000
            [LIMIT] => 10000
        )

    [Ошибки при выполнении] => Array
(
)

)


PROCESSING Step Complete:
Array
(
    [Дата] => 08.09.2018 08:00:53
    [Сообщение] => 
            Time start: 2018.09.08 08:00:23
            Taked : 10000 cities,
            Loaded from Database: 239463 cities
            Updated: 10000 cities
            Added: 0 cities
            Time end: 2018.09.53 08:00:53
    [Параметры запуска] => Array
        (
            [START] => 110000
            [LIMIT] => 10000
        )

    [Ошибки при выполнении] => Array
(
)

)


PROCESSING Step Complete:
Array
(
    [Дата] => 08.09.2018 08:06:22
    [Сообщение] => 
            Time start: 2018.09.08 08:05:53
            Taked : 10000 cities,
            Loaded from Database: 239463 cities
            Updated: 10000 cities
            Added: 0 cities
            Time end: 2018.09.22 08:06:22
    [Параметры запуска] => Array
        (
            [START] => 120000
            [LIMIT] => 10000
        )

    [Ошибки при выполнении] => Array
(
)

)


PROCESSING Step Complete:
Array
(
    [Дата] => 08.09.2018 08:11:51
    [Сообщение] => 
            Time start: 2018.09.08 08:11:22
            Taked : 10000 cities,
            Loaded from Database: 239463 cities
            Updated: 10000 cities
            Added: 0 cities
            Time end: 2018.09.51 08:11:51
    [Параметры запуска] => Array
        (
            [START] => 130000
            [LIMIT] => 10000
        )

    [Ошибки при выполнении] => Array
(
)

)


PROCESSING Step Complete:
Array
(
    [Дата] => 08.09.2018 08:17:21
    [Сообщение] => 
            Time start: 2018.09.08 08:16:52
            Taked : 10000 cities,
            Loaded from Database: 239463 cities
            Updated: 10000 cities
            Added: 0 cities
            Time end: 2018.09.21 08:17:21
    [Параметры запуска] => Array
        (
            [START] => 140000
            [LIMIT] => 10000
        )

    [Ошибки при выполнении] => Array
(
)

)


PROCESSING Step Complete:
Array
(
    [Дата] => 08.09.2018 08:22:50
    [Сообщение] => 
            Time start: 2018.09.08 08:22:21
            Taked : 10000 cities,
            Loaded from Database: 239463 cities
            Updated: 10000 cities
            Added: 0 cities
            Time end: 2018.09.50 08:22:50
    [Параметры запуска] => Array
        (
            [START] => 150000
            [LIMIT] => 10000
        )

    [Ошибки при выполнении] => Array
(
)

)


PROCESSING Step Complete:
Array
(
    [Дата] => 08.09.2018 08:28:19
    [Сообщение] => 
            Time start: 2018.09.08 08:27:51
            Taked : 10000 cities,
            Loaded from Database: 239463 cities
            Updated: 10000 cities
            Added: 0 cities
            Time end: 2018.09.19 08:28:19
    [Параметры запуска] => Array
        (
            [START] => 160000
            [LIMIT] => 10000
        )

    [Ошибки при выполнении] => Array
(
)

)


PROCESSING Step Complete:
Array
(
    [Дата] => 08.09.2018 08:33:49
    [Сообщение] => 
            Time start: 2018.09.08 08:33:20
            Taked : 10000 cities,
            Loaded from Database: 239463 cities
            Updated: 10000 cities
            Added: 0 cities
            Time end: 2018.09.49 08:33:49
    [Параметры запуска] => Array
        (
            [START] => 170000
            [LIMIT] => 10000
        )

    [Ошибки при выполнении] => Array
(
)

)


PROCESSING Step Complete:
Array
(
    [Дата] => 08.09.2018 08:39:17
    [Сообщение] => 
            Time start: 2018.09.08 08:38:49
            Taked : 10000 cities,
            Loaded from Database: 239463 cities
            Updated: 10000 cities
            Added: 0 cities
            Time end: 2018.09.17 08:39:17
    [Параметры запуска] => Array
        (
            [START] => 180000
            [LIMIT] => 10000
        )

    [Ошибки при выполнении] => Array
(
)

)


PROCESSING Step Complete:
Array
(
    [Дата] => 08.09.2018 08:44:46
    [Сообщение] => 
            Time start: 2018.09.08 08:44:17
            Taked : 10000 cities,
            Loaded from Database: 239463 cities
            Updated: 10000 cities
            Added: 0 cities
            Time end: 2018.09.46 08:44:46
    [Параметры запуска] => Array
        (
            [START] => 190000
            [LIMIT] => 10000
        )

    [Ошибки при выполнении] => Array
(
)

)


PROCESSING Step Complete:
Array
(
    [Дата] => 08.09.2018 08:50:15
    [Сообщение] => 
            Time start: 2018.09.08 08:49:46
            Taked : 10000 cities,
            Loaded from Database: 239463 cities
            Updated: 9999 cities
            Added: 1 cities
            Time end: 2018.09.15 08:50:15
    [Параметры запуска] => Array
        (
            [START] => 200000
            [LIMIT] => 10000
        )

    [Ошибки при выполнении] => Array
(
)

)


PROCESSING Step Complete:
Array
(
    [Дата] => 08.09.2018 08:55:44
    [Сообщение] => 
            Time start: 2018.09.08 08:55:15
            Taked : 10000 cities,
            Loaded from Database: 239464 cities
            Updated: 9999 cities
            Added: 1 cities
            Time end: 2018.09.44 08:55:44
    [Параметры запуска] => Array
        (
            [START] => 210000
            [LIMIT] => 10000
        )

    [Ошибки при выполнении] => Array
(
)

)


PROCESSING Step Complete:
Array
(
    [Дата] => 08.09.2018 09:01:14
    [Сообщение] => 
            Time start: 2018.09.08 09:00:44
            Taked : 10000 cities,
            Loaded from Database: 239465 cities
            Updated: 10000 cities
            Added: 0 cities
            Time end: 2018.09.14 09:01:14
    [Параметры запуска] => Array
        (
            [START] => 220000
            [LIMIT] => 10000
        )

    [Ошибки при выполнении] => Array
(
)

)


PROCESSING Complete:
Array
(
    [Дата] => 08.09.2018 09:06:41
    [Сообщение] => 
            Time start: 2018.09.08 09:06:14
            Taked : 9465 cities,
            Loaded from Database: 239465 cities
            Deleted: 0 cities,
            Updated: 9465 cities
            Added: 0 cities
            Time end: 2018.09.41 09:06:41
    [Параметры запуска] => Array
        (
            [START] => 230000
            [LIMIT] => 10000
        )

    [Ошибки при выполнении] => Array
(
)

)


