TRIGGER Complete:
Array
(
    [Дата] => 29.05.2018 07:00:02
    [Сообщение] => TRIGGER START
)


PROCESSING Step Complete:
Array
(
    [Дата] => 29.05.2018 07:00:17
    [Сообщение] => 
            Time start: 2018.05.29 07:00:02
            Taked : 10000 cities,
            Loaded from Database: 238535 cities
            Updated: 10000 cities
            Added: 0 cities
            Time end: 2018.05.17 07:00:17
    [Параметры запуска] => Array
        (
            [START] => 0
            [LIMIT] => 10000
        )

    [Ошибки при выполнении] => Array
(
)

)


PROCESSING Step Complete:
Array
(
    [Дата] => 29.05.2018 07:05:31
    [Сообщение] => 
            Time start: 2018.05.29 07:05:17
            Taked : 10000 cities,
            Loaded from Database: 238535 cities
            Updated: 10000 cities
            Added: 0 cities
            Time end: 2018.05.31 07:05:31
    [Параметры запуска] => Array
        (
            [START] => 10000
            [LIMIT] => 10000
        )

    [Ошибки при выполнении] => Array
(
)

)


PROCESSING Step Complete:
Array
(
    [Дата] => 29.05.2018 07:10:45
    [Сообщение] => 
            Time start: 2018.05.29 07:10:31
            Taked : 10000 cities,
            Loaded from Database: 238535 cities
            Updated: 10000 cities
            Added: 0 cities
            Time end: 2018.05.45 07:10:45
    [Параметры запуска] => Array
        (
            [START] => 20000
            [LIMIT] => 10000
        )

    [Ошибки при выполнении] => Array
(
)

)


PROCESSING Step Complete:
Array
(
    [Дата] => 29.05.2018 07:16:00
    [Сообщение] => 
            Time start: 2018.05.29 07:15:46
            Taked : 10000 cities,
            Loaded from Database: 238535 cities
            Updated: 10000 cities
            Added: 0 cities
            Time end: 2018.05.00 07:16:00
    [Параметры запуска] => Array
        (
            [START] => 30000
            [LIMIT] => 10000
        )

    [Ошибки при выполнении] => Array
(
)

)


PROCESSING Step Complete:
Array
(
    [Дата] => 29.05.2018 07:21:15
    [Сообщение] => 
            Time start: 2018.05.29 07:21:00
            Taked : 10000 cities,
            Loaded from Database: 238535 cities
            Updated: 10000 cities
            Added: 0 cities
            Time end: 2018.05.15 07:21:15
    [Параметры запуска] => Array
        (
            [START] => 40000
            [LIMIT] => 10000
        )

    [Ошибки при выполнении] => Array
(
)

)


PROCESSING Step Complete:
Array
(
    [Дата] => 29.05.2018 07:26:30
    [Сообщение] => 
            Time start: 2018.05.29 07:26:15
            Taked : 10000 cities,
            Loaded from Database: 238535 cities
            Updated: 10000 cities
            Added: 0 cities
            Time end: 2018.05.30 07:26:30
    [Параметры запуска] => Array
        (
            [START] => 50000
            [LIMIT] => 10000
        )

    [Ошибки при выполнении] => Array
(
)

)


PROCESSING Step Complete:
Array
(
    [Дата] => 29.05.2018 07:31:44
    [Сообщение] => 
            Time start: 2018.05.29 07:31:30
            Taked : 10000 cities,
            Loaded from Database: 238535 cities
            Updated: 10000 cities
            Added: 0 cities
            Time end: 2018.05.44 07:31:44
    [Параметры запуска] => Array
        (
            [START] => 60000
            [LIMIT] => 10000
        )

    [Ошибки при выполнении] => Array
(
)

)


PROCESSING Step Complete:
Array
(
    [Дата] => 29.05.2018 07:36:59
    [Сообщение] => 
            Time start: 2018.05.29 07:36:44
            Taked : 10000 cities,
            Loaded from Database: 238535 cities
            Updated: 10000 cities
            Added: 0 cities
            Time end: 2018.05.59 07:36:59
    [Параметры запуска] => Array
        (
            [START] => 70000
            [LIMIT] => 10000
        )

    [Ошибки при выполнении] => Array
(
)

)


PROCESSING Step Complete:
Array
(
    [Дата] => 29.05.2018 07:42:13
    [Сообщение] => 
            Time start: 2018.05.29 07:41:59
            Taked : 10000 cities,
            Loaded from Database: 238535 cities
            Updated: 10000 cities
            Added: 0 cities
            Time end: 2018.05.13 07:42:13
    [Параметры запуска] => Array
        (
            [START] => 80000
            [LIMIT] => 10000
        )

    [Ошибки при выполнении] => Array
(
)

)


PROCESSING Step Complete:
Array
(
    [Дата] => 29.05.2018 07:47:28
    [Сообщение] => 
            Time start: 2018.05.29 07:47:14
            Taked : 10000 cities,
            Loaded from Database: 238535 cities
            Updated: 10000 cities
            Added: 0 cities
            Time end: 2018.05.28 07:47:28
    [Параметры запуска] => Array
        (
            [START] => 90000
            [LIMIT] => 10000
        )

    [Ошибки при выполнении] => Array
(
)

)


PROCESSING Step Complete:
Array
(
    [Дата] => 29.05.2018 07:52:43
    [Сообщение] => 
            Time start: 2018.05.29 07:52:28
            Taked : 10000 cities,
            Loaded from Database: 238535 cities
            Updated: 10000 cities
            Added: 0 cities
            Time end: 2018.05.43 07:52:43
    [Параметры запуска] => Array
        (
            [START] => 100000
            [LIMIT] => 10000
        )

    [Ошибки при выполнении] => Array
(
)

)


PROCESSING Step Complete:
Array
(
    [Дата] => 29.05.2018 07:57:57
    [Сообщение] => 
            Time start: 2018.05.29 07:57:43
            Taked : 10000 cities,
            Loaded from Database: 238535 cities
            Updated: 10000 cities
            Added: 0 cities
            Time end: 2018.05.57 07:57:57
    [Параметры запуска] => Array
        (
            [START] => 110000
            [LIMIT] => 10000
        )

    [Ошибки при выполнении] => Array
(
)

)


PROCESSING Step Complete:
Array
(
    [Дата] => 29.05.2018 08:03:11
    [Сообщение] => 
            Time start: 2018.05.29 08:02:57
            Taked : 10000 cities,
            Loaded from Database: 238535 cities
            Updated: 10000 cities
            Added: 0 cities
            Time end: 2018.05.11 08:03:11
    [Параметры запуска] => Array
        (
            [START] => 120000
            [LIMIT] => 10000
        )

    [Ошибки при выполнении] => Array
(
)

)


PROCESSING Step Complete:
Array
(
    [Дата] => 29.05.2018 08:08:25
    [Сообщение] => 
            Time start: 2018.05.29 08:08:11
            Taked : 10000 cities,
            Loaded from Database: 238535 cities
            Updated: 10000 cities
            Added: 0 cities
            Time end: 2018.05.25 08:08:25
    [Параметры запуска] => Array
        (
            [START] => 130000
            [LIMIT] => 10000
        )

    [Ошибки при выполнении] => Array
(
)

)


PROCESSING Step Complete:
Array
(
    [Дата] => 29.05.2018 08:13:39
    [Сообщение] => 
            Time start: 2018.05.29 08:13:25
            Taked : 10000 cities,
            Loaded from Database: 238535 cities
            Updated: 10000 cities
            Added: 0 cities
            Time end: 2018.05.39 08:13:39
    [Параметры запуска] => Array
        (
            [START] => 140000
            [LIMIT] => 10000
        )

    [Ошибки при выполнении] => Array
(
)

)


PROCESSING Step Complete:
Array
(
    [Дата] => 29.05.2018 08:18:53
    [Сообщение] => 
            Time start: 2018.05.29 08:18:39
            Taked : 10000 cities,
            Loaded from Database: 238535 cities
            Updated: 10000 cities
            Added: 0 cities
            Time end: 2018.05.53 08:18:53
    [Параметры запуска] => Array
        (
            [START] => 150000
            [LIMIT] => 10000
        )

    [Ошибки при выполнении] => Array
(
)

)


PROCESSING Step Complete:
Array
(
    [Дата] => 29.05.2018 08:24:07
    [Сообщение] => 
            Time start: 2018.05.29 08:23:53
            Taked : 10000 cities,
            Loaded from Database: 238535 cities
            Updated: 10000 cities
            Added: 0 cities
            Time end: 2018.05.07 08:24:07
    [Параметры запуска] => Array
        (
            [START] => 160000
            [LIMIT] => 10000
        )

    [Ошибки при выполнении] => Array
(
)

)


PROCESSING Step Complete:
Array
(
    [Дата] => 29.05.2018 08:29:22
    [Сообщение] => 
            Time start: 2018.05.29 08:29:08
            Taked : 10000 cities,
            Loaded from Database: 238535 cities
            Updated: 10000 cities
            Added: 0 cities
            Time end: 2018.05.22 08:29:22
    [Параметры запуска] => Array
        (
            [START] => 170000
            [LIMIT] => 10000
        )

    [Ошибки при выполнении] => Array
(
)

)


PROCESSING Step Complete:
Array
(
    [Дата] => 29.05.2018 08:34:37
    [Сообщение] => 
            Time start: 2018.05.29 08:34:22
            Taked : 10000 cities,
            Loaded from Database: 238535 cities
            Updated: 10000 cities
            Added: 0 cities
            Time end: 2018.05.37 08:34:37
    [Параметры запуска] => Array
        (
            [START] => 180000
            [LIMIT] => 10000
        )

    [Ошибки при выполнении] => Array
(
)

)


PROCESSING Step Complete:
Array
(
    [Дата] => 29.05.2018 08:39:52
    [Сообщение] => 
            Time start: 2018.05.29 08:39:37
            Taked : 10000 cities,
            Loaded from Database: 238535 cities
            Updated: 10000 cities
            Added: 0 cities
            Time end: 2018.05.52 08:39:52
    [Параметры запуска] => Array
        (
            [START] => 190000
            [LIMIT] => 10000
        )

    [Ошибки при выполнении] => Array
(
)

)


PROCESSING Step Complete:
Array
(
    [Дата] => 29.05.2018 08:45:06
    [Сообщение] => 
            Time start: 2018.05.29 08:44:52
            Taked : 10000 cities,
            Loaded from Database: 238535 cities
            Updated: 9995 cities
            Added: 5 cities
            Time end: 2018.05.06 08:45:06
    [Параметры запуска] => Array
        (
            [START] => 200000
            [LIMIT] => 10000
        )

    [Ошибки при выполнении] => Array
(
)

)


PROCESSING Step Complete:
Array
(
    [Дата] => 29.05.2018 08:50:21
    [Сообщение] => 
            Time start: 2018.05.29 08:50:06
            Taked : 10000 cities,
            Loaded from Database: 238540 cities
            Updated: 10000 cities
            Added: 0 cities
            Time end: 2018.05.21 08:50:21
    [Параметры запуска] => Array
        (
            [START] => 210000
            [LIMIT] => 10000
        )

    [Ошибки при выполнении] => Array
(
)

)


PROCESSING Step Complete:
Array
(
    [Дата] => 29.05.2018 08:55:36
    [Сообщение] => 
            Time start: 2018.05.29 08:55:21
            Taked : 10000 cities,
            Loaded from Database: 238540 cities
            Updated: 10000 cities
            Added: 0 cities
            Time end: 2018.05.36 08:55:36
    [Параметры запуска] => Array
        (
            [START] => 220000
            [LIMIT] => 10000
        )

    [Ошибки при выполнении] => Array
(
)

)


PROCESSING Complete:
Array
(
    [Дата] => 29.05.2018 09:00:48
    [Сообщение] => 
            Time start: 2018.05.29 09:00:36
            Taked : 8540 cities,
            Loaded from Database: 238540 cities
            Deleted: 0 cities,
            Updated: 8540 cities
            Added: 0 cities
            Time end: 2018.05.48 09:00:48
    [Параметры запуска] => Array
        (
            [START] => 230000
            [LIMIT] => 10000
        )

    [Ошибки при выполнении] => Array
(
)

)


