TRIGGER Complete:
Array
(
    [Дата] => 15.09.2018 07:00:07
    [Сообщение] => TRIGGER START
)


PROCESSING Step Complete:
Array
(
    [Дата] => 15.09.2018 07:00:36
    [Сообщение] => 
            Time start: 2018.09.15 07:00:07
            Taked : 10000 cities,
            Loaded from Database: 239545 cities
            Updated: 10000 cities
            Added: 0 cities
            Time end: 2018.09.36 07:00:36
    [Параметры запуска] => Array
        (
            [START] => 0
            [LIMIT] => 10000
        )

    [Ошибки при выполнении] => Array
(
)

)


PROCESSING Step Complete:
Array
(
    [Дата] => 15.09.2018 07:06:04
    [Сообщение] => 
            Time start: 2018.09.15 07:05:36
            Taked : 10000 cities,
            Loaded from Database: 239545 cities
            Updated: 10000 cities
            Added: 0 cities
            Time end: 2018.09.04 07:06:04
    [Параметры запуска] => Array
        (
            [START] => 10000
            [LIMIT] => 10000
        )

    [Ошибки при выполнении] => Array
(
)

)


PROCESSING Step Complete:
Array
(
    [Дата] => 15.09.2018 07:11:33
    [Сообщение] => 
            Time start: 2018.09.15 07:11:04
            Taked : 10000 cities,
            Loaded from Database: 239545 cities
            Updated: 10000 cities
            Added: 0 cities
            Time end: 2018.09.33 07:11:33
    [Параметры запуска] => Array
        (
            [START] => 20000
            [LIMIT] => 10000
        )

    [Ошибки при выполнении] => Array
(
)

)


PROCESSING Step Complete:
Array
(
    [Дата] => 15.09.2018 07:17:03
    [Сообщение] => 
            Time start: 2018.09.15 07:16:34
            Taked : 10000 cities,
            Loaded from Database: 239545 cities
            Updated: 10000 cities
            Added: 0 cities
            Time end: 2018.09.03 07:17:03
    [Параметры запуска] => Array
        (
            [START] => 30000
            [LIMIT] => 10000
        )

    [Ошибки при выполнении] => Array
(
)

)


PROCESSING Step Complete:
Array
(
    [Дата] => 15.09.2018 07:22:31
    [Сообщение] => 
            Time start: 2018.09.15 07:22:03
            Taked : 10000 cities,
            Loaded from Database: 239545 cities
            Updated: 10000 cities
            Added: 0 cities
            Time end: 2018.09.31 07:22:31
    [Параметры запуска] => Array
        (
            [START] => 40000
            [LIMIT] => 10000
        )

    [Ошибки при выполнении] => Array
(
)

)


PROCESSING Step Complete:
Array
(
    [Дата] => 15.09.2018 07:28:00
    [Сообщение] => 
            Time start: 2018.09.15 07:27:31
            Taked : 10000 cities,
            Loaded from Database: 239545 cities
            Updated: 10000 cities
            Added: 0 cities
            Time end: 2018.09.00 07:28:00
    [Параметры запуска] => Array
        (
            [START] => 50000
            [LIMIT] => 10000
        )

    [Ошибки при выполнении] => Array
(
)

)


PROCESSING Step Complete:
Array
(
    [Дата] => 15.09.2018 07:33:30
    [Сообщение] => 
            Time start: 2018.09.15 07:33:00
            Taked : 10000 cities,
            Loaded from Database: 239545 cities
            Updated: 10000 cities
            Added: 0 cities
            Time end: 2018.09.30 07:33:30
    [Параметры запуска] => Array
        (
            [START] => 60000
            [LIMIT] => 10000
        )

    [Ошибки при выполнении] => Array
(
)

)


PROCESSING Step Complete:
Array
(
    [Дата] => 15.09.2018 07:38:59
    [Сообщение] => 
            Time start: 2018.09.15 07:38:30
            Taked : 10000 cities,
            Loaded from Database: 239545 cities
            Updated: 10000 cities
            Added: 0 cities
            Time end: 2018.09.59 07:38:59
    [Параметры запуска] => Array
        (
            [START] => 70000
            [LIMIT] => 10000
        )

    [Ошибки при выполнении] => Array
(
)

)


PROCESSING Step Complete:
Array
(
    [Дата] => 15.09.2018 07:44:28
    [Сообщение] => 
            Time start: 2018.09.15 07:43:59
            Taked : 10000 cities,
            Loaded from Database: 239545 cities
            Updated: 10000 cities
            Added: 0 cities
            Time end: 2018.09.28 07:44:28
    [Параметры запуска] => Array
        (
            [START] => 80000
            [LIMIT] => 10000
        )

    [Ошибки при выполнении] => Array
(
)

)


PROCESSING Step Complete:
Array
(
    [Дата] => 15.09.2018 07:49:57
    [Сообщение] => 
            Time start: 2018.09.15 07:49:28
            Taked : 10000 cities,
            Loaded from Database: 239545 cities
            Updated: 10000 cities
            Added: 0 cities
            Time end: 2018.09.57 07:49:57
    [Параметры запуска] => Array
        (
            [START] => 90000
            [LIMIT] => 10000
        )

    [Ошибки при выполнении] => Array
(
)

)


PROCESSING Step Complete:
Array
(
    [Дата] => 15.09.2018 07:55:26
    [Сообщение] => 
            Time start: 2018.09.15 07:54:57
            Taked : 10000 cities,
            Loaded from Database: 239545 cities
            Updated: 10000 cities
            Added: 0 cities
            Time end: 2018.09.26 07:55:26
    [Параметры запуска] => Array
        (
            [START] => 100000
            [LIMIT] => 10000
        )

    [Ошибки при выполнении] => Array
(
)

)


PROCESSING Step Complete:
Array
(
    [Дата] => 15.09.2018 08:00:55
    [Сообщение] => 
            Time start: 2018.09.15 08:00:26
            Taked : 10000 cities,
            Loaded from Database: 239545 cities
            Updated: 10000 cities
            Added: 0 cities
            Time end: 2018.09.55 08:00:55
    [Параметры запуска] => Array
        (
            [START] => 110000
            [LIMIT] => 10000
        )

    [Ошибки при выполнении] => Array
(
)

)


PROCESSING Step Complete:
Array
(
    [Дата] => 15.09.2018 08:06:24
    [Сообщение] => 
            Time start: 2018.09.15 08:05:55
            Taked : 10000 cities,
            Loaded from Database: 239545 cities
            Updated: 10000 cities
            Added: 0 cities
            Time end: 2018.09.24 08:06:24
    [Параметры запуска] => Array
        (
            [START] => 120000
            [LIMIT] => 10000
        )

    [Ошибки при выполнении] => Array
(
)

)


PROCESSING Step Complete:
Array
(
    [Дата] => 15.09.2018 08:11:53
    [Сообщение] => 
            Time start: 2018.09.15 08:11:24
            Taked : 10000 cities,
            Loaded from Database: 239545 cities
            Updated: 10000 cities
            Added: 0 cities
            Time end: 2018.09.53 08:11:53
    [Параметры запуска] => Array
        (
            [START] => 130000
            [LIMIT] => 10000
        )

    [Ошибки при выполнении] => Array
(
)

)


PROCESSING Step Complete:
Array
(
    [Дата] => 15.09.2018 08:17:23
    [Сообщение] => 
            Time start: 2018.09.15 08:16:53
            Taked : 10000 cities,
            Loaded from Database: 239545 cities
            Updated: 10000 cities
            Added: 0 cities
            Time end: 2018.09.23 08:17:23
    [Параметры запуска] => Array
        (
            [START] => 140000
            [LIMIT] => 10000
        )

    [Ошибки при выполнении] => Array
(
)

)


PROCESSING Step Complete:
Array
(
    [Дата] => 15.09.2018 08:22:52
    [Сообщение] => 
            Time start: 2018.09.15 08:22:23
            Taked : 10000 cities,
            Loaded from Database: 239545 cities
            Updated: 10000 cities
            Added: 0 cities
            Time end: 2018.09.52 08:22:52
    [Параметры запуска] => Array
        (
            [START] => 150000
            [LIMIT] => 10000
        )

    [Ошибки при выполнении] => Array
(
)

)


PROCESSING Step Complete:
Array
(
    [Дата] => 15.09.2018 08:28:20
    [Сообщение] => 
            Time start: 2018.09.15 08:27:52
            Taked : 10000 cities,
            Loaded from Database: 239545 cities
            Updated: 10000 cities
            Added: 0 cities
            Time end: 2018.09.20 08:28:20
    [Параметры запуска] => Array
        (
            [START] => 160000
            [LIMIT] => 10000
        )

    [Ошибки при выполнении] => Array
(
)

)


PROCESSING Step Complete:
Array
(
    [Дата] => 15.09.2018 08:33:48
    [Сообщение] => 
            Time start: 2018.09.15 08:33:21
            Taked : 10000 cities,
            Loaded from Database: 239545 cities
            Updated: 10000 cities
            Added: 0 cities
            Time end: 2018.09.48 08:33:48
    [Параметры запуска] => Array
        (
            [START] => 170000
            [LIMIT] => 10000
        )

    [Ошибки при выполнении] => Array
(
)

)


PROCESSING Step Complete:
Array
(
    [Дата] => 15.09.2018 08:39:18
    [Сообщение] => 
            Time start: 2018.09.15 08:38:49
            Taked : 10000 cities,
            Loaded from Database: 239545 cities
            Updated: 10000 cities
            Added: 0 cities
            Time end: 2018.09.18 08:39:18
    [Параметры запуска] => Array
        (
            [START] => 180000
            [LIMIT] => 10000
        )

    [Ошибки при выполнении] => Array
(
)

)


PROCESSING Step Complete:
Array
(
    [Дата] => 15.09.2018 08:44:47
    [Сообщение] => 
            Time start: 2018.09.15 08:44:18
            Taked : 10000 cities,
            Loaded from Database: 239545 cities
            Updated: 10000 cities
            Added: 0 cities
            Time end: 2018.09.47 08:44:47
    [Параметры запуска] => Array
        (
            [START] => 190000
            [LIMIT] => 10000
        )

    [Ошибки при выполнении] => Array
(
)

)


PROCESSING Step Complete:
Array
(
    [Дата] => 15.09.2018 08:50:16
    [Сообщение] => 
            Time start: 2018.09.15 08:49:47
            Taked : 10000 cities,
            Loaded from Database: 239545 cities
            Updated: 9965 cities
            Added: 35 cities
            Time end: 2018.09.16 08:50:16
    [Параметры запуска] => Array
        (
            [START] => 200000
            [LIMIT] => 10000
        )

    [Ошибки при выполнении] => Array
(
)

)


PROCESSING Step Complete:
Array
(
    [Дата] => 15.09.2018 08:55:45
    [Сообщение] => 
            Time start: 2018.09.15 08:55:16
            Taked : 10000 cities,
            Loaded from Database: 239580 cities
            Updated: 10000 cities
            Added: 0 cities
            Time end: 2018.09.45 08:55:45
    [Параметры запуска] => Array
        (
            [START] => 210000
            [LIMIT] => 10000
        )

    [Ошибки при выполнении] => Array
(
)

)


PROCESSING Step Complete:
Array
(
    [Дата] => 15.09.2018 09:01:14
    [Сообщение] => 
            Time start: 2018.09.15 09:00:46
            Taked : 10000 cities,
            Loaded from Database: 239580 cities
            Updated: 10000 cities
            Added: 0 cities
            Time end: 2018.09.14 09:01:14
    [Параметры запуска] => Array
        (
            [START] => 220000
            [LIMIT] => 10000
        )

    [Ошибки при выполнении] => Array
(
)

)


PROCESSING Complete:
Array
(
    [Дата] => 15.09.2018 09:06:41
    [Сообщение] => 
            Time start: 2018.09.15 09:06:14
            Taked : 9580 cities,
            Loaded from Database: 239580 cities
            Deleted: 0 cities,
            Updated: 9580 cities
            Added: 0 cities
            Time end: 2018.09.41 09:06:41
    [Параметры запуска] => Array
        (
            [START] => 230000
            [LIMIT] => 10000
        )

    [Ошибки при выполнении] => Array
(
)

)


