TRIGGER Complete:
Array
(
    [Дата] => 09.09.2018 07:00:04
    [Сообщение] => TRIGGER START
)


PROCESSING Step Complete:
Array
(
    [Дата] => 09.09.2018 07:00:33
    [Сообщение] => 
            Time start: 2018.09.09 07:00:04
            Taked : 10000 cities,
            Loaded from Database: 239465 cities
            Updated: 10000 cities
            Added: 0 cities
            Time end: 2018.09.33 07:00:33
    [Параметры запуска] => Array
        (
            [START] => 0
            [LIMIT] => 10000
        )

    [Ошибки при выполнении] => Array
(
)

)


PROCESSING Step Complete:
Array
(
    [Дата] => 09.09.2018 07:06:02
    [Сообщение] => 
            Time start: 2018.09.09 07:05:33
            Taked : 10000 cities,
            Loaded from Database: 239465 cities
            Updated: 10000 cities
            Added: 0 cities
            Time end: 2018.09.02 07:06:02
    [Параметры запуска] => Array
        (
            [START] => 10000
            [LIMIT] => 10000
        )

    [Ошибки при выполнении] => Array
(
)

)


PROCESSING Step Complete:
Array
(
    [Дата] => 09.09.2018 07:11:31
    [Сообщение] => 
            Time start: 2018.09.09 07:11:02
            Taked : 10000 cities,
            Loaded from Database: 239465 cities
            Updated: 10000 cities
            Added: 0 cities
            Time end: 2018.09.31 07:11:31
    [Параметры запуска] => Array
        (
            [START] => 20000
            [LIMIT] => 10000
        )

    [Ошибки при выполнении] => Array
(
)

)


PROCESSING Step Complete:
Array
(
    [Дата] => 09.09.2018 07:17:00
    [Сообщение] => 
            Time start: 2018.09.09 07:16:31
            Taked : 10000 cities,
            Loaded from Database: 239465 cities
            Updated: 10000 cities
            Added: 0 cities
            Time end: 2018.09.00 07:17:00
    [Параметры запуска] => Array
        (
            [START] => 30000
            [LIMIT] => 10000
        )

    [Ошибки при выполнении] => Array
(
)

)


PROCESSING Step Complete:
Array
(
    [Дата] => 09.09.2018 07:22:29
    [Сообщение] => 
            Time start: 2018.09.09 07:22:00
            Taked : 10000 cities,
            Loaded from Database: 239465 cities
            Updated: 10000 cities
            Added: 0 cities
            Time end: 2018.09.29 07:22:29
    [Параметры запуска] => Array
        (
            [START] => 40000
            [LIMIT] => 10000
        )

    [Ошибки при выполнении] => Array
(
)

)


PROCESSING Step Complete:
Array
(
    [Дата] => 09.09.2018 07:27:58
    [Сообщение] => 
            Time start: 2018.09.09 07:27:30
            Taked : 10000 cities,
            Loaded from Database: 239465 cities
            Updated: 10000 cities
            Added: 0 cities
            Time end: 2018.09.58 07:27:58
    [Параметры запуска] => Array
        (
            [START] => 50000
            [LIMIT] => 10000
        )

    [Ошибки при выполнении] => Array
(
)

)


PROCESSING Step Complete:
Array
(
    [Дата] => 09.09.2018 07:33:27
    [Сообщение] => 
            Time start: 2018.09.09 07:32:59
            Taked : 10000 cities,
            Loaded from Database: 239465 cities
            Updated: 10000 cities
            Added: 0 cities
            Time end: 2018.09.27 07:33:27
    [Параметры запуска] => Array
        (
            [START] => 60000
            [LIMIT] => 10000
        )

    [Ошибки при выполнении] => Array
(
)

)


PROCESSING Step Complete:
Array
(
    [Дата] => 09.09.2018 07:38:55
    [Сообщение] => 
            Time start: 2018.09.09 07:38:27
            Taked : 10000 cities,
            Loaded from Database: 239465 cities
            Updated: 10000 cities
            Added: 0 cities
            Time end: 2018.09.55 07:38:55
    [Параметры запуска] => Array
        (
            [START] => 70000
            [LIMIT] => 10000
        )

    [Ошибки при выполнении] => Array
(
)

)


PROCESSING Step Complete:
Array
(
    [Дата] => 09.09.2018 07:44:24
    [Сообщение] => 
            Time start: 2018.09.09 07:43:55
            Taked : 10000 cities,
            Loaded from Database: 239465 cities
            Updated: 10000 cities
            Added: 0 cities
            Time end: 2018.09.24 07:44:24
    [Параметры запуска] => Array
        (
            [START] => 80000
            [LIMIT] => 10000
        )

    [Ошибки при выполнении] => Array
(
)

)


PROCESSING Step Complete:
Array
(
    [Дата] => 09.09.2018 07:49:53
    [Сообщение] => 
            Time start: 2018.09.09 07:49:24
            Taked : 10000 cities,
            Loaded from Database: 239465 cities
            Updated: 10000 cities
            Added: 0 cities
            Time end: 2018.09.53 07:49:53
    [Параметры запуска] => Array
        (
            [START] => 90000
            [LIMIT] => 10000
        )

    [Ошибки при выполнении] => Array
(
)

)


PROCESSING Step Complete:
Array
(
    [Дата] => 09.09.2018 07:55:22
    [Сообщение] => 
            Time start: 2018.09.09 07:54:53
            Taked : 10000 cities,
            Loaded from Database: 239465 cities
            Updated: 10000 cities
            Added: 0 cities
            Time end: 2018.09.22 07:55:22
    [Параметры запуска] => Array
        (
            [START] => 100000
            [LIMIT] => 10000
        )

    [Ошибки при выполнении] => Array
(
)

)


PROCESSING Step Complete:
Array
(
    [Дата] => 09.09.2018 08:00:52
    [Сообщение] => 
            Time start: 2018.09.09 08:00:22
            Taked : 10000 cities,
            Loaded from Database: 239465 cities
            Updated: 10000 cities
            Added: 0 cities
            Time end: 2018.09.52 08:00:52
    [Параметры запуска] => Array
        (
            [START] => 110000
            [LIMIT] => 10000
        )

    [Ошибки при выполнении] => Array
(
)

)


PROCESSING Step Complete:
Array
(
    [Дата] => 09.09.2018 08:06:20
    [Сообщение] => 
            Time start: 2018.09.09 08:05:52
            Taked : 10000 cities,
            Loaded from Database: 239465 cities
            Updated: 10000 cities
            Added: 0 cities
            Time end: 2018.09.20 08:06:20
    [Параметры запуска] => Array
        (
            [START] => 120000
            [LIMIT] => 10000
        )

    [Ошибки при выполнении] => Array
(
)

)


PROCESSING Step Complete:
Array
(
    [Дата] => 09.09.2018 08:11:50
    [Сообщение] => 
            Time start: 2018.09.09 08:11:20
            Taked : 10000 cities,
            Loaded from Database: 239465 cities
            Updated: 10000 cities
            Added: 0 cities
            Time end: 2018.09.50 08:11:50
    [Параметры запуска] => Array
        (
            [START] => 130000
            [LIMIT] => 10000
        )

    [Ошибки при выполнении] => Array
(
)

)


PROCESSING Step Complete:
Array
(
    [Дата] => 09.09.2018 08:17:19
    [Сообщение] => 
            Time start: 2018.09.09 08:16:50
            Taked : 10000 cities,
            Loaded from Database: 239465 cities
            Updated: 10000 cities
            Added: 0 cities
            Time end: 2018.09.19 08:17:19
    [Параметры запуска] => Array
        (
            [START] => 140000
            [LIMIT] => 10000
        )

    [Ошибки при выполнении] => Array
(
)

)


PROCESSING Step Complete:
Array
(
    [Дата] => 09.09.2018 08:22:48
    [Сообщение] => 
            Time start: 2018.09.09 08:22:19
            Taked : 10000 cities,
            Loaded from Database: 239465 cities
            Updated: 10000 cities
            Added: 0 cities
            Time end: 2018.09.48 08:22:48
    [Параметры запуска] => Array
        (
            [START] => 150000
            [LIMIT] => 10000
        )

    [Ошибки при выполнении] => Array
(
)

)


PROCESSING Step Complete:
Array
(
    [Дата] => 09.09.2018 08:28:18
    [Сообщение] => 
            Time start: 2018.09.09 08:27:49
            Taked : 10000 cities,
            Loaded from Database: 239465 cities
            Updated: 10000 cities
            Added: 0 cities
            Time end: 2018.09.18 08:28:18
    [Параметры запуска] => Array
        (
            [START] => 160000
            [LIMIT] => 10000
        )

    [Ошибки при выполнении] => Array
(
)

)


PROCESSING Step Complete:
Array
(
    [Дата] => 09.09.2018 08:33:47
    [Сообщение] => 
            Time start: 2018.09.09 08:33:18
            Taked : 10000 cities,
            Loaded from Database: 239465 cities
            Updated: 10000 cities
            Added: 0 cities
            Time end: 2018.09.47 08:33:47
    [Параметры запуска] => Array
        (
            [START] => 170000
            [LIMIT] => 10000
        )

    [Ошибки при выполнении] => Array
(
)

)


PROCESSING Step Complete:
Array
(
    [Дата] => 09.09.2018 08:39:17
    [Сообщение] => 
            Time start: 2018.09.09 08:38:47
            Taked : 10000 cities,
            Loaded from Database: 239465 cities
            Updated: 10000 cities
            Added: 0 cities
            Time end: 2018.09.17 08:39:17
    [Параметры запуска] => Array
        (
            [START] => 180000
            [LIMIT] => 10000
        )

    [Ошибки при выполнении] => Array
(
)

)


PROCESSING Step Complete:
Array
(
    [Дата] => 09.09.2018 08:44:46
    [Сообщение] => 
            Time start: 2018.09.09 08:44:17
            Taked : 10000 cities,
            Loaded from Database: 239465 cities
            Updated: 10000 cities
            Added: 0 cities
            Time end: 2018.09.46 08:44:46
    [Параметры запуска] => Array
        (
            [START] => 190000
            [LIMIT] => 10000
        )

    [Ошибки при выполнении] => Array
(
)

)


PROCESSING Step Complete:
Array
(
    [Дата] => 09.09.2018 08:50:15
    [Сообщение] => 
            Time start: 2018.09.09 08:49:46
            Taked : 10000 cities,
            Loaded from Database: 239465 cities
            Updated: 9999 cities
            Added: 1 cities
            Time end: 2018.09.15 08:50:15
    [Параметры запуска] => Array
        (
            [START] => 200000
            [LIMIT] => 10000
        )

    [Ошибки при выполнении] => Array
(
)

)


PROCESSING Step Complete:
Array
(
    [Дата] => 09.09.2018 08:55:44
    [Сообщение] => 
            Time start: 2018.09.09 08:55:16
            Taked : 10000 cities,
            Loaded from Database: 239466 cities
            Updated: 10000 cities
            Added: 0 cities
            Time end: 2018.09.44 08:55:44
    [Параметры запуска] => Array
        (
            [START] => 210000
            [LIMIT] => 10000
        )

    [Ошибки при выполнении] => Array
(
)

)


PROCESSING Step Complete:
Array
(
    [Дата] => 09.09.2018 09:01:12
    [Сообщение] => 
            Time start: 2018.09.09 09:00:44
            Taked : 10000 cities,
            Loaded from Database: 239466 cities
            Updated: 10000 cities
            Added: 0 cities
            Time end: 2018.09.12 09:01:12
    [Параметры запуска] => Array
        (
            [START] => 220000
            [LIMIT] => 10000
        )

    [Ошибки при выполнении] => Array
(
)

)


PROCESSING Complete:
Array
(
    [Дата] => 09.09.2018 09:06:40
    [Сообщение] => 
            Time start: 2018.09.09 09:06:12
            Taked : 9466 cities,
            Loaded from Database: 239466 cities
            Deleted: 0 cities,
            Updated: 9466 cities
            Added: 0 cities
            Time end: 2018.09.40 09:06:40
    [Параметры запуска] => Array
        (
            [START] => 230000
            [LIMIT] => 10000
        )

    [Ошибки при выполнении] => Array
(
)

)


