TRIGGER Complete:
Array
(
    [Дата] => 06.07.2018 07:00:03
    [Сообщение] => TRIGGER START
)


PROCESSING Step Complete:
Array
(
    [Дата] => 06.07.2018 07:00:17
    [Сообщение] => 
            Time start: 2018.07.06 07:00:03
            Taked : 10000 cities,
            Loaded from Database: 239238 cities
            Updated: 10000 cities
            Added: 0 cities
            Time end: 2018.07.17 07:00:17
    [Параметры запуска] => Array
        (
            [START] => 0
            [LIMIT] => 10000
        )

    [Ошибки при выполнении] => Array
(
)

)


PROCESSING Step Complete:
Array
(
    [Дата] => 06.07.2018 07:05:31
    [Сообщение] => 
            Time start: 2018.07.06 07:05:17
            Taked : 10000 cities,
            Loaded from Database: 239238 cities
            Updated: 10000 cities
            Added: 0 cities
            Time end: 2018.07.31 07:05:31
    [Параметры запуска] => Array
        (
            [START] => 10000
            [LIMIT] => 10000
        )

    [Ошибки при выполнении] => Array
(
)

)


PROCESSING Step Complete:
Array
(
    [Дата] => 06.07.2018 07:10:46
    [Сообщение] => 
            Time start: 2018.07.06 07:10:32
            Taked : 10000 cities,
            Loaded from Database: 239238 cities
            Updated: 10000 cities
            Added: 0 cities
            Time end: 2018.07.46 07:10:46
    [Параметры запуска] => Array
        (
            [START] => 20000
            [LIMIT] => 10000
        )

    [Ошибки при выполнении] => Array
(
)

)


PROCESSING Step Complete:
Array
(
    [Дата] => 06.07.2018 07:16:00
    [Сообщение] => 
            Time start: 2018.07.06 07:15:46
            Taked : 10000 cities,
            Loaded from Database: 239238 cities
            Updated: 10000 cities
            Added: 0 cities
            Time end: 2018.07.00 07:16:00
    [Параметры запуска] => Array
        (
            [START] => 30000
            [LIMIT] => 10000
        )

    [Ошибки при выполнении] => Array
(
)

)


PROCESSING Step Complete:
Array
(
    [Дата] => 06.07.2018 07:21:15
    [Сообщение] => 
            Time start: 2018.07.06 07:21:00
            Taked : 10000 cities,
            Loaded from Database: 239238 cities
            Updated: 10000 cities
            Added: 0 cities
            Time end: 2018.07.15 07:21:15
    [Параметры запуска] => Array
        (
            [START] => 40000
            [LIMIT] => 10000
        )

    [Ошибки при выполнении] => Array
(
)

)


PROCESSING Step Complete:
Array
(
    [Дата] => 06.07.2018 07:26:29
    [Сообщение] => 
            Time start: 2018.07.06 07:26:15
            Taked : 10000 cities,
            Loaded from Database: 239238 cities
            Updated: 10000 cities
            Added: 0 cities
            Time end: 2018.07.29 07:26:29
    [Параметры запуска] => Array
        (
            [START] => 50000
            [LIMIT] => 10000
        )

    [Ошибки при выполнении] => Array
(
)

)


PROCESSING Step Complete:
Array
(
    [Дата] => 06.07.2018 07:31:43
    [Сообщение] => 
            Time start: 2018.07.06 07:31:29
            Taked : 10000 cities,
            Loaded from Database: 239238 cities
            Updated: 10000 cities
            Added: 0 cities
            Time end: 2018.07.43 07:31:43
    [Параметры запуска] => Array
        (
            [START] => 60000
            [LIMIT] => 10000
        )

    [Ошибки при выполнении] => Array
(
)

)


PROCESSING Step Complete:
Array
(
    [Дата] => 06.07.2018 07:36:58
    [Сообщение] => 
            Time start: 2018.07.06 07:36:44
            Taked : 10000 cities,
            Loaded from Database: 239238 cities
            Updated: 10000 cities
            Added: 0 cities
            Time end: 2018.07.58 07:36:58
    [Параметры запуска] => Array
        (
            [START] => 70000
            [LIMIT] => 10000
        )

    [Ошибки при выполнении] => Array
(
)

)


PROCESSING Step Complete:
Array
(
    [Дата] => 06.07.2018 07:42:12
    [Сообщение] => 
            Time start: 2018.07.06 07:41:58
            Taked : 10000 cities,
            Loaded from Database: 239238 cities
            Updated: 10000 cities
            Added: 0 cities
            Time end: 2018.07.12 07:42:12
    [Параметры запуска] => Array
        (
            [START] => 80000
            [LIMIT] => 10000
        )

    [Ошибки при выполнении] => Array
(
)

)


PROCESSING Step Complete:
Array
(
    [Дата] => 06.07.2018 07:47:26
    [Сообщение] => 
            Time start: 2018.07.06 07:47:12
            Taked : 10000 cities,
            Loaded from Database: 239238 cities
            Updated: 10000 cities
            Added: 0 cities
            Time end: 2018.07.26 07:47:26
    [Параметры запуска] => Array
        (
            [START] => 90000
            [LIMIT] => 10000
        )

    [Ошибки при выполнении] => Array
(
)

)


PROCESSING Step Complete:
Array
(
    [Дата] => 06.07.2018 07:52:40
    [Сообщение] => 
            Time start: 2018.07.06 07:52:26
            Taked : 10000 cities,
            Loaded from Database: 239238 cities
            Updated: 10000 cities
            Added: 0 cities
            Time end: 2018.07.40 07:52:40
    [Параметры запуска] => Array
        (
            [START] => 100000
            [LIMIT] => 10000
        )

    [Ошибки при выполнении] => Array
(
)

)


PROCESSING Step Complete:
Array
(
    [Дата] => 06.07.2018 07:57:55
    [Сообщение] => 
            Time start: 2018.07.06 07:57:41
            Taked : 10000 cities,
            Loaded from Database: 239238 cities
            Updated: 10000 cities
            Added: 0 cities
            Time end: 2018.07.55 07:57:55
    [Параметры запуска] => Array
        (
            [START] => 110000
            [LIMIT] => 10000
        )

    [Ошибки при выполнении] => Array
(
)

)


PROCESSING Step Complete:
Array
(
    [Дата] => 06.07.2018 08:03:09
    [Сообщение] => 
            Time start: 2018.07.06 08:02:55
            Taked : 10000 cities,
            Loaded from Database: 239238 cities
            Updated: 10000 cities
            Added: 0 cities
            Time end: 2018.07.09 08:03:09
    [Параметры запуска] => Array
        (
            [START] => 120000
            [LIMIT] => 10000
        )

    [Ошибки при выполнении] => Array
(
)

)


PROCESSING Step Complete:
Array
(
    [Дата] => 06.07.2018 08:08:24
    [Сообщение] => 
            Time start: 2018.07.06 08:08:09
            Taked : 10000 cities,
            Loaded from Database: 239238 cities
            Updated: 10000 cities
            Added: 0 cities
            Time end: 2018.07.24 08:08:24
    [Параметры запуска] => Array
        (
            [START] => 130000
            [LIMIT] => 10000
        )

    [Ошибки при выполнении] => Array
(
)

)


PROCESSING Step Complete:
Array
(
    [Дата] => 06.07.2018 08:13:39
    [Сообщение] => 
            Time start: 2018.07.06 08:13:24
            Taked : 10000 cities,
            Loaded from Database: 239238 cities
            Updated: 10000 cities
            Added: 0 cities
            Time end: 2018.07.39 08:13:39
    [Параметры запуска] => Array
        (
            [START] => 140000
            [LIMIT] => 10000
        )

    [Ошибки при выполнении] => Array
(
)

)


PROCESSING Step Complete:
Array
(
    [Дата] => 06.07.2018 08:18:52
    [Сообщение] => 
            Time start: 2018.07.06 08:18:39
            Taked : 10000 cities,
            Loaded from Database: 239238 cities
            Updated: 10000 cities
            Added: 0 cities
            Time end: 2018.07.52 08:18:52
    [Параметры запуска] => Array
        (
            [START] => 150000
            [LIMIT] => 10000
        )

    [Ошибки при выполнении] => Array
(
)

)


PROCESSING Step Complete:
Array
(
    [Дата] => 06.07.2018 08:24:06
    [Сообщение] => 
            Time start: 2018.07.06 08:23:53
            Taked : 10000 cities,
            Loaded from Database: 239238 cities
            Updated: 10000 cities
            Added: 0 cities
            Time end: 2018.07.06 08:24:06
    [Параметры запуска] => Array
        (
            [START] => 160000
            [LIMIT] => 10000
        )

    [Ошибки при выполнении] => Array
(
)

)


PROCESSING Step Complete:
Array
(
    [Дата] => 06.07.2018 08:29:21
    [Сообщение] => 
            Time start: 2018.07.06 08:29:06
            Taked : 10000 cities,
            Loaded from Database: 239238 cities
            Updated: 10000 cities
            Added: 0 cities
            Time end: 2018.07.21 08:29:21
    [Параметры запуска] => Array
        (
            [START] => 170000
            [LIMIT] => 10000
        )

    [Ошибки при выполнении] => Array
(
)

)


PROCESSING Step Complete:
Array
(
    [Дата] => 06.07.2018 08:34:35
    [Сообщение] => 
            Time start: 2018.07.06 08:34:21
            Taked : 10000 cities,
            Loaded from Database: 239238 cities
            Updated: 10000 cities
            Added: 0 cities
            Time end: 2018.07.35 08:34:35
    [Параметры запуска] => Array
        (
            [START] => 180000
            [LIMIT] => 10000
        )

    [Ошибки при выполнении] => Array
(
)

)


PROCESSING Step Complete:
Array
(
    [Дата] => 06.07.2018 08:39:49
    [Сообщение] => 
            Time start: 2018.07.06 08:39:35
            Taked : 10000 cities,
            Loaded from Database: 239238 cities
            Updated: 10000 cities
            Added: 0 cities
            Time end: 2018.07.49 08:39:49
    [Параметры запуска] => Array
        (
            [START] => 190000
            [LIMIT] => 10000
        )

    [Ошибки при выполнении] => Array
(
)

)


PROCESSING Step Complete:
Array
(
    [Дата] => 06.07.2018 08:45:04
    [Сообщение] => 
            Time start: 2018.07.06 08:44:49
            Taked : 10000 cities,
            Loaded from Database: 239238 cities
            Updated: 9999 cities
            Added: 1 cities
            Time end: 2018.07.04 08:45:04
    [Параметры запуска] => Array
        (
            [START] => 200000
            [LIMIT] => 10000
        )

    [Ошибки при выполнении] => Array
(
)

)


PROCESSING Step Complete:
Array
(
    [Дата] => 06.07.2018 08:50:19
    [Сообщение] => 
            Time start: 2018.07.06 08:50:04
            Taked : 10000 cities,
            Loaded from Database: 239239 cities
            Updated: 10000 cities
            Added: 0 cities
            Time end: 2018.07.19 08:50:19
    [Параметры запуска] => Array
        (
            [START] => 210000
            [LIMIT] => 10000
        )

    [Ошибки при выполнении] => Array
(
)

)


PROCESSING Step Complete:
Array
(
    [Дата] => 06.07.2018 08:55:33
    [Сообщение] => 
            Time start: 2018.07.06 08:55:19
            Taked : 10000 cities,
            Loaded from Database: 239239 cities
            Updated: 10000 cities
            Added: 0 cities
            Time end: 2018.07.33 08:55:33
    [Параметры запуска] => Array
        (
            [START] => 220000
            [LIMIT] => 10000
        )

    [Ошибки при выполнении] => Array
(
)

)


PROCESSING Complete:
Array
(
    [Дата] => 06.07.2018 09:00:47
    [Сообщение] => 
            Time start: 2018.07.06 09:00:34
            Taked : 9239 cities,
            Loaded from Database: 239239 cities
            Deleted: 0 cities,
            Updated: 9239 cities
            Added: 0 cities
            Time end: 2018.07.47 09:00:47
    [Параметры запуска] => Array
        (
            [START] => 230000
            [LIMIT] => 10000
        )

    [Ошибки при выполнении] => Array
(
)

)


