TRIGGER Complete:
Array
(
    [Дата] => 23.05.2018 07:00:03
    [Сообщение] => TRIGGER START
)


PROCESSING Step Complete:
Array
(
    [Дата] => 23.05.2018 07:00:16
    [Сообщение] => 
            Time start: 2018.05.23 07:00:03
            Taked : 10000 cities,
            Loaded from Database: 238516 cities
            Updated: 10000 cities
            Added: 0 cities
            Time end: 2018.05.16 07:00:16
    [Параметры запуска] => Array
        (
            [START] => 0
            [LIMIT] => 10000
        )

    [Ошибки при выполнении] => Array
(
)

)


PROCESSING Step Complete:
Array
(
    [Дата] => 23.05.2018 07:05:29
    [Сообщение] => 
            Time start: 2018.05.23 07:05:16
            Taked : 10000 cities,
            Loaded from Database: 238516 cities
            Updated: 10000 cities
            Added: 0 cities
            Time end: 2018.05.29 07:05:29
    [Параметры запуска] => Array
        (
            [START] => 10000
            [LIMIT] => 10000
        )

    [Ошибки при выполнении] => Array
(
)

)


PROCESSING Step Complete:
Array
(
    [Дата] => 23.05.2018 07:10:43
    [Сообщение] => 
            Time start: 2018.05.23 07:10:30
            Taked : 10000 cities,
            Loaded from Database: 238516 cities
            Updated: 10000 cities
            Added: 0 cities
            Time end: 2018.05.43 07:10:43
    [Параметры запуска] => Array
        (
            [START] => 20000
            [LIMIT] => 10000
        )

    [Ошибки при выполнении] => Array
(
)

)


PROCESSING Step Complete:
Array
(
    [Дата] => 23.05.2018 07:15:57
    [Сообщение] => 
            Time start: 2018.05.23 07:15:43
            Taked : 10000 cities,
            Loaded from Database: 238516 cities
            Updated: 10000 cities
            Added: 0 cities
            Time end: 2018.05.57 07:15:57
    [Параметры запуска] => Array
        (
            [START] => 30000
            [LIMIT] => 10000
        )

    [Ошибки при выполнении] => Array
(
)

)


PROCESSING Step Complete:
Array
(
    [Дата] => 23.05.2018 07:21:09
    [Сообщение] => 
            Time start: 2018.05.23 07:20:57
            Taked : 10000 cities,
            Loaded from Database: 238516 cities
            Updated: 10000 cities
            Added: 0 cities
            Time end: 2018.05.09 07:21:09
    [Параметры запуска] => Array
        (
            [START] => 40000
            [LIMIT] => 10000
        )

    [Ошибки при выполнении] => Array
(
)

)


PROCESSING Step Complete:
Array
(
    [Дата] => 23.05.2018 07:26:23
    [Сообщение] => 
            Time start: 2018.05.23 07:26:10
            Taked : 10000 cities,
            Loaded from Database: 238516 cities
            Updated: 10000 cities
            Added: 0 cities
            Time end: 2018.05.23 07:26:23
    [Параметры запуска] => Array
        (
            [START] => 50000
            [LIMIT] => 10000
        )

    [Ошибки при выполнении] => Array
(
)

)


PROCESSING Step Complete:
Array
(
    [Дата] => 23.05.2018 07:31:37
    [Сообщение] => 
            Time start: 2018.05.23 07:31:23
            Taked : 10000 cities,
            Loaded from Database: 238516 cities
            Updated: 10000 cities
            Added: 0 cities
            Time end: 2018.05.37 07:31:37
    [Параметры запуска] => Array
        (
            [START] => 60000
            [LIMIT] => 10000
        )

    [Ошибки при выполнении] => Array
(
)

)


PROCESSING Step Complete:
Array
(
    [Дата] => 23.05.2018 07:36:50
    [Сообщение] => 
            Time start: 2018.05.23 07:36:37
            Taked : 10000 cities,
            Loaded from Database: 238516 cities
            Updated: 10000 cities
            Added: 0 cities
            Time end: 2018.05.50 07:36:50
    [Параметры запуска] => Array
        (
            [START] => 70000
            [LIMIT] => 10000
        )

    [Ошибки при выполнении] => Array
(
)

)


PROCESSING Step Complete:
Array
(
    [Дата] => 23.05.2018 07:42:03
    [Сообщение] => 
            Time start: 2018.05.23 07:41:50
            Taked : 10000 cities,
            Loaded from Database: 238516 cities
            Updated: 10000 cities
            Added: 0 cities
            Time end: 2018.05.03 07:42:03
    [Параметры запуска] => Array
        (
            [START] => 80000
            [LIMIT] => 10000
        )

    [Ошибки при выполнении] => Array
(
)

)


PROCESSING Step Complete:
Array
(
    [Дата] => 23.05.2018 07:47:17
    [Сообщение] => 
            Time start: 2018.05.23 07:47:03
            Taked : 10000 cities,
            Loaded from Database: 238516 cities
            Updated: 10000 cities
            Added: 0 cities
            Time end: 2018.05.17 07:47:17
    [Параметры запуска] => Array
        (
            [START] => 90000
            [LIMIT] => 10000
        )

    [Ошибки при выполнении] => Array
(
)

)


PROCESSING Step Complete:
Array
(
    [Дата] => 23.05.2018 07:52:30
    [Сообщение] => 
            Time start: 2018.05.23 07:52:17
            Taked : 10000 cities,
            Loaded from Database: 238516 cities
            Updated: 10000 cities
            Added: 0 cities
            Time end: 2018.05.30 07:52:30
    [Параметры запуска] => Array
        (
            [START] => 100000
            [LIMIT] => 10000
        )

    [Ошибки при выполнении] => Array
(
)

)


PROCESSING Step Complete:
Array
(
    [Дата] => 23.05.2018 07:57:43
    [Сообщение] => 
            Time start: 2018.05.23 07:57:30
            Taked : 10000 cities,
            Loaded from Database: 238516 cities
            Updated: 10000 cities
            Added: 0 cities
            Time end: 2018.05.43 07:57:43
    [Параметры запуска] => Array
        (
            [START] => 110000
            [LIMIT] => 10000
        )

    [Ошибки при выполнении] => Array
(
)

)


PROCESSING Step Complete:
Array
(
    [Дата] => 23.05.2018 08:02:56
    [Сообщение] => 
            Time start: 2018.05.23 08:02:44
            Taked : 10000 cities,
            Loaded from Database: 238516 cities
            Updated: 10000 cities
            Added: 0 cities
            Time end: 2018.05.56 08:02:56
    [Параметры запуска] => Array
        (
            [START] => 120000
            [LIMIT] => 10000
        )

    [Ошибки при выполнении] => Array
(
)

)


PROCESSING Step Complete:
Array
(
    [Дата] => 23.05.2018 08:08:08
    [Сообщение] => 
            Time start: 2018.05.23 08:07:56
            Taked : 10000 cities,
            Loaded from Database: 238516 cities
            Updated: 10000 cities
            Added: 0 cities
            Time end: 2018.05.08 08:08:08
    [Параметры запуска] => Array
        (
            [START] => 130000
            [LIMIT] => 10000
        )

    [Ошибки при выполнении] => Array
(
)

)


PROCESSING Step Complete:
Array
(
    [Дата] => 23.05.2018 08:13:22
    [Сообщение] => 
            Time start: 2018.05.23 08:13:09
            Taked : 10000 cities,
            Loaded from Database: 238516 cities
            Updated: 10000 cities
            Added: 0 cities
            Time end: 2018.05.22 08:13:22
    [Параметры запуска] => Array
        (
            [START] => 140000
            [LIMIT] => 10000
        )

    [Ошибки при выполнении] => Array
(
)

)


PROCESSING Step Complete:
Array
(
    [Дата] => 23.05.2018 08:18:35
    [Сообщение] => 
            Time start: 2018.05.23 08:18:22
            Taked : 10000 cities,
            Loaded from Database: 238516 cities
            Updated: 10000 cities
            Added: 0 cities
            Time end: 2018.05.35 08:18:35
    [Параметры запуска] => Array
        (
            [START] => 150000
            [LIMIT] => 10000
        )

    [Ошибки при выполнении] => Array
(
)

)


PROCESSING Step Complete:
Array
(
    [Дата] => 23.05.2018 08:23:48
    [Сообщение] => 
            Time start: 2018.05.23 08:23:36
            Taked : 10000 cities,
            Loaded from Database: 238516 cities
            Updated: 10000 cities
            Added: 0 cities
            Time end: 2018.05.48 08:23:48
    [Параметры запуска] => Array
        (
            [START] => 160000
            [LIMIT] => 10000
        )

    [Ошибки при выполнении] => Array
(
)

)


PROCESSING Step Complete:
Array
(
    [Дата] => 23.05.2018 08:29:02
    [Сообщение] => 
            Time start: 2018.05.23 08:28:48
            Taked : 10000 cities,
            Loaded from Database: 238516 cities
            Updated: 10000 cities
            Added: 0 cities
            Time end: 2018.05.02 08:29:02
    [Параметры запуска] => Array
        (
            [START] => 170000
            [LIMIT] => 10000
        )

    [Ошибки при выполнении] => Array
(
)

)


PROCESSING Step Complete:
Array
(
    [Дата] => 23.05.2018 08:34:16
    [Сообщение] => 
            Time start: 2018.05.23 08:34:02
            Taked : 10000 cities,
            Loaded from Database: 238516 cities
            Updated: 10000 cities
            Added: 0 cities
            Time end: 2018.05.16 08:34:16
    [Параметры запуска] => Array
        (
            [START] => 180000
            [LIMIT] => 10000
        )

    [Ошибки при выполнении] => Array
(
)

)


PROCESSING Step Complete:
Array
(
    [Дата] => 23.05.2018 08:39:29
    [Сообщение] => 
            Time start: 2018.05.23 08:39:16
            Taked : 10000 cities,
            Loaded from Database: 238516 cities
            Updated: 10000 cities
            Added: 0 cities
            Time end: 2018.05.29 08:39:29
    [Параметры запуска] => Array
        (
            [START] => 190000
            [LIMIT] => 10000
        )

    [Ошибки при выполнении] => Array
(
)

)


PROCESSING Step Complete:
Array
(
    [Дата] => 23.05.2018 08:44:42
    [Сообщение] => 
            Time start: 2018.05.23 08:44:29
            Taked : 10000 cities,
            Loaded from Database: 238516 cities
            Updated: 10000 cities
            Added: 0 cities
            Time end: 2018.05.42 08:44:42
    [Параметры запуска] => Array
        (
            [START] => 200000
            [LIMIT] => 10000
        )

    [Ошибки при выполнении] => Array
(
)

)


PROCESSING Step Complete:
Array
(
    [Дата] => 23.05.2018 08:49:55
    [Сообщение] => 
            Time start: 2018.05.23 08:49:42
            Taked : 10000 cities,
            Loaded from Database: 238516 cities
            Updated: 9995 cities
            Added: 5 cities
            Time end: 2018.05.55 08:49:55
    [Параметры запуска] => Array
        (
            [START] => 210000
            [LIMIT] => 10000
        )

    [Ошибки при выполнении] => Array
(
)

)


PROCESSING Step Complete:
Array
(
    [Дата] => 23.05.2018 08:55:09
    [Сообщение] => 
            Time start: 2018.05.23 08:54:56
            Taked : 10000 cities,
            Loaded from Database: 238521 cities
            Updated: 10000 cities
            Added: 0 cities
            Time end: 2018.05.09 08:55:09
    [Параметры запуска] => Array
        (
            [START] => 220000
            [LIMIT] => 10000
        )

    [Ошибки при выполнении] => Array
(
)

)


PROCESSING Complete:
Array
(
    [Дата] => 23.05.2018 09:00:20
    [Сообщение] => 
            Time start: 2018.05.23 09:00:09
            Taked : 8521 cities,
            Loaded from Database: 238521 cities
            Deleted: 0 cities,
            Updated: 8521 cities
            Added: 0 cities
            Time end: 2018.05.20 09:00:20
    [Параметры запуска] => Array
        (
            [START] => 230000
            [LIMIT] => 10000
        )

    [Ошибки при выполнении] => Array
(
)

)


