TRIGGER Complete:
Array
(
    [Дата] => 03.08.2018 07:00:04
    [Сообщение] => TRIGGER START
)


PROCESSING Step Complete:
Array
(
    [Дата] => 03.08.2018 07:00:33
    [Сообщение] => 
            Time start: 2018.08.03 07:00:04
            Taked : 10000 cities,
            Loaded from Database: 239408 cities
            Updated: 10000 cities
            Added: 0 cities
            Time end: 2018.08.33 07:00:33
    [Параметры запуска] => Array
        (
            [START] => 0
            [LIMIT] => 10000
        )

    [Ошибки при выполнении] => Array
(
)

)


PROCESSING Step Complete:
Array
(
    [Дата] => 03.08.2018 07:06:02
    [Сообщение] => 
            Time start: 2018.08.03 07:05:33
            Taked : 10000 cities,
            Loaded from Database: 239408 cities
            Updated: 10000 cities
            Added: 0 cities
            Time end: 2018.08.02 07:06:02
    [Параметры запуска] => Array
        (
            [START] => 10000
            [LIMIT] => 10000
        )

    [Ошибки при выполнении] => Array
(
)

)


PROCESSING Step Complete:
Array
(
    [Дата] => 03.08.2018 07:11:29
    [Сообщение] => 
            Time start: 2018.08.03 07:11:02
            Taked : 10000 cities,
            Loaded from Database: 239408 cities
            Updated: 10000 cities
            Added: 0 cities
            Time end: 2018.08.29 07:11:29
    [Параметры запуска] => Array
        (
            [START] => 20000
            [LIMIT] => 10000
        )

    [Ошибки при выполнении] => Array
(
)

)


PROCESSING Step Complete:
Array
(
    [Дата] => 03.08.2018 07:16:58
    [Сообщение] => 
            Time start: 2018.08.03 07:16:29
            Taked : 10000 cities,
            Loaded from Database: 239408 cities
            Updated: 10000 cities
            Added: 0 cities
            Time end: 2018.08.58 07:16:58
    [Параметры запуска] => Array
        (
            [START] => 30000
            [LIMIT] => 10000
        )

    [Ошибки при выполнении] => Array
(
)

)


PROCESSING Step Complete:
Array
(
    [Дата] => 03.08.2018 07:22:27
    [Сообщение] => 
            Time start: 2018.08.03 07:21:58
            Taked : 10000 cities,
            Loaded from Database: 239408 cities
            Updated: 10000 cities
            Added: 0 cities
            Time end: 2018.08.27 07:22:27
    [Параметры запуска] => Array
        (
            [START] => 40000
            [LIMIT] => 10000
        )

    [Ошибки при выполнении] => Array
(
)

)


PROCESSING Step Complete:
Array
(
    [Дата] => 03.08.2018 07:27:57
    [Сообщение] => 
            Time start: 2018.08.03 07:27:27
            Taked : 10000 cities,
            Loaded from Database: 239408 cities
            Updated: 10000 cities
            Added: 0 cities
            Time end: 2018.08.57 07:27:57
    [Параметры запуска] => Array
        (
            [START] => 50000
            [LIMIT] => 10000
        )

    [Ошибки при выполнении] => Array
(
)

)


PROCESSING Step Complete:
Array
(
    [Дата] => 03.08.2018 07:33:26
    [Сообщение] => 
            Time start: 2018.08.03 07:32:57
            Taked : 10000 cities,
            Loaded from Database: 239408 cities
            Updated: 10000 cities
            Added: 0 cities
            Time end: 2018.08.26 07:33:26
    [Параметры запуска] => Array
        (
            [START] => 60000
            [LIMIT] => 10000
        )

    [Ошибки при выполнении] => Array
(
)

)


PROCESSING Step Complete:
Array
(
    [Дата] => 03.08.2018 07:38:54
    [Сообщение] => 
            Time start: 2018.08.03 07:38:26
            Taked : 10000 cities,
            Loaded from Database: 239408 cities
            Updated: 10000 cities
            Added: 0 cities
            Time end: 2018.08.54 07:38:54
    [Параметры запуска] => Array
        (
            [START] => 70000
            [LIMIT] => 10000
        )

    [Ошибки при выполнении] => Array
(
)

)


PROCESSING Step Complete:
Array
(
    [Дата] => 03.08.2018 07:44:24
    [Сообщение] => 
            Time start: 2018.08.03 07:43:55
            Taked : 10000 cities,
            Loaded from Database: 239408 cities
            Updated: 10000 cities
            Added: 0 cities
            Time end: 2018.08.24 07:44:24
    [Параметры запуска] => Array
        (
            [START] => 80000
            [LIMIT] => 10000
        )

    [Ошибки при выполнении] => Array
(
)

)


PROCESSING Step Complete:
Array
(
    [Дата] => 03.08.2018 07:49:54
    [Сообщение] => 
            Time start: 2018.08.03 07:49:24
            Taked : 10000 cities,
            Loaded from Database: 239408 cities
            Updated: 10000 cities
            Added: 0 cities
            Time end: 2018.08.54 07:49:54
    [Параметры запуска] => Array
        (
            [START] => 90000
            [LIMIT] => 10000
        )

    [Ошибки при выполнении] => Array
(
)

)


PROCESSING Step Complete:
Array
(
    [Дата] => 03.08.2018 07:55:22
    [Сообщение] => 
            Time start: 2018.08.03 07:54:54
            Taked : 10000 cities,
            Loaded from Database: 239408 cities
            Updated: 10000 cities
            Added: 0 cities
            Time end: 2018.08.22 07:55:22
    [Параметры запуска] => Array
        (
            [START] => 100000
            [LIMIT] => 10000
        )

    [Ошибки при выполнении] => Array
(
)

)


PROCESSING Step Complete:
Array
(
    [Дата] => 03.08.2018 08:00:51
    [Сообщение] => 
            Time start: 2018.08.03 08:00:23
            Taked : 10000 cities,
            Loaded from Database: 239408 cities
            Updated: 10000 cities
            Added: 0 cities
            Time end: 2018.08.51 08:00:51
    [Параметры запуска] => Array
        (
            [START] => 110000
            [LIMIT] => 10000
        )

    [Ошибки при выполнении] => Array
(
)

)


PROCESSING Step Complete:
Array
(
    [Дата] => 03.08.2018 08:06:20
    [Сообщение] => 
            Time start: 2018.08.03 08:05:51
            Taked : 10000 cities,
            Loaded from Database: 239408 cities
            Updated: 10000 cities
            Added: 0 cities
            Time end: 2018.08.20 08:06:20
    [Параметры запуска] => Array
        (
            [START] => 120000
            [LIMIT] => 10000
        )

    [Ошибки при выполнении] => Array
(
)

)


PROCESSING Step Complete:
Array
(
    [Дата] => 03.08.2018 08:11:48
    [Сообщение] => 
            Time start: 2018.08.03 08:11:20
            Taked : 10000 cities,
            Loaded from Database: 239408 cities
            Updated: 10000 cities
            Added: 0 cities
            Time end: 2018.08.48 08:11:48
    [Параметры запуска] => Array
        (
            [START] => 130000
            [LIMIT] => 10000
        )

    [Ошибки при выполнении] => Array
(
)

)


PROCESSING Step Complete:
Array
(
    [Дата] => 03.08.2018 08:17:17
    [Сообщение] => 
            Time start: 2018.08.03 08:16:48
            Taked : 10000 cities,
            Loaded from Database: 239408 cities
            Updated: 10000 cities
            Added: 0 cities
            Time end: 2018.08.17 08:17:17
    [Параметры запуска] => Array
        (
            [START] => 140000
            [LIMIT] => 10000
        )

    [Ошибки при выполнении] => Array
(
)

)


PROCESSING Step Complete:
Array
(
    [Дата] => 03.08.2018 08:22:46
    [Сообщение] => 
            Time start: 2018.08.03 08:22:17
            Taked : 10000 cities,
            Loaded from Database: 239408 cities
            Updated: 10000 cities
            Added: 0 cities
            Time end: 2018.08.46 08:22:46
    [Параметры запуска] => Array
        (
            [START] => 150000
            [LIMIT] => 10000
        )

    [Ошибки при выполнении] => Array
(
)

)


PROCESSING Step Complete:
Array
(
    [Дата] => 03.08.2018 08:28:15
    [Сообщение] => 
            Time start: 2018.08.03 08:27:46
            Taked : 10000 cities,
            Loaded from Database: 239408 cities
            Updated: 10000 cities
            Added: 0 cities
            Time end: 2018.08.15 08:28:15
    [Параметры запуска] => Array
        (
            [START] => 160000
            [LIMIT] => 10000
        )

    [Ошибки при выполнении] => Array
(
)

)


PROCESSING Step Complete:
Array
(
    [Дата] => 03.08.2018 08:33:44
    [Сообщение] => 
            Time start: 2018.08.03 08:33:15
            Taked : 10000 cities,
            Loaded from Database: 239408 cities
            Updated: 10000 cities
            Added: 0 cities
            Time end: 2018.08.44 08:33:44
    [Параметры запуска] => Array
        (
            [START] => 170000
            [LIMIT] => 10000
        )

    [Ошибки при выполнении] => Array
(
)

)


PROCESSING Step Complete:
Array
(
    [Дата] => 03.08.2018 08:39:13
    [Сообщение] => 
            Time start: 2018.08.03 08:38:44
            Taked : 10000 cities,
            Loaded from Database: 239408 cities
            Updated: 10000 cities
            Added: 0 cities
            Time end: 2018.08.13 08:39:13
    [Параметры запуска] => Array
        (
            [START] => 180000
            [LIMIT] => 10000
        )

    [Ошибки при выполнении] => Array
(
)

)


PROCESSING Step Complete:
Array
(
    [Дата] => 03.08.2018 08:44:43
    [Сообщение] => 
            Time start: 2018.08.03 08:44:14
            Taked : 10000 cities,
            Loaded from Database: 239408 cities
            Updated: 10000 cities
            Added: 0 cities
            Time end: 2018.08.43 08:44:43
    [Параметры запуска] => Array
        (
            [START] => 190000
            [LIMIT] => 10000
        )

    [Ошибки при выполнении] => Array
(
)

)


PROCESSING Step Complete:
Array
(
    [Дата] => 03.08.2018 08:50:12
    [Сообщение] => 
            Time start: 2018.08.03 08:49:43
            Taked : 10000 cities,
            Loaded from Database: 239408 cities
            Updated: 10000 cities
            Added: 0 cities
            Time end: 2018.08.12 08:50:12
    [Параметры запуска] => Array
        (
            [START] => 200000
            [LIMIT] => 10000
        )

    [Ошибки при выполнении] => Array
(
)

)


PROCESSING Step Complete:
Array
(
    [Дата] => 03.08.2018 08:55:42
    [Сообщение] => 
            Time start: 2018.08.03 08:55:12
            Taked : 10000 cities,
            Loaded from Database: 239408 cities
            Updated: 10000 cities
            Added: 0 cities
            Time end: 2018.08.42 08:55:42
    [Параметры запуска] => Array
        (
            [START] => 210000
            [LIMIT] => 10000
        )

    [Ошибки при выполнении] => Array
(
)

)


PROCESSING Step Complete:
Array
(
    [Дата] => 03.08.2018 09:01:11
    [Сообщение] => 
            Time start: 2018.08.03 09:00:42
            Taked : 10000 cities,
            Loaded from Database: 239408 cities
            Updated: 9999 cities
            Added: 1 cities
            Time end: 2018.08.11 09:01:11
    [Параметры запуска] => Array
        (
            [START] => 220000
            [LIMIT] => 10000
        )

    [Ошибки при выполнении] => Array
(
)

)


PROCESSING Complete:
Array
(
    [Дата] => 03.08.2018 09:06:39
    [Сообщение] => 
            Time start: 2018.08.03 09:06:11
            Taked : 9408 cities,
            Loaded from Database: 239409 cities
            Deleted: 1 cities,
            Updated: 9408 cities
            Added: 0 cities
            Time end: 2018.08.39 09:06:39
    [Параметры запуска] => Array
        (
            [START] => 230000
            [LIMIT] => 10000
        )

    [Ошибки при выполнении] => Array
(
)

)


