TRIGGER Complete:
Array
(
    [Дата] => 19.05.2018 07:00:02
    [Сообщение] => TRIGGER START
)


PROCESSING Step Complete:
Array
(
    [Дата] => 19.05.2018 07:00:15
    [Сообщение] => 
            Time start: 2018.05.19 07:00:02
            Taked : 10000 cities,
            Loaded from Database: 238507 cities
            Updated: 10000 cities
            Added: 0 cities
            Time end: 2018.05.15 07:00:15
    [Параметры запуска] => Array
        (
            [START] => 0
            [LIMIT] => 10000
        )

    [Ошибки при выполнении] => Array
(
)

)


PROCESSING Step Complete:
Array
(
    [Дата] => 19.05.2018 07:05:29
    [Сообщение] => 
            Time start: 2018.05.19 07:05:15
            Taked : 10000 cities,
            Loaded from Database: 238507 cities
            Updated: 10000 cities
            Added: 0 cities
            Time end: 2018.05.29 07:05:29
    [Параметры запуска] => Array
        (
            [START] => 10000
            [LIMIT] => 10000
        )

    [Ошибки при выполнении] => Array
(
)

)


PROCESSING Step Complete:
Array
(
    [Дата] => 19.05.2018 07:10:42
    [Сообщение] => 
            Time start: 2018.05.19 07:10:29
            Taked : 10000 cities,
            Loaded from Database: 238507 cities
            Updated: 10000 cities
            Added: 0 cities
            Time end: 2018.05.42 07:10:42
    [Параметры запуска] => Array
        (
            [START] => 20000
            [LIMIT] => 10000
        )

    [Ошибки при выполнении] => Array
(
)

)


PROCESSING Step Complete:
Array
(
    [Дата] => 19.05.2018 07:15:55
    [Сообщение] => 
            Time start: 2018.05.19 07:15:42
            Taked : 10000 cities,
            Loaded from Database: 238507 cities
            Updated: 10000 cities
            Added: 0 cities
            Time end: 2018.05.55 07:15:55
    [Параметры запуска] => Array
        (
            [START] => 30000
            [LIMIT] => 10000
        )

    [Ошибки при выполнении] => Array
(
)

)


PROCESSING Step Complete:
Array
(
    [Дата] => 19.05.2018 07:21:08
    [Сообщение] => 
            Time start: 2018.05.19 07:20:55
            Taked : 10000 cities,
            Loaded from Database: 238507 cities
            Updated: 10000 cities
            Added: 0 cities
            Time end: 2018.05.08 07:21:08
    [Параметры запуска] => Array
        (
            [START] => 40000
            [LIMIT] => 10000
        )

    [Ошибки при выполнении] => Array
(
)

)


PROCESSING Step Complete:
Array
(
    [Дата] => 19.05.2018 07:26:22
    [Сообщение] => 
            Time start: 2018.05.19 07:26:08
            Taked : 10000 cities,
            Loaded from Database: 238507 cities
            Updated: 10000 cities
            Added: 0 cities
            Time end: 2018.05.22 07:26:22
    [Параметры запуска] => Array
        (
            [START] => 50000
            [LIMIT] => 10000
        )

    [Ошибки при выполнении] => Array
(
)

)


PROCESSING Step Complete:
Array
(
    [Дата] => 19.05.2018 07:31:35
    [Сообщение] => 
            Time start: 2018.05.19 07:31:22
            Taked : 10000 cities,
            Loaded from Database: 238507 cities
            Updated: 10000 cities
            Added: 0 cities
            Time end: 2018.05.35 07:31:35
    [Параметры запуска] => Array
        (
            [START] => 60000
            [LIMIT] => 10000
        )

    [Ошибки при выполнении] => Array
(
)

)


PROCESSING Step Complete:
Array
(
    [Дата] => 19.05.2018 07:36:49
    [Сообщение] => 
            Time start: 2018.05.19 07:36:35
            Taked : 10000 cities,
            Loaded from Database: 238507 cities
            Updated: 10000 cities
            Added: 0 cities
            Time end: 2018.05.49 07:36:49
    [Параметры запуска] => Array
        (
            [START] => 70000
            [LIMIT] => 10000
        )

    [Ошибки при выполнении] => Array
(
)

)


PROCESSING Step Complete:
Array
(
    [Дата] => 19.05.2018 07:42:03
    [Сообщение] => 
            Time start: 2018.05.19 07:41:49
            Taked : 10000 cities,
            Loaded from Database: 238507 cities
            Updated: 10000 cities
            Added: 0 cities
            Time end: 2018.05.03 07:42:03
    [Параметры запуска] => Array
        (
            [START] => 80000
            [LIMIT] => 10000
        )

    [Ошибки при выполнении] => Array
(
)

)


PROCESSING Step Complete:
Array
(
    [Дата] => 19.05.2018 07:47:16
    [Сообщение] => 
            Time start: 2018.05.19 07:47:03
            Taked : 10000 cities,
            Loaded from Database: 238507 cities
            Updated: 10000 cities
            Added: 0 cities
            Time end: 2018.05.16 07:47:16
    [Параметры запуска] => Array
        (
            [START] => 90000
            [LIMIT] => 10000
        )

    [Ошибки при выполнении] => Array
(
)

)


PROCESSING Step Complete:
Array
(
    [Дата] => 19.05.2018 07:52:28
    [Сообщение] => 
            Time start: 2018.05.19 07:52:16
            Taked : 10000 cities,
            Loaded from Database: 238507 cities
            Updated: 10000 cities
            Added: 0 cities
            Time end: 2018.05.28 07:52:28
    [Параметры запуска] => Array
        (
            [START] => 100000
            [LIMIT] => 10000
        )

    [Ошибки при выполнении] => Array
(
)

)


PROCESSING Step Complete:
Array
(
    [Дата] => 19.05.2018 07:57:42
    [Сообщение] => 
            Time start: 2018.05.19 07:57:28
            Taked : 10000 cities,
            Loaded from Database: 238507 cities
            Updated: 10000 cities
            Added: 0 cities
            Time end: 2018.05.42 07:57:42
    [Параметры запуска] => Array
        (
            [START] => 110000
            [LIMIT] => 10000
        )

    [Ошибки при выполнении] => Array
(
)

)


PROCESSING Step Complete:
Array
(
    [Дата] => 19.05.2018 08:02:56
    [Сообщение] => 
            Time start: 2018.05.19 08:02:42
            Taked : 10000 cities,
            Loaded from Database: 238507 cities
            Updated: 10000 cities
            Added: 0 cities
            Time end: 2018.05.56 08:02:56
    [Параметры запуска] => Array
        (
            [START] => 120000
            [LIMIT] => 10000
        )

    [Ошибки при выполнении] => Array
(
)

)


PROCESSING Step Complete:
Array
(
    [Дата] => 19.05.2018 08:08:09
    [Сообщение] => 
            Time start: 2018.05.19 08:07:56
            Taked : 10000 cities,
            Loaded from Database: 238507 cities
            Updated: 10000 cities
            Added: 0 cities
            Time end: 2018.05.09 08:08:09
    [Параметры запуска] => Array
        (
            [START] => 130000
            [LIMIT] => 10000
        )

    [Ошибки при выполнении] => Array
(
)

)


PROCESSING Step Complete:
Array
(
    [Дата] => 19.05.2018 08:13:23
    [Сообщение] => 
            Time start: 2018.05.19 08:13:09
            Taked : 10000 cities,
            Loaded from Database: 238507 cities
            Updated: 10000 cities
            Added: 0 cities
            Time end: 2018.05.23 08:13:23
    [Параметры запуска] => Array
        (
            [START] => 140000
            [LIMIT] => 10000
        )

    [Ошибки при выполнении] => Array
(
)

)


PROCESSING Step Complete:
Array
(
    [Дата] => 19.05.2018 08:18:36
    [Сообщение] => 
            Time start: 2018.05.19 08:18:23
            Taked : 10000 cities,
            Loaded from Database: 238507 cities
            Updated: 10000 cities
            Added: 0 cities
            Time end: 2018.05.36 08:18:36
    [Параметры запуска] => Array
        (
            [START] => 150000
            [LIMIT] => 10000
        )

    [Ошибки при выполнении] => Array
(
)

)


PROCESSING Step Complete:
Array
(
    [Дата] => 19.05.2018 08:23:50
    [Сообщение] => 
            Time start: 2018.05.19 08:23:37
            Taked : 10000 cities,
            Loaded from Database: 238507 cities
            Updated: 10000 cities
            Added: 0 cities
            Time end: 2018.05.50 08:23:50
    [Параметры запуска] => Array
        (
            [START] => 160000
            [LIMIT] => 10000
        )

    [Ошибки при выполнении] => Array
(
)

)


PROCESSING Step Complete:
Array
(
    [Дата] => 19.05.2018 08:29:04
    [Сообщение] => 
            Time start: 2018.05.19 08:28:50
            Taked : 10000 cities,
            Loaded from Database: 238507 cities
            Updated: 10000 cities
            Added: 0 cities
            Time end: 2018.05.04 08:29:04
    [Параметры запуска] => Array
        (
            [START] => 170000
            [LIMIT] => 10000
        )

    [Ошибки при выполнении] => Array
(
)

)


PROCESSING Step Complete:
Array
(
    [Дата] => 19.05.2018 08:34:17
    [Сообщение] => 
            Time start: 2018.05.19 08:34:04
            Taked : 10000 cities,
            Loaded from Database: 238507 cities
            Updated: 10000 cities
            Added: 0 cities
            Time end: 2018.05.17 08:34:17
    [Параметры запуска] => Array
        (
            [START] => 180000
            [LIMIT] => 10000
        )

    [Ошибки при выполнении] => Array
(
)

)


PROCESSING Step Complete:
Array
(
    [Дата] => 19.05.2018 08:39:31
    [Сообщение] => 
            Time start: 2018.05.19 08:39:17
            Taked : 10000 cities,
            Loaded from Database: 238507 cities
            Updated: 10000 cities
            Added: 0 cities
            Time end: 2018.05.31 08:39:31
    [Параметры запуска] => Array
        (
            [START] => 190000
            [LIMIT] => 10000
        )

    [Ошибки при выполнении] => Array
(
)

)


PROCESSING Step Complete:
Array
(
    [Дата] => 19.05.2018 08:44:45
    [Сообщение] => 
            Time start: 2018.05.19 08:44:31
            Taked : 10000 cities,
            Loaded from Database: 238507 cities
            Updated: 9999 cities
            Added: 1 cities
            Time end: 2018.05.45 08:44:45
    [Параметры запуска] => Array
        (
            [START] => 200000
            [LIMIT] => 10000
        )

    [Ошибки при выполнении] => Array
(
)

)


PROCESSING Step Complete:
Array
(
    [Дата] => 19.05.2018 08:49:58
    [Сообщение] => 
            Time start: 2018.05.19 08:49:45
            Taked : 10000 cities,
            Loaded from Database: 238508 cities
            Updated: 10000 cities
            Added: 0 cities
            Time end: 2018.05.58 08:49:58
    [Параметры запуска] => Array
        (
            [START] => 210000
            [LIMIT] => 10000
        )

    [Ошибки при выполнении] => Array
(
)

)


PROCESSING Step Complete:
Array
(
    [Дата] => 19.05.2018 08:55:12
    [Сообщение] => 
            Time start: 2018.05.19 08:54:58
            Taked : 10000 cities,
            Loaded from Database: 238508 cities
            Updated: 10000 cities
            Added: 0 cities
            Time end: 2018.05.12 08:55:12
    [Параметры запуска] => Array
        (
            [START] => 220000
            [LIMIT] => 10000
        )

    [Ошибки при выполнении] => Array
(
)

)


PROCESSING Complete:
Array
(
    [Дата] => 19.05.2018 09:00:24
    [Сообщение] => 
            Time start: 2018.05.19 09:00:12
            Taked : 8508 cities,
            Loaded from Database: 238508 cities
            Deleted: 0 cities,
            Updated: 8508 cities
            Added: 0 cities
            Time end: 2018.05.24 09:00:24
    [Параметры запуска] => Array
        (
            [START] => 230000
            [LIMIT] => 10000
        )

    [Ошибки при выполнении] => Array
(
)

)


