TRIGGER Complete:
Array
(
    [Дата] => 03.09.2018 07:00:04
    [Сообщение] => TRIGGER START
)


PROCESSING Step Complete:
Array
(
    [Дата] => 03.09.2018 07:00:33
    [Сообщение] => 
            Time start: 2018.09.03 07:00:04
            Taked : 10000 cities,
            Loaded from Database: 239454 cities
            Updated: 10000 cities
            Added: 0 cities
            Time end: 2018.09.33 07:00:33
    [Параметры запуска] => Array
        (
            [START] => 0
            [LIMIT] => 10000
        )

    [Ошибки при выполнении] => Array
(
)

)


PROCESSING Step Complete:
Array
(
    [Дата] => 03.09.2018 07:06:02
    [Сообщение] => 
            Time start: 2018.09.03 07:05:33
            Taked : 10000 cities,
            Loaded from Database: 239454 cities
            Updated: 10000 cities
            Added: 0 cities
            Time end: 2018.09.02 07:06:02
    [Параметры запуска] => Array
        (
            [START] => 10000
            [LIMIT] => 10000
        )

    [Ошибки при выполнении] => Array
(
)

)


PROCESSING Step Complete:
Array
(
    [Дата] => 03.09.2018 07:11:31
    [Сообщение] => 
            Time start: 2018.09.03 07:11:02
            Taked : 10000 cities,
            Loaded from Database: 239454 cities
            Updated: 10000 cities
            Added: 0 cities
            Time end: 2018.09.31 07:11:31
    [Параметры запуска] => Array
        (
            [START] => 20000
            [LIMIT] => 10000
        )

    [Ошибки при выполнении] => Array
(
)

)


PROCESSING Step Complete:
Array
(
    [Дата] => 03.09.2018 07:17:00
    [Сообщение] => 
            Time start: 2018.09.03 07:16:31
            Taked : 10000 cities,
            Loaded from Database: 239454 cities
            Updated: 10000 cities
            Added: 0 cities
            Time end: 2018.09.00 07:17:00
    [Параметры запуска] => Array
        (
            [START] => 30000
            [LIMIT] => 10000
        )

    [Ошибки при выполнении] => Array
(
)

)


PROCESSING Step Complete:
Array
(
    [Дата] => 03.09.2018 07:22:29
    [Сообщение] => 
            Time start: 2018.09.03 07:22:00
            Taked : 10000 cities,
            Loaded from Database: 239454 cities
            Updated: 10000 cities
            Added: 0 cities
            Time end: 2018.09.29 07:22:29
    [Параметры запуска] => Array
        (
            [START] => 40000
            [LIMIT] => 10000
        )

    [Ошибки при выполнении] => Array
(
)

)


PROCESSING Step Complete:
Array
(
    [Дата] => 03.09.2018 07:27:58
    [Сообщение] => 
            Time start: 2018.09.03 07:27:29
            Taked : 10000 cities,
            Loaded from Database: 239454 cities
            Updated: 10000 cities
            Added: 0 cities
            Time end: 2018.09.58 07:27:58
    [Параметры запуска] => Array
        (
            [START] => 50000
            [LIMIT] => 10000
        )

    [Ошибки при выполнении] => Array
(
)

)


PROCESSING Step Complete:
Array
(
    [Дата] => 03.09.2018 07:33:27
    [Сообщение] => 
            Time start: 2018.09.03 07:32:58
            Taked : 10000 cities,
            Loaded from Database: 239454 cities
            Updated: 10000 cities
            Added: 0 cities
            Time end: 2018.09.27 07:33:27
    [Параметры запуска] => Array
        (
            [START] => 60000
            [LIMIT] => 10000
        )

    [Ошибки при выполнении] => Array
(
)

)


PROCESSING Step Complete:
Array
(
    [Дата] => 03.09.2018 07:38:55
    [Сообщение] => 
            Time start: 2018.09.03 07:38:27
            Taked : 10000 cities,
            Loaded from Database: 239454 cities
            Updated: 10000 cities
            Added: 0 cities
            Time end: 2018.09.55 07:38:55
    [Параметры запуска] => Array
        (
            [START] => 70000
            [LIMIT] => 10000
        )

    [Ошибки при выполнении] => Array
(
)

)


PROCESSING Step Complete:
Array
(
    [Дата] => 03.09.2018 07:44:24
    [Сообщение] => 
            Time start: 2018.09.03 07:43:55
            Taked : 10000 cities,
            Loaded from Database: 239454 cities
            Updated: 10000 cities
            Added: 0 cities
            Time end: 2018.09.24 07:44:24
    [Параметры запуска] => Array
        (
            [START] => 80000
            [LIMIT] => 10000
        )

    [Ошибки при выполнении] => Array
(
)

)


PROCESSING Step Complete:
Array
(
    [Дата] => 03.09.2018 07:49:53
    [Сообщение] => 
            Time start: 2018.09.03 07:49:24
            Taked : 10000 cities,
            Loaded from Database: 239454 cities
            Updated: 10000 cities
            Added: 0 cities
            Time end: 2018.09.53 07:49:53
    [Параметры запуска] => Array
        (
            [START] => 90000
            [LIMIT] => 10000
        )

    [Ошибки при выполнении] => Array
(
)

)


PROCESSING Step Complete:
Array
(
    [Дата] => 03.09.2018 07:55:23
    [Сообщение] => 
            Time start: 2018.09.03 07:54:54
            Taked : 10000 cities,
            Loaded from Database: 239454 cities
            Updated: 10000 cities
            Added: 0 cities
            Time end: 2018.09.23 07:55:23
    [Параметры запуска] => Array
        (
            [START] => 100000
            [LIMIT] => 10000
        )

    [Ошибки при выполнении] => Array
(
)

)


PROCESSING Step Complete:
Array
(
    [Дата] => 03.09.2018 08:00:52
    [Сообщение] => 
            Time start: 2018.09.03 08:00:23
            Taked : 10000 cities,
            Loaded from Database: 239454 cities
            Updated: 10000 cities
            Added: 0 cities
            Time end: 2018.09.52 08:00:52
    [Параметры запуска] => Array
        (
            [START] => 110000
            [LIMIT] => 10000
        )

    [Ошибки при выполнении] => Array
(
)

)


PROCESSING Step Complete:
Array
(
    [Дата] => 03.09.2018 08:06:20
    [Сообщение] => 
            Time start: 2018.09.03 08:05:52
            Taked : 10000 cities,
            Loaded from Database: 239454 cities
            Updated: 10000 cities
            Added: 0 cities
            Time end: 2018.09.20 08:06:20
    [Параметры запуска] => Array
        (
            [START] => 120000
            [LIMIT] => 10000
        )

    [Ошибки при выполнении] => Array
(
)

)


PROCESSING Step Complete:
Array
(
    [Дата] => 03.09.2018 08:11:48
    [Сообщение] => 
            Time start: 2018.09.03 08:11:20
            Taked : 10000 cities,
            Loaded from Database: 239454 cities
            Updated: 10000 cities
            Added: 0 cities
            Time end: 2018.09.48 08:11:48
    [Параметры запуска] => Array
        (
            [START] => 130000
            [LIMIT] => 10000
        )

    [Ошибки при выполнении] => Array
(
)

)


PROCESSING Step Complete:
Array
(
    [Дата] => 03.09.2018 08:17:17
    [Сообщение] => 
            Time start: 2018.09.03 08:16:49
            Taked : 10000 cities,
            Loaded from Database: 239454 cities
            Updated: 10000 cities
            Added: 0 cities
            Time end: 2018.09.17 08:17:17
    [Параметры запуска] => Array
        (
            [START] => 140000
            [LIMIT] => 10000
        )

    [Ошибки при выполнении] => Array
(
)

)


PROCESSING Step Complete:
Array
(
    [Дата] => 03.09.2018 08:22:46
    [Сообщение] => 
            Time start: 2018.09.03 08:22:18
            Taked : 10000 cities,
            Loaded from Database: 239454 cities
            Updated: 10000 cities
            Added: 0 cities
            Time end: 2018.09.46 08:22:46
    [Параметры запуска] => Array
        (
            [START] => 150000
            [LIMIT] => 10000
        )

    [Ошибки при выполнении] => Array
(
)

)


PROCESSING Step Complete:
Array
(
    [Дата] => 03.09.2018 08:28:15
    [Сообщение] => 
            Time start: 2018.09.03 08:27:46
            Taked : 10000 cities,
            Loaded from Database: 239454 cities
            Updated: 10000 cities
            Added: 0 cities
            Time end: 2018.09.15 08:28:15
    [Параметры запуска] => Array
        (
            [START] => 160000
            [LIMIT] => 10000
        )

    [Ошибки при выполнении] => Array
(
)

)


PROCESSING Step Complete:
Array
(
    [Дата] => 03.09.2018 08:33:44
    [Сообщение] => 
            Time start: 2018.09.03 08:33:15
            Taked : 10000 cities,
            Loaded from Database: 239454 cities
            Updated: 10000 cities
            Added: 0 cities
            Time end: 2018.09.44 08:33:44
    [Параметры запуска] => Array
        (
            [START] => 170000
            [LIMIT] => 10000
        )

    [Ошибки при выполнении] => Array
(
)

)


PROCESSING Step Complete:
Array
(
    [Дата] => 03.09.2018 08:39:14
    [Сообщение] => 
            Time start: 2018.09.03 08:38:44
            Taked : 10000 cities,
            Loaded from Database: 239454 cities
            Updated: 10000 cities
            Added: 0 cities
            Time end: 2018.09.14 08:39:14
    [Параметры запуска] => Array
        (
            [START] => 180000
            [LIMIT] => 10000
        )

    [Ошибки при выполнении] => Array
(
)

)


PROCESSING Step Complete:
Array
(
    [Дата] => 03.09.2018 08:44:42
    [Сообщение] => 
            Time start: 2018.09.03 08:44:14
            Taked : 10000 cities,
            Loaded from Database: 239454 cities
            Updated: 9998 cities
            Added: 2 cities
            Time end: 2018.09.42 08:44:42
    [Параметры запуска] => Array
        (
            [START] => 190000
            [LIMIT] => 10000
        )

    [Ошибки при выполнении] => Array
(
)

)


PROCESSING Step Complete:
Array
(
    [Дата] => 03.09.2018 08:50:12
    [Сообщение] => 
            Time start: 2018.09.03 08:49:43
            Taked : 10000 cities,
            Loaded from Database: 239456 cities
            Updated: 9999 cities
            Added: 1 cities
            Time end: 2018.09.12 08:50:12
    [Параметры запуска] => Array
        (
            [START] => 200000
            [LIMIT] => 10000
        )

    [Ошибки при выполнении] => Array
(
)

)


PROCESSING Step Complete:
Array
(
    [Дата] => 03.09.2018 08:55:41
    [Сообщение] => 
            Time start: 2018.09.03 08:55:12
            Taked : 10000 cities,
            Loaded from Database: 239457 cities
            Updated: 10000 cities
            Added: 0 cities
            Time end: 2018.09.41 08:55:41
    [Параметры запуска] => Array
        (
            [START] => 210000
            [LIMIT] => 10000
        )

    [Ошибки при выполнении] => Array
(
)

)


PROCESSING Step Complete:
Array
(
    [Дата] => 03.09.2018 09:01:09
    [Сообщение] => 
            Time start: 2018.09.03 09:00:41
            Taked : 10000 cities,
            Loaded from Database: 239457 cities
            Updated: 10000 cities
            Added: 0 cities
            Time end: 2018.09.09 09:01:09
    [Параметры запуска] => Array
        (
            [START] => 220000
            [LIMIT] => 10000
        )

    [Ошибки при выполнении] => Array
(
)

)


PROCESSING Complete:
Array
(
    [Дата] => 03.09.2018 09:06:37
    [Сообщение] => 
            Time start: 2018.09.03 09:06:09
            Taked : 9457 cities,
            Loaded from Database: 239457 cities
            Deleted: 0 cities,
            Updated: 9457 cities
            Added: 0 cities
            Time end: 2018.09.37 09:06:37
    [Параметры запуска] => Array
        (
            [START] => 230000
            [LIMIT] => 10000
        )

    [Ошибки при выполнении] => Array
(
)

)


