TRIGGER Complete:
Array
(
    [Дата] => 23.07.2018 07:00:03
    [Сообщение] => TRIGGER START
)


PROCESSING Step Complete:
Array
(
    [Дата] => 23.07.2018 07:00:17
    [Сообщение] => 
            Time start: 2018.07.23 07:00:03
            Taked : 10000 cities,
            Loaded from Database: 239303 cities
            Updated: 10000 cities
            Added: 0 cities
            Time end: 2018.07.17 07:00:17
    [Параметры запуска] => Array
        (
            [START] => 0
            [LIMIT] => 10000
        )

    [Ошибки при выполнении] => Array
(
)

)


PROCESSING Step Complete:
Array
(
    [Дата] => 23.07.2018 07:05:31
    [Сообщение] => 
            Time start: 2018.07.23 07:05:17
            Taked : 10000 cities,
            Loaded from Database: 239303 cities
            Updated: 10000 cities
            Added: 0 cities
            Time end: 2018.07.31 07:05:31
    [Параметры запуска] => Array
        (
            [START] => 10000
            [LIMIT] => 10000
        )

    [Ошибки при выполнении] => Array
(
)

)


PROCESSING Step Complete:
Array
(
    [Дата] => 23.07.2018 07:10:46
    [Сообщение] => 
            Time start: 2018.07.23 07:10:31
            Taked : 10000 cities,
            Loaded from Database: 239303 cities
            Updated: 10000 cities
            Added: 0 cities
            Time end: 2018.07.46 07:10:46
    [Параметры запуска] => Array
        (
            [START] => 20000
            [LIMIT] => 10000
        )

    [Ошибки при выполнении] => Array
(
)

)


PROCESSING Step Complete:
Array
(
    [Дата] => 23.07.2018 07:15:59
    [Сообщение] => 
            Time start: 2018.07.23 07:15:46
            Taked : 10000 cities,
            Loaded from Database: 239303 cities
            Updated: 10000 cities
            Added: 0 cities
            Time end: 2018.07.59 07:15:59
    [Параметры запуска] => Array
        (
            [START] => 30000
            [LIMIT] => 10000
        )

    [Ошибки при выполнении] => Array
(
)

)


PROCESSING Step Complete:
Array
(
    [Дата] => 23.07.2018 07:21:13
    [Сообщение] => 
            Time start: 2018.07.23 07:20:59
            Taked : 10000 cities,
            Loaded from Database: 239303 cities
            Updated: 10000 cities
            Added: 0 cities
            Time end: 2018.07.13 07:21:13
    [Параметры запуска] => Array
        (
            [START] => 40000
            [LIMIT] => 10000
        )

    [Ошибки при выполнении] => Array
(
)

)


PROCESSING Step Complete:
Array
(
    [Дата] => 23.07.2018 07:26:27
    [Сообщение] => 
            Time start: 2018.07.23 07:26:13
            Taked : 10000 cities,
            Loaded from Database: 239303 cities
            Updated: 10000 cities
            Added: 0 cities
            Time end: 2018.07.27 07:26:27
    [Параметры запуска] => Array
        (
            [START] => 50000
            [LIMIT] => 10000
        )

    [Ошибки при выполнении] => Array
(
)

)


PROCESSING Step Complete:
Array
(
    [Дата] => 23.07.2018 07:31:40
    [Сообщение] => 
            Time start: 2018.07.23 07:31:27
            Taked : 10000 cities,
            Loaded from Database: 239303 cities
            Updated: 10000 cities
            Added: 0 cities
            Time end: 2018.07.40 07:31:40
    [Параметры запуска] => Array
        (
            [START] => 60000
            [LIMIT] => 10000
        )

    [Ошибки при выполнении] => Array
(
)

)


PROCESSING Step Complete:
Array
(
    [Дата] => 23.07.2018 07:36:54
    [Сообщение] => 
            Time start: 2018.07.23 07:36:41
            Taked : 10000 cities,
            Loaded from Database: 239303 cities
            Updated: 10000 cities
            Added: 0 cities
            Time end: 2018.07.54 07:36:54
    [Параметры запуска] => Array
        (
            [START] => 70000
            [LIMIT] => 10000
        )

    [Ошибки при выполнении] => Array
(
)

)


PROCESSING Step Complete:
Array
(
    [Дата] => 23.07.2018 07:42:09
    [Сообщение] => 
            Time start: 2018.07.23 07:41:55
            Taked : 10000 cities,
            Loaded from Database: 239303 cities
            Updated: 10000 cities
            Added: 0 cities
            Time end: 2018.07.09 07:42:09
    [Параметры запуска] => Array
        (
            [START] => 80000
            [LIMIT] => 10000
        )

    [Ошибки при выполнении] => Array
(
)

)


PROCESSING Step Complete:
Array
(
    [Дата] => 23.07.2018 07:47:23
    [Сообщение] => 
            Time start: 2018.07.23 07:47:09
            Taked : 10000 cities,
            Loaded from Database: 239303 cities
            Updated: 10000 cities
            Added: 0 cities
            Time end: 2018.07.23 07:47:23
    [Параметры запуска] => Array
        (
            [START] => 90000
            [LIMIT] => 10000
        )

    [Ошибки при выполнении] => Array
(
)

)


PROCESSING Step Complete:
Array
(
    [Дата] => 23.07.2018 07:52:37
    [Сообщение] => 
            Time start: 2018.07.23 07:52:23
            Taked : 10000 cities,
            Loaded from Database: 239303 cities
            Updated: 10000 cities
            Added: 0 cities
            Time end: 2018.07.37 07:52:37
    [Параметры запуска] => Array
        (
            [START] => 100000
            [LIMIT] => 10000
        )

    [Ошибки при выполнении] => Array
(
)

)


PROCESSING Step Complete:
Array
(
    [Дата] => 23.07.2018 07:57:50
    [Сообщение] => 
            Time start: 2018.07.23 07:57:37
            Taked : 10000 cities,
            Loaded from Database: 239303 cities
            Updated: 10000 cities
            Added: 0 cities
            Time end: 2018.07.50 07:57:50
    [Параметры запуска] => Array
        (
            [START] => 110000
            [LIMIT] => 10000
        )

    [Ошибки при выполнении] => Array
(
)

)


PROCESSING Step Complete:
Array
(
    [Дата] => 23.07.2018 08:03:03
    [Сообщение] => 
            Time start: 2018.07.23 08:02:50
            Taked : 10000 cities,
            Loaded from Database: 239303 cities
            Updated: 10000 cities
            Added: 0 cities
            Time end: 2018.07.03 08:03:03
    [Параметры запуска] => Array
        (
            [START] => 120000
            [LIMIT] => 10000
        )

    [Ошибки при выполнении] => Array
(
)

)


PROCESSING Step Complete:
Array
(
    [Дата] => 23.07.2018 08:08:17
    [Сообщение] => 
            Time start: 2018.07.23 08:08:03
            Taked : 10000 cities,
            Loaded from Database: 239303 cities
            Updated: 10000 cities
            Added: 0 cities
            Time end: 2018.07.17 08:08:17
    [Параметры запуска] => Array
        (
            [START] => 130000
            [LIMIT] => 10000
        )

    [Ошибки при выполнении] => Array
(
)

)


PROCESSING Step Complete:
Array
(
    [Дата] => 23.07.2018 08:13:31
    [Сообщение] => 
            Time start: 2018.07.23 08:13:17
            Taked : 10000 cities,
            Loaded from Database: 239303 cities
            Updated: 10000 cities
            Added: 0 cities
            Time end: 2018.07.31 08:13:31
    [Параметры запуска] => Array
        (
            [START] => 140000
            [LIMIT] => 10000
        )

    [Ошибки при выполнении] => Array
(
)

)


PROCESSING Step Complete:
Array
(
    [Дата] => 23.07.2018 08:18:44
    [Сообщение] => 
            Time start: 2018.07.23 08:18:31
            Taked : 10000 cities,
            Loaded from Database: 239303 cities
            Updated: 10000 cities
            Added: 0 cities
            Time end: 2018.07.44 08:18:44
    [Параметры запуска] => Array
        (
            [START] => 150000
            [LIMIT] => 10000
        )

    [Ошибки при выполнении] => Array
(
)

)


PROCESSING Step Complete:
Array
(
    [Дата] => 23.07.2018 08:23:58
    [Сообщение] => 
            Time start: 2018.07.23 08:23:45
            Taked : 10000 cities,
            Loaded from Database: 239303 cities
            Updated: 10000 cities
            Added: 0 cities
            Time end: 2018.07.58 08:23:58
    [Параметры запуска] => Array
        (
            [START] => 160000
            [LIMIT] => 10000
        )

    [Ошибки при выполнении] => Array
(
)

)


PROCESSING Step Complete:
Array
(
    [Дата] => 23.07.2018 08:29:12
    [Сообщение] => 
            Time start: 2018.07.23 08:28:58
            Taked : 10000 cities,
            Loaded from Database: 239303 cities
            Updated: 10000 cities
            Added: 0 cities
            Time end: 2018.07.12 08:29:12
    [Параметры запуска] => Array
        (
            [START] => 170000
            [LIMIT] => 10000
        )

    [Ошибки при выполнении] => Array
(
)

)


PROCESSING Step Complete:
Array
(
    [Дата] => 23.07.2018 08:34:27
    [Сообщение] => 
            Time start: 2018.07.23 08:34:13
            Taked : 10000 cities,
            Loaded from Database: 239303 cities
            Updated: 10000 cities
            Added: 0 cities
            Time end: 2018.07.27 08:34:27
    [Параметры запуска] => Array
        (
            [START] => 180000
            [LIMIT] => 10000
        )

    [Ошибки при выполнении] => Array
(
)

)


PROCESSING Step Complete:
Array
(
    [Дата] => 23.07.2018 08:39:40
    [Сообщение] => 
            Time start: 2018.07.23 08:39:27
            Taked : 10000 cities,
            Loaded from Database: 239303 cities
            Updated: 10000 cities
            Added: 0 cities
            Time end: 2018.07.40 08:39:40
    [Параметры запуска] => Array
        (
            [START] => 190000
            [LIMIT] => 10000
        )

    [Ошибки при выполнении] => Array
(
)

)


PROCESSING Step Complete:
Array
(
    [Дата] => 23.07.2018 08:44:54
    [Сообщение] => 
            Time start: 2018.07.23 08:44:41
            Taked : 10000 cities,
            Loaded from Database: 239303 cities
            Updated: 10000 cities
            Added: 0 cities
            Time end: 2018.07.54 08:44:54
    [Параметры запуска] => Array
        (
            [START] => 200000
            [LIMIT] => 10000
        )

    [Ошибки при выполнении] => Array
(
)

)


PROCESSING Step Complete:
Array
(
    [Дата] => 23.07.2018 08:50:08
    [Сообщение] => 
            Time start: 2018.07.23 08:49:54
            Taked : 10000 cities,
            Loaded from Database: 239303 cities
            Updated: 10000 cities
            Added: 0 cities
            Time end: 2018.07.08 08:50:08
    [Параметры запуска] => Array
        (
            [START] => 210000
            [LIMIT] => 10000
        )

    [Ошибки при выполнении] => Array
(
)

)


PROCESSING Step Complete:
Array
(
    [Дата] => 23.07.2018 08:55:22
    [Сообщение] => 
            Time start: 2018.07.23 08:55:08
            Taked : 10000 cities,
            Loaded from Database: 239303 cities
            Updated: 9999 cities
            Added: 1 cities
            Time end: 2018.07.22 08:55:22
    [Параметры запуска] => Array
        (
            [START] => 220000
            [LIMIT] => 10000
        )

    [Ошибки при выполнении] => Array
(
)

)


PROCESSING Complete:
Array
(
    [Дата] => 23.07.2018 09:00:36
    [Сообщение] => 
            Time start: 2018.07.23 09:00:22
            Taked : 9304 cities,
            Loaded from Database: 239304 cities
            Deleted: 0 cities,
            Updated: 9304 cities
            Added: 0 cities
            Time end: 2018.07.36 09:00:36
    [Параметры запуска] => Array
        (
            [START] => 230000
            [LIMIT] => 10000
        )

    [Ошибки при выполнении] => Array
(
)

)


