TRIGGER Complete:
Array
(
    [Дата] => 04.09.2018 07:00:02
    [Сообщение] => TRIGGER START
)


PROCESSING Step Complete:
Array
(
    [Дата] => 04.09.2018 07:00:32
    [Сообщение] => 
            Time start: 2018.09.04 07:00:03
            Taked : 10000 cities,
            Loaded from Database: 239457 cities
            Updated: 10000 cities
            Added: 0 cities
            Time end: 2018.09.32 07:00:32
    [Параметры запуска] => Array
        (
            [START] => 0
            [LIMIT] => 10000
        )

    [Ошибки при выполнении] => Array
(
)

)


PROCESSING Step Complete:
Array
(
    [Дата] => 04.09.2018 07:06:01
    [Сообщение] => 
            Time start: 2018.09.04 07:05:32
            Taked : 10000 cities,
            Loaded from Database: 239457 cities
            Updated: 10000 cities
            Added: 0 cities
            Time end: 2018.09.01 07:06:01
    [Параметры запуска] => Array
        (
            [START] => 10000
            [LIMIT] => 10000
        )

    [Ошибки при выполнении] => Array
(
)

)


PROCESSING Step Complete:
Array
(
    [Дата] => 04.09.2018 07:11:30
    [Сообщение] => 
            Time start: 2018.09.04 07:11:01
            Taked : 10000 cities,
            Loaded from Database: 239457 cities
            Updated: 10000 cities
            Added: 0 cities
            Time end: 2018.09.30 07:11:30
    [Параметры запуска] => Array
        (
            [START] => 20000
            [LIMIT] => 10000
        )

    [Ошибки при выполнении] => Array
(
)

)


PROCESSING Step Complete:
Array
(
    [Дата] => 04.09.2018 07:16:58
    [Сообщение] => 
            Time start: 2018.09.04 07:16:30
            Taked : 10000 cities,
            Loaded from Database: 239457 cities
            Updated: 10000 cities
            Added: 0 cities
            Time end: 2018.09.58 07:16:58
    [Параметры запуска] => Array
        (
            [START] => 30000
            [LIMIT] => 10000
        )

    [Ошибки при выполнении] => Array
(
)

)


PROCESSING Step Complete:
Array
(
    [Дата] => 04.09.2018 07:22:27
    [Сообщение] => 
            Time start: 2018.09.04 07:21:59
            Taked : 10000 cities,
            Loaded from Database: 239457 cities
            Updated: 10000 cities
            Added: 0 cities
            Time end: 2018.09.27 07:22:27
    [Параметры запуска] => Array
        (
            [START] => 40000
            [LIMIT] => 10000
        )

    [Ошибки при выполнении] => Array
(
)

)


PROCESSING Step Complete:
Array
(
    [Дата] => 04.09.2018 07:27:56
    [Сообщение] => 
            Time start: 2018.09.04 07:27:27
            Taked : 10000 cities,
            Loaded from Database: 239457 cities
            Updated: 10000 cities
            Added: 0 cities
            Time end: 2018.09.56 07:27:56
    [Параметры запуска] => Array
        (
            [START] => 50000
            [LIMIT] => 10000
        )

    [Ошибки при выполнении] => Array
(
)

)


PROCESSING Step Complete:
Array
(
    [Дата] => 04.09.2018 07:33:24
    [Сообщение] => 
            Time start: 2018.09.04 07:32:56
            Taked : 10000 cities,
            Loaded from Database: 239457 cities
            Updated: 10000 cities
            Added: 0 cities
            Time end: 2018.09.24 07:33:24
    [Параметры запуска] => Array
        (
            [START] => 60000
            [LIMIT] => 10000
        )

    [Ошибки при выполнении] => Array
(
)

)


PROCESSING Step Complete:
Array
(
    [Дата] => 04.09.2018 07:38:54
    [Сообщение] => 
            Time start: 2018.09.04 07:38:25
            Taked : 10000 cities,
            Loaded from Database: 239457 cities
            Updated: 10000 cities
            Added: 0 cities
            Time end: 2018.09.54 07:38:54
    [Параметры запуска] => Array
        (
            [START] => 70000
            [LIMIT] => 10000
        )

    [Ошибки при выполнении] => Array
(
)

)


PROCESSING Step Complete:
Array
(
    [Дата] => 04.09.2018 07:44:24
    [Сообщение] => 
            Time start: 2018.09.04 07:43:54
            Taked : 10000 cities,
            Loaded from Database: 239457 cities
            Updated: 10000 cities
            Added: 0 cities
            Time end: 2018.09.24 07:44:24
    [Параметры запуска] => Array
        (
            [START] => 80000
            [LIMIT] => 10000
        )

    [Ошибки при выполнении] => Array
(
)

)


PROCESSING Step Complete:
Array
(
    [Дата] => 04.09.2018 07:49:53
    [Сообщение] => 
            Time start: 2018.09.04 07:49:24
            Taked : 10000 cities,
            Loaded from Database: 239457 cities
            Updated: 10000 cities
            Added: 0 cities
            Time end: 2018.09.53 07:49:53
    [Параметры запуска] => Array
        (
            [START] => 90000
            [LIMIT] => 10000
        )

    [Ошибки при выполнении] => Array
(
)

)


PROCESSING Step Complete:
Array
(
    [Дата] => 04.09.2018 07:55:22
    [Сообщение] => 
            Time start: 2018.09.04 07:54:53
            Taked : 10000 cities,
            Loaded from Database: 239457 cities
            Updated: 10000 cities
            Added: 0 cities
            Time end: 2018.09.22 07:55:22
    [Параметры запуска] => Array
        (
            [START] => 100000
            [LIMIT] => 10000
        )

    [Ошибки при выполнении] => Array
(
)

)


PROCESSING Step Complete:
Array
(
    [Дата] => 04.09.2018 08:00:51
    [Сообщение] => 
            Time start: 2018.09.04 08:00:22
            Taked : 10000 cities,
            Loaded from Database: 239457 cities
            Updated: 10000 cities
            Added: 0 cities
            Time end: 2018.09.51 08:00:51
    [Параметры запуска] => Array
        (
            [START] => 110000
            [LIMIT] => 10000
        )

    [Ошибки при выполнении] => Array
(
)

)


PROCESSING Step Complete:
Array
(
    [Дата] => 04.09.2018 08:06:20
    [Сообщение] => 
            Time start: 2018.09.04 08:05:51
            Taked : 10000 cities,
            Loaded from Database: 239457 cities
            Updated: 10000 cities
            Added: 0 cities
            Time end: 2018.09.20 08:06:20
    [Параметры запуска] => Array
        (
            [START] => 120000
            [LIMIT] => 10000
        )

    [Ошибки при выполнении] => Array
(
)

)


PROCESSING Step Complete:
Array
(
    [Дата] => 04.09.2018 08:11:49
    [Сообщение] => 
            Time start: 2018.09.04 08:11:20
            Taked : 10000 cities,
            Loaded from Database: 239457 cities
            Updated: 10000 cities
            Added: 0 cities
            Time end: 2018.09.49 08:11:49
    [Параметры запуска] => Array
        (
            [START] => 130000
            [LIMIT] => 10000
        )

    [Ошибки при выполнении] => Array
(
)

)


PROCESSING Step Complete:
Array
(
    [Дата] => 04.09.2018 08:17:18
    [Сообщение] => 
            Time start: 2018.09.04 08:16:49
            Taked : 10000 cities,
            Loaded from Database: 239457 cities
            Updated: 10000 cities
            Added: 0 cities
            Time end: 2018.09.18 08:17:18
    [Параметры запуска] => Array
        (
            [START] => 140000
            [LIMIT] => 10000
        )

    [Ошибки при выполнении] => Array
(
)

)


PROCESSING Step Complete:
Array
(
    [Дата] => 04.09.2018 08:22:47
    [Сообщение] => 
            Time start: 2018.09.04 08:22:18
            Taked : 10000 cities,
            Loaded from Database: 239457 cities
            Updated: 10000 cities
            Added: 0 cities
            Time end: 2018.09.47 08:22:47
    [Параметры запуска] => Array
        (
            [START] => 150000
            [LIMIT] => 10000
        )

    [Ошибки при выполнении] => Array
(
)

)


PROCESSING Step Complete:
Array
(
    [Дата] => 04.09.2018 08:28:16
    [Сообщение] => 
            Time start: 2018.09.04 08:27:47
            Taked : 10000 cities,
            Loaded from Database: 239457 cities
            Updated: 10000 cities
            Added: 0 cities
            Time end: 2018.09.16 08:28:16
    [Параметры запуска] => Array
        (
            [START] => 160000
            [LIMIT] => 10000
        )

    [Ошибки при выполнении] => Array
(
)

)


PROCESSING Step Complete:
Array
(
    [Дата] => 04.09.2018 08:33:45
    [Сообщение] => 
            Time start: 2018.09.04 08:33:16
            Taked : 10000 cities,
            Loaded from Database: 239457 cities
            Updated: 10000 cities
            Added: 0 cities
            Time end: 2018.09.45 08:33:45
    [Параметры запуска] => Array
        (
            [START] => 170000
            [LIMIT] => 10000
        )

    [Ошибки при выполнении] => Array
(
)

)


PROCESSING Step Complete:
Array
(
    [Дата] => 04.09.2018 08:39:14
    [Сообщение] => 
            Time start: 2018.09.04 08:38:45
            Taked : 10000 cities,
            Loaded from Database: 239457 cities
            Updated: 10000 cities
            Added: 0 cities
            Time end: 2018.09.14 08:39:14
    [Параметры запуска] => Array
        (
            [START] => 180000
            [LIMIT] => 10000
        )

    [Ошибки при выполнении] => Array
(
)

)


PROCESSING Step Complete:
Array
(
    [Дата] => 04.09.2018 08:44:43
    [Сообщение] => 
            Time start: 2018.09.04 08:44:14
            Taked : 10000 cities,
            Loaded from Database: 239457 cities
            Updated: 10000 cities
            Added: 0 cities
            Time end: 2018.09.43 08:44:43
    [Параметры запуска] => Array
        (
            [START] => 190000
            [LIMIT] => 10000
        )

    [Ошибки при выполнении] => Array
(
)

)


PROCESSING Step Complete:
Array
(
    [Дата] => 04.09.2018 08:50:12
    [Сообщение] => 
            Time start: 2018.09.04 08:49:43
            Taked : 10000 cities,
            Loaded from Database: 239457 cities
            Updated: 9998 cities
            Added: 2 cities
            Time end: 2018.09.12 08:50:12
    [Параметры запуска] => Array
        (
            [START] => 200000
            [LIMIT] => 10000
        )

    [Ошибки при выполнении] => Array
(
)

)


PROCESSING Step Complete:
Array
(
    [Дата] => 04.09.2018 08:55:41
    [Сообщение] => 
            Time start: 2018.09.04 08:55:12
            Taked : 10000 cities,
            Loaded from Database: 239459 cities
            Updated: 10000 cities
            Added: 0 cities
            Time end: 2018.09.41 08:55:41
    [Параметры запуска] => Array
        (
            [START] => 210000
            [LIMIT] => 10000
        )

    [Ошибки при выполнении] => Array
(
)

)


PROCESSING Step Complete:
Array
(
    [Дата] => 04.09.2018 09:01:11
    [Сообщение] => 
            Time start: 2018.09.04 09:00:42
            Taked : 10000 cities,
            Loaded from Database: 239459 cities
            Updated: 10000 cities
            Added: 0 cities
            Time end: 2018.09.11 09:01:11
    [Параметры запуска] => Array
        (
            [START] => 220000
            [LIMIT] => 10000
        )

    [Ошибки при выполнении] => Array
(
)

)


PROCESSING Complete:
Array
(
    [Дата] => 04.09.2018 09:06:38
    [Сообщение] => 
            Time start: 2018.09.04 09:06:11
            Taked : 9458 cities,
            Loaded from Database: 239459 cities
            Deleted: 1 cities,
            Updated: 9458 cities
            Added: 0 cities
            Time end: 2018.09.38 09:06:38
    [Параметры запуска] => Array
        (
            [START] => 230000
            [LIMIT] => 10000
        )

    [Ошибки при выполнении] => Array
(
)

)


