TRIGGER Complete:
Array
(
    [Дата] => 02.07.2018 07:00:03
    [Сообщение] => TRIGGER START
)


PROCESSING Step Complete:
Array
(
    [Дата] => 02.07.2018 07:00:16
    [Сообщение] => 
            Time start: 2018.07.02 07:00:03
            Taked : 10000 cities,
            Loaded from Database: 239234 cities
            Updated: 10000 cities
            Added: 0 cities
            Time end: 2018.07.16 07:00:16
    [Параметры запуска] => Array
        (
            [START] => 0
            [LIMIT] => 10000
        )

    [Ошибки при выполнении] => Array
(
)

)


PROCESSING Step Complete:
Array
(
    [Дата] => 02.07.2018 07:05:30
    [Сообщение] => 
            Time start: 2018.07.02 07:05:16
            Taked : 10000 cities,
            Loaded from Database: 239234 cities
            Updated: 10000 cities
            Added: 0 cities
            Time end: 2018.07.30 07:05:30
    [Параметры запуска] => Array
        (
            [START] => 10000
            [LIMIT] => 10000
        )

    [Ошибки при выполнении] => Array
(
)

)


PROCESSING Step Complete:
Array
(
    [Дата] => 02.07.2018 07:10:44
    [Сообщение] => 
            Time start: 2018.07.02 07:10:30
            Taked : 10000 cities,
            Loaded from Database: 239234 cities
            Updated: 10000 cities
            Added: 0 cities
            Time end: 2018.07.44 07:10:44
    [Параметры запуска] => Array
        (
            [START] => 20000
            [LIMIT] => 10000
        )

    [Ошибки при выполнении] => Array
(
)

)


PROCESSING Step Complete:
Array
(
    [Дата] => 02.07.2018 07:15:58
    [Сообщение] => 
            Time start: 2018.07.02 07:15:44
            Taked : 10000 cities,
            Loaded from Database: 239234 cities
            Updated: 10000 cities
            Added: 0 cities
            Time end: 2018.07.58 07:15:58
    [Параметры запуска] => Array
        (
            [START] => 30000
            [LIMIT] => 10000
        )

    [Ошибки при выполнении] => Array
(
)

)


PROCESSING Step Complete:
Array
(
    [Дата] => 02.07.2018 07:21:13
    [Сообщение] => 
            Time start: 2018.07.02 07:20:58
            Taked : 10000 cities,
            Loaded from Database: 239234 cities
            Updated: 10000 cities
            Added: 0 cities
            Time end: 2018.07.13 07:21:13
    [Параметры запуска] => Array
        (
            [START] => 40000
            [LIMIT] => 10000
        )

    [Ошибки при выполнении] => Array
(
)

)


PROCESSING Step Complete:
Array
(
    [Дата] => 02.07.2018 07:26:27
    [Сообщение] => 
            Time start: 2018.07.02 07:26:13
            Taked : 10000 cities,
            Loaded from Database: 239234 cities
            Updated: 10000 cities
            Added: 0 cities
            Time end: 2018.07.27 07:26:27
    [Параметры запуска] => Array
        (
            [START] => 50000
            [LIMIT] => 10000
        )

    [Ошибки при выполнении] => Array
(
)

)


PROCESSING Step Complete:
Array
(
    [Дата] => 02.07.2018 07:31:41
    [Сообщение] => 
            Time start: 2018.07.02 07:31:27
            Taked : 10000 cities,
            Loaded from Database: 239234 cities
            Updated: 10000 cities
            Added: 0 cities
            Time end: 2018.07.41 07:31:41
    [Параметры запуска] => Array
        (
            [START] => 60000
            [LIMIT] => 10000
        )

    [Ошибки при выполнении] => Array
(
)

)


PROCESSING Step Complete:
Array
(
    [Дата] => 02.07.2018 07:36:56
    [Сообщение] => 
            Time start: 2018.07.02 07:36:41
            Taked : 10000 cities,
            Loaded from Database: 239234 cities
            Updated: 10000 cities
            Added: 0 cities
            Time end: 2018.07.56 07:36:56
    [Параметры запуска] => Array
        (
            [START] => 70000
            [LIMIT] => 10000
        )

    [Ошибки при выполнении] => Array
(
)

)


PROCESSING Step Complete:
Array
(
    [Дата] => 02.07.2018 07:42:10
    [Сообщение] => 
            Time start: 2018.07.02 07:41:56
            Taked : 10000 cities,
            Loaded from Database: 239234 cities
            Updated: 10000 cities
            Added: 0 cities
            Time end: 2018.07.10 07:42:10
    [Параметры запуска] => Array
        (
            [START] => 80000
            [LIMIT] => 10000
        )

    [Ошибки при выполнении] => Array
(
)

)


PROCESSING Step Complete:
Array
(
    [Дата] => 02.07.2018 07:47:25
    [Сообщение] => 
            Time start: 2018.07.02 07:47:11
            Taked : 10000 cities,
            Loaded from Database: 239234 cities
            Updated: 10000 cities
            Added: 0 cities
            Time end: 2018.07.25 07:47:25
    [Параметры запуска] => Array
        (
            [START] => 90000
            [LIMIT] => 10000
        )

    [Ошибки при выполнении] => Array
(
)

)


PROCESSING Step Complete:
Array
(
    [Дата] => 02.07.2018 07:52:39
    [Сообщение] => 
            Time start: 2018.07.02 07:52:25
            Taked : 10000 cities,
            Loaded from Database: 239234 cities
            Updated: 10000 cities
            Added: 0 cities
            Time end: 2018.07.39 07:52:39
    [Параметры запуска] => Array
        (
            [START] => 100000
            [LIMIT] => 10000
        )

    [Ошибки при выполнении] => Array
(
)

)


PROCESSING Step Complete:
Array
(
    [Дата] => 02.07.2018 07:57:53
    [Сообщение] => 
            Time start: 2018.07.02 07:57:40
            Taked : 10000 cities,
            Loaded from Database: 239234 cities
            Updated: 10000 cities
            Added: 0 cities
            Time end: 2018.07.53 07:57:53
    [Параметры запуска] => Array
        (
            [START] => 110000
            [LIMIT] => 10000
        )

    [Ошибки при выполнении] => Array
(
)

)


PROCESSING Step Complete:
Array
(
    [Дата] => 02.07.2018 08:03:07
    [Сообщение] => 
            Time start: 2018.07.02 08:02:53
            Taked : 10000 cities,
            Loaded from Database: 239234 cities
            Updated: 10000 cities
            Added: 0 cities
            Time end: 2018.07.07 08:03:07
    [Параметры запуска] => Array
        (
            [START] => 120000
            [LIMIT] => 10000
        )

    [Ошибки при выполнении] => Array
(
)

)


PROCESSING Step Complete:
Array
(
    [Дата] => 02.07.2018 08:08:21
    [Сообщение] => 
            Time start: 2018.07.02 08:08:07
            Taked : 10000 cities,
            Loaded from Database: 239234 cities
            Updated: 10000 cities
            Added: 0 cities
            Time end: 2018.07.21 08:08:21
    [Параметры запуска] => Array
        (
            [START] => 130000
            [LIMIT] => 10000
        )

    [Ошибки при выполнении] => Array
(
)

)


PROCESSING Step Complete:
Array
(
    [Дата] => 02.07.2018 08:13:36
    [Сообщение] => 
            Time start: 2018.07.02 08:13:22
            Taked : 10000 cities,
            Loaded from Database: 239234 cities
            Updated: 10000 cities
            Added: 0 cities
            Time end: 2018.07.36 08:13:36
    [Параметры запуска] => Array
        (
            [START] => 140000
            [LIMIT] => 10000
        )

    [Ошибки при выполнении] => Array
(
)

)


PROCESSING Step Complete:
Array
(
    [Дата] => 02.07.2018 08:18:51
    [Сообщение] => 
            Time start: 2018.07.02 08:18:36
            Taked : 10000 cities,
            Loaded from Database: 239234 cities
            Updated: 10000 cities
            Added: 0 cities
            Time end: 2018.07.51 08:18:51
    [Параметры запуска] => Array
        (
            [START] => 150000
            [LIMIT] => 10000
        )

    [Ошибки при выполнении] => Array
(
)

)


PROCESSING Step Complete:
Array
(
    [Дата] => 02.07.2018 08:24:05
    [Сообщение] => 
            Time start: 2018.07.02 08:23:51
            Taked : 10000 cities,
            Loaded from Database: 239234 cities
            Updated: 10000 cities
            Added: 0 cities
            Time end: 2018.07.05 08:24:05
    [Параметры запуска] => Array
        (
            [START] => 160000
            [LIMIT] => 10000
        )

    [Ошибки при выполнении] => Array
(
)

)


PROCESSING Step Complete:
Array
(
    [Дата] => 02.07.2018 08:29:20
    [Сообщение] => 
            Time start: 2018.07.02 08:29:05
            Taked : 10000 cities,
            Loaded from Database: 239234 cities
            Updated: 10000 cities
            Added: 0 cities
            Time end: 2018.07.20 08:29:20
    [Параметры запуска] => Array
        (
            [START] => 170000
            [LIMIT] => 10000
        )

    [Ошибки при выполнении] => Array
(
)

)


PROCESSING Step Complete:
Array
(
    [Дата] => 02.07.2018 08:34:34
    [Сообщение] => 
            Time start: 2018.07.02 08:34:20
            Taked : 10000 cities,
            Loaded from Database: 239234 cities
            Updated: 10000 cities
            Added: 0 cities
            Time end: 2018.07.34 08:34:34
    [Параметры запуска] => Array
        (
            [START] => 180000
            [LIMIT] => 10000
        )

    [Ошибки при выполнении] => Array
(
)

)


PROCESSING Step Complete:
Array
(
    [Дата] => 02.07.2018 08:39:49
    [Сообщение] => 
            Time start: 2018.07.02 08:39:35
            Taked : 10000 cities,
            Loaded from Database: 239234 cities
            Updated: 10000 cities
            Added: 0 cities
            Time end: 2018.07.49 08:39:49
    [Параметры запуска] => Array
        (
            [START] => 190000
            [LIMIT] => 10000
        )

    [Ошибки при выполнении] => Array
(
)

)


PROCESSING Step Complete:
Array
(
    [Дата] => 02.07.2018 08:45:03
    [Сообщение] => 
            Time start: 2018.07.02 08:44:49
            Taked : 10000 cities,
            Loaded from Database: 239234 cities
            Updated: 10000 cities
            Added: 0 cities
            Time end: 2018.07.03 08:45:03
    [Параметры запуска] => Array
        (
            [START] => 200000
            [LIMIT] => 10000
        )

    [Ошибки при выполнении] => Array
(
)

)


PROCESSING Step Complete:
Array
(
    [Дата] => 02.07.2018 08:50:17
    [Сообщение] => 
            Time start: 2018.07.02 08:50:03
            Taked : 10000 cities,
            Loaded from Database: 239234 cities
            Updated: 10000 cities
            Added: 0 cities
            Time end: 2018.07.17 08:50:17
    [Параметры запуска] => Array
        (
            [START] => 210000
            [LIMIT] => 10000
        )

    [Ошибки при выполнении] => Array
(
)

)


PROCESSING Step Complete:
Array
(
    [Дата] => 02.07.2018 08:55:31
    [Сообщение] => 
            Time start: 2018.07.02 08:55:17
            Taked : 10000 cities,
            Loaded from Database: 239234 cities
            Updated: 10000 cities
            Added: 0 cities
            Time end: 2018.07.31 08:55:31
    [Параметры запуска] => Array
        (
            [START] => 220000
            [LIMIT] => 10000
        )

    [Ошибки при выполнении] => Array
(
)

)


PROCESSING Complete:
Array
(
    [Дата] => 02.07.2018 09:00:44
    [Сообщение] => 
            Time start: 2018.07.02 09:00:31
            Taked : 9234 cities,
            Loaded from Database: 239234 cities
            Deleted: 0 cities,
            Updated: 9234 cities
            Added: 0 cities
            Time end: 2018.07.44 09:00:44
    [Параметры запуска] => Array
        (
            [START] => 230000
            [LIMIT] => 10000
        )

    [Ошибки при выполнении] => Array
(
)

)


