TRIGGER Complete:
Array
(
    [Дата] => 27.06.2018 07:00:02
    [Сообщение] => TRIGGER START
)


PROCESSING Step Complete:
Array
(
    [Дата] => 27.06.2018 07:00:16
    [Сообщение] => 
            Time start: 2018.06.27 07:00:02
            Taked : 10000 cities,
            Loaded from Database: 239184 cities
            Updated: 10000 cities
            Added: 0 cities
            Time end: 2018.06.16 07:00:16
    [Параметры запуска] => Array
        (
            [START] => 0
            [LIMIT] => 10000
        )

    [Ошибки при выполнении] => Array
(
)

)


PROCESSING Step Complete:
Array
(
    [Дата] => 27.06.2018 07:05:31
    [Сообщение] => 
            Time start: 2018.06.27 07:05:16
            Taked : 10000 cities,
            Loaded from Database: 239184 cities
            Updated: 10000 cities
            Added: 0 cities
            Time end: 2018.06.31 07:05:31
    [Параметры запуска] => Array
        (
            [START] => 10000
            [LIMIT] => 10000
        )

    [Ошибки при выполнении] => Array
(
)

)


PROCESSING Step Complete:
Array
(
    [Дата] => 27.06.2018 07:10:45
    [Сообщение] => 
            Time start: 2018.06.27 07:10:31
            Taked : 10000 cities,
            Loaded from Database: 239184 cities
            Updated: 10000 cities
            Added: 0 cities
            Time end: 2018.06.45 07:10:45
    [Параметры запуска] => Array
        (
            [START] => 20000
            [LIMIT] => 10000
        )

    [Ошибки при выполнении] => Array
(
)

)


PROCESSING Step Complete:
Array
(
    [Дата] => 27.06.2018 07:16:00
    [Сообщение] => 
            Time start: 2018.06.27 07:15:45
            Taked : 10000 cities,
            Loaded from Database: 239184 cities
            Updated: 10000 cities
            Added: 0 cities
            Time end: 2018.06.00 07:16:00
    [Параметры запуска] => Array
        (
            [START] => 30000
            [LIMIT] => 10000
        )

    [Ошибки при выполнении] => Array
(
)

)


PROCESSING Step Complete:
Array
(
    [Дата] => 27.06.2018 07:21:14
    [Сообщение] => 
            Time start: 2018.06.27 07:21:00
            Taked : 10000 cities,
            Loaded from Database: 239184 cities
            Updated: 10000 cities
            Added: 0 cities
            Time end: 2018.06.14 07:21:14
    [Параметры запуска] => Array
        (
            [START] => 40000
            [LIMIT] => 10000
        )

    [Ошибки при выполнении] => Array
(
)

)


PROCESSING Step Complete:
Array
(
    [Дата] => 27.06.2018 07:26:28
    [Сообщение] => 
            Time start: 2018.06.27 07:26:15
            Taked : 10000 cities,
            Loaded from Database: 239184 cities
            Updated: 10000 cities
            Added: 0 cities
            Time end: 2018.06.28 07:26:28
    [Параметры запуска] => Array
        (
            [START] => 50000
            [LIMIT] => 10000
        )

    [Ошибки при выполнении] => Array
(
)

)


PROCESSING Step Complete:
Array
(
    [Дата] => 27.06.2018 07:31:43
    [Сообщение] => 
            Time start: 2018.06.27 07:31:28
            Taked : 10000 cities,
            Loaded from Database: 239184 cities
            Updated: 10000 cities
            Added: 0 cities
            Time end: 2018.06.43 07:31:43
    [Параметры запуска] => Array
        (
            [START] => 60000
            [LIMIT] => 10000
        )

    [Ошибки при выполнении] => Array
(
)

)


PROCESSING Step Complete:
Array
(
    [Дата] => 27.06.2018 07:36:58
    [Сообщение] => 
            Time start: 2018.06.27 07:36:43
            Taked : 10000 cities,
            Loaded from Database: 239184 cities
            Updated: 10000 cities
            Added: 0 cities
            Time end: 2018.06.58 07:36:58
    [Параметры запуска] => Array
        (
            [START] => 70000
            [LIMIT] => 10000
        )

    [Ошибки при выполнении] => Array
(
)

)


PROCESSING Step Complete:
Array
(
    [Дата] => 27.06.2018 07:42:12
    [Сообщение] => 
            Time start: 2018.06.27 07:41:58
            Taked : 10000 cities,
            Loaded from Database: 239184 cities
            Updated: 10000 cities
            Added: 0 cities
            Time end: 2018.06.12 07:42:12
    [Параметры запуска] => Array
        (
            [START] => 80000
            [LIMIT] => 10000
        )

    [Ошибки при выполнении] => Array
(
)

)


PROCESSING Step Complete:
Array
(
    [Дата] => 27.06.2018 07:47:27
    [Сообщение] => 
            Time start: 2018.06.27 07:47:12
            Taked : 10000 cities,
            Loaded from Database: 239184 cities
            Updated: 10000 cities
            Added: 0 cities
            Time end: 2018.06.27 07:47:27
    [Параметры запуска] => Array
        (
            [START] => 90000
            [LIMIT] => 10000
        )

    [Ошибки при выполнении] => Array
(
)

)


PROCESSING Step Complete:
Array
(
    [Дата] => 27.06.2018 07:52:41
    [Сообщение] => 
            Time start: 2018.06.27 07:52:27
            Taked : 10000 cities,
            Loaded from Database: 239184 cities
            Updated: 10000 cities
            Added: 0 cities
            Time end: 2018.06.41 07:52:41
    [Параметры запуска] => Array
        (
            [START] => 100000
            [LIMIT] => 10000
        )

    [Ошибки при выполнении] => Array
(
)

)


PROCESSING Step Complete:
Array
(
    [Дата] => 27.06.2018 07:57:56
    [Сообщение] => 
            Time start: 2018.06.27 07:57:42
            Taked : 10000 cities,
            Loaded from Database: 239184 cities
            Updated: 10000 cities
            Added: 0 cities
            Time end: 2018.06.56 07:57:56
    [Параметры запуска] => Array
        (
            [START] => 110000
            [LIMIT] => 10000
        )

    [Ошибки при выполнении] => Array
(
)

)


PROCESSING Step Complete:
Array
(
    [Дата] => 27.06.2018 08:03:10
    [Сообщение] => 
            Time start: 2018.06.27 08:02:56
            Taked : 10000 cities,
            Loaded from Database: 239184 cities
            Updated: 10000 cities
            Added: 0 cities
            Time end: 2018.06.10 08:03:10
    [Параметры запуска] => Array
        (
            [START] => 120000
            [LIMIT] => 10000
        )

    [Ошибки при выполнении] => Array
(
)

)


PROCESSING Step Complete:
Array
(
    [Дата] => 27.06.2018 08:08:25
    [Сообщение] => 
            Time start: 2018.06.27 08:08:10
            Taked : 10000 cities,
            Loaded from Database: 239184 cities
            Updated: 10000 cities
            Added: 0 cities
            Time end: 2018.06.25 08:08:25
    [Параметры запуска] => Array
        (
            [START] => 130000
            [LIMIT] => 10000
        )

    [Ошибки при выполнении] => Array
(
)

)


PROCESSING Step Complete:
Array
(
    [Дата] => 27.06.2018 08:13:39
    [Сообщение] => 
            Time start: 2018.06.27 08:13:25
            Taked : 10000 cities,
            Loaded from Database: 239184 cities
            Updated: 10000 cities
            Added: 0 cities
            Time end: 2018.06.39 08:13:39
    [Параметры запуска] => Array
        (
            [START] => 140000
            [LIMIT] => 10000
        )

    [Ошибки при выполнении] => Array
(
)

)


PROCESSING Step Complete:
Array
(
    [Дата] => 27.06.2018 08:18:54
    [Сообщение] => 
            Time start: 2018.06.27 08:18:39
            Taked : 10000 cities,
            Loaded from Database: 239184 cities
            Updated: 10000 cities
            Added: 0 cities
            Time end: 2018.06.54 08:18:54
    [Параметры запуска] => Array
        (
            [START] => 150000
            [LIMIT] => 10000
        )

    [Ошибки при выполнении] => Array
(
)

)


PROCESSING Step Complete:
Array
(
    [Дата] => 27.06.2018 08:24:08
    [Сообщение] => 
            Time start: 2018.06.27 08:23:54
            Taked : 10000 cities,
            Loaded from Database: 239184 cities
            Updated: 10000 cities
            Added: 0 cities
            Time end: 2018.06.08 08:24:08
    [Параметры запуска] => Array
        (
            [START] => 160000
            [LIMIT] => 10000
        )

    [Ошибки при выполнении] => Array
(
)

)


PROCESSING Step Complete:
Array
(
    [Дата] => 27.06.2018 08:29:23
    [Сообщение] => 
            Time start: 2018.06.27 08:29:08
            Taked : 10000 cities,
            Loaded from Database: 239184 cities
            Updated: 10000 cities
            Added: 0 cities
            Time end: 2018.06.23 08:29:23
    [Параметры запуска] => Array
        (
            [START] => 170000
            [LIMIT] => 10000
        )

    [Ошибки при выполнении] => Array
(
)

)


PROCESSING Step Complete:
Array
(
    [Дата] => 27.06.2018 08:34:36
    [Сообщение] => 
            Time start: 2018.06.27 08:34:23
            Taked : 10000 cities,
            Loaded from Database: 239184 cities
            Updated: 10000 cities
            Added: 0 cities
            Time end: 2018.06.36 08:34:36
    [Параметры запуска] => Array
        (
            [START] => 180000
            [LIMIT] => 10000
        )

    [Ошибки при выполнении] => Array
(
)

)


PROCESSING Step Complete:
Array
(
    [Дата] => 27.06.2018 08:39:51
    [Сообщение] => 
            Time start: 2018.06.27 08:39:36
            Taked : 10000 cities,
            Loaded from Database: 239184 cities
            Updated: 10000 cities
            Added: 0 cities
            Time end: 2018.06.51 08:39:51
    [Параметры запуска] => Array
        (
            [START] => 190000
            [LIMIT] => 10000
        )

    [Ошибки при выполнении] => Array
(
)

)


PROCESSING Step Complete:
Array
(
    [Дата] => 27.06.2018 08:45:06
    [Сообщение] => 
            Time start: 2018.06.27 08:44:51
            Taked : 10000 cities,
            Loaded from Database: 239184 cities
            Updated: 9992 cities
            Added: 8 cities
            Time end: 2018.06.06 08:45:06
    [Параметры запуска] => Array
        (
            [START] => 200000
            [LIMIT] => 10000
        )

    [Ошибки при выполнении] => Array
(
)

)


PROCESSING Step Complete:
Array
(
    [Дата] => 27.06.2018 08:50:20
    [Сообщение] => 
            Time start: 2018.06.27 08:50:06
            Taked : 10000 cities,
            Loaded from Database: 239192 cities
            Updated: 10000 cities
            Added: 0 cities
            Time end: 2018.06.20 08:50:20
    [Параметры запуска] => Array
        (
            [START] => 210000
            [LIMIT] => 10000
        )

    [Ошибки при выполнении] => Array
(
)

)


PROCESSING Step Complete:
Array
(
    [Дата] => 27.06.2018 08:55:35
    [Сообщение] => 
            Time start: 2018.06.27 08:55:20
            Taked : 10000 cities,
            Loaded from Database: 239192 cities
            Updated: 10000 cities
            Added: 0 cities
            Time end: 2018.06.35 08:55:35
    [Параметры запуска] => Array
        (
            [START] => 220000
            [LIMIT] => 10000
        )

    [Ошибки при выполнении] => Array
(
)

)


PROCESSING Complete:
Array
(
    [Дата] => 27.06.2018 09:00:48
    [Сообщение] => 
            Time start: 2018.06.27 09:00:35
            Taked : 9192 cities,
            Loaded from Database: 239192 cities
            Deleted: 0 cities,
            Updated: 9192 cities
            Added: 0 cities
            Time end: 2018.06.48 09:00:48
    [Параметры запуска] => Array
        (
            [START] => 230000
            [LIMIT] => 10000
        )

    [Ошибки при выполнении] => Array
(
)

)


