TRIGGER Complete:
Array
(
    [Дата] => 10.06.2018 07:00:02
    [Сообщение] => TRIGGER START
)


PROCESSING Step Complete:
Array
(
    [Дата] => 10.06.2018 07:00:17
    [Сообщение] => 
            Time start: 2018.06.10 07:00:02
            Taked : 10000 cities,
            Loaded from Database: 238486 cities
            Updated: 10000 cities
            Added: 0 cities
            Time end: 2018.06.17 07:00:17
    [Параметры запуска] => Array
        (
            [START] => 0
            [LIMIT] => 10000
        )

    [Ошибки при выполнении] => Array
(
)

)


PROCESSING Step Complete:
Array
(
    [Дата] => 10.06.2018 07:05:31
    [Сообщение] => 
            Time start: 2018.06.10 07:05:17
            Taked : 10000 cities,
            Loaded from Database: 238486 cities
            Updated: 10000 cities
            Added: 0 cities
            Time end: 2018.06.31 07:05:31
    [Параметры запуска] => Array
        (
            [START] => 10000
            [LIMIT] => 10000
        )

    [Ошибки при выполнении] => Array
(
)

)


PROCESSING Step Complete:
Array
(
    [Дата] => 10.06.2018 07:10:46
    [Сообщение] => 
            Time start: 2018.06.10 07:10:31
            Taked : 10000 cities,
            Loaded from Database: 238486 cities
            Updated: 10000 cities
            Added: 0 cities
            Time end: 2018.06.46 07:10:46
    [Параметры запуска] => Array
        (
            [START] => 20000
            [LIMIT] => 10000
        )

    [Ошибки при выполнении] => Array
(
)

)


PROCESSING Step Complete:
Array
(
    [Дата] => 10.06.2018 07:16:01
    [Сообщение] => 
            Time start: 2018.06.10 07:15:46
            Taked : 10000 cities,
            Loaded from Database: 238486 cities
            Updated: 10000 cities
            Added: 0 cities
            Time end: 2018.06.01 07:16:01
    [Параметры запуска] => Array
        (
            [START] => 30000
            [LIMIT] => 10000
        )

    [Ошибки при выполнении] => Array
(
)

)


PROCESSING Step Complete:
Array
(
    [Дата] => 10.06.2018 07:21:15
    [Сообщение] => 
            Time start: 2018.06.10 07:21:01
            Taked : 10000 cities,
            Loaded from Database: 238486 cities
            Updated: 10000 cities
            Added: 0 cities
            Time end: 2018.06.15 07:21:15
    [Параметры запуска] => Array
        (
            [START] => 40000
            [LIMIT] => 10000
        )

    [Ошибки при выполнении] => Array
(
)

)


PROCESSING Step Complete:
Array
(
    [Дата] => 10.06.2018 07:26:30
    [Сообщение] => 
            Time start: 2018.06.10 07:26:15
            Taked : 10000 cities,
            Loaded from Database: 238486 cities
            Updated: 10000 cities
            Added: 0 cities
            Time end: 2018.06.30 07:26:30
    [Параметры запуска] => Array
        (
            [START] => 50000
            [LIMIT] => 10000
        )

    [Ошибки при выполнении] => Array
(
)

)


PROCESSING Step Complete:
Array
(
    [Дата] => 10.06.2018 07:31:44
    [Сообщение] => 
            Time start: 2018.06.10 07:31:30
            Taked : 10000 cities,
            Loaded from Database: 238486 cities
            Updated: 10000 cities
            Added: 0 cities
            Time end: 2018.06.44 07:31:44
    [Параметры запуска] => Array
        (
            [START] => 60000
            [LIMIT] => 10000
        )

    [Ошибки при выполнении] => Array
(
)

)


PROCESSING Step Complete:
Array
(
    [Дата] => 10.06.2018 07:36:58
    [Сообщение] => 
            Time start: 2018.06.10 07:36:44
            Taked : 10000 cities,
            Loaded from Database: 238486 cities
            Updated: 10000 cities
            Added: 0 cities
            Time end: 2018.06.58 07:36:58
    [Параметры запуска] => Array
        (
            [START] => 70000
            [LIMIT] => 10000
        )

    [Ошибки при выполнении] => Array
(
)

)


PROCESSING Step Complete:
Array
(
    [Дата] => 10.06.2018 07:42:12
    [Сообщение] => 
            Time start: 2018.06.10 07:41:59
            Taked : 10000 cities,
            Loaded from Database: 238486 cities
            Updated: 10000 cities
            Added: 0 cities
            Time end: 2018.06.12 07:42:12
    [Параметры запуска] => Array
        (
            [START] => 80000
            [LIMIT] => 10000
        )

    [Ошибки при выполнении] => Array
(
)

)


PROCESSING Step Complete:
Array
(
    [Дата] => 10.06.2018 07:47:27
    [Сообщение] => 
            Time start: 2018.06.10 07:47:12
            Taked : 10000 cities,
            Loaded from Database: 238486 cities
            Updated: 10000 cities
            Added: 0 cities
            Time end: 2018.06.27 07:47:27
    [Параметры запуска] => Array
        (
            [START] => 90000
            [LIMIT] => 10000
        )

    [Ошибки при выполнении] => Array
(
)

)


PROCESSING Step Complete:
Array
(
    [Дата] => 10.06.2018 07:52:42
    [Сообщение] => 
            Time start: 2018.06.10 07:52:27
            Taked : 10000 cities,
            Loaded from Database: 238486 cities
            Updated: 10000 cities
            Added: 0 cities
            Time end: 2018.06.42 07:52:42
    [Параметры запуска] => Array
        (
            [START] => 100000
            [LIMIT] => 10000
        )

    [Ошибки при выполнении] => Array
(
)

)


PROCESSING Step Complete:
Array
(
    [Дата] => 10.06.2018 07:57:56
    [Сообщение] => 
            Time start: 2018.06.10 07:57:42
            Taked : 10000 cities,
            Loaded from Database: 238486 cities
            Updated: 10000 cities
            Added: 0 cities
            Time end: 2018.06.56 07:57:56
    [Параметры запуска] => Array
        (
            [START] => 110000
            [LIMIT] => 10000
        )

    [Ошибки при выполнении] => Array
(
)

)


PROCESSING Step Complete:
Array
(
    [Дата] => 10.06.2018 08:03:11
    [Сообщение] => 
            Time start: 2018.06.10 08:02:56
            Taked : 10000 cities,
            Loaded from Database: 238486 cities
            Updated: 10000 cities
            Added: 0 cities
            Time end: 2018.06.11 08:03:11
    [Параметры запуска] => Array
        (
            [START] => 120000
            [LIMIT] => 10000
        )

    [Ошибки при выполнении] => Array
(
)

)


PROCESSING Step Complete:
Array
(
    [Дата] => 10.06.2018 08:08:26
    [Сообщение] => 
            Time start: 2018.06.10 08:08:11
            Taked : 10000 cities,
            Loaded from Database: 238486 cities
            Updated: 10000 cities
            Added: 0 cities
            Time end: 2018.06.26 08:08:26
    [Параметры запуска] => Array
        (
            [START] => 130000
            [LIMIT] => 10000
        )

    [Ошибки при выполнении] => Array
(
)

)


PROCESSING Step Complete:
Array
(
    [Дата] => 10.06.2018 08:13:40
    [Сообщение] => 
            Time start: 2018.06.10 08:13:26
            Taked : 10000 cities,
            Loaded from Database: 238486 cities
            Updated: 10000 cities
            Added: 0 cities
            Time end: 2018.06.40 08:13:40
    [Параметры запуска] => Array
        (
            [START] => 140000
            [LIMIT] => 10000
        )

    [Ошибки при выполнении] => Array
(
)

)


PROCESSING Step Complete:
Array
(
    [Дата] => 10.06.2018 08:18:55
    [Сообщение] => 
            Time start: 2018.06.10 08:18:40
            Taked : 10000 cities,
            Loaded from Database: 238486 cities
            Updated: 10000 cities
            Added: 0 cities
            Time end: 2018.06.55 08:18:55
    [Параметры запуска] => Array
        (
            [START] => 150000
            [LIMIT] => 10000
        )

    [Ошибки при выполнении] => Array
(
)

)


PROCESSING Step Complete:
Array
(
    [Дата] => 10.06.2018 08:24:09
    [Сообщение] => 
            Time start: 2018.06.10 08:23:55
            Taked : 10000 cities,
            Loaded from Database: 238486 cities
            Updated: 10000 cities
            Added: 0 cities
            Time end: 2018.06.09 08:24:09
    [Параметры запуска] => Array
        (
            [START] => 160000
            [LIMIT] => 10000
        )

    [Ошибки при выполнении] => Array
(
)

)


PROCESSING Step Complete:
Array
(
    [Дата] => 10.06.2018 08:29:24
    [Сообщение] => 
            Time start: 2018.06.10 08:29:10
            Taked : 10000 cities,
            Loaded from Database: 238486 cities
            Updated: 10000 cities
            Added: 0 cities
            Time end: 2018.06.24 08:29:24
    [Параметры запуска] => Array
        (
            [START] => 170000
            [LIMIT] => 10000
        )

    [Ошибки при выполнении] => Array
(
)

)


PROCESSING Step Complete:
Array
(
    [Дата] => 10.06.2018 08:34:39
    [Сообщение] => 
            Time start: 2018.06.10 08:34:24
            Taked : 10000 cities,
            Loaded from Database: 238486 cities
            Updated: 10000 cities
            Added: 0 cities
            Time end: 2018.06.39 08:34:39
    [Параметры запуска] => Array
        (
            [START] => 180000
            [LIMIT] => 10000
        )

    [Ошибки при выполнении] => Array
(
)

)


PROCESSING Step Complete:
Array
(
    [Дата] => 10.06.2018 08:39:53
    [Сообщение] => 
            Time start: 2018.06.10 08:39:39
            Taked : 10000 cities,
            Loaded from Database: 238486 cities
            Updated: 10000 cities
            Added: 0 cities
            Time end: 2018.06.53 08:39:53
    [Параметры запуска] => Array
        (
            [START] => 190000
            [LIMIT] => 10000
        )

    [Ошибки при выполнении] => Array
(
)

)


PROCESSING Step Complete:
Array
(
    [Дата] => 10.06.2018 08:45:07
    [Сообщение] => 
            Time start: 2018.06.10 08:44:53
            Taked : 10000 cities,
            Loaded from Database: 238486 cities
            Updated: 10000 cities
            Added: 0 cities
            Time end: 2018.06.07 08:45:07
    [Параметры запуска] => Array
        (
            [START] => 200000
            [LIMIT] => 10000
        )

    [Ошибки при выполнении] => Array
(
)

)


PROCESSING Step Complete:
Array
(
    [Дата] => 10.06.2018 08:50:22
    [Сообщение] => 
            Time start: 2018.06.10 08:50:08
            Taked : 10000 cities,
            Loaded from Database: 238486 cities
            Updated: 9998 cities
            Added: 2 cities
            Time end: 2018.06.22 08:50:22
    [Параметры запуска] => Array
        (
            [START] => 210000
            [LIMIT] => 10000
        )

    [Ошибки при выполнении] => Array
(
)

)


PROCESSING Step Complete:
Array
(
    [Дата] => 10.06.2018 08:55:37
    [Сообщение] => 
            Time start: 2018.06.10 08:55:22
            Taked : 10000 cities,
            Loaded from Database: 238488 cities
            Updated: 10000 cities
            Added: 0 cities
            Time end: 2018.06.37 08:55:37
    [Параметры запуска] => Array
        (
            [START] => 220000
            [LIMIT] => 10000
        )

    [Ошибки при выполнении] => Array
(
)

)


PROCESSING Complete:
Array
(
    [Дата] => 10.06.2018 09:00:49
    [Сообщение] => 
            Time start: 2018.06.10 09:00:37
            Taked : 8488 cities,
            Loaded from Database: 238488 cities
            Deleted: 0 cities,
            Updated: 8488 cities
            Added: 0 cities
            Time end: 2018.06.49 09:00:49
    [Параметры запуска] => Array
        (
            [START] => 230000
            [LIMIT] => 10000
        )

    [Ошибки при выполнении] => Array
(
)

)


