TRIGGER Complete:
Array
(
    [Дата] => 18.08.2018 07:00:04
    [Сообщение] => TRIGGER START
)


PROCESSING Step Complete:
Array
(
    [Дата] => 18.08.2018 07:00:32
    [Сообщение] => 
            Time start: 2018.08.18 07:00:04
            Taked : 10000 cities,
            Loaded from Database: 239432 cities
            Updated: 10000 cities
            Added: 0 cities
            Time end: 2018.08.32 07:00:32
    [Параметры запуска] => Array
        (
            [START] => 0
            [LIMIT] => 10000
        )

    [Ошибки при выполнении] => Array
(
)

)


PROCESSING Step Complete:
Array
(
    [Дата] => 18.08.2018 07:06:02
    [Сообщение] => 
            Time start: 2018.08.18 07:05:33
            Taked : 10000 cities,
            Loaded from Database: 239432 cities
            Updated: 10000 cities
            Added: 0 cities
            Time end: 2018.08.02 07:06:02
    [Параметры запуска] => Array
        (
            [START] => 10000
            [LIMIT] => 10000
        )

    [Ошибки при выполнении] => Array
(
)

)


PROCESSING Step Complete:
Array
(
    [Дата] => 18.08.2018 07:11:31
    [Сообщение] => 
            Time start: 2018.08.18 07:11:02
            Taked : 10000 cities,
            Loaded from Database: 239432 cities
            Updated: 10000 cities
            Added: 0 cities
            Time end: 2018.08.31 07:11:31
    [Параметры запуска] => Array
        (
            [START] => 20000
            [LIMIT] => 10000
        )

    [Ошибки при выполнении] => Array
(
)

)


PROCESSING Step Complete:
Array
(
    [Дата] => 18.08.2018 07:16:59
    [Сообщение] => 
            Time start: 2018.08.18 07:16:31
            Taked : 10000 cities,
            Loaded from Database: 239432 cities
            Updated: 10000 cities
            Added: 0 cities
            Time end: 2018.08.59 07:16:59
    [Параметры запуска] => Array
        (
            [START] => 30000
            [LIMIT] => 10000
        )

    [Ошибки при выполнении] => Array
(
)

)


PROCESSING Step Complete:
Array
(
    [Дата] => 18.08.2018 07:22:28
    [Сообщение] => 
            Time start: 2018.08.18 07:21:59
            Taked : 10000 cities,
            Loaded from Database: 239432 cities
            Updated: 10000 cities
            Added: 0 cities
            Time end: 2018.08.28 07:22:28
    [Параметры запуска] => Array
        (
            [START] => 40000
            [LIMIT] => 10000
        )

    [Ошибки при выполнении] => Array
(
)

)


PROCESSING Step Complete:
Array
(
    [Дата] => 18.08.2018 07:27:57
    [Сообщение] => 
            Time start: 2018.08.18 07:27:28
            Taked : 10000 cities,
            Loaded from Database: 239432 cities
            Updated: 10000 cities
            Added: 0 cities
            Time end: 2018.08.57 07:27:57
    [Параметры запуска] => Array
        (
            [START] => 50000
            [LIMIT] => 10000
        )

    [Ошибки при выполнении] => Array
(
)

)


PROCESSING Step Complete:
Array
(
    [Дата] => 18.08.2018 07:33:26
    [Сообщение] => 
            Time start: 2018.08.18 07:32:57
            Taked : 10000 cities,
            Loaded from Database: 239432 cities
            Updated: 10000 cities
            Added: 0 cities
            Time end: 2018.08.26 07:33:26
    [Параметры запуска] => Array
        (
            [START] => 60000
            [LIMIT] => 10000
        )

    [Ошибки при выполнении] => Array
(
)

)


PROCESSING Step Complete:
Array
(
    [Дата] => 18.08.2018 07:38:55
    [Сообщение] => 
            Time start: 2018.08.18 07:38:26
            Taked : 10000 cities,
            Loaded from Database: 239432 cities
            Updated: 10000 cities
            Added: 0 cities
            Time end: 2018.08.55 07:38:55
    [Параметры запуска] => Array
        (
            [START] => 70000
            [LIMIT] => 10000
        )

    [Ошибки при выполнении] => Array
(
)

)


PROCESSING Step Complete:
Array
(
    [Дата] => 18.08.2018 07:44:24
    [Сообщение] => 
            Time start: 2018.08.18 07:43:56
            Taked : 10000 cities,
            Loaded from Database: 239432 cities
            Updated: 10000 cities
            Added: 0 cities
            Time end: 2018.08.24 07:44:24
    [Параметры запуска] => Array
        (
            [START] => 80000
            [LIMIT] => 10000
        )

    [Ошибки при выполнении] => Array
(
)

)


PROCESSING Step Complete:
Array
(
    [Дата] => 18.08.2018 07:49:54
    [Сообщение] => 
            Time start: 2018.08.18 07:49:24
            Taked : 10000 cities,
            Loaded from Database: 239432 cities
            Updated: 10000 cities
            Added: 0 cities
            Time end: 2018.08.54 07:49:54
    [Параметры запуска] => Array
        (
            [START] => 90000
            [LIMIT] => 10000
        )

    [Ошибки при выполнении] => Array
(
)

)


PROCESSING Step Complete:
Array
(
    [Дата] => 18.08.2018 07:55:23
    [Сообщение] => 
            Time start: 2018.08.18 07:54:54
            Taked : 10000 cities,
            Loaded from Database: 239432 cities
            Updated: 10000 cities
            Added: 0 cities
            Time end: 2018.08.23 07:55:23
    [Параметры запуска] => Array
        (
            [START] => 100000
            [LIMIT] => 10000
        )

    [Ошибки при выполнении] => Array
(
)

)


PROCESSING Step Complete:
Array
(
    [Дата] => 18.08.2018 08:00:52
    [Сообщение] => 
            Time start: 2018.08.18 08:00:23
            Taked : 10000 cities,
            Loaded from Database: 239432 cities
            Updated: 10000 cities
            Added: 0 cities
            Time end: 2018.08.52 08:00:52
    [Параметры запуска] => Array
        (
            [START] => 110000
            [LIMIT] => 10000
        )

    [Ошибки при выполнении] => Array
(
)

)


PROCESSING Step Complete:
Array
(
    [Дата] => 18.08.2018 08:06:21
    [Сообщение] => 
            Time start: 2018.08.18 08:05:52
            Taked : 10000 cities,
            Loaded from Database: 239432 cities
            Updated: 10000 cities
            Added: 0 cities
            Time end: 2018.08.21 08:06:21
    [Параметры запуска] => Array
        (
            [START] => 120000
            [LIMIT] => 10000
        )

    [Ошибки при выполнении] => Array
(
)

)


PROCESSING Step Complete:
Array
(
    [Дата] => 18.08.2018 08:11:50
    [Сообщение] => 
            Time start: 2018.08.18 08:11:21
            Taked : 10000 cities,
            Loaded from Database: 239432 cities
            Updated: 10000 cities
            Added: 0 cities
            Time end: 2018.08.50 08:11:50
    [Параметры запуска] => Array
        (
            [START] => 130000
            [LIMIT] => 10000
        )

    [Ошибки при выполнении] => Array
(
)

)


PROCESSING Step Complete:
Array
(
    [Дата] => 18.08.2018 08:17:19
    [Сообщение] => 
            Time start: 2018.08.18 08:16:50
            Taked : 10000 cities,
            Loaded from Database: 239432 cities
            Updated: 10000 cities
            Added: 0 cities
            Time end: 2018.08.19 08:17:19
    [Параметры запуска] => Array
        (
            [START] => 140000
            [LIMIT] => 10000
        )

    [Ошибки при выполнении] => Array
(
)

)


PROCESSING Step Complete:
Array
(
    [Дата] => 18.08.2018 08:22:48
    [Сообщение] => 
            Time start: 2018.08.18 08:22:20
            Taked : 10000 cities,
            Loaded from Database: 239432 cities
            Updated: 10000 cities
            Added: 0 cities
            Time end: 2018.08.48 08:22:48
    [Параметры запуска] => Array
        (
            [START] => 150000
            [LIMIT] => 10000
        )

    [Ошибки при выполнении] => Array
(
)

)


PROCESSING Step Complete:
Array
(
    [Дата] => 18.08.2018 08:28:17
    [Сообщение] => 
            Time start: 2018.08.18 08:27:49
            Taked : 10000 cities,
            Loaded from Database: 239432 cities
            Updated: 10000 cities
            Added: 0 cities
            Time end: 2018.08.17 08:28:17
    [Параметры запуска] => Array
        (
            [START] => 160000
            [LIMIT] => 10000
        )

    [Ошибки при выполнении] => Array
(
)

)


PROCESSING Step Complete:
Array
(
    [Дата] => 18.08.2018 08:33:47
    [Сообщение] => 
            Time start: 2018.08.18 08:33:18
            Taked : 10000 cities,
            Loaded from Database: 239432 cities
            Updated: 10000 cities
            Added: 0 cities
            Time end: 2018.08.47 08:33:47
    [Параметры запуска] => Array
        (
            [START] => 170000
            [LIMIT] => 10000
        )

    [Ошибки при выполнении] => Array
(
)

)


PROCESSING Step Complete:
Array
(
    [Дата] => 18.08.2018 08:39:17
    [Сообщение] => 
            Time start: 2018.08.18 08:38:48
            Taked : 10000 cities,
            Loaded from Database: 239432 cities
            Updated: 10000 cities
            Added: 0 cities
            Time end: 2018.08.17 08:39:17
    [Параметры запуска] => Array
        (
            [START] => 180000
            [LIMIT] => 10000
        )

    [Ошибки при выполнении] => Array
(
)

)


PROCESSING Step Complete:
Array
(
    [Дата] => 18.08.2018 08:44:46
    [Сообщение] => 
            Time start: 2018.08.18 08:44:17
            Taked : 10000 cities,
            Loaded from Database: 239432 cities
            Updated: 9998 cities
            Added: 2 cities
            Time end: 2018.08.46 08:44:46
    [Параметры запуска] => Array
        (
            [START] => 190000
            [LIMIT] => 10000
        )

    [Ошибки при выполнении] => Array
(
)

)


PROCESSING Step Complete:
Array
(
    [Дата] => 18.08.2018 08:50:15
    [Сообщение] => 
            Time start: 2018.08.18 08:49:46
            Taked : 10000 cities,
            Loaded from Database: 239434 cities
            Updated: 9998 cities
            Added: 2 cities
            Time end: 2018.08.15 08:50:15
    [Параметры запуска] => Array
        (
            [START] => 200000
            [LIMIT] => 10000
        )

    [Ошибки при выполнении] => Array
(
)

)


PROCESSING Step Complete:
Array
(
    [Дата] => 18.08.2018 08:55:45
    [Сообщение] => 
            Time start: 2018.08.18 08:55:16
            Taked : 10000 cities,
            Loaded from Database: 239436 cities
            Updated: 10000 cities
            Added: 0 cities
            Time end: 2018.08.45 08:55:45
    [Параметры запуска] => Array
        (
            [START] => 210000
            [LIMIT] => 10000
        )

    [Ошибки при выполнении] => Array
(
)

)


PROCESSING Step Complete:
Array
(
    [Дата] => 18.08.2018 09:01:15
    [Сообщение] => 
            Time start: 2018.08.18 09:00:45
            Taked : 10000 cities,
            Loaded from Database: 239436 cities
            Updated: 10000 cities
            Added: 0 cities
            Time end: 2018.08.15 09:01:15
    [Параметры запуска] => Array
        (
            [START] => 220000
            [LIMIT] => 10000
        )

    [Ошибки при выполнении] => Array
(
)

)


PROCESSING Complete:
Array
(
    [Дата] => 18.08.2018 09:06:42
    [Сообщение] => 
            Time start: 2018.08.18 09:06:15
            Taked : 9436 cities,
            Loaded from Database: 239436 cities
            Deleted: 0 cities,
            Updated: 9436 cities
            Added: 0 cities
            Time end: 2018.08.42 09:06:42
    [Параметры запуска] => Array
        (
            [START] => 230000
            [LIMIT] => 10000
        )

    [Ошибки при выполнении] => Array
(
)

)


