TRIGGER Complete:
Array
(
    [Дата] => 31.07.2018 07:00:03
    [Сообщение] => TRIGGER START
)


PROCESSING Step Complete:
Array
(
    [Дата] => 31.07.2018 07:00:33
    [Сообщение] => 
            Time start: 2018.07.31 07:00:04
            Taked : 10000 cities,
            Loaded from Database: 239332 cities
            Updated: 10000 cities
            Added: 0 cities
            Time end: 2018.07.33 07:00:33
    [Параметры запуска] => Array
        (
            [START] => 0
            [LIMIT] => 10000
        )

    [Ошибки при выполнении] => Array
(
)

)


PROCESSING Step Complete:
Array
(
    [Дата] => 31.07.2018 07:06:02
    [Сообщение] => 
            Time start: 2018.07.31 07:05:33
            Taked : 10000 cities,
            Loaded from Database: 239332 cities
            Updated: 10000 cities
            Added: 0 cities
            Time end: 2018.07.02 07:06:02
    [Параметры запуска] => Array
        (
            [START] => 10000
            [LIMIT] => 10000
        )

    [Ошибки при выполнении] => Array
(
)

)


PROCESSING Step Complete:
Array
(
    [Дата] => 31.07.2018 07:11:30
    [Сообщение] => 
            Time start: 2018.07.31 07:11:02
            Taked : 10000 cities,
            Loaded from Database: 239332 cities
            Updated: 10000 cities
            Added: 0 cities
            Time end: 2018.07.30 07:11:30
    [Параметры запуска] => Array
        (
            [START] => 20000
            [LIMIT] => 10000
        )

    [Ошибки при выполнении] => Array
(
)

)


PROCESSING Step Complete:
Array
(
    [Дата] => 31.07.2018 07:16:58
    [Сообщение] => 
            Time start: 2018.07.31 07:16:30
            Taked : 10000 cities,
            Loaded from Database: 239332 cities
            Updated: 10000 cities
            Added: 0 cities
            Time end: 2018.07.58 07:16:58
    [Параметры запуска] => Array
        (
            [START] => 30000
            [LIMIT] => 10000
        )

    [Ошибки при выполнении] => Array
(
)

)


PROCESSING Step Complete:
Array
(
    [Дата] => 31.07.2018 07:22:27
    [Сообщение] => 
            Time start: 2018.07.31 07:21:58
            Taked : 10000 cities,
            Loaded from Database: 239332 cities
            Updated: 10000 cities
            Added: 0 cities
            Time end: 2018.07.27 07:22:27
    [Параметры запуска] => Array
        (
            [START] => 40000
            [LIMIT] => 10000
        )

    [Ошибки при выполнении] => Array
(
)

)


PROCESSING Step Complete:
Array
(
    [Дата] => 31.07.2018 07:27:55
    [Сообщение] => 
            Time start: 2018.07.31 07:27:27
            Taked : 10000 cities,
            Loaded from Database: 239332 cities
            Updated: 10000 cities
            Added: 0 cities
            Time end: 2018.07.55 07:27:55
    [Параметры запуска] => Array
        (
            [START] => 50000
            [LIMIT] => 10000
        )

    [Ошибки при выполнении] => Array
(
)

)


PROCESSING Step Complete:
Array
(
    [Дата] => 31.07.2018 07:33:25
    [Сообщение] => 
            Time start: 2018.07.31 07:32:55
            Taked : 10000 cities,
            Loaded from Database: 239332 cities
            Updated: 10000 cities
            Added: 0 cities
            Time end: 2018.07.25 07:33:25
    [Параметры запуска] => Array
        (
            [START] => 60000
            [LIMIT] => 10000
        )

    [Ошибки при выполнении] => Array
(
)

)


PROCESSING Step Complete:
Array
(
    [Дата] => 31.07.2018 07:38:53
    [Сообщение] => 
            Time start: 2018.07.31 07:38:25
            Taked : 10000 cities,
            Loaded from Database: 239332 cities
            Updated: 10000 cities
            Added: 0 cities
            Time end: 2018.07.53 07:38:53
    [Параметры запуска] => Array
        (
            [START] => 70000
            [LIMIT] => 10000
        )

    [Ошибки при выполнении] => Array
(
)

)


PROCESSING Step Complete:
Array
(
    [Дата] => 31.07.2018 07:44:23
    [Сообщение] => 
            Time start: 2018.07.31 07:43:54
            Taked : 10000 cities,
            Loaded from Database: 239332 cities
            Updated: 10000 cities
            Added: 0 cities
            Time end: 2018.07.23 07:44:23
    [Параметры запуска] => Array
        (
            [START] => 80000
            [LIMIT] => 10000
        )

    [Ошибки при выполнении] => Array
(
)

)


PROCESSING Step Complete:
Array
(
    [Дата] => 31.07.2018 07:49:53
    [Сообщение] => 
            Time start: 2018.07.31 07:49:23
            Taked : 10000 cities,
            Loaded from Database: 239332 cities
            Updated: 10000 cities
            Added: 0 cities
            Time end: 2018.07.53 07:49:53
    [Параметры запуска] => Array
        (
            [START] => 90000
            [LIMIT] => 10000
        )

    [Ошибки при выполнении] => Array
(
)

)


PROCESSING Step Complete:
Array
(
    [Дата] => 31.07.2018 07:55:22
    [Сообщение] => 
            Time start: 2018.07.31 07:54:53
            Taked : 10000 cities,
            Loaded from Database: 239332 cities
            Updated: 10000 cities
            Added: 0 cities
            Time end: 2018.07.22 07:55:22
    [Параметры запуска] => Array
        (
            [START] => 100000
            [LIMIT] => 10000
        )

    [Ошибки при выполнении] => Array
(
)

)


PROCESSING Step Complete:
Array
(
    [Дата] => 31.07.2018 08:00:51
    [Сообщение] => 
            Time start: 2018.07.31 08:00:22
            Taked : 10000 cities,
            Loaded from Database: 239332 cities
            Updated: 10000 cities
            Added: 0 cities
            Time end: 2018.07.51 08:00:51
    [Параметры запуска] => Array
        (
            [START] => 110000
            [LIMIT] => 10000
        )

    [Ошибки при выполнении] => Array
(
)

)


PROCESSING Step Complete:
Array
(
    [Дата] => 31.07.2018 08:06:20
    [Сообщение] => 
            Time start: 2018.07.31 08:05:51
            Taked : 10000 cities,
            Loaded from Database: 239332 cities
            Updated: 10000 cities
            Added: 0 cities
            Time end: 2018.07.20 08:06:20
    [Параметры запуска] => Array
        (
            [START] => 120000
            [LIMIT] => 10000
        )

    [Ошибки при выполнении] => Array
(
)

)


PROCESSING Step Complete:
Array
(
    [Дата] => 31.07.2018 08:11:50
    [Сообщение] => 
            Time start: 2018.07.31 08:11:20
            Taked : 10000 cities,
            Loaded from Database: 239332 cities
            Updated: 10000 cities
            Added: 0 cities
            Time end: 2018.07.50 08:11:50
    [Параметры запуска] => Array
        (
            [START] => 130000
            [LIMIT] => 10000
        )

    [Ошибки при выполнении] => Array
(
)

)


PROCESSING Step Complete:
Array
(
    [Дата] => 31.07.2018 08:17:18
    [Сообщение] => 
            Time start: 2018.07.31 08:16:50
            Taked : 10000 cities,
            Loaded from Database: 239332 cities
            Updated: 10000 cities
            Added: 0 cities
            Time end: 2018.07.18 08:17:18
    [Параметры запуска] => Array
        (
            [START] => 140000
            [LIMIT] => 10000
        )

    [Ошибки при выполнении] => Array
(
)

)


PROCESSING Step Complete:
Array
(
    [Дата] => 31.07.2018 08:22:48
    [Сообщение] => 
            Time start: 2018.07.31 08:22:19
            Taked : 10000 cities,
            Loaded from Database: 239332 cities
            Updated: 10000 cities
            Added: 0 cities
            Time end: 2018.07.48 08:22:48
    [Параметры запуска] => Array
        (
            [START] => 150000
            [LIMIT] => 10000
        )

    [Ошибки при выполнении] => Array
(
)

)


PROCESSING Step Complete:
Array
(
    [Дата] => 31.07.2018 08:28:17
    [Сообщение] => 
            Time start: 2018.07.31 08:27:48
            Taked : 10000 cities,
            Loaded from Database: 239332 cities
            Updated: 10000 cities
            Added: 0 cities
            Time end: 2018.07.17 08:28:17
    [Параметры запуска] => Array
        (
            [START] => 160000
            [LIMIT] => 10000
        )

    [Ошибки при выполнении] => Array
(
)

)


PROCESSING Step Complete:
Array
(
    [Дата] => 31.07.2018 08:33:46
    [Сообщение] => 
            Time start: 2018.07.31 08:33:18
            Taked : 10000 cities,
            Loaded from Database: 239332 cities
            Updated: 10000 cities
            Added: 0 cities
            Time end: 2018.07.46 08:33:46
    [Параметры запуска] => Array
        (
            [START] => 170000
            [LIMIT] => 10000
        )

    [Ошибки при выполнении] => Array
(
)

)


PROCESSING Step Complete:
Array
(
    [Дата] => 31.07.2018 08:39:15
    [Сообщение] => 
            Time start: 2018.07.31 08:38:46
            Taked : 10000 cities,
            Loaded from Database: 239332 cities
            Updated: 10000 cities
            Added: 0 cities
            Time end: 2018.07.15 08:39:15
    [Параметры запуска] => Array
        (
            [START] => 180000
            [LIMIT] => 10000
        )

    [Ошибки при выполнении] => Array
(
)

)


PROCESSING Step Complete:
Array
(
    [Дата] => 31.07.2018 08:44:44
    [Сообщение] => 
            Time start: 2018.07.31 08:44:15
            Taked : 10000 cities,
            Loaded from Database: 239332 cities
            Updated: 10000 cities
            Added: 0 cities
            Time end: 2018.07.44 08:44:44
    [Параметры запуска] => Array
        (
            [START] => 190000
            [LIMIT] => 10000
        )

    [Ошибки при выполнении] => Array
(
)

)


PROCESSING Step Complete:
Array
(
    [Дата] => 31.07.2018 08:50:13
    [Сообщение] => 
            Time start: 2018.07.31 08:49:44
            Taked : 10000 cities,
            Loaded from Database: 239332 cities
            Updated: 9978 cities
            Added: 22 cities
            Time end: 2018.07.13 08:50:13
    [Параметры запуска] => Array
        (
            [START] => 200000
            [LIMIT] => 10000
        )

    [Ошибки при выполнении] => Array
(
)

)


PROCESSING Step Complete:
Array
(
    [Дата] => 31.07.2018 08:55:42
    [Сообщение] => 
            Time start: 2018.07.31 08:55:13
            Taked : 10000 cities,
            Loaded from Database: 239354 cities
            Updated: 10000 cities
            Added: 0 cities
            Time end: 2018.07.42 08:55:42
    [Параметры запуска] => Array
        (
            [START] => 210000
            [LIMIT] => 10000
        )

    [Ошибки при выполнении] => Array
(
)

)


PROCESSING Step Complete:
Array
(
    [Дата] => 31.07.2018 09:01:11
    [Сообщение] => 
            Time start: 2018.07.31 09:00:42
            Taked : 10000 cities,
            Loaded from Database: 239354 cities
            Updated: 10000 cities
            Added: 0 cities
            Time end: 2018.07.11 09:01:11
    [Параметры запуска] => Array
        (
            [START] => 220000
            [LIMIT] => 10000
        )

    [Ошибки при выполнении] => Array
(
)

)


PROCESSING Complete:
Array
(
    [Дата] => 31.07.2018 09:06:39
    [Сообщение] => 
            Time start: 2018.07.31 09:06:12
            Taked : 9354 cities,
            Loaded from Database: 239354 cities
            Deleted: 0 cities,
            Updated: 9354 cities
            Added: 0 cities
            Time end: 2018.07.39 09:06:39
    [Параметры запуска] => Array
        (
            [START] => 230000
            [LIMIT] => 10000
        )

    [Ошибки при выполнении] => Array
(
)

)


