TRIGGER Complete:
Array
(
    [Дата] => 19.04.2018 07:00:02
    [Сообщение] => TRIGGER START
)


PROCESSING Step Complete:
Array
(
    [Дата] => 19.04.2018 07:00:16
    [Сообщение] => 
            Time start: 2018.04.19 07:00:02
            Taked : 10000 cities,
            Loaded from Database: 238461 cities
            Updated: 10000 cities
            Added: 0 cities
            Time end: 2018.04.16 07:00:16
    [Параметры запуска] => Array
        (
            [START] => 0
            [LIMIT] => 10000
        )

    [Ошибки при выполнении] => Array
(
)

)


PROCESSING Step Complete:
Array
(
    [Дата] => 19.04.2018 07:05:29
    [Сообщение] => 
            Time start: 2018.04.19 07:05:16
            Taked : 10000 cities,
            Loaded from Database: 238461 cities
            Updated: 10000 cities
            Added: 0 cities
            Time end: 2018.04.29 07:05:29
    [Параметры запуска] => Array
        (
            [START] => 10000
            [LIMIT] => 10000
        )

    [Ошибки при выполнении] => Array
(
)

)


PROCESSING Step Complete:
Array
(
    [Дата] => 19.04.2018 07:10:42
    [Сообщение] => 
            Time start: 2018.04.19 07:10:29
            Taked : 10000 cities,
            Loaded from Database: 238461 cities
            Updated: 10000 cities
            Added: 0 cities
            Time end: 2018.04.42 07:10:42
    [Параметры запуска] => Array
        (
            [START] => 20000
            [LIMIT] => 10000
        )

    [Ошибки при выполнении] => Array
(
)

)


PROCESSING Step Complete:
Array
(
    [Дата] => 19.04.2018 07:15:56
    [Сообщение] => 
            Time start: 2018.04.19 07:15:42
            Taked : 10000 cities,
            Loaded from Database: 238461 cities
            Updated: 10000 cities
            Added: 0 cities
            Time end: 2018.04.56 07:15:56
    [Параметры запуска] => Array
        (
            [START] => 30000
            [LIMIT] => 10000
        )

    [Ошибки при выполнении] => Array
(
)

)


PROCESSING Step Complete:
Array
(
    [Дата] => 19.04.2018 07:21:09
    [Сообщение] => 
            Time start: 2018.04.19 07:20:56
            Taked : 10000 cities,
            Loaded from Database: 238461 cities
            Updated: 10000 cities
            Added: 0 cities
            Time end: 2018.04.09 07:21:09
    [Параметры запуска] => Array
        (
            [START] => 40000
            [LIMIT] => 10000
        )

    [Ошибки при выполнении] => Array
(
)

)


PROCESSING Step Complete:
Array
(
    [Дата] => 19.04.2018 07:26:23
    [Сообщение] => 
            Time start: 2018.04.19 07:26:09
            Taked : 10000 cities,
            Loaded from Database: 238461 cities
            Updated: 10000 cities
            Added: 0 cities
            Time end: 2018.04.23 07:26:23
    [Параметры запуска] => Array
        (
            [START] => 50000
            [LIMIT] => 10000
        )

    [Ошибки при выполнении] => Array
(
)

)


PROCESSING Step Complete:
Array
(
    [Дата] => 19.04.2018 07:31:36
    [Сообщение] => 
            Time start: 2018.04.19 07:31:23
            Taked : 10000 cities,
            Loaded from Database: 238461 cities
            Updated: 10000 cities
            Added: 0 cities
            Time end: 2018.04.36 07:31:36
    [Параметры запуска] => Array
        (
            [START] => 60000
            [LIMIT] => 10000
        )

    [Ошибки при выполнении] => Array
(
)

)


PROCESSING Step Complete:
Array
(
    [Дата] => 19.04.2018 07:36:49
    [Сообщение] => 
            Time start: 2018.04.19 07:36:36
            Taked : 10000 cities,
            Loaded from Database: 238461 cities
            Updated: 10000 cities
            Added: 0 cities
            Time end: 2018.04.49 07:36:49
    [Параметры запуска] => Array
        (
            [START] => 70000
            [LIMIT] => 10000
        )

    [Ошибки при выполнении] => Array
(
)

)


PROCESSING Step Complete:
Array
(
    [Дата] => 19.04.2018 07:42:03
    [Сообщение] => 
            Time start: 2018.04.19 07:41:49
            Taked : 10000 cities,
            Loaded from Database: 238461 cities
            Updated: 10000 cities
            Added: 0 cities
            Time end: 2018.04.03 07:42:03
    [Параметры запуска] => Array
        (
            [START] => 80000
            [LIMIT] => 10000
        )

    [Ошибки при выполнении] => Array
(
)

)


PROCESSING Step Complete:
Array
(
    [Дата] => 19.04.2018 07:47:15
    [Сообщение] => 
            Time start: 2018.04.19 07:47:03
            Taked : 10000 cities,
            Loaded from Database: 238461 cities
            Updated: 10000 cities
            Added: 0 cities
            Time end: 2018.04.15 07:47:15
    [Параметры запуска] => Array
        (
            [START] => 90000
            [LIMIT] => 10000
        )

    [Ошибки при выполнении] => Array
(
)

)


PROCESSING Step Complete:
Array
(
    [Дата] => 19.04.2018 07:52:29
    [Сообщение] => 
            Time start: 2018.04.19 07:52:15
            Taked : 10000 cities,
            Loaded from Database: 238461 cities
            Updated: 10000 cities
            Added: 0 cities
            Time end: 2018.04.29 07:52:29
    [Параметры запуска] => Array
        (
            [START] => 100000
            [LIMIT] => 10000
        )

    [Ошибки при выполнении] => Array
(
)

)


PROCESSING Step Complete:
Array
(
    [Дата] => 19.04.2018 07:57:42
    [Сообщение] => 
            Time start: 2018.04.19 07:57:29
            Taked : 10000 cities,
            Loaded from Database: 238461 cities
            Updated: 10000 cities
            Added: 0 cities
            Time end: 2018.04.42 07:57:42
    [Параметры запуска] => Array
        (
            [START] => 110000
            [LIMIT] => 10000
        )

    [Ошибки при выполнении] => Array
(
)

)


PROCESSING Step Complete:
Array
(
    [Дата] => 19.04.2018 08:02:56
    [Сообщение] => 
            Time start: 2018.04.19 08:02:42
            Taked : 10000 cities,
            Loaded from Database: 238461 cities
            Updated: 10000 cities
            Added: 0 cities
            Time end: 2018.04.56 08:02:56
    [Параметры запуска] => Array
        (
            [START] => 120000
            [LIMIT] => 10000
        )

    [Ошибки при выполнении] => Array
(
)

)


PROCESSING Step Complete:
Array
(
    [Дата] => 19.04.2018 08:08:09
    [Сообщение] => 
            Time start: 2018.04.19 08:07:56
            Taked : 10000 cities,
            Loaded from Database: 238461 cities
            Updated: 10000 cities
            Added: 0 cities
            Time end: 2018.04.09 08:08:09
    [Параметры запуска] => Array
        (
            [START] => 130000
            [LIMIT] => 10000
        )

    [Ошибки при выполнении] => Array
(
)

)


PROCESSING Step Complete:
Array
(
    [Дата] => 19.04.2018 08:13:22
    [Сообщение] => 
            Time start: 2018.04.19 08:13:09
            Taked : 10000 cities,
            Loaded from Database: 238461 cities
            Updated: 10000 cities
            Added: 0 cities
            Time end: 2018.04.22 08:13:22
    [Параметры запуска] => Array
        (
            [START] => 140000
            [LIMIT] => 10000
        )

    [Ошибки при выполнении] => Array
(
)

)


PROCESSING Step Complete:
Array
(
    [Дата] => 19.04.2018 08:18:36
    [Сообщение] => 
            Time start: 2018.04.19 08:18:22
            Taked : 10000 cities,
            Loaded from Database: 238461 cities
            Updated: 10000 cities
            Added: 0 cities
            Time end: 2018.04.36 08:18:36
    [Параметры запуска] => Array
        (
            [START] => 150000
            [LIMIT] => 10000
        )

    [Ошибки при выполнении] => Array
(
)

)


PROCESSING Step Complete:
Array
(
    [Дата] => 19.04.2018 08:23:50
    [Сообщение] => 
            Time start: 2018.04.19 08:23:36
            Taked : 10000 cities,
            Loaded from Database: 238461 cities
            Updated: 10000 cities
            Added: 0 cities
            Time end: 2018.04.50 08:23:50
    [Параметры запуска] => Array
        (
            [START] => 160000
            [LIMIT] => 10000
        )

    [Ошибки при выполнении] => Array
(
)

)


PROCESSING Step Complete:
Array
(
    [Дата] => 19.04.2018 08:29:03
    [Сообщение] => 
            Time start: 2018.04.19 08:28:50
            Taked : 10000 cities,
            Loaded from Database: 238461 cities
            Updated: 10000 cities
            Added: 0 cities
            Time end: 2018.04.03 08:29:03
    [Параметры запуска] => Array
        (
            [START] => 170000
            [LIMIT] => 10000
        )

    [Ошибки при выполнении] => Array
(
)

)


PROCESSING Step Complete:
Array
(
    [Дата] => 19.04.2018 08:34:16
    [Сообщение] => 
            Time start: 2018.04.19 08:34:04
            Taked : 10000 cities,
            Loaded from Database: 238461 cities
            Updated: 10000 cities
            Added: 0 cities
            Time end: 2018.04.16 08:34:16
    [Параметры запуска] => Array
        (
            [START] => 180000
            [LIMIT] => 10000
        )

    [Ошибки при выполнении] => Array
(
)

)


PROCESSING Step Complete:
Array
(
    [Дата] => 19.04.2018 08:39:30
    [Сообщение] => 
            Time start: 2018.04.19 08:39:16
            Taked : 10000 cities,
            Loaded from Database: 238461 cities
            Updated: 10000 cities
            Added: 0 cities
            Time end: 2018.04.30 08:39:30
    [Параметры запуска] => Array
        (
            [START] => 190000
            [LIMIT] => 10000
        )

    [Ошибки при выполнении] => Array
(
)

)


PROCESSING Step Complete:
Array
(
    [Дата] => 19.04.2018 08:44:43
    [Сообщение] => 
            Time start: 2018.04.19 08:44:30
            Taked : 10000 cities,
            Loaded from Database: 238461 cities
            Updated: 9999 cities
            Added: 1 cities
            Time end: 2018.04.43 08:44:43
    [Параметры запуска] => Array
        (
            [START] => 200000
            [LIMIT] => 10000
        )

    [Ошибки при выполнении] => Array
(
)

)


PROCESSING Step Complete:
Array
(
    [Дата] => 19.04.2018 08:49:56
    [Сообщение] => 
            Time start: 2018.04.19 08:49:43
            Taked : 10000 cities,
            Loaded from Database: 238462 cities
            Updated: 10000 cities
            Added: 0 cities
            Time end: 2018.04.56 08:49:56
    [Параметры запуска] => Array
        (
            [START] => 210000
            [LIMIT] => 10000
        )

    [Ошибки при выполнении] => Array
(
)

)


PROCESSING Step Complete:
Array
(
    [Дата] => 19.04.2018 08:55:09
    [Сообщение] => 
            Time start: 2018.04.19 08:54:57
            Taked : 10000 cities,
            Loaded from Database: 238462 cities
            Updated: 10000 cities
            Added: 0 cities
            Time end: 2018.04.09 08:55:09
    [Параметры запуска] => Array
        (
            [START] => 220000
            [LIMIT] => 10000
        )

    [Ошибки при выполнении] => Array
(
)

)


PROCESSING Complete:
Array
(
    [Дата] => 19.04.2018 09:00:21
    [Сообщение] => 
            Time start: 2018.04.19 09:00:10
            Taked : 8462 cities,
            Loaded from Database: 238462 cities
            Deleted: 0 cities,
            Updated: 8462 cities
            Added: 0 cities
            Time end: 2018.04.21 09:00:21
    [Параметры запуска] => Array
        (
            [START] => 230000
            [LIMIT] => 10000
        )

    [Ошибки при выполнении] => Array
(
)

)


