TRIGGER Complete:
Array
(
    [Дата] => 29.04.2018 07:00:02
    [Сообщение] => TRIGGER START
)


PROCESSING Step Complete:
Array
(
    [Дата] => 29.04.2018 07:00:16
    [Сообщение] => 
            Time start: 2018.04.29 07:00:02
            Taked : 10000 cities,
            Loaded from Database: 238476 cities
            Updated: 10000 cities
            Added: 0 cities
            Time end: 2018.04.16 07:00:16
    [Параметры запуска] => Array
        (
            [START] => 0
            [LIMIT] => 10000
        )

    [Ошибки при выполнении] => Array
(
)

)


PROCESSING Step Complete:
Array
(
    [Дата] => 29.04.2018 07:05:28
    [Сообщение] => 
            Time start: 2018.04.29 07:05:16
            Taked : 10000 cities,
            Loaded from Database: 238476 cities
            Updated: 10000 cities
            Added: 0 cities
            Time end: 2018.04.28 07:05:28
    [Параметры запуска] => Array
        (
            [START] => 10000
            [LIMIT] => 10000
        )

    [Ошибки при выполнении] => Array
(
)

)


PROCESSING Step Complete:
Array
(
    [Дата] => 29.04.2018 07:10:42
    [Сообщение] => 
            Time start: 2018.04.29 07:10:28
            Taked : 10000 cities,
            Loaded from Database: 238476 cities
            Updated: 10000 cities
            Added: 0 cities
            Time end: 2018.04.42 07:10:42
    [Параметры запуска] => Array
        (
            [START] => 20000
            [LIMIT] => 10000
        )

    [Ошибки при выполнении] => Array
(
)

)


PROCESSING Step Complete:
Array
(
    [Дата] => 29.04.2018 07:15:55
    [Сообщение] => 
            Time start: 2018.04.29 07:15:42
            Taked : 10000 cities,
            Loaded from Database: 238476 cities
            Updated: 10000 cities
            Added: 0 cities
            Time end: 2018.04.55 07:15:55
    [Параметры запуска] => Array
        (
            [START] => 30000
            [LIMIT] => 10000
        )

    [Ошибки при выполнении] => Array
(
)

)


PROCESSING Step Complete:
Array
(
    [Дата] => 29.04.2018 07:21:08
    [Сообщение] => 
            Time start: 2018.04.29 07:20:55
            Taked : 10000 cities,
            Loaded from Database: 238476 cities
            Updated: 10000 cities
            Added: 0 cities
            Time end: 2018.04.08 07:21:08
    [Параметры запуска] => Array
        (
            [START] => 40000
            [LIMIT] => 10000
        )

    [Ошибки при выполнении] => Array
(
)

)


PROCESSING Step Complete:
Array
(
    [Дата] => 29.04.2018 07:26:21
    [Сообщение] => 
            Time start: 2018.04.29 07:26:08
            Taked : 10000 cities,
            Loaded from Database: 238476 cities
            Updated: 10000 cities
            Added: 0 cities
            Time end: 2018.04.21 07:26:21
    [Параметры запуска] => Array
        (
            [START] => 50000
            [LIMIT] => 10000
        )

    [Ошибки при выполнении] => Array
(
)

)


PROCESSING Step Complete:
Array
(
    [Дата] => 29.04.2018 07:31:35
    [Сообщение] => 
            Time start: 2018.04.29 07:31:22
            Taked : 10000 cities,
            Loaded from Database: 238476 cities
            Updated: 10000 cities
            Added: 0 cities
            Time end: 2018.04.35 07:31:35
    [Параметры запуска] => Array
        (
            [START] => 60000
            [LIMIT] => 10000
        )

    [Ошибки при выполнении] => Array
(
)

)


PROCESSING Step Complete:
Array
(
    [Дата] => 29.04.2018 07:36:48
    [Сообщение] => 
            Time start: 2018.04.29 07:36:35
            Taked : 10000 cities,
            Loaded from Database: 238476 cities
            Updated: 10000 cities
            Added: 0 cities
            Time end: 2018.04.48 07:36:48
    [Параметры запуска] => Array
        (
            [START] => 70000
            [LIMIT] => 10000
        )

    [Ошибки при выполнении] => Array
(
)

)


PROCESSING Step Complete:
Array
(
    [Дата] => 29.04.2018 07:42:01
    [Сообщение] => 
            Time start: 2018.04.29 07:41:49
            Taked : 10000 cities,
            Loaded from Database: 238476 cities
            Updated: 10000 cities
            Added: 0 cities
            Time end: 2018.04.01 07:42:01
    [Параметры запуска] => Array
        (
            [START] => 80000
            [LIMIT] => 10000
        )

    [Ошибки при выполнении] => Array
(
)

)


PROCESSING Step Complete:
Array
(
    [Дата] => 29.04.2018 07:47:14
    [Сообщение] => 
            Time start: 2018.04.29 07:47:02
            Taked : 10000 cities,
            Loaded from Database: 238476 cities
            Updated: 10000 cities
            Added: 0 cities
            Time end: 2018.04.14 07:47:14
    [Параметры запуска] => Array
        (
            [START] => 90000
            [LIMIT] => 10000
        )

    [Ошибки при выполнении] => Array
(
)

)


PROCESSING Step Complete:
Array
(
    [Дата] => 29.04.2018 07:52:27
    [Сообщение] => 
            Time start: 2018.04.29 07:52:14
            Taked : 10000 cities,
            Loaded from Database: 238476 cities
            Updated: 10000 cities
            Added: 0 cities
            Time end: 2018.04.27 07:52:27
    [Параметры запуска] => Array
        (
            [START] => 100000
            [LIMIT] => 10000
        )

    [Ошибки при выполнении] => Array
(
)

)


PROCESSING Step Complete:
Array
(
    [Дата] => 29.04.2018 07:57:41
    [Сообщение] => 
            Time start: 2018.04.29 07:57:27
            Taked : 10000 cities,
            Loaded from Database: 238476 cities
            Updated: 10000 cities
            Added: 0 cities
            Time end: 2018.04.41 07:57:41
    [Параметры запуска] => Array
        (
            [START] => 110000
            [LIMIT] => 10000
        )

    [Ошибки при выполнении] => Array
(
)

)


PROCESSING Step Complete:
Array
(
    [Дата] => 29.04.2018 08:02:54
    [Сообщение] => 
            Time start: 2018.04.29 08:02:41
            Taked : 10000 cities,
            Loaded from Database: 238476 cities
            Updated: 10000 cities
            Added: 0 cities
            Time end: 2018.04.54 08:02:54
    [Параметры запуска] => Array
        (
            [START] => 120000
            [LIMIT] => 10000
        )

    [Ошибки при выполнении] => Array
(
)

)


PROCESSING Step Complete:
Array
(
    [Дата] => 29.04.2018 08:08:07
    [Сообщение] => 
            Time start: 2018.04.29 08:07:54
            Taked : 10000 cities,
            Loaded from Database: 238476 cities
            Updated: 10000 cities
            Added: 0 cities
            Time end: 2018.04.07 08:08:07
    [Параметры запуска] => Array
        (
            [START] => 130000
            [LIMIT] => 10000
        )

    [Ошибки при выполнении] => Array
(
)

)


PROCESSING Step Complete:
Array
(
    [Дата] => 29.04.2018 08:13:21
    [Сообщение] => 
            Time start: 2018.04.29 08:13:07
            Taked : 10000 cities,
            Loaded from Database: 238476 cities
            Updated: 10000 cities
            Added: 0 cities
            Time end: 2018.04.21 08:13:21
    [Параметры запуска] => Array
        (
            [START] => 140000
            [LIMIT] => 10000
        )

    [Ошибки при выполнении] => Array
(
)

)


PROCESSING Step Complete:
Array
(
    [Дата] => 29.04.2018 08:18:35
    [Сообщение] => 
            Time start: 2018.04.29 08:18:21
            Taked : 10000 cities,
            Loaded from Database: 238476 cities
            Updated: 10000 cities
            Added: 0 cities
            Time end: 2018.04.35 08:18:35
    [Параметры запуска] => Array
        (
            [START] => 150000
            [LIMIT] => 10000
        )

    [Ошибки при выполнении] => Array
(
)

)


PROCESSING Step Complete:
Array
(
    [Дата] => 29.04.2018 08:23:48
    [Сообщение] => 
            Time start: 2018.04.29 08:23:35
            Taked : 10000 cities,
            Loaded from Database: 238476 cities
            Updated: 10000 cities
            Added: 0 cities
            Time end: 2018.04.48 08:23:48
    [Параметры запуска] => Array
        (
            [START] => 160000
            [LIMIT] => 10000
        )

    [Ошибки при выполнении] => Array
(
)

)


PROCESSING Step Complete:
Array
(
    [Дата] => 29.04.2018 08:29:02
    [Сообщение] => 
            Time start: 2018.04.29 08:28:49
            Taked : 10000 cities,
            Loaded from Database: 238476 cities
            Updated: 10000 cities
            Added: 0 cities
            Time end: 2018.04.02 08:29:02
    [Параметры запуска] => Array
        (
            [START] => 170000
            [LIMIT] => 10000
        )

    [Ошибки при выполнении] => Array
(
)

)


PROCESSING Step Complete:
Array
(
    [Дата] => 29.04.2018 08:34:16
    [Сообщение] => 
            Time start: 2018.04.29 08:34:02
            Taked : 10000 cities,
            Loaded from Database: 238476 cities
            Updated: 10000 cities
            Added: 0 cities
            Time end: 2018.04.16 08:34:16
    [Параметры запуска] => Array
        (
            [START] => 180000
            [LIMIT] => 10000
        )

    [Ошибки при выполнении] => Array
(
)

)


PROCESSING Step Complete:
Array
(
    [Дата] => 29.04.2018 08:39:29
    [Сообщение] => 
            Time start: 2018.04.29 08:39:16
            Taked : 10000 cities,
            Loaded from Database: 238476 cities
            Updated: 10000 cities
            Added: 0 cities
            Time end: 2018.04.29 08:39:29
    [Параметры запуска] => Array
        (
            [START] => 190000
            [LIMIT] => 10000
        )

    [Ошибки при выполнении] => Array
(
)

)


PROCESSING Step Complete:
Array
(
    [Дата] => 29.04.2018 08:44:43
    [Сообщение] => 
            Time start: 2018.04.29 08:44:29
            Taked : 10000 cities,
            Loaded from Database: 238476 cities
            Updated: 10000 cities
            Added: 0 cities
            Time end: 2018.04.43 08:44:43
    [Параметры запуска] => Array
        (
            [START] => 200000
            [LIMIT] => 10000
        )

    [Ошибки при выполнении] => Array
(
)

)


PROCESSING Step Complete:
Array
(
    [Дата] => 29.04.2018 08:49:56
    [Сообщение] => 
            Time start: 2018.04.29 08:49:43
            Taked : 10000 cities,
            Loaded from Database: 238476 cities
            Updated: 10000 cities
            Added: 0 cities
            Time end: 2018.04.56 08:49:56
    [Параметры запуска] => Array
        (
            [START] => 210000
            [LIMIT] => 10000
        )

    [Ошибки при выполнении] => Array
(
)

)


PROCESSING Step Complete:
Array
(
    [Дата] => 29.04.2018 08:55:09
    [Сообщение] => 
            Time start: 2018.04.29 08:54:56
            Taked : 10000 cities,
            Loaded from Database: 238476 cities
            Updated: 10000 cities
            Added: 0 cities
            Time end: 2018.04.09 08:55:09
    [Параметры запуска] => Array
        (
            [START] => 220000
            [LIMIT] => 10000
        )

    [Ошибки при выполнении] => Array
(
)

)


PROCESSING Complete:
Array
(
    [Дата] => 29.04.2018 09:00:21
    [Сообщение] => 
            Time start: 2018.04.29 09:00:09
            Taked : 8479 cities,
            Loaded from Database: 238476 cities
            Deleted: 0 cities,
            Updated: 8476 cities
            Added: 3 cities
            Time end: 2018.04.21 09:00:21
    [Параметры запуска] => Array
        (
            [START] => 230000
            [LIMIT] => 10000
        )

    [Ошибки при выполнении] => Array
(
)

)


