TRIGGER Complete:
Array
(
    [Дата] => 11.08.2018 07:00:03
    [Сообщение] => TRIGGER START
)


PROCESSING Step Complete:
Array
(
    [Дата] => 11.08.2018 07:00:31
    [Сообщение] => 
            Time start: 2018.08.11 07:00:03
            Taked : 10000 cities,
            Loaded from Database: 239419 cities
            Updated: 10000 cities
            Added: 0 cities
            Time end: 2018.08.31 07:00:31
    [Параметры запуска] => Array
        (
            [START] => 0
            [LIMIT] => 10000
        )

    [Ошибки при выполнении] => Array
(
)

)


PROCESSING Step Complete:
Array
(
    [Дата] => 11.08.2018 07:06:00
    [Сообщение] => 
            Time start: 2018.08.11 07:05:31
            Taked : 10000 cities,
            Loaded from Database: 239419 cities
            Updated: 10000 cities
            Added: 0 cities
            Time end: 2018.08.00 07:06:00
    [Параметры запуска] => Array
        (
            [START] => 10000
            [LIMIT] => 10000
        )

    [Ошибки при выполнении] => Array
(
)

)


PROCESSING Step Complete:
Array
(
    [Дата] => 11.08.2018 07:11:29
    [Сообщение] => 
            Time start: 2018.08.11 07:11:00
            Taked : 10000 cities,
            Loaded from Database: 239419 cities
            Updated: 10000 cities
            Added: 0 cities
            Time end: 2018.08.29 07:11:29
    [Параметры запуска] => Array
        (
            [START] => 20000
            [LIMIT] => 10000
        )

    [Ошибки при выполнении] => Array
(
)

)


PROCESSING Step Complete:
Array
(
    [Дата] => 11.08.2018 07:16:58
    [Сообщение] => 
            Time start: 2018.08.11 07:16:29
            Taked : 10000 cities,
            Loaded from Database: 239419 cities
            Updated: 10000 cities
            Added: 0 cities
            Time end: 2018.08.58 07:16:58
    [Параметры запуска] => Array
        (
            [START] => 30000
            [LIMIT] => 10000
        )

    [Ошибки при выполнении] => Array
(
)

)


PROCESSING Step Complete:
Array
(
    [Дата] => 11.08.2018 07:22:26
    [Сообщение] => 
            Time start: 2018.08.11 07:21:58
            Taked : 10000 cities,
            Loaded from Database: 239419 cities
            Updated: 10000 cities
            Added: 0 cities
            Time end: 2018.08.26 07:22:26
    [Параметры запуска] => Array
        (
            [START] => 40000
            [LIMIT] => 10000
        )

    [Ошибки при выполнении] => Array
(
)

)


PROCESSING Step Complete:
Array
(
    [Дата] => 11.08.2018 07:27:55
    [Сообщение] => 
            Time start: 2018.08.11 07:27:26
            Taked : 10000 cities,
            Loaded from Database: 239419 cities
            Updated: 10000 cities
            Added: 0 cities
            Time end: 2018.08.55 07:27:55
    [Параметры запуска] => Array
        (
            [START] => 50000
            [LIMIT] => 10000
        )

    [Ошибки при выполнении] => Array
(
)

)


PROCESSING Step Complete:
Array
(
    [Дата] => 11.08.2018 07:33:24
    [Сообщение] => 
            Time start: 2018.08.11 07:32:55
            Taked : 10000 cities,
            Loaded from Database: 239419 cities
            Updated: 10000 cities
            Added: 0 cities
            Time end: 2018.08.24 07:33:24
    [Параметры запуска] => Array
        (
            [START] => 60000
            [LIMIT] => 10000
        )

    [Ошибки при выполнении] => Array
(
)

)


PROCESSING Step Complete:
Array
(
    [Дата] => 11.08.2018 07:38:53
    [Сообщение] => 
            Time start: 2018.08.11 07:38:24
            Taked : 10000 cities,
            Loaded from Database: 239419 cities
            Updated: 10000 cities
            Added: 0 cities
            Time end: 2018.08.53 07:38:53
    [Параметры запуска] => Array
        (
            [START] => 70000
            [LIMIT] => 10000
        )

    [Ошибки при выполнении] => Array
(
)

)


PROCESSING Step Complete:
Array
(
    [Дата] => 11.08.2018 07:44:22
    [Сообщение] => 
            Time start: 2018.08.11 07:43:53
            Taked : 10000 cities,
            Loaded from Database: 239419 cities
            Updated: 10000 cities
            Added: 0 cities
            Time end: 2018.08.22 07:44:22
    [Параметры запуска] => Array
        (
            [START] => 80000
            [LIMIT] => 10000
        )

    [Ошибки при выполнении] => Array
(
)

)


PROCESSING Step Complete:
Array
(
    [Дата] => 11.08.2018 07:49:51
    [Сообщение] => 
            Time start: 2018.08.11 07:49:22
            Taked : 10000 cities,
            Loaded from Database: 239419 cities
            Updated: 10000 cities
            Added: 0 cities
            Time end: 2018.08.51 07:49:51
    [Параметры запуска] => Array
        (
            [START] => 90000
            [LIMIT] => 10000
        )

    [Ошибки при выполнении] => Array
(
)

)


PROCESSING Step Complete:
Array
(
    [Дата] => 11.08.2018 07:55:20
    [Сообщение] => 
            Time start: 2018.08.11 07:54:51
            Taked : 10000 cities,
            Loaded from Database: 239419 cities
            Updated: 10000 cities
            Added: 0 cities
            Time end: 2018.08.20 07:55:20
    [Параметры запуска] => Array
        (
            [START] => 100000
            [LIMIT] => 10000
        )

    [Ошибки при выполнении] => Array
(
)

)


PROCESSING Step Complete:
Array
(
    [Дата] => 11.08.2018 08:00:48
    [Сообщение] => 
            Time start: 2018.08.11 08:00:20
            Taked : 10000 cities,
            Loaded from Database: 239419 cities
            Updated: 10000 cities
            Added: 0 cities
            Time end: 2018.08.48 08:00:48
    [Параметры запуска] => Array
        (
            [START] => 110000
            [LIMIT] => 10000
        )

    [Ошибки при выполнении] => Array
(
)

)


PROCESSING Step Complete:
Array
(
    [Дата] => 11.08.2018 08:06:16
    [Сообщение] => 
            Time start: 2018.08.11 08:05:48
            Taked : 10000 cities,
            Loaded from Database: 239419 cities
            Updated: 10000 cities
            Added: 0 cities
            Time end: 2018.08.16 08:06:16
    [Параметры запуска] => Array
        (
            [START] => 120000
            [LIMIT] => 10000
        )

    [Ошибки при выполнении] => Array
(
)

)


PROCESSING Step Complete:
Array
(
    [Дата] => 11.08.2018 08:11:46
    [Сообщение] => 
            Time start: 2018.08.11 08:11:17
            Taked : 10000 cities,
            Loaded from Database: 239419 cities
            Updated: 10000 cities
            Added: 0 cities
            Time end: 2018.08.46 08:11:46
    [Параметры запуска] => Array
        (
            [START] => 130000
            [LIMIT] => 10000
        )

    [Ошибки при выполнении] => Array
(
)

)


PROCESSING Step Complete:
Array
(
    [Дата] => 11.08.2018 08:17:15
    [Сообщение] => 
            Time start: 2018.08.11 08:16:46
            Taked : 10000 cities,
            Loaded from Database: 239419 cities
            Updated: 10000 cities
            Added: 0 cities
            Time end: 2018.08.15 08:17:15
    [Параметры запуска] => Array
        (
            [START] => 140000
            [LIMIT] => 10000
        )

    [Ошибки при выполнении] => Array
(
)

)


PROCESSING Step Complete:
Array
(
    [Дата] => 11.08.2018 08:22:44
    [Сообщение] => 
            Time start: 2018.08.11 08:22:15
            Taked : 10000 cities,
            Loaded from Database: 239419 cities
            Updated: 10000 cities
            Added: 0 cities
            Time end: 2018.08.44 08:22:44
    [Параметры запуска] => Array
        (
            [START] => 150000
            [LIMIT] => 10000
        )

    [Ошибки при выполнении] => Array
(
)

)


PROCESSING Step Complete:
Array
(
    [Дата] => 11.08.2018 08:28:12
    [Сообщение] => 
            Time start: 2018.08.11 08:27:44
            Taked : 10000 cities,
            Loaded from Database: 239419 cities
            Updated: 10000 cities
            Added: 0 cities
            Time end: 2018.08.12 08:28:12
    [Параметры запуска] => Array
        (
            [START] => 160000
            [LIMIT] => 10000
        )

    [Ошибки при выполнении] => Array
(
)

)


PROCESSING Step Complete:
Array
(
    [Дата] => 11.08.2018 08:33:41
    [Сообщение] => 
            Time start: 2018.08.11 08:33:12
            Taked : 10000 cities,
            Loaded from Database: 239419 cities
            Updated: 10000 cities
            Added: 0 cities
            Time end: 2018.08.41 08:33:41
    [Параметры запуска] => Array
        (
            [START] => 170000
            [LIMIT] => 10000
        )

    [Ошибки при выполнении] => Array
(
)

)


PROCESSING Step Complete:
Array
(
    [Дата] => 11.08.2018 08:39:10
    [Сообщение] => 
            Time start: 2018.08.11 08:38:41
            Taked : 10000 cities,
            Loaded from Database: 239419 cities
            Updated: 10000 cities
            Added: 0 cities
            Time end: 2018.08.10 08:39:10
    [Параметры запуска] => Array
        (
            [START] => 180000
            [LIMIT] => 10000
        )

    [Ошибки при выполнении] => Array
(
)

)


PROCESSING Step Complete:
Array
(
    [Дата] => 11.08.2018 08:44:39
    [Сообщение] => 
            Time start: 2018.08.11 08:44:10
            Taked : 10000 cities,
            Loaded from Database: 239419 cities
            Updated: 10000 cities
            Added: 0 cities
            Time end: 2018.08.39 08:44:39
    [Параметры запуска] => Array
        (
            [START] => 190000
            [LIMIT] => 10000
        )

    [Ошибки при выполнении] => Array
(
)

)


PROCESSING Step Complete:
Array
(
    [Дата] => 11.08.2018 08:50:07
    [Сообщение] => 
            Time start: 2018.08.11 08:49:39
            Taked : 10000 cities,
            Loaded from Database: 239419 cities
            Updated: 9998 cities
            Added: 2 cities
            Time end: 2018.08.07 08:50:07
    [Параметры запуска] => Array
        (
            [START] => 200000
            [LIMIT] => 10000
        )

    [Ошибки при выполнении] => Array
(
)

)


PROCESSING Step Complete:
Array
(
    [Дата] => 11.08.2018 08:55:36
    [Сообщение] => 
            Time start: 2018.08.11 08:55:07
            Taked : 10000 cities,
            Loaded from Database: 239421 cities
            Updated: 10000 cities
            Added: 0 cities
            Time end: 2018.08.36 08:55:36
    [Параметры запуска] => Array
        (
            [START] => 210000
            [LIMIT] => 10000
        )

    [Ошибки при выполнении] => Array
(
)

)


PROCESSING Step Complete:
Array
(
    [Дата] => 11.08.2018 09:01:05
    [Сообщение] => 
            Time start: 2018.08.11 09:00:36
            Taked : 10000 cities,
            Loaded from Database: 239421 cities
            Updated: 10000 cities
            Added: 0 cities
            Time end: 2018.08.05 09:01:05
    [Параметры запуска] => Array
        (
            [START] => 220000
            [LIMIT] => 10000
        )

    [Ошибки при выполнении] => Array
(
)

)


PROCESSING Complete:
Array
(
    [Дата] => 11.08.2018 09:06:33
    [Сообщение] => 
            Time start: 2018.08.11 09:06:05
            Taked : 9421 cities,
            Loaded from Database: 239421 cities
            Deleted: 0 cities,
            Updated: 9421 cities
            Added: 0 cities
            Time end: 2018.08.33 09:06:33
    [Параметры запуска] => Array
        (
            [START] => 230000
            [LIMIT] => 10000
        )

    [Ошибки при выполнении] => Array
(
)

)


