TRIGGER Complete:
Array
(
    [Дата] => 11.05.2018 07:00:02
    [Сообщение] => TRIGGER START
)


PROCESSING Step Complete:
Array
(
    [Дата] => 11.05.2018 07:00:15
    [Сообщение] => 
            Time start: 2018.05.11 07:00:02
            Taked : 10000 cities,
            Loaded from Database: 238490 cities
            Updated: 10000 cities
            Added: 0 cities
            Time end: 2018.05.15 07:00:15
    [Параметры запуска] => Array
        (
            [START] => 0
            [LIMIT] => 10000
        )

    [Ошибки при выполнении] => Array
(
)

)


PROCESSING Step Complete:
Array
(
    [Дата] => 11.05.2018 07:05:28
    [Сообщение] => 
            Time start: 2018.05.11 07:05:15
            Taked : 10000 cities,
            Loaded from Database: 238490 cities
            Updated: 10000 cities
            Added: 0 cities
            Time end: 2018.05.28 07:05:28
    [Параметры запуска] => Array
        (
            [START] => 10000
            [LIMIT] => 10000
        )

    [Ошибки при выполнении] => Array
(
)

)


PROCESSING Step Complete:
Array
(
    [Дата] => 11.05.2018 07:10:41
    [Сообщение] => 
            Time start: 2018.05.11 07:10:28
            Taked : 10000 cities,
            Loaded from Database: 238490 cities
            Updated: 10000 cities
            Added: 0 cities
            Time end: 2018.05.41 07:10:41
    [Параметры запуска] => Array
        (
            [START] => 20000
            [LIMIT] => 10000
        )

    [Ошибки при выполнении] => Array
(
)

)


PROCESSING Step Complete:
Array
(
    [Дата] => 11.05.2018 07:15:55
    [Сообщение] => 
            Time start: 2018.05.11 07:15:42
            Taked : 10000 cities,
            Loaded from Database: 238490 cities
            Updated: 10000 cities
            Added: 0 cities
            Time end: 2018.05.55 07:15:55
    [Параметры запуска] => Array
        (
            [START] => 30000
            [LIMIT] => 10000
        )

    [Ошибки при выполнении] => Array
(
)

)


PROCESSING Step Complete:
Array
(
    [Дата] => 11.05.2018 07:21:09
    [Сообщение] => 
            Time start: 2018.05.11 07:20:55
            Taked : 10000 cities,
            Loaded from Database: 238490 cities
            Updated: 10000 cities
            Added: 0 cities
            Time end: 2018.05.09 07:21:09
    [Параметры запуска] => Array
        (
            [START] => 40000
            [LIMIT] => 10000
        )

    [Ошибки при выполнении] => Array
(
)

)


PROCESSING Step Complete:
Array
(
    [Дата] => 11.05.2018 07:26:22
    [Сообщение] => 
            Time start: 2018.05.11 07:26:09
            Taked : 10000 cities,
            Loaded from Database: 238490 cities
            Updated: 10000 cities
            Added: 0 cities
            Time end: 2018.05.22 07:26:22
    [Параметры запуска] => Array
        (
            [START] => 50000
            [LIMIT] => 10000
        )

    [Ошибки при выполнении] => Array
(
)

)


PROCESSING Step Complete:
Array
(
    [Дата] => 11.05.2018 07:31:36
    [Сообщение] => 
            Time start: 2018.05.11 07:31:22
            Taked : 10000 cities,
            Loaded from Database: 238490 cities
            Updated: 10000 cities
            Added: 0 cities
            Time end: 2018.05.36 07:31:36
    [Параметры запуска] => Array
        (
            [START] => 60000
            [LIMIT] => 10000
        )

    [Ошибки при выполнении] => Array
(
)

)


PROCESSING Step Complete:
Array
(
    [Дата] => 11.05.2018 07:36:50
    [Сообщение] => 
            Time start: 2018.05.11 07:36:36
            Taked : 10000 cities,
            Loaded from Database: 238490 cities
            Updated: 10000 cities
            Added: 0 cities
            Time end: 2018.05.50 07:36:50
    [Параметры запуска] => Array
        (
            [START] => 70000
            [LIMIT] => 10000
        )

    [Ошибки при выполнении] => Array
(
)

)


PROCESSING Step Complete:
Array
(
    [Дата] => 11.05.2018 07:42:03
    [Сообщение] => 
            Time start: 2018.05.11 07:41:50
            Taked : 10000 cities,
            Loaded from Database: 238490 cities
            Updated: 10000 cities
            Added: 0 cities
            Time end: 2018.05.03 07:42:03
    [Параметры запуска] => Array
        (
            [START] => 80000
            [LIMIT] => 10000
        )

    [Ошибки при выполнении] => Array
(
)

)


PROCESSING Step Complete:
Array
(
    [Дата] => 11.05.2018 07:47:17
    [Сообщение] => 
            Time start: 2018.05.11 07:47:04
            Taked : 10000 cities,
            Loaded from Database: 238490 cities
            Updated: 10000 cities
            Added: 0 cities
            Time end: 2018.05.17 07:47:17
    [Параметры запуска] => Array
        (
            [START] => 90000
            [LIMIT] => 10000
        )

    [Ошибки при выполнении] => Array
(
)

)


PROCESSING Step Complete:
Array
(
    [Дата] => 11.05.2018 07:52:30
    [Сообщение] => 
            Time start: 2018.05.11 07:52:17
            Taked : 10000 cities,
            Loaded from Database: 238490 cities
            Updated: 10000 cities
            Added: 0 cities
            Time end: 2018.05.30 07:52:30
    [Параметры запуска] => Array
        (
            [START] => 100000
            [LIMIT] => 10000
        )

    [Ошибки при выполнении] => Array
(
)

)


PROCESSING Step Complete:
Array
(
    [Дата] => 11.05.2018 07:57:44
    [Сообщение] => 
            Time start: 2018.05.11 07:57:31
            Taked : 10000 cities,
            Loaded from Database: 238490 cities
            Updated: 10000 cities
            Added: 0 cities
            Time end: 2018.05.44 07:57:44
    [Параметры запуска] => Array
        (
            [START] => 110000
            [LIMIT] => 10000
        )

    [Ошибки при выполнении] => Array
(
)

)


PROCESSING Step Complete:
Array
(
    [Дата] => 11.05.2018 08:02:58
    [Сообщение] => 
            Time start: 2018.05.11 08:02:44
            Taked : 10000 cities,
            Loaded from Database: 238490 cities
            Updated: 10000 cities
            Added: 0 cities
            Time end: 2018.05.58 08:02:58
    [Параметры запуска] => Array
        (
            [START] => 120000
            [LIMIT] => 10000
        )

    [Ошибки при выполнении] => Array
(
)

)


PROCESSING Step Complete:
Array
(
    [Дата] => 11.05.2018 08:08:11
    [Сообщение] => 
            Time start: 2018.05.11 08:07:58
            Taked : 10000 cities,
            Loaded from Database: 238490 cities
            Updated: 10000 cities
            Added: 0 cities
            Time end: 2018.05.11 08:08:11
    [Параметры запуска] => Array
        (
            [START] => 130000
            [LIMIT] => 10000
        )

    [Ошибки при выполнении] => Array
(
)

)


PROCESSING Step Complete:
Array
(
    [Дата] => 11.05.2018 08:13:25
    [Сообщение] => 
            Time start: 2018.05.11 08:13:11
            Taked : 10000 cities,
            Loaded from Database: 238490 cities
            Updated: 10000 cities
            Added: 0 cities
            Time end: 2018.05.25 08:13:25
    [Параметры запуска] => Array
        (
            [START] => 140000
            [LIMIT] => 10000
        )

    [Ошибки при выполнении] => Array
(
)

)


PROCESSING Step Complete:
Array
(
    [Дата] => 11.05.2018 08:18:38
    [Сообщение] => 
            Time start: 2018.05.11 08:18:25
            Taked : 10000 cities,
            Loaded from Database: 238490 cities
            Updated: 10000 cities
            Added: 0 cities
            Time end: 2018.05.38 08:18:38
    [Параметры запуска] => Array
        (
            [START] => 150000
            [LIMIT] => 10000
        )

    [Ошибки при выполнении] => Array
(
)

)


PROCESSING Step Complete:
Array
(
    [Дата] => 11.05.2018 08:23:52
    [Сообщение] => 
            Time start: 2018.05.11 08:23:38
            Taked : 10000 cities,
            Loaded from Database: 238490 cities
            Updated: 10000 cities
            Added: 0 cities
            Time end: 2018.05.52 08:23:52
    [Параметры запуска] => Array
        (
            [START] => 160000
            [LIMIT] => 10000
        )

    [Ошибки при выполнении] => Array
(
)

)


PROCESSING Step Complete:
Array
(
    [Дата] => 11.05.2018 08:29:05
    [Сообщение] => 
            Time start: 2018.05.11 08:28:52
            Taked : 10000 cities,
            Loaded from Database: 238490 cities
            Updated: 10000 cities
            Added: 0 cities
            Time end: 2018.05.05 08:29:05
    [Параметры запуска] => Array
        (
            [START] => 170000
            [LIMIT] => 10000
        )

    [Ошибки при выполнении] => Array
(
)

)


PROCESSING Step Complete:
Array
(
    [Дата] => 11.05.2018 08:34:19
    [Сообщение] => 
            Time start: 2018.05.11 08:34:05
            Taked : 10000 cities,
            Loaded from Database: 238490 cities
            Updated: 10000 cities
            Added: 0 cities
            Time end: 2018.05.19 08:34:19
    [Параметры запуска] => Array
        (
            [START] => 180000
            [LIMIT] => 10000
        )

    [Ошибки при выполнении] => Array
(
)

)


PROCESSING Step Complete:
Array
(
    [Дата] => 11.05.2018 08:39:32
    [Сообщение] => 
            Time start: 2018.05.11 08:39:19
            Taked : 10000 cities,
            Loaded from Database: 238490 cities
            Updated: 10000 cities
            Added: 0 cities
            Time end: 2018.05.32 08:39:32
    [Параметры запуска] => Array
        (
            [START] => 190000
            [LIMIT] => 10000
        )

    [Ошибки при выполнении] => Array
(
)

)


PROCESSING Step Complete:
Array
(
    [Дата] => 11.05.2018 08:44:46
    [Сообщение] => 
            Time start: 2018.05.11 08:44:33
            Taked : 10000 cities,
            Loaded from Database: 238490 cities
            Updated: 9998 cities
            Added: 2 cities
            Time end: 2018.05.46 08:44:46
    [Параметры запуска] => Array
        (
            [START] => 200000
            [LIMIT] => 10000
        )

    [Ошибки при выполнении] => Array
(
)

)


PROCESSING Step Complete:
Array
(
    [Дата] => 11.05.2018 08:49:59
    [Сообщение] => 
            Time start: 2018.05.11 08:49:46
            Taked : 10000 cities,
            Loaded from Database: 238492 cities
            Updated: 10000 cities
            Added: 0 cities
            Time end: 2018.05.59 08:49:59
    [Параметры запуска] => Array
        (
            [START] => 210000
            [LIMIT] => 10000
        )

    [Ошибки при выполнении] => Array
(
)

)


PROCESSING Step Complete:
Array
(
    [Дата] => 11.05.2018 08:55:12
    [Сообщение] => 
            Time start: 2018.05.11 08:54:59
            Taked : 10000 cities,
            Loaded from Database: 238492 cities
            Updated: 10000 cities
            Added: 0 cities
            Time end: 2018.05.12 08:55:12
    [Параметры запуска] => Array
        (
            [START] => 220000
            [LIMIT] => 10000
        )

    [Ошибки при выполнении] => Array
(
)

)


PROCESSING Complete:
Array
(
    [Дата] => 11.05.2018 09:00:24
    [Сообщение] => 
            Time start: 2018.05.11 09:00:12
            Taked : 8492 cities,
            Loaded from Database: 238492 cities
            Deleted: 0 cities,
            Updated: 8492 cities
            Added: 0 cities
            Time end: 2018.05.24 09:00:24
    [Параметры запуска] => Array
        (
            [START] => 230000
            [LIMIT] => 10000
        )

    [Ошибки при выполнении] => Array
(
)

)


