TRIGGER Complete:
Array
(
    [Дата] => 01.07.2018 07:00:02
    [Сообщение] => TRIGGER START
)


PROCESSING Step Complete:
Array
(
    [Дата] => 01.07.2018 07:00:17
    [Сообщение] => 
            Time start: 2018.07.01 07:00:03
            Taked : 10000 cities,
            Loaded from Database: 239230 cities
            Updated: 10000 cities
            Added: 0 cities
            Time end: 2018.07.17 07:00:17
    [Параметры запуска] => Array
        (
            [START] => 0
            [LIMIT] => 10000
        )

    [Ошибки при выполнении] => Array
(
)

)


PROCESSING Step Complete:
Array
(
    [Дата] => 01.07.2018 07:05:31
    [Сообщение] => 
            Time start: 2018.07.01 07:05:17
            Taked : 10000 cities,
            Loaded from Database: 239230 cities
            Updated: 10000 cities
            Added: 0 cities
            Time end: 2018.07.31 07:05:31
    [Параметры запуска] => Array
        (
            [START] => 10000
            [LIMIT] => 10000
        )

    [Ошибки при выполнении] => Array
(
)

)


PROCESSING Step Complete:
Array
(
    [Дата] => 01.07.2018 07:10:45
    [Сообщение] => 
            Time start: 2018.07.01 07:10:32
            Taked : 10000 cities,
            Loaded from Database: 239230 cities
            Updated: 10000 cities
            Added: 0 cities
            Time end: 2018.07.45 07:10:45
    [Параметры запуска] => Array
        (
            [START] => 20000
            [LIMIT] => 10000
        )

    [Ошибки при выполнении] => Array
(
)

)


PROCESSING Step Complete:
Array
(
    [Дата] => 01.07.2018 07:15:59
    [Сообщение] => 
            Time start: 2018.07.01 07:15:45
            Taked : 10000 cities,
            Loaded from Database: 239230 cities
            Updated: 10000 cities
            Added: 0 cities
            Time end: 2018.07.59 07:15:59
    [Параметры запуска] => Array
        (
            [START] => 30000
            [LIMIT] => 10000
        )

    [Ошибки при выполнении] => Array
(
)

)


PROCESSING Step Complete:
Array
(
    [Дата] => 01.07.2018 07:21:14
    [Сообщение] => 
            Time start: 2018.07.01 07:21:00
            Taked : 10000 cities,
            Loaded from Database: 239230 cities
            Updated: 10000 cities
            Added: 0 cities
            Time end: 2018.07.14 07:21:14
    [Параметры запуска] => Array
        (
            [START] => 40000
            [LIMIT] => 10000
        )

    [Ошибки при выполнении] => Array
(
)

)


PROCESSING Step Complete:
Array
(
    [Дата] => 01.07.2018 07:26:28
    [Сообщение] => 
            Time start: 2018.07.01 07:26:14
            Taked : 10000 cities,
            Loaded from Database: 239230 cities
            Updated: 10000 cities
            Added: 0 cities
            Time end: 2018.07.28 07:26:28
    [Параметры запуска] => Array
        (
            [START] => 50000
            [LIMIT] => 10000
        )

    [Ошибки при выполнении] => Array
(
)

)


PROCESSING Step Complete:
Array
(
    [Дата] => 01.07.2018 07:31:42
    [Сообщение] => 
            Time start: 2018.07.01 07:31:28
            Taked : 10000 cities,
            Loaded from Database: 239230 cities
            Updated: 10000 cities
            Added: 0 cities
            Time end: 2018.07.42 07:31:42
    [Параметры запуска] => Array
        (
            [START] => 60000
            [LIMIT] => 10000
        )

    [Ошибки при выполнении] => Array
(
)

)


PROCESSING Step Complete:
Array
(
    [Дата] => 01.07.2018 07:36:57
    [Сообщение] => 
            Time start: 2018.07.01 07:36:42
            Taked : 10000 cities,
            Loaded from Database: 239230 cities
            Updated: 10000 cities
            Added: 0 cities
            Time end: 2018.07.57 07:36:57
    [Параметры запуска] => Array
        (
            [START] => 70000
            [LIMIT] => 10000
        )

    [Ошибки при выполнении] => Array
(
)

)


PROCESSING Step Complete:
Array
(
    [Дата] => 01.07.2018 07:42:11
    [Сообщение] => 
            Time start: 2018.07.01 07:41:57
            Taked : 10000 cities,
            Loaded from Database: 239230 cities
            Updated: 10000 cities
            Added: 0 cities
            Time end: 2018.07.11 07:42:11
    [Параметры запуска] => Array
        (
            [START] => 80000
            [LIMIT] => 10000
        )

    [Ошибки при выполнении] => Array
(
)

)


PROCESSING Step Complete:
Array
(
    [Дата] => 01.07.2018 07:47:25
    [Сообщение] => 
            Time start: 2018.07.01 07:47:11
            Taked : 10000 cities,
            Loaded from Database: 239230 cities
            Updated: 10000 cities
            Added: 0 cities
            Time end: 2018.07.25 07:47:25
    [Параметры запуска] => Array
        (
            [START] => 90000
            [LIMIT] => 10000
        )

    [Ошибки при выполнении] => Array
(
)

)


PROCESSING Step Complete:
Array
(
    [Дата] => 01.07.2018 07:52:40
    [Сообщение] => 
            Time start: 2018.07.01 07:52:26
            Taked : 10000 cities,
            Loaded from Database: 239230 cities
            Updated: 10000 cities
            Added: 0 cities
            Time end: 2018.07.40 07:52:40
    [Параметры запуска] => Array
        (
            [START] => 100000
            [LIMIT] => 10000
        )

    [Ошибки при выполнении] => Array
(
)

)


PROCESSING Step Complete:
Array
(
    [Дата] => 01.07.2018 07:57:55
    [Сообщение] => 
            Time start: 2018.07.01 07:57:40
            Taked : 10000 cities,
            Loaded from Database: 239230 cities
            Updated: 10000 cities
            Added: 0 cities
            Time end: 2018.07.55 07:57:55
    [Параметры запуска] => Array
        (
            [START] => 110000
            [LIMIT] => 10000
        )

    [Ошибки при выполнении] => Array
(
)

)


PROCESSING Step Complete:
Array
(
    [Дата] => 01.07.2018 08:03:09
    [Сообщение] => 
            Time start: 2018.07.01 08:02:55
            Taked : 10000 cities,
            Loaded from Database: 239230 cities
            Updated: 10000 cities
            Added: 0 cities
            Time end: 2018.07.09 08:03:09
    [Параметры запуска] => Array
        (
            [START] => 120000
            [LIMIT] => 10000
        )

    [Ошибки при выполнении] => Array
(
)

)


PROCESSING Step Complete:
Array
(
    [Дата] => 01.07.2018 08:08:23
    [Сообщение] => 
            Time start: 2018.07.01 08:08:09
            Taked : 10000 cities,
            Loaded from Database: 239230 cities
            Updated: 10000 cities
            Added: 0 cities
            Time end: 2018.07.23 08:08:23
    [Параметры запуска] => Array
        (
            [START] => 130000
            [LIMIT] => 10000
        )

    [Ошибки при выполнении] => Array
(
)

)


PROCESSING Step Complete:
Array
(
    [Дата] => 01.07.2018 08:13:38
    [Сообщение] => 
            Time start: 2018.07.01 08:13:24
            Taked : 10000 cities,
            Loaded from Database: 239230 cities
            Updated: 10000 cities
            Added: 0 cities
            Time end: 2018.07.38 08:13:38
    [Параметры запуска] => Array
        (
            [START] => 140000
            [LIMIT] => 10000
        )

    [Ошибки при выполнении] => Array
(
)

)


PROCESSING Step Complete:
Array
(
    [Дата] => 01.07.2018 08:18:53
    [Сообщение] => 
            Time start: 2018.07.01 08:18:38
            Taked : 10000 cities,
            Loaded from Database: 239230 cities
            Updated: 10000 cities
            Added: 0 cities
            Time end: 2018.07.53 08:18:53
    [Параметры запуска] => Array
        (
            [START] => 150000
            [LIMIT] => 10000
        )

    [Ошибки при выполнении] => Array
(
)

)


PROCESSING Step Complete:
Array
(
    [Дата] => 01.07.2018 08:24:07
    [Сообщение] => 
            Time start: 2018.07.01 08:23:53
            Taked : 10000 cities,
            Loaded from Database: 239230 cities
            Updated: 10000 cities
            Added: 0 cities
            Time end: 2018.07.07 08:24:07
    [Параметры запуска] => Array
        (
            [START] => 160000
            [LIMIT] => 10000
        )

    [Ошибки при выполнении] => Array
(
)

)


PROCESSING Step Complete:
Array
(
    [Дата] => 01.07.2018 08:29:22
    [Сообщение] => 
            Time start: 2018.07.01 08:29:07
            Taked : 10000 cities,
            Loaded from Database: 239230 cities
            Updated: 10000 cities
            Added: 0 cities
            Time end: 2018.07.22 08:29:22
    [Параметры запуска] => Array
        (
            [START] => 170000
            [LIMIT] => 10000
        )

    [Ошибки при выполнении] => Array
(
)

)


PROCESSING Step Complete:
Array
(
    [Дата] => 01.07.2018 08:34:36
    [Сообщение] => 
            Time start: 2018.07.01 08:34:22
            Taked : 10000 cities,
            Loaded from Database: 239230 cities
            Updated: 10000 cities
            Added: 0 cities
            Time end: 2018.07.36 08:34:36
    [Параметры запуска] => Array
        (
            [START] => 180000
            [LIMIT] => 10000
        )

    [Ошибки при выполнении] => Array
(
)

)


PROCESSING Step Complete:
Array
(
    [Дата] => 01.07.2018 08:39:51
    [Сообщение] => 
            Time start: 2018.07.01 08:39:37
            Taked : 10000 cities,
            Loaded from Database: 239230 cities
            Updated: 10000 cities
            Added: 0 cities
            Time end: 2018.07.51 08:39:51
    [Параметры запуска] => Array
        (
            [START] => 190000
            [LIMIT] => 10000
        )

    [Ошибки при выполнении] => Array
(
)

)


PROCESSING Step Complete:
Array
(
    [Дата] => 01.07.2018 08:45:06
    [Сообщение] => 
            Time start: 2018.07.01 08:44:51
            Taked : 10000 cities,
            Loaded from Database: 239230 cities
            Updated: 10000 cities
            Added: 0 cities
            Time end: 2018.07.06 08:45:06
    [Параметры запуска] => Array
        (
            [START] => 200000
            [LIMIT] => 10000
        )

    [Ошибки при выполнении] => Array
(
)

)


PROCESSING Step Complete:
Array
(
    [Дата] => 01.07.2018 08:50:20
    [Сообщение] => 
            Time start: 2018.07.01 08:50:06
            Taked : 10000 cities,
            Loaded from Database: 239230 cities
            Updated: 9996 cities
            Added: 4 cities
            Time end: 2018.07.20 08:50:20
    [Параметры запуска] => Array
        (
            [START] => 210000
            [LIMIT] => 10000
        )

    [Ошибки при выполнении] => Array
(
)

)


PROCESSING Step Complete:
Array
(
    [Дата] => 01.07.2018 08:55:34
    [Сообщение] => 
            Time start: 2018.07.01 08:55:20
            Taked : 10000 cities,
            Loaded from Database: 239234 cities
            Updated: 10000 cities
            Added: 0 cities
            Time end: 2018.07.34 08:55:34
    [Параметры запуска] => Array
        (
            [START] => 220000
            [LIMIT] => 10000
        )

    [Ошибки при выполнении] => Array
(
)

)


PROCESSING Complete:
Array
(
    [Дата] => 01.07.2018 09:00:47
    [Сообщение] => 
            Time start: 2018.07.01 09:00:34
            Taked : 9234 cities,
            Loaded from Database: 239234 cities
            Deleted: 0 cities,
            Updated: 9234 cities
            Added: 0 cities
            Time end: 2018.07.47 09:00:47
    [Параметры запуска] => Array
        (
            [START] => 230000
            [LIMIT] => 10000
        )

    [Ошибки при выполнении] => Array
(
)

)


