TRIGGER Complete:
Array
(
    [Дата] => 05.06.2018 07:00:03
    [Сообщение] => TRIGGER START
)


PROCESSING Step Complete:
Array
(
    [Дата] => 05.06.2018 07:00:17
    [Сообщение] => 
            Time start: 2018.06.05 07:00:03
            Taked : 10000 cities,
            Loaded from Database: 238478 cities
            Updated: 10000 cities
            Added: 0 cities
            Time end: 2018.06.17 07:00:17
    [Параметры запуска] => Array
        (
            [START] => 0
            [LIMIT] => 10000
        )

    [Ошибки при выполнении] => Array
(
)

)


PROCESSING Step Complete:
Array
(
    [Дата] => 05.06.2018 07:05:31
    [Сообщение] => 
            Time start: 2018.06.05 07:05:17
            Taked : 10000 cities,
            Loaded from Database: 238478 cities
            Updated: 10000 cities
            Added: 0 cities
            Time end: 2018.06.31 07:05:31
    [Параметры запуска] => Array
        (
            [START] => 10000
            [LIMIT] => 10000
        )

    [Ошибки при выполнении] => Array
(
)

)


PROCESSING Step Complete:
Array
(
    [Дата] => 05.06.2018 07:10:46
    [Сообщение] => 
            Time start: 2018.06.05 07:10:31
            Taked : 10000 cities,
            Loaded from Database: 238478 cities
            Updated: 10000 cities
            Added: 0 cities
            Time end: 2018.06.46 07:10:46
    [Параметры запуска] => Array
        (
            [START] => 20000
            [LIMIT] => 10000
        )

    [Ошибки при выполнении] => Array
(
)

)


PROCESSING Step Complete:
Array
(
    [Дата] => 05.06.2018 07:16:00
    [Сообщение] => 
            Time start: 2018.06.05 07:15:46
            Taked : 10000 cities,
            Loaded from Database: 238478 cities
            Updated: 10000 cities
            Added: 0 cities
            Time end: 2018.06.00 07:16:00
    [Параметры запуска] => Array
        (
            [START] => 30000
            [LIMIT] => 10000
        )

    [Ошибки при выполнении] => Array
(
)

)


PROCESSING Step Complete:
Array
(
    [Дата] => 05.06.2018 07:21:15
    [Сообщение] => 
            Time start: 2018.06.05 07:21:00
            Taked : 10000 cities,
            Loaded from Database: 238478 cities
            Updated: 10000 cities
            Added: 0 cities
            Time end: 2018.06.15 07:21:15
    [Параметры запуска] => Array
        (
            [START] => 40000
            [LIMIT] => 10000
        )

    [Ошибки при выполнении] => Array
(
)

)


PROCESSING Step Complete:
Array
(
    [Дата] => 05.06.2018 07:26:29
    [Сообщение] => 
            Time start: 2018.06.05 07:26:15
            Taked : 10000 cities,
            Loaded from Database: 238478 cities
            Updated: 10000 cities
            Added: 0 cities
            Time end: 2018.06.29 07:26:29
    [Параметры запуска] => Array
        (
            [START] => 50000
            [LIMIT] => 10000
        )

    [Ошибки при выполнении] => Array
(
)

)


PROCESSING Step Complete:
Array
(
    [Дата] => 05.06.2018 07:31:43
    [Сообщение] => 
            Time start: 2018.06.05 07:31:29
            Taked : 10000 cities,
            Loaded from Database: 238478 cities
            Updated: 10000 cities
            Added: 0 cities
            Time end: 2018.06.43 07:31:43
    [Параметры запуска] => Array
        (
            [START] => 60000
            [LIMIT] => 10000
        )

    [Ошибки при выполнении] => Array
(
)

)


PROCESSING Step Complete:
Array
(
    [Дата] => 05.06.2018 07:36:57
    [Сообщение] => 
            Time start: 2018.06.05 07:36:44
            Taked : 10000 cities,
            Loaded from Database: 238478 cities
            Updated: 10000 cities
            Added: 0 cities
            Time end: 2018.06.57 07:36:57
    [Параметры запуска] => Array
        (
            [START] => 70000
            [LIMIT] => 10000
        )

    [Ошибки при выполнении] => Array
(
)

)


PROCESSING Step Complete:
Array
(
    [Дата] => 05.06.2018 07:42:12
    [Сообщение] => 
            Time start: 2018.06.05 07:41:58
            Taked : 10000 cities,
            Loaded from Database: 238478 cities
            Updated: 10000 cities
            Added: 0 cities
            Time end: 2018.06.12 07:42:12
    [Параметры запуска] => Array
        (
            [START] => 80000
            [LIMIT] => 10000
        )

    [Ошибки при выполнении] => Array
(
)

)


PROCESSING Step Complete:
Array
(
    [Дата] => 05.06.2018 07:47:25
    [Сообщение] => 
            Time start: 2018.06.05 07:47:12
            Taked : 10000 cities,
            Loaded from Database: 238478 cities
            Updated: 10000 cities
            Added: 0 cities
            Time end: 2018.06.25 07:47:25
    [Параметры запуска] => Array
        (
            [START] => 90000
            [LIMIT] => 10000
        )

    [Ошибки при выполнении] => Array
(
)

)


PROCESSING Step Complete:
Array
(
    [Дата] => 05.06.2018 07:52:39
    [Сообщение] => 
            Time start: 2018.06.05 07:52:25
            Taked : 10000 cities,
            Loaded from Database: 238478 cities
            Updated: 10000 cities
            Added: 0 cities
            Time end: 2018.06.39 07:52:39
    [Параметры запуска] => Array
        (
            [START] => 100000
            [LIMIT] => 10000
        )

    [Ошибки при выполнении] => Array
(
)

)


PROCESSING Step Complete:
Array
(
    [Дата] => 05.06.2018 07:57:54
    [Сообщение] => 
            Time start: 2018.06.05 07:57:39
            Taked : 10000 cities,
            Loaded from Database: 238478 cities
            Updated: 10000 cities
            Added: 0 cities
            Time end: 2018.06.54 07:57:54
    [Параметры запуска] => Array
        (
            [START] => 110000
            [LIMIT] => 10000
        )

    [Ошибки при выполнении] => Array
(
)

)


PROCESSING Step Complete:
Array
(
    [Дата] => 05.06.2018 08:03:08
    [Сообщение] => 
            Time start: 2018.06.05 08:02:54
            Taked : 10000 cities,
            Loaded from Database: 238478 cities
            Updated: 10000 cities
            Added: 0 cities
            Time end: 2018.06.08 08:03:08
    [Параметры запуска] => Array
        (
            [START] => 120000
            [LIMIT] => 10000
        )

    [Ошибки при выполнении] => Array
(
)

)


PROCESSING Step Complete:
Array
(
    [Дата] => 05.06.2018 08:08:22
    [Сообщение] => 
            Time start: 2018.06.05 08:08:08
            Taked : 10000 cities,
            Loaded from Database: 238478 cities
            Updated: 10000 cities
            Added: 0 cities
            Time end: 2018.06.22 08:08:22
    [Параметры запуска] => Array
        (
            [START] => 130000
            [LIMIT] => 10000
        )

    [Ошибки при выполнении] => Array
(
)

)


PROCESSING Step Complete:
Array
(
    [Дата] => 05.06.2018 08:13:37
    [Сообщение] => 
            Time start: 2018.06.05 08:13:22
            Taked : 10000 cities,
            Loaded from Database: 238478 cities
            Updated: 10000 cities
            Added: 0 cities
            Time end: 2018.06.37 08:13:37
    [Параметры запуска] => Array
        (
            [START] => 140000
            [LIMIT] => 10000
        )

    [Ошибки при выполнении] => Array
(
)

)


PROCESSING Step Complete:
Array
(
    [Дата] => 05.06.2018 08:18:51
    [Сообщение] => 
            Time start: 2018.06.05 08:18:37
            Taked : 10000 cities,
            Loaded from Database: 238478 cities
            Updated: 10000 cities
            Added: 0 cities
            Time end: 2018.06.51 08:18:51
    [Параметры запуска] => Array
        (
            [START] => 150000
            [LIMIT] => 10000
        )

    [Ошибки при выполнении] => Array
(
)

)


PROCESSING Step Complete:
Array
(
    [Дата] => 05.06.2018 08:24:05
    [Сообщение] => 
            Time start: 2018.06.05 08:23:51
            Taked : 10000 cities,
            Loaded from Database: 238478 cities
            Updated: 10000 cities
            Added: 0 cities
            Time end: 2018.06.05 08:24:05
    [Параметры запуска] => Array
        (
            [START] => 160000
            [LIMIT] => 10000
        )

    [Ошибки при выполнении] => Array
(
)

)


PROCESSING Step Complete:
Array
(
    [Дата] => 05.06.2018 08:29:20
    [Сообщение] => 
            Time start: 2018.06.05 08:29:06
            Taked : 10000 cities,
            Loaded from Database: 238478 cities
            Updated: 10000 cities
            Added: 0 cities
            Time end: 2018.06.20 08:29:20
    [Параметры запуска] => Array
        (
            [START] => 170000
            [LIMIT] => 10000
        )

    [Ошибки при выполнении] => Array
(
)

)


PROCESSING Step Complete:
Array
(
    [Дата] => 05.06.2018 08:34:34
    [Сообщение] => 
            Time start: 2018.06.05 08:34:20
            Taked : 10000 cities,
            Loaded from Database: 238478 cities
            Updated: 10000 cities
            Added: 0 cities
            Time end: 2018.06.34 08:34:34
    [Параметры запуска] => Array
        (
            [START] => 180000
            [LIMIT] => 10000
        )

    [Ошибки при выполнении] => Array
(
)

)


PROCESSING Step Complete:
Array
(
    [Дата] => 05.06.2018 08:39:48
    [Сообщение] => 
            Time start: 2018.06.05 08:39:34
            Taked : 10000 cities,
            Loaded from Database: 238478 cities
            Updated: 10000 cities
            Added: 0 cities
            Time end: 2018.06.48 08:39:48
    [Параметры запуска] => Array
        (
            [START] => 190000
            [LIMIT] => 10000
        )

    [Ошибки при выполнении] => Array
(
)

)


PROCESSING Step Complete:
Array
(
    [Дата] => 05.06.2018 08:45:02
    [Сообщение] => 
            Time start: 2018.06.05 08:44:48
            Taked : 10000 cities,
            Loaded from Database: 238478 cities
            Updated: 10000 cities
            Added: 0 cities
            Time end: 2018.06.02 08:45:02
    [Параметры запуска] => Array
        (
            [START] => 200000
            [LIMIT] => 10000
        )

    [Ошибки при выполнении] => Array
(
)

)


PROCESSING Step Complete:
Array
(
    [Дата] => 05.06.2018 08:50:15
    [Сообщение] => 
            Time start: 2018.06.05 08:50:02
            Taked : 10000 cities,
            Loaded from Database: 238478 cities
            Updated: 9996 cities
            Added: 4 cities
            Time end: 2018.06.15 08:50:15
    [Параметры запуска] => Array
        (
            [START] => 210000
            [LIMIT] => 10000
        )

    [Ошибки при выполнении] => Array
(
)

)


PROCESSING Step Complete:
Array
(
    [Дата] => 05.06.2018 08:55:30
    [Сообщение] => 
            Time start: 2018.06.05 08:55:15
            Taked : 10000 cities,
            Loaded from Database: 238482 cities
            Updated: 10000 cities
            Added: 0 cities
            Time end: 2018.06.30 08:55:30
    [Параметры запуска] => Array
        (
            [START] => 220000
            [LIMIT] => 10000
        )

    [Ошибки при выполнении] => Array
(
)

)


PROCESSING Complete:
Array
(
    [Дата] => 05.06.2018 09:00:42
    [Сообщение] => 
            Time start: 2018.06.05 09:00:30
            Taked : 8482 cities,
            Loaded from Database: 238482 cities
            Deleted: 0 cities,
            Updated: 8482 cities
            Added: 0 cities
            Time end: 2018.06.42 09:00:42
    [Параметры запуска] => Array
        (
            [START] => 230000
            [LIMIT] => 10000
        )

    [Ошибки при выполнении] => Array
(
)

)


