TRIGGER Complete:
Array
(
    [Дата] => 14.05.2018 07:00:02
    [Сообщение] => TRIGGER START
)


PROCESSING Step Complete:
Array
(
    [Дата] => 14.05.2018 07:00:16
    [Сообщение] => 
            Time start: 2018.05.14 07:00:02
            Taked : 10000 cities,
            Loaded from Database: 238496 cities
            Updated: 10000 cities
            Added: 0 cities
            Time end: 2018.05.16 07:00:16
    [Параметры запуска] => Array
        (
            [START] => 0
            [LIMIT] => 10000
        )

    [Ошибки при выполнении] => Array
(
)

)


PROCESSING Step Complete:
Array
(
    [Дата] => 14.05.2018 07:05:29
    [Сообщение] => 
            Time start: 2018.05.14 07:05:16
            Taked : 10000 cities,
            Loaded from Database: 238496 cities
            Updated: 10000 cities
            Added: 0 cities
            Time end: 2018.05.29 07:05:29
    [Параметры запуска] => Array
        (
            [START] => 10000
            [LIMIT] => 10000
        )

    [Ошибки при выполнении] => Array
(
)

)


PROCESSING Step Complete:
Array
(
    [Дата] => 14.05.2018 07:10:42
    [Сообщение] => 
            Time start: 2018.05.14 07:10:29
            Taked : 10000 cities,
            Loaded from Database: 238496 cities
            Updated: 10000 cities
            Added: 0 cities
            Time end: 2018.05.42 07:10:42
    [Параметры запуска] => Array
        (
            [START] => 20000
            [LIMIT] => 10000
        )

    [Ошибки при выполнении] => Array
(
)

)


PROCESSING Step Complete:
Array
(
    [Дата] => 14.05.2018 07:15:56
    [Сообщение] => 
            Time start: 2018.05.14 07:15:43
            Taked : 10000 cities,
            Loaded from Database: 238496 cities
            Updated: 10000 cities
            Added: 0 cities
            Time end: 2018.05.56 07:15:56
    [Параметры запуска] => Array
        (
            [START] => 30000
            [LIMIT] => 10000
        )

    [Ошибки при выполнении] => Array
(
)

)


PROCESSING Step Complete:
Array
(
    [Дата] => 14.05.2018 07:21:10
    [Сообщение] => 
            Time start: 2018.05.14 07:20:56
            Taked : 10000 cities,
            Loaded from Database: 238496 cities
            Updated: 10000 cities
            Added: 0 cities
            Time end: 2018.05.10 07:21:10
    [Параметры запуска] => Array
        (
            [START] => 40000
            [LIMIT] => 10000
        )

    [Ошибки при выполнении] => Array
(
)

)


PROCESSING Step Complete:
Array
(
    [Дата] => 14.05.2018 07:26:22
    [Сообщение] => 
            Time start: 2018.05.14 07:26:10
            Taked : 10000 cities,
            Loaded from Database: 238496 cities
            Updated: 10000 cities
            Added: 0 cities
            Time end: 2018.05.22 07:26:22
    [Параметры запуска] => Array
        (
            [START] => 50000
            [LIMIT] => 10000
        )

    [Ошибки при выполнении] => Array
(
)

)


PROCESSING Step Complete:
Array
(
    [Дата] => 14.05.2018 07:31:36
    [Сообщение] => 
            Time start: 2018.05.14 07:31:23
            Taked : 10000 cities,
            Loaded from Database: 238496 cities
            Updated: 10000 cities
            Added: 0 cities
            Time end: 2018.05.36 07:31:36
    [Параметры запуска] => Array
        (
            [START] => 60000
            [LIMIT] => 10000
        )

    [Ошибки при выполнении] => Array
(
)

)


PROCESSING Step Complete:
Array
(
    [Дата] => 14.05.2018 07:36:49
    [Сообщение] => 
            Time start: 2018.05.14 07:36:36
            Taked : 10000 cities,
            Loaded from Database: 238496 cities
            Updated: 10000 cities
            Added: 0 cities
            Time end: 2018.05.49 07:36:49
    [Параметры запуска] => Array
        (
            [START] => 70000
            [LIMIT] => 10000
        )

    [Ошибки при выполнении] => Array
(
)

)


PROCESSING Step Complete:
Array
(
    [Дата] => 14.05.2018 07:42:02
    [Сообщение] => 
            Time start: 2018.05.14 07:41:49
            Taked : 10000 cities,
            Loaded from Database: 238496 cities
            Updated: 10000 cities
            Added: 0 cities
            Time end: 2018.05.02 07:42:02
    [Параметры запуска] => Array
        (
            [START] => 80000
            [LIMIT] => 10000
        )

    [Ошибки при выполнении] => Array
(
)

)


PROCESSING Step Complete:
Array
(
    [Дата] => 14.05.2018 07:47:16
    [Сообщение] => 
            Time start: 2018.05.14 07:47:03
            Taked : 10000 cities,
            Loaded from Database: 238496 cities
            Updated: 10000 cities
            Added: 0 cities
            Time end: 2018.05.16 07:47:16
    [Параметры запуска] => Array
        (
            [START] => 90000
            [LIMIT] => 10000
        )

    [Ошибки при выполнении] => Array
(
)

)


PROCESSING Step Complete:
Array
(
    [Дата] => 14.05.2018 07:52:30
    [Сообщение] => 
            Time start: 2018.05.14 07:52:16
            Taked : 10000 cities,
            Loaded from Database: 238496 cities
            Updated: 10000 cities
            Added: 0 cities
            Time end: 2018.05.30 07:52:30
    [Параметры запуска] => Array
        (
            [START] => 100000
            [LIMIT] => 10000
        )

    [Ошибки при выполнении] => Array
(
)

)


PROCESSING Step Complete:
Array
(
    [Дата] => 14.05.2018 07:57:42
    [Сообщение] => 
            Time start: 2018.05.14 07:57:30
            Taked : 10000 cities,
            Loaded from Database: 238496 cities
            Updated: 10000 cities
            Added: 0 cities
            Time end: 2018.05.42 07:57:42
    [Параметры запуска] => Array
        (
            [START] => 110000
            [LIMIT] => 10000
        )

    [Ошибки при выполнении] => Array
(
)

)


PROCESSING Step Complete:
Array
(
    [Дата] => 14.05.2018 08:02:55
    [Сообщение] => 
            Time start: 2018.05.14 08:02:43
            Taked : 10000 cities,
            Loaded from Database: 238496 cities
            Updated: 10000 cities
            Added: 0 cities
            Time end: 2018.05.55 08:02:55
    [Параметры запуска] => Array
        (
            [START] => 120000
            [LIMIT] => 10000
        )

    [Ошибки при выполнении] => Array
(
)

)


PROCESSING Step Complete:
Array
(
    [Дата] => 14.05.2018 08:08:08
    [Сообщение] => 
            Time start: 2018.05.14 08:07:55
            Taked : 10000 cities,
            Loaded from Database: 238496 cities
            Updated: 10000 cities
            Added: 0 cities
            Time end: 2018.05.08 08:08:08
    [Параметры запуска] => Array
        (
            [START] => 130000
            [LIMIT] => 10000
        )

    [Ошибки при выполнении] => Array
(
)

)


PROCESSING Step Complete:
Array
(
    [Дата] => 14.05.2018 08:13:22
    [Сообщение] => 
            Time start: 2018.05.14 08:13:08
            Taked : 10000 cities,
            Loaded from Database: 238496 cities
            Updated: 10000 cities
            Added: 0 cities
            Time end: 2018.05.22 08:13:22
    [Параметры запуска] => Array
        (
            [START] => 140000
            [LIMIT] => 10000
        )

    [Ошибки при выполнении] => Array
(
)

)


PROCESSING Step Complete:
Array
(
    [Дата] => 14.05.2018 08:18:35
    [Сообщение] => 
            Time start: 2018.05.14 08:18:22
            Taked : 10000 cities,
            Loaded from Database: 238496 cities
            Updated: 10000 cities
            Added: 0 cities
            Time end: 2018.05.35 08:18:35
    [Параметры запуска] => Array
        (
            [START] => 150000
            [LIMIT] => 10000
        )

    [Ошибки при выполнении] => Array
(
)

)


PROCESSING Step Complete:
Array
(
    [Дата] => 14.05.2018 08:23:48
    [Сообщение] => 
            Time start: 2018.05.14 08:23:35
            Taked : 10000 cities,
            Loaded from Database: 238496 cities
            Updated: 10000 cities
            Added: 0 cities
            Time end: 2018.05.48 08:23:48
    [Параметры запуска] => Array
        (
            [START] => 160000
            [LIMIT] => 10000
        )

    [Ошибки при выполнении] => Array
(
)

)


PROCESSING Step Complete:
Array
(
    [Дата] => 14.05.2018 08:29:02
    [Сообщение] => 
            Time start: 2018.05.14 08:28:48
            Taked : 10000 cities,
            Loaded from Database: 238496 cities
            Updated: 10000 cities
            Added: 0 cities
            Time end: 2018.05.02 08:29:02
    [Параметры запуска] => Array
        (
            [START] => 170000
            [LIMIT] => 10000
        )

    [Ошибки при выполнении] => Array
(
)

)


PROCESSING Step Complete:
Array
(
    [Дата] => 14.05.2018 08:34:15
    [Сообщение] => 
            Time start: 2018.05.14 08:34:02
            Taked : 10000 cities,
            Loaded from Database: 238496 cities
            Updated: 10000 cities
            Added: 0 cities
            Time end: 2018.05.15 08:34:15
    [Параметры запуска] => Array
        (
            [START] => 180000
            [LIMIT] => 10000
        )

    [Ошибки при выполнении] => Array
(
)

)


PROCESSING Step Complete:
Array
(
    [Дата] => 14.05.2018 08:39:29
    [Сообщение] => 
            Time start: 2018.05.14 08:39:16
            Taked : 10000 cities,
            Loaded from Database: 238496 cities
            Updated: 10000 cities
            Added: 0 cities
            Time end: 2018.05.29 08:39:29
    [Параметры запуска] => Array
        (
            [START] => 190000
            [LIMIT] => 10000
        )

    [Ошибки при выполнении] => Array
(
)

)


PROCESSING Step Complete:
Array
(
    [Дата] => 14.05.2018 08:44:43
    [Сообщение] => 
            Time start: 2018.05.14 08:44:29
            Taked : 10000 cities,
            Loaded from Database: 238496 cities
            Updated: 10000 cities
            Added: 0 cities
            Time end: 2018.05.43 08:44:43
    [Параметры запуска] => Array
        (
            [START] => 200000
            [LIMIT] => 10000
        )

    [Ошибки при выполнении] => Array
(
)

)


PROCESSING Step Complete:
Array
(
    [Дата] => 14.05.2018 08:49:56
    [Сообщение] => 
            Time start: 2018.05.14 08:49:43
            Taked : 10000 cities,
            Loaded from Database: 238496 cities
            Updated: 10000 cities
            Added: 0 cities
            Time end: 2018.05.56 08:49:56
    [Параметры запуска] => Array
        (
            [START] => 210000
            [LIMIT] => 10000
        )

    [Ошибки при выполнении] => Array
(
)

)


PROCESSING Step Complete:
Array
(
    [Дата] => 14.05.2018 08:55:09
    [Сообщение] => 
            Time start: 2018.05.14 08:54:57
            Taked : 10000 cities,
            Loaded from Database: 238496 cities
            Updated: 10000 cities
            Added: 0 cities
            Time end: 2018.05.09 08:55:09
    [Параметры запуска] => Array
        (
            [START] => 220000
            [LIMIT] => 10000
        )

    [Ошибки при выполнении] => Array
(
)

)


PROCESSING Complete:
Array
(
    [Дата] => 14.05.2018 09:00:21
    [Сообщение] => 
            Time start: 2018.05.14 09:00:09
            Taked : 8496 cities,
            Loaded from Database: 238496 cities
            Deleted: 0 cities,
            Updated: 8496 cities
            Added: 0 cities
            Time end: 2018.05.21 09:00:21
    [Параметры запуска] => Array
        (
            [START] => 230000
            [LIMIT] => 10000
        )

    [Ошибки при выполнении] => Array
(
)

)


