TRIGGER Complete:
Array
(
    [Дата] => 04.07.2018 07:00:04
    [Сообщение] => TRIGGER START
)


PROCESSING Step Complete:
Array
(
    [Дата] => 04.07.2018 07:00:19
    [Сообщение] => 
            Time start: 2018.07.04 07:00:05
            Taked : 10000 cities,
            Loaded from Database: 239236 cities
            Updated: 10000 cities
            Added: 0 cities
            Time end: 2018.07.19 07:00:19
    [Параметры запуска] => Array
        (
            [START] => 0
            [LIMIT] => 10000
        )

    [Ошибки при выполнении] => Array
(
)

)


PROCESSING Step Complete:
Array
(
    [Дата] => 04.07.2018 07:05:33
    [Сообщение] => 
            Time start: 2018.07.04 07:05:19
            Taked : 10000 cities,
            Loaded from Database: 239236 cities
            Updated: 10000 cities
            Added: 0 cities
            Time end: 2018.07.33 07:05:33
    [Параметры запуска] => Array
        (
            [START] => 10000
            [LIMIT] => 10000
        )

    [Ошибки при выполнении] => Array
(
)

)


PROCESSING Step Complete:
Array
(
    [Дата] => 04.07.2018 07:10:48
    [Сообщение] => 
            Time start: 2018.07.04 07:10:33
            Taked : 10000 cities,
            Loaded from Database: 239236 cities
            Updated: 10000 cities
            Added: 0 cities
            Time end: 2018.07.48 07:10:48
    [Параметры запуска] => Array
        (
            [START] => 20000
            [LIMIT] => 10000
        )

    [Ошибки при выполнении] => Array
(
)

)


PROCESSING Step Complete:
Array
(
    [Дата] => 04.07.2018 07:16:02
    [Сообщение] => 
            Time start: 2018.07.04 07:15:48
            Taked : 10000 cities,
            Loaded from Database: 239236 cities
            Updated: 10000 cities
            Added: 0 cities
            Time end: 2018.07.02 07:16:02
    [Параметры запуска] => Array
        (
            [START] => 30000
            [LIMIT] => 10000
        )

    [Ошибки при выполнении] => Array
(
)

)


PROCESSING Step Complete:
Array
(
    [Дата] => 04.07.2018 07:21:16
    [Сообщение] => 
            Time start: 2018.07.04 07:21:02
            Taked : 10000 cities,
            Loaded from Database: 239236 cities
            Updated: 10000 cities
            Added: 0 cities
            Time end: 2018.07.16 07:21:16
    [Параметры запуска] => Array
        (
            [START] => 40000
            [LIMIT] => 10000
        )

    [Ошибки при выполнении] => Array
(
)

)


PROCESSING Step Complete:
Array
(
    [Дата] => 04.07.2018 07:26:31
    [Сообщение] => 
            Time start: 2018.07.04 07:26:16
            Taked : 10000 cities,
            Loaded from Database: 239236 cities
            Updated: 10000 cities
            Added: 0 cities
            Time end: 2018.07.31 07:26:31
    [Параметры запуска] => Array
        (
            [START] => 50000
            [LIMIT] => 10000
        )

    [Ошибки при выполнении] => Array
(
)

)


PROCESSING Step Complete:
Array
(
    [Дата] => 04.07.2018 07:31:45
    [Сообщение] => 
            Time start: 2018.07.04 07:31:31
            Taked : 10000 cities,
            Loaded from Database: 239236 cities
            Updated: 10000 cities
            Added: 0 cities
            Time end: 2018.07.45 07:31:45
    [Параметры запуска] => Array
        (
            [START] => 60000
            [LIMIT] => 10000
        )

    [Ошибки при выполнении] => Array
(
)

)


PROCESSING Step Complete:
Array
(
    [Дата] => 04.07.2018 07:36:59
    [Сообщение] => 
            Time start: 2018.07.04 07:36:46
            Taked : 10000 cities,
            Loaded from Database: 239236 cities
            Updated: 10000 cities
            Added: 0 cities
            Time end: 2018.07.59 07:36:59
    [Параметры запуска] => Array
        (
            [START] => 70000
            [LIMIT] => 10000
        )

    [Ошибки при выполнении] => Array
(
)

)


PROCESSING Step Complete:
Array
(
    [Дата] => 04.07.2018 07:42:14
    [Сообщение] => 
            Time start: 2018.07.04 07:42:00
            Taked : 10000 cities,
            Loaded from Database: 239236 cities
            Updated: 10000 cities
            Added: 0 cities
            Time end: 2018.07.14 07:42:14
    [Параметры запуска] => Array
        (
            [START] => 80000
            [LIMIT] => 10000
        )

    [Ошибки при выполнении] => Array
(
)

)


PROCESSING Step Complete:
Array
(
    [Дата] => 04.07.2018 07:47:28
    [Сообщение] => 
            Time start: 2018.07.04 07:47:15
            Taked : 10000 cities,
            Loaded from Database: 239236 cities
            Updated: 10000 cities
            Added: 0 cities
            Time end: 2018.07.28 07:47:28
    [Параметры запуска] => Array
        (
            [START] => 90000
            [LIMIT] => 10000
        )

    [Ошибки при выполнении] => Array
(
)

)


PROCESSING Step Complete:
Array
(
    [Дата] => 04.07.2018 07:52:43
    [Сообщение] => 
            Time start: 2018.07.04 07:52:29
            Taked : 10000 cities,
            Loaded from Database: 239236 cities
            Updated: 10000 cities
            Added: 0 cities
            Time end: 2018.07.43 07:52:43
    [Параметры запуска] => Array
        (
            [START] => 100000
            [LIMIT] => 10000
        )

    [Ошибки при выполнении] => Array
(
)

)


PROCESSING Step Complete:
Array
(
    [Дата] => 04.07.2018 07:57:58
    [Сообщение] => 
            Time start: 2018.07.04 07:57:43
            Taked : 10000 cities,
            Loaded from Database: 239236 cities
            Updated: 10000 cities
            Added: 0 cities
            Time end: 2018.07.58 07:57:58
    [Параметры запуска] => Array
        (
            [START] => 110000
            [LIMIT] => 10000
        )

    [Ошибки при выполнении] => Array
(
)

)


PROCESSING Step Complete:
Array
(
    [Дата] => 04.07.2018 08:03:12
    [Сообщение] => 
            Time start: 2018.07.04 08:02:58
            Taked : 10000 cities,
            Loaded from Database: 239236 cities
            Updated: 10000 cities
            Added: 0 cities
            Time end: 2018.07.12 08:03:12
    [Параметры запуска] => Array
        (
            [START] => 120000
            [LIMIT] => 10000
        )

    [Ошибки при выполнении] => Array
(
)

)


PROCESSING Step Complete:
Array
(
    [Дата] => 04.07.2018 08:08:26
    [Сообщение] => 
            Time start: 2018.07.04 08:08:12
            Taked : 10000 cities,
            Loaded from Database: 239236 cities
            Updated: 10000 cities
            Added: 0 cities
            Time end: 2018.07.26 08:08:26
    [Параметры запуска] => Array
        (
            [START] => 130000
            [LIMIT] => 10000
        )

    [Ошибки при выполнении] => Array
(
)

)


PROCESSING Step Complete:
Array
(
    [Дата] => 04.07.2018 08:13:40
    [Сообщение] => 
            Time start: 2018.07.04 08:13:27
            Taked : 10000 cities,
            Loaded from Database: 239236 cities
            Updated: 10000 cities
            Added: 0 cities
            Time end: 2018.07.40 08:13:40
    [Параметры запуска] => Array
        (
            [START] => 140000
            [LIMIT] => 10000
        )

    [Ошибки при выполнении] => Array
(
)

)


PROCESSING Step Complete:
Array
(
    [Дата] => 04.07.2018 08:18:54
    [Сообщение] => 
            Time start: 2018.07.04 08:18:40
            Taked : 10000 cities,
            Loaded from Database: 239236 cities
            Updated: 10000 cities
            Added: 0 cities
            Time end: 2018.07.54 08:18:54
    [Параметры запуска] => Array
        (
            [START] => 150000
            [LIMIT] => 10000
        )

    [Ошибки при выполнении] => Array
(
)

)


PROCESSING Step Complete:
Array
(
    [Дата] => 04.07.2018 08:24:08
    [Сообщение] => 
            Time start: 2018.07.04 08:23:54
            Taked : 10000 cities,
            Loaded from Database: 239236 cities
            Updated: 10000 cities
            Added: 0 cities
            Time end: 2018.07.08 08:24:08
    [Параметры запуска] => Array
        (
            [START] => 160000
            [LIMIT] => 10000
        )

    [Ошибки при выполнении] => Array
(
)

)


PROCESSING Step Complete:
Array
(
    [Дата] => 04.07.2018 08:29:23
    [Сообщение] => 
            Time start: 2018.07.04 08:29:09
            Taked : 10000 cities,
            Loaded from Database: 239236 cities
            Updated: 10000 cities
            Added: 0 cities
            Time end: 2018.07.23 08:29:23
    [Параметры запуска] => Array
        (
            [START] => 170000
            [LIMIT] => 10000
        )

    [Ошибки при выполнении] => Array
(
)

)


PROCESSING Step Complete:
Array
(
    [Дата] => 04.07.2018 08:34:37
    [Сообщение] => 
            Time start: 2018.07.04 08:34:23
            Taked : 10000 cities,
            Loaded from Database: 239236 cities
            Updated: 10000 cities
            Added: 0 cities
            Time end: 2018.07.37 08:34:37
    [Параметры запуска] => Array
        (
            [START] => 180000
            [LIMIT] => 10000
        )

    [Ошибки при выполнении] => Array
(
)

)


PROCESSING Step Complete:
Array
(
    [Дата] => 04.07.2018 08:39:51
    [Сообщение] => 
            Time start: 2018.07.04 08:39:37
            Taked : 10000 cities,
            Loaded from Database: 239236 cities
            Updated: 10000 cities
            Added: 0 cities
            Time end: 2018.07.51 08:39:51
    [Параметры запуска] => Array
        (
            [START] => 190000
            [LIMIT] => 10000
        )

    [Ошибки при выполнении] => Array
(
)

)


PROCESSING Step Complete:
Array
(
    [Дата] => 04.07.2018 08:45:06
    [Сообщение] => 
            Time start: 2018.07.04 08:44:52
            Taked : 10000 cities,
            Loaded from Database: 239236 cities
            Updated: 9999 cities
            Added: 1 cities
            Time end: 2018.07.06 08:45:06
    [Параметры запуска] => Array
        (
            [START] => 200000
            [LIMIT] => 10000
        )

    [Ошибки при выполнении] => Array
(
)

)


PROCESSING Step Complete:
Array
(
    [Дата] => 04.07.2018 08:50:21
    [Сообщение] => 
            Time start: 2018.07.04 08:50:06
            Taked : 10000 cities,
            Loaded from Database: 239237 cities
            Updated: 10000 cities
            Added: 0 cities
            Time end: 2018.07.21 08:50:21
    [Параметры запуска] => Array
        (
            [START] => 210000
            [LIMIT] => 10000
        )

    [Ошибки при выполнении] => Array
(
)

)


PROCESSING Step Complete:
Array
(
    [Дата] => 04.07.2018 08:55:35
    [Сообщение] => 
            Time start: 2018.07.04 08:55:21
            Taked : 10000 cities,
            Loaded from Database: 239237 cities
            Updated: 10000 cities
            Added: 0 cities
            Time end: 2018.07.35 08:55:35
    [Параметры запуска] => Array
        (
            [START] => 220000
            [LIMIT] => 10000
        )

    [Ошибки при выполнении] => Array
(
)

)


PROCESSING Complete:
Array
(
    [Дата] => 04.07.2018 09:00:49
    [Сообщение] => 
            Time start: 2018.07.04 09:00:35
            Taked : 9237 cities,
            Loaded from Database: 239237 cities
            Deleted: 0 cities,
            Updated: 9237 cities
            Added: 0 cities
            Time end: 2018.07.49 09:00:49
    [Параметры запуска] => Array
        (
            [START] => 230000
            [LIMIT] => 10000
        )

    [Ошибки при выполнении] => Array
(
)

)


