TRIGGER Complete:
Array
(
    [Дата] => 07.07.2018 07:00:02
    [Сообщение] => TRIGGER START
)


PROCESSING Step Complete:
Array
(
    [Дата] => 07.07.2018 07:00:17
    [Сообщение] => 
            Time start: 2018.07.07 07:00:02
            Taked : 10000 cities,
            Loaded from Database: 239239 cities
            Updated: 10000 cities
            Added: 0 cities
            Time end: 2018.07.17 07:00:17
    [Параметры запуска] => Array
        (
            [START] => 0
            [LIMIT] => 10000
        )

    [Ошибки при выполнении] => Array
(
)

)


PROCESSING Step Complete:
Array
(
    [Дата] => 07.07.2018 07:05:30
    [Сообщение] => 
            Time start: 2018.07.07 07:05:17
            Taked : 10000 cities,
            Loaded from Database: 239239 cities
            Updated: 10000 cities
            Added: 0 cities
            Time end: 2018.07.30 07:05:30
    [Параметры запуска] => Array
        (
            [START] => 10000
            [LIMIT] => 10000
        )

    [Ошибки при выполнении] => Array
(
)

)


PROCESSING Step Complete:
Array
(
    [Дата] => 07.07.2018 07:10:44
    [Сообщение] => 
            Time start: 2018.07.07 07:10:30
            Taked : 10000 cities,
            Loaded from Database: 239239 cities
            Updated: 10000 cities
            Added: 0 cities
            Time end: 2018.07.44 07:10:44
    [Параметры запуска] => Array
        (
            [START] => 20000
            [LIMIT] => 10000
        )

    [Ошибки при выполнении] => Array
(
)

)


PROCESSING Step Complete:
Array
(
    [Дата] => 07.07.2018 07:15:59
    [Сообщение] => 
            Time start: 2018.07.07 07:15:44
            Taked : 10000 cities,
            Loaded from Database: 239239 cities
            Updated: 10000 cities
            Added: 0 cities
            Time end: 2018.07.59 07:15:59
    [Параметры запуска] => Array
        (
            [START] => 30000
            [LIMIT] => 10000
        )

    [Ошибки при выполнении] => Array
(
)

)


PROCESSING Step Complete:
Array
(
    [Дата] => 07.07.2018 07:21:14
    [Сообщение] => 
            Time start: 2018.07.07 07:20:59
            Taked : 10000 cities,
            Loaded from Database: 239239 cities
            Updated: 10000 cities
            Added: 0 cities
            Time end: 2018.07.14 07:21:14
    [Параметры запуска] => Array
        (
            [START] => 40000
            [LIMIT] => 10000
        )

    [Ошибки при выполнении] => Array
(
)

)


PROCESSING Step Complete:
Array
(
    [Дата] => 07.07.2018 07:26:28
    [Сообщение] => 
            Time start: 2018.07.07 07:26:14
            Taked : 10000 cities,
            Loaded from Database: 239239 cities
            Updated: 10000 cities
            Added: 0 cities
            Time end: 2018.07.28 07:26:28
    [Параметры запуска] => Array
        (
            [START] => 50000
            [LIMIT] => 10000
        )

    [Ошибки при выполнении] => Array
(
)

)


PROCESSING Step Complete:
Array
(
    [Дата] => 07.07.2018 07:31:43
    [Сообщение] => 
            Time start: 2018.07.07 07:31:28
            Taked : 10000 cities,
            Loaded from Database: 239239 cities
            Updated: 10000 cities
            Added: 0 cities
            Time end: 2018.07.43 07:31:43
    [Параметры запуска] => Array
        (
            [START] => 60000
            [LIMIT] => 10000
        )

    [Ошибки при выполнении] => Array
(
)

)


PROCESSING Step Complete:
Array
(
    [Дата] => 07.07.2018 07:36:57
    [Сообщение] => 
            Time start: 2018.07.07 07:36:43
            Taked : 10000 cities,
            Loaded from Database: 239239 cities
            Updated: 10000 cities
            Added: 0 cities
            Time end: 2018.07.57 07:36:57
    [Параметры запуска] => Array
        (
            [START] => 70000
            [LIMIT] => 10000
        )

    [Ошибки при выполнении] => Array
(
)

)


PROCESSING Step Complete:
Array
(
    [Дата] => 07.07.2018 07:42:12
    [Сообщение] => 
            Time start: 2018.07.07 07:41:57
            Taked : 10000 cities,
            Loaded from Database: 239239 cities
            Updated: 10000 cities
            Added: 0 cities
            Time end: 2018.07.12 07:42:12
    [Параметры запуска] => Array
        (
            [START] => 80000
            [LIMIT] => 10000
        )

    [Ошибки при выполнении] => Array
(
)

)


PROCESSING Step Complete:
Array
(
    [Дата] => 07.07.2018 07:47:26
    [Сообщение] => 
            Time start: 2018.07.07 07:47:12
            Taked : 10000 cities,
            Loaded from Database: 239239 cities
            Updated: 10000 cities
            Added: 0 cities
            Time end: 2018.07.26 07:47:26
    [Параметры запуска] => Array
        (
            [START] => 90000
            [LIMIT] => 10000
        )

    [Ошибки при выполнении] => Array
(
)

)


PROCESSING Step Complete:
Array
(
    [Дата] => 07.07.2018 07:52:41
    [Сообщение] => 
            Time start: 2018.07.07 07:52:26
            Taked : 10000 cities,
            Loaded from Database: 239239 cities
            Updated: 10000 cities
            Added: 0 cities
            Time end: 2018.07.41 07:52:41
    [Параметры запуска] => Array
        (
            [START] => 100000
            [LIMIT] => 10000
        )

    [Ошибки при выполнении] => Array
(
)

)


PROCESSING Step Complete:
Array
(
    [Дата] => 07.07.2018 07:57:55
    [Сообщение] => 
            Time start: 2018.07.07 07:57:41
            Taked : 10000 cities,
            Loaded from Database: 239239 cities
            Updated: 10000 cities
            Added: 0 cities
            Time end: 2018.07.55 07:57:55
    [Параметры запуска] => Array
        (
            [START] => 110000
            [LIMIT] => 10000
        )

    [Ошибки при выполнении] => Array
(
)

)


PROCESSING Step Complete:
Array
(
    [Дата] => 07.07.2018 08:03:10
    [Сообщение] => 
            Time start: 2018.07.07 08:02:56
            Taked : 10000 cities,
            Loaded from Database: 239239 cities
            Updated: 10000 cities
            Added: 0 cities
            Time end: 2018.07.10 08:03:10
    [Параметры запуска] => Array
        (
            [START] => 120000
            [LIMIT] => 10000
        )

    [Ошибки при выполнении] => Array
(
)

)


PROCESSING Step Complete:
Array
(
    [Дата] => 07.07.2018 08:08:25
    [Сообщение] => 
            Time start: 2018.07.07 08:08:10
            Taked : 10000 cities,
            Loaded from Database: 239239 cities
            Updated: 10000 cities
            Added: 0 cities
            Time end: 2018.07.25 08:08:25
    [Параметры запуска] => Array
        (
            [START] => 130000
            [LIMIT] => 10000
        )

    [Ошибки при выполнении] => Array
(
)

)


PROCESSING Step Complete:
Array
(
    [Дата] => 07.07.2018 08:13:39
    [Сообщение] => 
            Time start: 2018.07.07 08:13:25
            Taked : 10000 cities,
            Loaded from Database: 239239 cities
            Updated: 10000 cities
            Added: 0 cities
            Time end: 2018.07.39 08:13:39
    [Параметры запуска] => Array
        (
            [START] => 140000
            [LIMIT] => 10000
        )

    [Ошибки при выполнении] => Array
(
)

)


PROCESSING Step Complete:
Array
(
    [Дата] => 07.07.2018 08:18:53
    [Сообщение] => 
            Time start: 2018.07.07 08:18:40
            Taked : 10000 cities,
            Loaded from Database: 239239 cities
            Updated: 10000 cities
            Added: 0 cities
            Time end: 2018.07.53 08:18:53
    [Параметры запуска] => Array
        (
            [START] => 150000
            [LIMIT] => 10000
        )

    [Ошибки при выполнении] => Array
(
)

)


PROCESSING Step Complete:
Array
(
    [Дата] => 07.07.2018 08:24:07
    [Сообщение] => 
            Time start: 2018.07.07 08:23:53
            Taked : 10000 cities,
            Loaded from Database: 239239 cities
            Updated: 10000 cities
            Added: 0 cities
            Time end: 2018.07.07 08:24:07
    [Параметры запуска] => Array
        (
            [START] => 160000
            [LIMIT] => 10000
        )

    [Ошибки при выполнении] => Array
(
)

)


PROCESSING Step Complete:
Array
(
    [Дата] => 07.07.2018 08:29:22
    [Сообщение] => 
            Time start: 2018.07.07 08:29:07
            Taked : 10000 cities,
            Loaded from Database: 239239 cities
            Updated: 10000 cities
            Added: 0 cities
            Time end: 2018.07.22 08:29:22
    [Параметры запуска] => Array
        (
            [START] => 170000
            [LIMIT] => 10000
        )

    [Ошибки при выполнении] => Array
(
)

)


PROCESSING Step Complete:
Array
(
    [Дата] => 07.07.2018 08:34:36
    [Сообщение] => 
            Time start: 2018.07.07 08:34:22
            Taked : 10000 cities,
            Loaded from Database: 239239 cities
            Updated: 10000 cities
            Added: 0 cities
            Time end: 2018.07.36 08:34:36
    [Параметры запуска] => Array
        (
            [START] => 180000
            [LIMIT] => 10000
        )

    [Ошибки при выполнении] => Array
(
)

)


PROCESSING Step Complete:
Array
(
    [Дата] => 07.07.2018 08:39:51
    [Сообщение] => 
            Time start: 2018.07.07 08:39:36
            Taked : 10000 cities,
            Loaded from Database: 239239 cities
            Updated: 10000 cities
            Added: 0 cities
            Time end: 2018.07.51 08:39:51
    [Параметры запуска] => Array
        (
            [START] => 190000
            [LIMIT] => 10000
        )

    [Ошибки при выполнении] => Array
(
)

)


PROCESSING Step Complete:
Array
(
    [Дата] => 07.07.2018 08:45:05
    [Сообщение] => 
            Time start: 2018.07.07 08:44:51
            Taked : 10000 cities,
            Loaded from Database: 239239 cities
            Updated: 9999 cities
            Added: 1 cities
            Time end: 2018.07.05 08:45:05
    [Параметры запуска] => Array
        (
            [START] => 200000
            [LIMIT] => 10000
        )

    [Ошибки при выполнении] => Array
(
)

)


PROCESSING Step Complete:
Array
(
    [Дата] => 07.07.2018 08:50:19
    [Сообщение] => 
            Time start: 2018.07.07 08:50:05
            Taked : 10000 cities,
            Loaded from Database: 239240 cities
            Updated: 10000 cities
            Added: 0 cities
            Time end: 2018.07.19 08:50:19
    [Параметры запуска] => Array
        (
            [START] => 210000
            [LIMIT] => 10000
        )

    [Ошибки при выполнении] => Array
(
)

)


PROCESSING Step Complete:
Array
(
    [Дата] => 07.07.2018 08:55:33
    [Сообщение] => 
            Time start: 2018.07.07 08:55:19
            Taked : 10000 cities,
            Loaded from Database: 239240 cities
            Updated: 10000 cities
            Added: 0 cities
            Time end: 2018.07.33 08:55:33
    [Параметры запуска] => Array
        (
            [START] => 220000
            [LIMIT] => 10000
        )

    [Ошибки при выполнении] => Array
(
)

)


PROCESSING Complete:
Array
(
    [Дата] => 07.07.2018 09:00:46
    [Сообщение] => 
            Time start: 2018.07.07 09:00:33
            Taked : 9240 cities,
            Loaded from Database: 239240 cities
            Deleted: 0 cities,
            Updated: 9240 cities
            Added: 0 cities
            Time end: 2018.07.46 09:00:46
    [Параметры запуска] => Array
        (
            [START] => 230000
            [LIMIT] => 10000
        )

    [Ошибки при выполнении] => Array
(
)

)


