TRIGGER Complete:
Array
(
    [Дата] => 22.07.2018 07:00:03
    [Сообщение] => TRIGGER START
)


PROCESSING Step Complete:
Array
(
    [Дата] => 22.07.2018 07:00:17
    [Сообщение] => 
            Time start: 2018.07.22 07:00:03
            Taked : 10000 cities,
            Loaded from Database: 239301 cities
            Updated: 10000 cities
            Added: 0 cities
            Time end: 2018.07.17 07:00:17
    [Параметры запуска] => Array
        (
            [START] => 0
            [LIMIT] => 10000
        )

    [Ошибки при выполнении] => Array
(
)

)


PROCESSING Step Complete:
Array
(
    [Дата] => 22.07.2018 07:05:31
    [Сообщение] => 
            Time start: 2018.07.22 07:05:17
            Taked : 10000 cities,
            Loaded from Database: 239301 cities
            Updated: 10000 cities
            Added: 0 cities
            Time end: 2018.07.31 07:05:31
    [Параметры запуска] => Array
        (
            [START] => 10000
            [LIMIT] => 10000
        )

    [Ошибки при выполнении] => Array
(
)

)


PROCESSING Step Complete:
Array
(
    [Дата] => 22.07.2018 07:10:44
    [Сообщение] => 
            Time start: 2018.07.22 07:10:31
            Taked : 10000 cities,
            Loaded from Database: 239301 cities
            Updated: 10000 cities
            Added: 0 cities
            Time end: 2018.07.44 07:10:44
    [Параметры запуска] => Array
        (
            [START] => 20000
            [LIMIT] => 10000
        )

    [Ошибки при выполнении] => Array
(
)

)


PROCESSING Step Complete:
Array
(
    [Дата] => 22.07.2018 07:15:57
    [Сообщение] => 
            Time start: 2018.07.22 07:15:44
            Taked : 10000 cities,
            Loaded from Database: 239301 cities
            Updated: 10000 cities
            Added: 0 cities
            Time end: 2018.07.57 07:15:57
    [Параметры запуска] => Array
        (
            [START] => 30000
            [LIMIT] => 10000
        )

    [Ошибки при выполнении] => Array
(
)

)


PROCESSING Step Complete:
Array
(
    [Дата] => 22.07.2018 07:21:11
    [Сообщение] => 
            Time start: 2018.07.22 07:20:57
            Taked : 10000 cities,
            Loaded from Database: 239301 cities
            Updated: 10000 cities
            Added: 0 cities
            Time end: 2018.07.11 07:21:11
    [Параметры запуска] => Array
        (
            [START] => 40000
            [LIMIT] => 10000
        )

    [Ошибки при выполнении] => Array
(
)

)


PROCESSING Step Complete:
Array
(
    [Дата] => 22.07.2018 07:26:26
    [Сообщение] => 
            Time start: 2018.07.22 07:26:12
            Taked : 10000 cities,
            Loaded from Database: 239301 cities
            Updated: 10000 cities
            Added: 0 cities
            Time end: 2018.07.26 07:26:26
    [Параметры запуска] => Array
        (
            [START] => 50000
            [LIMIT] => 10000
        )

    [Ошибки при выполнении] => Array
(
)

)


PROCESSING Step Complete:
Array
(
    [Дата] => 22.07.2018 07:31:39
    [Сообщение] => 
            Time start: 2018.07.22 07:31:26
            Taked : 10000 cities,
            Loaded from Database: 239301 cities
            Updated: 10000 cities
            Added: 0 cities
            Time end: 2018.07.39 07:31:39
    [Параметры запуска] => Array
        (
            [START] => 60000
            [LIMIT] => 10000
        )

    [Ошибки при выполнении] => Array
(
)

)


PROCESSING Step Complete:
Array
(
    [Дата] => 22.07.2018 07:36:53
    [Сообщение] => 
            Time start: 2018.07.22 07:36:39
            Taked : 10000 cities,
            Loaded from Database: 239301 cities
            Updated: 10000 cities
            Added: 0 cities
            Time end: 2018.07.53 07:36:53
    [Параметры запуска] => Array
        (
            [START] => 70000
            [LIMIT] => 10000
        )

    [Ошибки при выполнении] => Array
(
)

)


PROCESSING Step Complete:
Array
(
    [Дата] => 22.07.2018 07:42:07
    [Сообщение] => 
            Time start: 2018.07.22 07:41:53
            Taked : 10000 cities,
            Loaded from Database: 239301 cities
            Updated: 10000 cities
            Added: 0 cities
            Time end: 2018.07.07 07:42:07
    [Параметры запуска] => Array
        (
            [START] => 80000
            [LIMIT] => 10000
        )

    [Ошибки при выполнении] => Array
(
)

)


PROCESSING Step Complete:
Array
(
    [Дата] => 22.07.2018 07:47:21
    [Сообщение] => 
            Time start: 2018.07.22 07:47:07
            Taked : 10000 cities,
            Loaded from Database: 239301 cities
            Updated: 10000 cities
            Added: 0 cities
            Time end: 2018.07.21 07:47:21
    [Параметры запуска] => Array
        (
            [START] => 90000
            [LIMIT] => 10000
        )

    [Ошибки при выполнении] => Array
(
)

)


PROCESSING Step Complete:
Array
(
    [Дата] => 22.07.2018 07:52:36
    [Сообщение] => 
            Time start: 2018.07.22 07:52:21
            Taked : 10000 cities,
            Loaded from Database: 239301 cities
            Updated: 10000 cities
            Added: 0 cities
            Time end: 2018.07.36 07:52:36
    [Параметры запуска] => Array
        (
            [START] => 100000
            [LIMIT] => 10000
        )

    [Ошибки при выполнении] => Array
(
)

)


PROCESSING Step Complete:
Array
(
    [Дата] => 22.07.2018 07:57:49
    [Сообщение] => 
            Time start: 2018.07.22 07:57:36
            Taked : 10000 cities,
            Loaded from Database: 239301 cities
            Updated: 10000 cities
            Added: 0 cities
            Time end: 2018.07.49 07:57:49
    [Параметры запуска] => Array
        (
            [START] => 110000
            [LIMIT] => 10000
        )

    [Ошибки при выполнении] => Array
(
)

)


PROCESSING Step Complete:
Array
(
    [Дата] => 22.07.2018 08:03:03
    [Сообщение] => 
            Time start: 2018.07.22 08:02:49
            Taked : 10000 cities,
            Loaded from Database: 239301 cities
            Updated: 10000 cities
            Added: 0 cities
            Time end: 2018.07.03 08:03:03
    [Параметры запуска] => Array
        (
            [START] => 120000
            [LIMIT] => 10000
        )

    [Ошибки при выполнении] => Array
(
)

)


PROCESSING Step Complete:
Array
(
    [Дата] => 22.07.2018 08:08:18
    [Сообщение] => 
            Time start: 2018.07.22 08:08:03
            Taked : 10000 cities,
            Loaded from Database: 239301 cities
            Updated: 10000 cities
            Added: 0 cities
            Time end: 2018.07.18 08:08:18
    [Параметры запуска] => Array
        (
            [START] => 130000
            [LIMIT] => 10000
        )

    [Ошибки при выполнении] => Array
(
)

)


PROCESSING Step Complete:
Array
(
    [Дата] => 22.07.2018 08:13:32
    [Сообщение] => 
            Time start: 2018.07.22 08:13:18
            Taked : 10000 cities,
            Loaded from Database: 239301 cities
            Updated: 10000 cities
            Added: 0 cities
            Time end: 2018.07.32 08:13:32
    [Параметры запуска] => Array
        (
            [START] => 140000
            [LIMIT] => 10000
        )

    [Ошибки при выполнении] => Array
(
)

)


PROCESSING Step Complete:
Array
(
    [Дата] => 22.07.2018 08:18:47
    [Сообщение] => 
            Time start: 2018.07.22 08:18:32
            Taked : 10000 cities,
            Loaded from Database: 239301 cities
            Updated: 10000 cities
            Added: 0 cities
            Time end: 2018.07.47 08:18:47
    [Параметры запуска] => Array
        (
            [START] => 150000
            [LIMIT] => 10000
        )

    [Ошибки при выполнении] => Array
(
)

)


PROCESSING Step Complete:
Array
(
    [Дата] => 22.07.2018 08:24:01
    [Сообщение] => 
            Time start: 2018.07.22 08:23:47
            Taked : 10000 cities,
            Loaded from Database: 239301 cities
            Updated: 10000 cities
            Added: 0 cities
            Time end: 2018.07.01 08:24:01
    [Параметры запуска] => Array
        (
            [START] => 160000
            [LIMIT] => 10000
        )

    [Ошибки при выполнении] => Array
(
)

)


PROCESSING Step Complete:
Array
(
    [Дата] => 22.07.2018 08:29:16
    [Сообщение] => 
            Time start: 2018.07.22 08:29:01
            Taked : 10000 cities,
            Loaded from Database: 239301 cities
            Updated: 10000 cities
            Added: 0 cities
            Time end: 2018.07.16 08:29:16
    [Параметры запуска] => Array
        (
            [START] => 170000
            [LIMIT] => 10000
        )

    [Ошибки при выполнении] => Array
(
)

)


PROCESSING Step Complete:
Array
(
    [Дата] => 22.07.2018 08:34:30
    [Сообщение] => 
            Time start: 2018.07.22 08:34:16
            Taked : 10000 cities,
            Loaded from Database: 239301 cities
            Updated: 10000 cities
            Added: 0 cities
            Time end: 2018.07.30 08:34:30
    [Параметры запуска] => Array
        (
            [START] => 180000
            [LIMIT] => 10000
        )

    [Ошибки при выполнении] => Array
(
)

)


PROCESSING Step Complete:
Array
(
    [Дата] => 22.07.2018 08:39:44
    [Сообщение] => 
            Time start: 2018.07.22 08:39:30
            Taked : 10000 cities,
            Loaded from Database: 239301 cities
            Updated: 10000 cities
            Added: 0 cities
            Time end: 2018.07.44 08:39:44
    [Параметры запуска] => Array
        (
            [START] => 190000
            [LIMIT] => 10000
        )

    [Ошибки при выполнении] => Array
(
)

)


PROCESSING Step Complete:
Array
(
    [Дата] => 22.07.2018 08:44:58
    [Сообщение] => 
            Time start: 2018.07.22 08:44:44
            Taked : 10000 cities,
            Loaded from Database: 239301 cities
            Updated: 9998 cities
            Added: 2 cities
            Time end: 2018.07.58 08:44:58
    [Параметры запуска] => Array
        (
            [START] => 200000
            [LIMIT] => 10000
        )

    [Ошибки при выполнении] => Array
(
)

)


PROCESSING Step Complete:
Array
(
    [Дата] => 22.07.2018 08:50:13
    [Сообщение] => 
            Time start: 2018.07.22 08:49:58
            Taked : 10000 cities,
            Loaded from Database: 239303 cities
            Updated: 10000 cities
            Added: 0 cities
            Time end: 2018.07.13 08:50:13
    [Параметры запуска] => Array
        (
            [START] => 210000
            [LIMIT] => 10000
        )

    [Ошибки при выполнении] => Array
(
)

)


PROCESSING Step Complete:
Array
(
    [Дата] => 22.07.2018 08:55:27
    [Сообщение] => 
            Time start: 2018.07.22 08:55:13
            Taked : 10000 cities,
            Loaded from Database: 239303 cities
            Updated: 10000 cities
            Added: 0 cities
            Time end: 2018.07.27 08:55:27
    [Параметры запуска] => Array
        (
            [START] => 220000
            [LIMIT] => 10000
        )

    [Ошибки при выполнении] => Array
(
)

)


PROCESSING Complete:
Array
(
    [Дата] => 22.07.2018 09:00:39
    [Сообщение] => 
            Time start: 2018.07.22 09:00:27
            Taked : 9303 cities,
            Loaded from Database: 239303 cities
            Deleted: 0 cities,
            Updated: 9303 cities
            Added: 0 cities
            Time end: 2018.07.39 09:00:39
    [Параметры запуска] => Array
        (
            [START] => 230000
            [LIMIT] => 10000
        )

    [Ошибки при выполнении] => Array
(
)

)


