TRIGGER Complete:
Array
(
    [Дата] => 31.08.2018 07:00:04
    [Сообщение] => TRIGGER START
)


PROCESSING Step Complete:
Array
(
    [Дата] => 31.08.2018 07:00:33
    [Сообщение] => 
            Time start: 2018.08.31 07:00:04
            Taked : 10000 cities,
            Loaded from Database: 239451 cities
            Updated: 10000 cities
            Added: 0 cities
            Time end: 2018.08.33 07:00:33
    [Параметры запуска] => Array
        (
            [START] => 0
            [LIMIT] => 10000
        )

    [Ошибки при выполнении] => Array
(
)

)


PROCESSING Step Complete:
Array
(
    [Дата] => 31.08.2018 07:06:01
    [Сообщение] => 
            Time start: 2018.08.31 07:05:33
            Taked : 10000 cities,
            Loaded from Database: 239451 cities
            Updated: 10000 cities
            Added: 0 cities
            Time end: 2018.08.01 07:06:01
    [Параметры запуска] => Array
        (
            [START] => 10000
            [LIMIT] => 10000
        )

    [Ошибки при выполнении] => Array
(
)

)


PROCESSING Step Complete:
Array
(
    [Дата] => 31.08.2018 07:11:30
    [Сообщение] => 
            Time start: 2018.08.31 07:11:01
            Taked : 10000 cities,
            Loaded from Database: 239451 cities
            Updated: 10000 cities
            Added: 0 cities
            Time end: 2018.08.30 07:11:30
    [Параметры запуска] => Array
        (
            [START] => 20000
            [LIMIT] => 10000
        )

    [Ошибки при выполнении] => Array
(
)

)


PROCESSING Step Complete:
Array
(
    [Дата] => 31.08.2018 07:16:59
    [Сообщение] => 
            Time start: 2018.08.31 07:16:30
            Taked : 10000 cities,
            Loaded from Database: 239451 cities
            Updated: 10000 cities
            Added: 0 cities
            Time end: 2018.08.59 07:16:59
    [Параметры запуска] => Array
        (
            [START] => 30000
            [LIMIT] => 10000
        )

    [Ошибки при выполнении] => Array
(
)

)


PROCESSING Step Complete:
Array
(
    [Дата] => 31.08.2018 07:22:28
    [Сообщение] => 
            Time start: 2018.08.31 07:21:59
            Taked : 10000 cities,
            Loaded from Database: 239451 cities
            Updated: 10000 cities
            Added: 0 cities
            Time end: 2018.08.28 07:22:28
    [Параметры запуска] => Array
        (
            [START] => 40000
            [LIMIT] => 10000
        )

    [Ошибки при выполнении] => Array
(
)

)


PROCESSING Step Complete:
Array
(
    [Дата] => 31.08.2018 07:27:56
    [Сообщение] => 
            Time start: 2018.08.31 07:27:28
            Taked : 10000 cities,
            Loaded from Database: 239451 cities
            Updated: 10000 cities
            Added: 0 cities
            Time end: 2018.08.56 07:27:56
    [Параметры запуска] => Array
        (
            [START] => 50000
            [LIMIT] => 10000
        )

    [Ошибки при выполнении] => Array
(
)

)


PROCESSING Step Complete:
Array
(
    [Дата] => 31.08.2018 07:33:25
    [Сообщение] => 
            Time start: 2018.08.31 07:32:56
            Taked : 10000 cities,
            Loaded from Database: 239451 cities
            Updated: 10000 cities
            Added: 0 cities
            Time end: 2018.08.25 07:33:25
    [Параметры запуска] => Array
        (
            [START] => 60000
            [LIMIT] => 10000
        )

    [Ошибки при выполнении] => Array
(
)

)


PROCESSING Step Complete:
Array
(
    [Дата] => 31.08.2018 07:38:55
    [Сообщение] => 
            Time start: 2018.08.31 07:38:25
            Taked : 10000 cities,
            Loaded from Database: 239451 cities
            Updated: 10000 cities
            Added: 0 cities
            Time end: 2018.08.55 07:38:55
    [Параметры запуска] => Array
        (
            [START] => 70000
            [LIMIT] => 10000
        )

    [Ошибки при выполнении] => Array
(
)

)


PROCESSING Step Complete:
Array
(
    [Дата] => 31.08.2018 07:44:24
    [Сообщение] => 
            Time start: 2018.08.31 07:43:55
            Taked : 10000 cities,
            Loaded from Database: 239451 cities
            Updated: 10000 cities
            Added: 0 cities
            Time end: 2018.08.24 07:44:24
    [Параметры запуска] => Array
        (
            [START] => 80000
            [LIMIT] => 10000
        )

    [Ошибки при выполнении] => Array
(
)

)


PROCESSING Step Complete:
Array
(
    [Дата] => 31.08.2018 07:49:52
    [Сообщение] => 
            Time start: 2018.08.31 07:49:24
            Taked : 10000 cities,
            Loaded from Database: 239451 cities
            Updated: 10000 cities
            Added: 0 cities
            Time end: 2018.08.52 07:49:52
    [Параметры запуска] => Array
        (
            [START] => 90000
            [LIMIT] => 10000
        )

    [Ошибки при выполнении] => Array
(
)

)


PROCESSING Step Complete:
Array
(
    [Дата] => 31.08.2018 07:55:21
    [Сообщение] => 
            Time start: 2018.08.31 07:54:53
            Taked : 10000 cities,
            Loaded from Database: 239451 cities
            Updated: 10000 cities
            Added: 0 cities
            Time end: 2018.08.21 07:55:21
    [Параметры запуска] => Array
        (
            [START] => 100000
            [LIMIT] => 10000
        )

    [Ошибки при выполнении] => Array
(
)

)


PROCESSING Step Complete:
Array
(
    [Дата] => 31.08.2018 08:00:49
    [Сообщение] => 
            Time start: 2018.08.31 08:00:21
            Taked : 10000 cities,
            Loaded from Database: 239451 cities
            Updated: 10000 cities
            Added: 0 cities
            Time end: 2018.08.49 08:00:49
    [Параметры запуска] => Array
        (
            [START] => 110000
            [LIMIT] => 10000
        )

    [Ошибки при выполнении] => Array
(
)

)


PROCESSING Step Complete:
Array
(
    [Дата] => 31.08.2018 08:06:18
    [Сообщение] => 
            Time start: 2018.08.31 08:05:49
            Taked : 10000 cities,
            Loaded from Database: 239451 cities
            Updated: 10000 cities
            Added: 0 cities
            Time end: 2018.08.18 08:06:18
    [Параметры запуска] => Array
        (
            [START] => 120000
            [LIMIT] => 10000
        )

    [Ошибки при выполнении] => Array
(
)

)


PROCESSING Step Complete:
Array
(
    [Дата] => 31.08.2018 08:11:47
    [Сообщение] => 
            Time start: 2018.08.31 08:11:18
            Taked : 10000 cities,
            Loaded from Database: 239451 cities
            Updated: 10000 cities
            Added: 0 cities
            Time end: 2018.08.47 08:11:47
    [Параметры запуска] => Array
        (
            [START] => 130000
            [LIMIT] => 10000
        )

    [Ошибки при выполнении] => Array
(
)

)


PROCESSING Step Complete:
Array
(
    [Дата] => 31.08.2018 08:17:16
    [Сообщение] => 
            Time start: 2018.08.31 08:16:48
            Taked : 10000 cities,
            Loaded from Database: 239451 cities
            Updated: 10000 cities
            Added: 0 cities
            Time end: 2018.08.16 08:17:16
    [Параметры запуска] => Array
        (
            [START] => 140000
            [LIMIT] => 10000
        )

    [Ошибки при выполнении] => Array
(
)

)


PROCESSING Step Complete:
Array
(
    [Дата] => 31.08.2018 08:22:46
    [Сообщение] => 
            Time start: 2018.08.31 08:22:17
            Taked : 10000 cities,
            Loaded from Database: 239451 cities
            Updated: 10000 cities
            Added: 0 cities
            Time end: 2018.08.46 08:22:46
    [Параметры запуска] => Array
        (
            [START] => 150000
            [LIMIT] => 10000
        )

    [Ошибки при выполнении] => Array
(
)

)


PROCESSING Step Complete:
Array
(
    [Дата] => 31.08.2018 08:28:15
    [Сообщение] => 
            Time start: 2018.08.31 08:27:46
            Taked : 10000 cities,
            Loaded from Database: 239451 cities
            Updated: 10000 cities
            Added: 0 cities
            Time end: 2018.08.15 08:28:15
    [Параметры запуска] => Array
        (
            [START] => 160000
            [LIMIT] => 10000
        )

    [Ошибки при выполнении] => Array
(
)

)


PROCESSING Step Complete:
Array
(
    [Дата] => 31.08.2018 08:33:44
    [Сообщение] => 
            Time start: 2018.08.31 08:33:15
            Taked : 10000 cities,
            Loaded from Database: 239451 cities
            Updated: 10000 cities
            Added: 0 cities
            Time end: 2018.08.44 08:33:44
    [Параметры запуска] => Array
        (
            [START] => 170000
            [LIMIT] => 10000
        )

    [Ошибки при выполнении] => Array
(
)

)


PROCESSING Step Complete:
Array
(
    [Дата] => 31.08.2018 08:39:13
    [Сообщение] => 
            Time start: 2018.08.31 08:38:44
            Taked : 10000 cities,
            Loaded from Database: 239451 cities
            Updated: 10000 cities
            Added: 0 cities
            Time end: 2018.08.13 08:39:13
    [Параметры запуска] => Array
        (
            [START] => 180000
            [LIMIT] => 10000
        )

    [Ошибки при выполнении] => Array
(
)

)


PROCESSING Step Complete:
Array
(
    [Дата] => 31.08.2018 08:44:43
    [Сообщение] => 
            Time start: 2018.08.31 08:44:13
            Taked : 10000 cities,
            Loaded from Database: 239451 cities
            Updated: 10000 cities
            Added: 0 cities
            Time end: 2018.08.43 08:44:43
    [Параметры запуска] => Array
        (
            [START] => 190000
            [LIMIT] => 10000
        )

    [Ошибки при выполнении] => Array
(
)

)


PROCESSING Step Complete:
Array
(
    [Дата] => 31.08.2018 08:50:13
    [Сообщение] => 
            Time start: 2018.08.31 08:49:44
            Taked : 10000 cities,
            Loaded from Database: 239451 cities
            Updated: 10000 cities
            Added: 0 cities
            Time end: 2018.08.13 08:50:13
    [Параметры запуска] => Array
        (
            [START] => 200000
            [LIMIT] => 10000
        )

    [Ошибки при выполнении] => Array
(
)

)


PROCESSING Step Complete:
Array
(
    [Дата] => 31.08.2018 08:55:42
    [Сообщение] => 
            Time start: 2018.08.31 08:55:13
            Taked : 10000 cities,
            Loaded from Database: 239451 cities
            Updated: 10000 cities
            Added: 0 cities
            Time end: 2018.08.42 08:55:42
    [Параметры запуска] => Array
        (
            [START] => 210000
            [LIMIT] => 10000
        )

    [Ошибки при выполнении] => Array
(
)

)


PROCESSING Step Complete:
Array
(
    [Дата] => 31.08.2018 09:01:12
    [Сообщение] => 
            Time start: 2018.08.31 09:00:42
            Taked : 10000 cities,
            Loaded from Database: 239451 cities
            Updated: 10000 cities
            Added: 0 cities
            Time end: 2018.08.12 09:01:12
    [Параметры запуска] => Array
        (
            [START] => 220000
            [LIMIT] => 10000
        )

    [Ошибки при выполнении] => Array
(
)

)


PROCESSING Complete:
Array
(
    [Дата] => 31.08.2018 09:06:40
    [Сообщение] => 
            Time start: 2018.08.31 09:06:12
            Taked : 9451 cities,
            Loaded from Database: 239451 cities
            Deleted: 0 cities,
            Updated: 9451 cities
            Added: 0 cities
            Time end: 2018.08.40 09:06:40
    [Параметры запуска] => Array
        (
            [START] => 230000
            [LIMIT] => 10000
        )

    [Ошибки при выполнении] => Array
(
)

)


