TRIGGER Complete:
Array
(
    [Дата] => 30.05.2018 07:00:02
    [Сообщение] => TRIGGER START
)


PROCESSING Step Complete:
Array
(
    [Дата] => 30.05.2018 07:00:16
    [Сообщение] => 
            Time start: 2018.05.30 07:00:02
            Taked : 10000 cities,
            Loaded from Database: 238540 cities
            Updated: 10000 cities
            Added: 0 cities
            Time end: 2018.05.16 07:00:16
    [Параметры запуска] => Array
        (
            [START] => 0
            [LIMIT] => 10000
        )

    [Ошибки при выполнении] => Array
(
)

)


PROCESSING Step Complete:
Array
(
    [Дата] => 30.05.2018 07:05:31
    [Сообщение] => 
            Time start: 2018.05.30 07:05:17
            Taked : 10000 cities,
            Loaded from Database: 238540 cities
            Updated: 10000 cities
            Added: 0 cities
            Time end: 2018.05.31 07:05:31
    [Параметры запуска] => Array
        (
            [START] => 10000
            [LIMIT] => 10000
        )

    [Ошибки при выполнении] => Array
(
)

)


PROCESSING Step Complete:
Array
(
    [Дата] => 30.05.2018 07:10:46
    [Сообщение] => 
            Time start: 2018.05.30 07:10:31
            Taked : 10000 cities,
            Loaded from Database: 238540 cities
            Updated: 10000 cities
            Added: 0 cities
            Time end: 2018.05.46 07:10:46
    [Параметры запуска] => Array
        (
            [START] => 20000
            [LIMIT] => 10000
        )

    [Ошибки при выполнении] => Array
(
)

)


PROCESSING Step Complete:
Array
(
    [Дата] => 30.05.2018 07:15:59
    [Сообщение] => 
            Time start: 2018.05.30 07:15:46
            Taked : 10000 cities,
            Loaded from Database: 238540 cities
            Updated: 10000 cities
            Added: 0 cities
            Time end: 2018.05.59 07:15:59
    [Параметры запуска] => Array
        (
            [START] => 30000
            [LIMIT] => 10000
        )

    [Ошибки при выполнении] => Array
(
)

)


PROCESSING Step Complete:
Array
(
    [Дата] => 30.05.2018 07:21:14
    [Сообщение] => 
            Time start: 2018.05.30 07:20:59
            Taked : 10000 cities,
            Loaded from Database: 238540 cities
            Updated: 10000 cities
            Added: 0 cities
            Time end: 2018.05.14 07:21:14
    [Параметры запуска] => Array
        (
            [START] => 40000
            [LIMIT] => 10000
        )

    [Ошибки при выполнении] => Array
(
)

)


PROCESSING Step Complete:
Array
(
    [Дата] => 30.05.2018 07:26:28
    [Сообщение] => 
            Time start: 2018.05.30 07:26:14
            Taked : 10000 cities,
            Loaded from Database: 238540 cities
            Updated: 10000 cities
            Added: 0 cities
            Time end: 2018.05.28 07:26:28
    [Параметры запуска] => Array
        (
            [START] => 50000
            [LIMIT] => 10000
        )

    [Ошибки при выполнении] => Array
(
)

)


PROCESSING Step Complete:
Array
(
    [Дата] => 30.05.2018 07:31:43
    [Сообщение] => 
            Time start: 2018.05.30 07:31:28
            Taked : 10000 cities,
            Loaded from Database: 238540 cities
            Updated: 10000 cities
            Added: 0 cities
            Time end: 2018.05.43 07:31:43
    [Параметры запуска] => Array
        (
            [START] => 60000
            [LIMIT] => 10000
        )

    [Ошибки при выполнении] => Array
(
)

)


PROCESSING Step Complete:
Array
(
    [Дата] => 30.05.2018 07:36:57
    [Сообщение] => 
            Time start: 2018.05.30 07:36:43
            Taked : 10000 cities,
            Loaded from Database: 238540 cities
            Updated: 10000 cities
            Added: 0 cities
            Time end: 2018.05.57 07:36:57
    [Параметры запуска] => Array
        (
            [START] => 70000
            [LIMIT] => 10000
        )

    [Ошибки при выполнении] => Array
(
)

)


PROCESSING Step Complete:
Array
(
    [Дата] => 30.05.2018 07:42:12
    [Сообщение] => 
            Time start: 2018.05.30 07:41:57
            Taked : 10000 cities,
            Loaded from Database: 238540 cities
            Updated: 10000 cities
            Added: 0 cities
            Time end: 2018.05.12 07:42:12
    [Параметры запуска] => Array
        (
            [START] => 80000
            [LIMIT] => 10000
        )

    [Ошибки при выполнении] => Array
(
)

)


PROCESSING Step Complete:
Array
(
    [Дата] => 30.05.2018 07:47:26
    [Сообщение] => 
            Time start: 2018.05.30 07:47:12
            Taked : 10000 cities,
            Loaded from Database: 238540 cities
            Updated: 10000 cities
            Added: 0 cities
            Time end: 2018.05.26 07:47:26
    [Параметры запуска] => Array
        (
            [START] => 90000
            [LIMIT] => 10000
        )

    [Ошибки при выполнении] => Array
(
)

)


PROCESSING Step Complete:
Array
(
    [Дата] => 30.05.2018 07:52:40
    [Сообщение] => 
            Time start: 2018.05.30 07:52:26
            Taked : 10000 cities,
            Loaded from Database: 238540 cities
            Updated: 10000 cities
            Added: 0 cities
            Time end: 2018.05.40 07:52:40
    [Параметры запуска] => Array
        (
            [START] => 100000
            [LIMIT] => 10000
        )

    [Ошибки при выполнении] => Array
(
)

)


PROCESSING Step Complete:
Array
(
    [Дата] => 30.05.2018 07:57:55
    [Сообщение] => 
            Time start: 2018.05.30 07:57:40
            Taked : 10000 cities,
            Loaded from Database: 238540 cities
            Updated: 10000 cities
            Added: 0 cities
            Time end: 2018.05.55 07:57:55
    [Параметры запуска] => Array
        (
            [START] => 110000
            [LIMIT] => 10000
        )

    [Ошибки при выполнении] => Array
(
)

)


PROCESSING Step Complete:
Array
(
    [Дата] => 30.05.2018 08:03:09
    [Сообщение] => 
            Time start: 2018.05.30 08:02:55
            Taked : 10000 cities,
            Loaded from Database: 238540 cities
            Updated: 10000 cities
            Added: 0 cities
            Time end: 2018.05.09 08:03:09
    [Параметры запуска] => Array
        (
            [START] => 120000
            [LIMIT] => 10000
        )

    [Ошибки при выполнении] => Array
(
)

)


PROCESSING Step Complete:
Array
(
    [Дата] => 30.05.2018 08:08:24
    [Сообщение] => 
            Time start: 2018.05.30 08:08:09
            Taked : 10000 cities,
            Loaded from Database: 238540 cities
            Updated: 10000 cities
            Added: 0 cities
            Time end: 2018.05.24 08:08:24
    [Параметры запуска] => Array
        (
            [START] => 130000
            [LIMIT] => 10000
        )

    [Ошибки при выполнении] => Array
(
)

)


PROCESSING Step Complete:
Array
(
    [Дата] => 30.05.2018 08:13:38
    [Сообщение] => 
            Time start: 2018.05.30 08:13:24
            Taked : 10000 cities,
            Loaded from Database: 238540 cities
            Updated: 10000 cities
            Added: 0 cities
            Time end: 2018.05.38 08:13:38
    [Параметры запуска] => Array
        (
            [START] => 140000
            [LIMIT] => 10000
        )

    [Ошибки при выполнении] => Array
(
)

)


PROCESSING Step Complete:
Array
(
    [Дата] => 30.05.2018 08:18:52
    [Сообщение] => 
            Time start: 2018.05.30 08:18:39
            Taked : 10000 cities,
            Loaded from Database: 238540 cities
            Updated: 10000 cities
            Added: 0 cities
            Time end: 2018.05.52 08:18:52
    [Параметры запуска] => Array
        (
            [START] => 150000
            [LIMIT] => 10000
        )

    [Ошибки при выполнении] => Array
(
)

)


PROCESSING Step Complete:
Array
(
    [Дата] => 30.05.2018 08:24:06
    [Сообщение] => 
            Time start: 2018.05.30 08:23:52
            Taked : 10000 cities,
            Loaded from Database: 238540 cities
            Updated: 10000 cities
            Added: 0 cities
            Time end: 2018.05.06 08:24:06
    [Параметры запуска] => Array
        (
            [START] => 160000
            [LIMIT] => 10000
        )

    [Ошибки при выполнении] => Array
(
)

)


PROCESSING Step Complete:
Array
(
    [Дата] => 30.05.2018 08:29:21
    [Сообщение] => 
            Time start: 2018.05.30 08:29:06
            Taked : 10000 cities,
            Loaded from Database: 238540 cities
            Updated: 10000 cities
            Added: 0 cities
            Time end: 2018.05.21 08:29:21
    [Параметры запуска] => Array
        (
            [START] => 170000
            [LIMIT] => 10000
        )

    [Ошибки при выполнении] => Array
(
)

)


PROCESSING Step Complete:
Array
(
    [Дата] => 30.05.2018 08:34:35
    [Сообщение] => 
            Time start: 2018.05.30 08:34:21
            Taked : 10000 cities,
            Loaded from Database: 238540 cities
            Updated: 10000 cities
            Added: 0 cities
            Time end: 2018.05.35 08:34:35
    [Параметры запуска] => Array
        (
            [START] => 180000
            [LIMIT] => 10000
        )

    [Ошибки при выполнении] => Array
(
)

)


PROCESSING Step Complete:
Array
(
    [Дата] => 30.05.2018 08:39:49
    [Сообщение] => 
            Time start: 2018.05.30 08:39:35
            Taked : 10000 cities,
            Loaded from Database: 238540 cities
            Updated: 10000 cities
            Added: 0 cities
            Time end: 2018.05.49 08:39:49
    [Параметры запуска] => Array
        (
            [START] => 190000
            [LIMIT] => 10000
        )

    [Ошибки при выполнении] => Array
(
)

)


PROCESSING Step Complete:
Array
(
    [Дата] => 30.05.2018 08:45:04
    [Сообщение] => 
            Time start: 2018.05.30 08:44:49
            Taked : 10000 cities,
            Loaded from Database: 238540 cities
            Updated: 10000 cities
            Added: 0 cities
            Time end: 2018.05.04 08:45:04
    [Параметры запуска] => Array
        (
            [START] => 200000
            [LIMIT] => 10000
        )

    [Ошибки при выполнении] => Array
(
)

)


PROCESSING Step Complete:
Array
(
    [Дата] => 30.05.2018 08:50:17
    [Сообщение] => 
            Time start: 2018.05.30 08:50:04
            Taked : 10000 cities,
            Loaded from Database: 238540 cities
            Updated: 9998 cities
            Added: 2 cities
            Time end: 2018.05.17 08:50:17
    [Параметры запуска] => Array
        (
            [START] => 210000
            [LIMIT] => 10000
        )

    [Ошибки при выполнении] => Array
(
)

)


PROCESSING Step Complete:
Array
(
    [Дата] => 30.05.2018 08:55:32
    [Сообщение] => 
            Time start: 2018.05.30 08:55:18
            Taked : 10000 cities,
            Loaded from Database: 238542 cities
            Updated: 10000 cities
            Added: 0 cities
            Time end: 2018.05.32 08:55:32
    [Параметры запуска] => Array
        (
            [START] => 220000
            [LIMIT] => 10000
        )

    [Ошибки при выполнении] => Array
(
)

)


PROCESSING Complete:
Array
(
    [Дата] => 30.05.2018 09:00:45
    [Сообщение] => 
            Time start: 2018.05.30 09:00:32
            Taked : 8542 cities,
            Loaded from Database: 238542 cities
            Deleted: 0 cities,
            Updated: 8542 cities
            Added: 0 cities
            Time end: 2018.05.45 09:00:45
    [Параметры запуска] => Array
        (
            [START] => 230000
            [LIMIT] => 10000
        )

    [Ошибки при выполнении] => Array
(
)

)


