TRIGGER Complete:
Array
(
    [Дата] => 06.09.2018 07:00:03
    [Сообщение] => TRIGGER START
)


PROCESSING Step Complete:
Array
(
    [Дата] => 06.09.2018 07:00:32
    [Сообщение] => 
            Time start: 2018.09.06 07:00:03
            Taked : 10000 cities,
            Loaded from Database: 239459 cities
            Updated: 10000 cities
            Added: 0 cities
            Time end: 2018.09.32 07:00:32
    [Параметры запуска] => Array
        (
            [START] => 0
            [LIMIT] => 10000
        )

    [Ошибки при выполнении] => Array
(
)

)


PROCESSING Step Complete:
Array
(
    [Дата] => 06.09.2018 07:06:01
    [Сообщение] => 
            Time start: 2018.09.06 07:05:32
            Taked : 10000 cities,
            Loaded from Database: 239459 cities
            Updated: 10000 cities
            Added: 0 cities
            Time end: 2018.09.01 07:06:01
    [Параметры запуска] => Array
        (
            [START] => 10000
            [LIMIT] => 10000
        )

    [Ошибки при выполнении] => Array
(
)

)


PROCESSING Step Complete:
Array
(
    [Дата] => 06.09.2018 07:11:31
    [Сообщение] => 
            Time start: 2018.09.06 07:11:02
            Taked : 10000 cities,
            Loaded from Database: 239459 cities
            Updated: 10000 cities
            Added: 0 cities
            Time end: 2018.09.31 07:11:31
    [Параметры запуска] => Array
        (
            [START] => 20000
            [LIMIT] => 10000
        )

    [Ошибки при выполнении] => Array
(
)

)


PROCESSING Step Complete:
Array
(
    [Дата] => 06.09.2018 07:17:00
    [Сообщение] => 
            Time start: 2018.09.06 07:16:31
            Taked : 10000 cities,
            Loaded from Database: 239459 cities
            Updated: 10000 cities
            Added: 0 cities
            Time end: 2018.09.00 07:17:00
    [Параметры запуска] => Array
        (
            [START] => 30000
            [LIMIT] => 10000
        )

    [Ошибки при выполнении] => Array
(
)

)


PROCESSING Step Complete:
Array
(
    [Дата] => 06.09.2018 07:22:29
    [Сообщение] => 
            Time start: 2018.09.06 07:22:00
            Taked : 10000 cities,
            Loaded from Database: 239459 cities
            Updated: 10000 cities
            Added: 0 cities
            Time end: 2018.09.29 07:22:29
    [Параметры запуска] => Array
        (
            [START] => 40000
            [LIMIT] => 10000
        )

    [Ошибки при выполнении] => Array
(
)

)


PROCESSING Step Complete:
Array
(
    [Дата] => 06.09.2018 07:27:57
    [Сообщение] => 
            Time start: 2018.09.06 07:27:29
            Taked : 10000 cities,
            Loaded from Database: 239459 cities
            Updated: 10000 cities
            Added: 0 cities
            Time end: 2018.09.57 07:27:57
    [Параметры запуска] => Array
        (
            [START] => 50000
            [LIMIT] => 10000
        )

    [Ошибки при выполнении] => Array
(
)

)


PROCESSING Step Complete:
Array
(
    [Дата] => 06.09.2018 07:33:26
    [Сообщение] => 
            Time start: 2018.09.06 07:32:57
            Taked : 10000 cities,
            Loaded from Database: 239459 cities
            Updated: 10000 cities
            Added: 0 cities
            Time end: 2018.09.26 07:33:26
    [Параметры запуска] => Array
        (
            [START] => 60000
            [LIMIT] => 10000
        )

    [Ошибки при выполнении] => Array
(
)

)


PROCESSING Step Complete:
Array
(
    [Дата] => 06.09.2018 07:38:55
    [Сообщение] => 
            Time start: 2018.09.06 07:38:26
            Taked : 10000 cities,
            Loaded from Database: 239459 cities
            Updated: 10000 cities
            Added: 0 cities
            Time end: 2018.09.55 07:38:55
    [Параметры запуска] => Array
        (
            [START] => 70000
            [LIMIT] => 10000
        )

    [Ошибки при выполнении] => Array
(
)

)


PROCESSING Step Complete:
Array
(
    [Дата] => 06.09.2018 07:44:26
    [Сообщение] => 
            Time start: 2018.09.06 07:43:56
            Taked : 10000 cities,
            Loaded from Database: 239459 cities
            Updated: 10000 cities
            Added: 0 cities
            Time end: 2018.09.26 07:44:26
    [Параметры запуска] => Array
        (
            [START] => 80000
            [LIMIT] => 10000
        )

    [Ошибки при выполнении] => Array
(
)

)


PROCESSING Step Complete:
Array
(
    [Дата] => 06.09.2018 07:49:55
    [Сообщение] => 
            Time start: 2018.09.06 07:49:26
            Taked : 10000 cities,
            Loaded from Database: 239459 cities
            Updated: 10000 cities
            Added: 0 cities
            Time end: 2018.09.55 07:49:55
    [Параметры запуска] => Array
        (
            [START] => 90000
            [LIMIT] => 10000
        )

    [Ошибки при выполнении] => Array
(
)

)


PROCESSING Step Complete:
Array
(
    [Дата] => 06.09.2018 07:55:24
    [Сообщение] => 
            Time start: 2018.09.06 07:54:55
            Taked : 10000 cities,
            Loaded from Database: 239459 cities
            Updated: 10000 cities
            Added: 0 cities
            Time end: 2018.09.24 07:55:24
    [Параметры запуска] => Array
        (
            [START] => 100000
            [LIMIT] => 10000
        )

    [Ошибки при выполнении] => Array
(
)

)


PROCESSING Step Complete:
Array
(
    [Дата] => 06.09.2018 08:00:53
    [Сообщение] => 
            Time start: 2018.09.06 08:00:24
            Taked : 10000 cities,
            Loaded from Database: 239459 cities
            Updated: 10000 cities
            Added: 0 cities
            Time end: 2018.09.53 08:00:53
    [Параметры запуска] => Array
        (
            [START] => 110000
            [LIMIT] => 10000
        )

    [Ошибки при выполнении] => Array
(
)

)


PROCESSING Step Complete:
Array
(
    [Дата] => 06.09.2018 08:06:22
    [Сообщение] => 
            Time start: 2018.09.06 08:05:53
            Taked : 10000 cities,
            Loaded from Database: 239459 cities
            Updated: 10000 cities
            Added: 0 cities
            Time end: 2018.09.22 08:06:22
    [Параметры запуска] => Array
        (
            [START] => 120000
            [LIMIT] => 10000
        )

    [Ошибки при выполнении] => Array
(
)

)


PROCESSING Step Complete:
Array
(
    [Дата] => 06.09.2018 08:11:51
    [Сообщение] => 
            Time start: 2018.09.06 08:11:22
            Taked : 10000 cities,
            Loaded from Database: 239459 cities
            Updated: 10000 cities
            Added: 0 cities
            Time end: 2018.09.51 08:11:51
    [Параметры запуска] => Array
        (
            [START] => 130000
            [LIMIT] => 10000
        )

    [Ошибки при выполнении] => Array
(
)

)


PROCESSING Step Complete:
Array
(
    [Дата] => 06.09.2018 08:17:21
    [Сообщение] => 
            Time start: 2018.09.06 08:16:51
            Taked : 10000 cities,
            Loaded from Database: 239459 cities
            Updated: 10000 cities
            Added: 0 cities
            Time end: 2018.09.21 08:17:21
    [Параметры запуска] => Array
        (
            [START] => 140000
            [LIMIT] => 10000
        )

    [Ошибки при выполнении] => Array
(
)

)


PROCESSING Step Complete:
Array
(
    [Дата] => 06.09.2018 08:22:50
    [Сообщение] => 
            Time start: 2018.09.06 08:22:21
            Taked : 10000 cities,
            Loaded from Database: 239459 cities
            Updated: 10000 cities
            Added: 0 cities
            Time end: 2018.09.50 08:22:50
    [Параметры запуска] => Array
        (
            [START] => 150000
            [LIMIT] => 10000
        )

    [Ошибки при выполнении] => Array
(
)

)


PROCESSING Step Complete:
Array
(
    [Дата] => 06.09.2018 08:28:19
    [Сообщение] => 
            Time start: 2018.09.06 08:27:50
            Taked : 10000 cities,
            Loaded from Database: 239459 cities
            Updated: 10000 cities
            Added: 0 cities
            Time end: 2018.09.19 08:28:19
    [Параметры запуска] => Array
        (
            [START] => 160000
            [LIMIT] => 10000
        )

    [Ошибки при выполнении] => Array
(
)

)


PROCESSING Step Complete:
Array
(
    [Дата] => 06.09.2018 08:33:48
    [Сообщение] => 
            Time start: 2018.09.06 08:33:19
            Taked : 10000 cities,
            Loaded from Database: 239459 cities
            Updated: 10000 cities
            Added: 0 cities
            Time end: 2018.09.48 08:33:48
    [Параметры запуска] => Array
        (
            [START] => 170000
            [LIMIT] => 10000
        )

    [Ошибки при выполнении] => Array
(
)

)


PROCESSING Step Complete:
Array
(
    [Дата] => 06.09.2018 08:39:17
    [Сообщение] => 
            Time start: 2018.09.06 08:38:48
            Taked : 10000 cities,
            Loaded from Database: 239459 cities
            Updated: 10000 cities
            Added: 0 cities
            Time end: 2018.09.17 08:39:17
    [Параметры запуска] => Array
        (
            [START] => 180000
            [LIMIT] => 10000
        )

    [Ошибки при выполнении] => Array
(
)

)


PROCESSING Step Complete:
Array
(
    [Дата] => 06.09.2018 08:44:47
    [Сообщение] => 
            Time start: 2018.09.06 08:44:17
            Taked : 10000 cities,
            Loaded from Database: 239459 cities
            Updated: 10000 cities
            Added: 0 cities
            Time end: 2018.09.47 08:44:47
    [Параметры запуска] => Array
        (
            [START] => 190000
            [LIMIT] => 10000
        )

    [Ошибки при выполнении] => Array
(
)

)


PROCESSING Step Complete:
Array
(
    [Дата] => 06.09.2018 08:50:16
    [Сообщение] => 
            Time start: 2018.09.06 08:49:47
            Taked : 10000 cities,
            Loaded from Database: 239459 cities
            Updated: 9997 cities
            Added: 3 cities
            Time end: 2018.09.16 08:50:16
    [Параметры запуска] => Array
        (
            [START] => 200000
            [LIMIT] => 10000
        )

    [Ошибки при выполнении] => Array
(
)

)


PROCESSING Step Complete:
Array
(
    [Дата] => 06.09.2018 08:55:44
    [Сообщение] => 
            Time start: 2018.09.06 08:55:16
            Taked : 10000 cities,
            Loaded from Database: 239462 cities
            Updated: 10000 cities
            Added: 0 cities
            Time end: 2018.09.44 08:55:44
    [Параметры запуска] => Array
        (
            [START] => 210000
            [LIMIT] => 10000
        )

    [Ошибки при выполнении] => Array
(
)

)


PROCESSING Step Complete:
Array
(
    [Дата] => 06.09.2018 09:01:14
    [Сообщение] => 
            Time start: 2018.09.06 09:00:45
            Taked : 10000 cities,
            Loaded from Database: 239462 cities
            Updated: 10000 cities
            Added: 0 cities
            Time end: 2018.09.14 09:01:14
    [Параметры запуска] => Array
        (
            [START] => 220000
            [LIMIT] => 10000
        )

    [Ошибки при выполнении] => Array
(
)

)


PROCESSING Complete:
Array
(
    [Дата] => 06.09.2018 09:06:41
    [Сообщение] => 
            Time start: 2018.09.06 09:06:14
            Taked : 9462 cities,
            Loaded from Database: 239462 cities
            Deleted: 0 cities,
            Updated: 9462 cities
            Added: 0 cities
            Time end: 2018.09.41 09:06:41
    [Параметры запуска] => Array
        (
            [START] => 230000
            [LIMIT] => 10000
        )

    [Ошибки при выполнении] => Array
(
)

)


