TRIGGER Complete:
Array
(
    [Дата] => 26.08.2018 07:00:03
    [Сообщение] => TRIGGER START
)


PROCESSING Step Complete:
Array
(
    [Дата] => 26.08.2018 07:00:31
    [Сообщение] => 
            Time start: 2018.08.26 07:00:03
            Taked : 10000 cities,
            Loaded from Database: 239445 cities
            Updated: 10000 cities
            Added: 0 cities
            Time end: 2018.08.31 07:00:31
    [Параметры запуска] => Array
        (
            [START] => 0
            [LIMIT] => 10000
        )

    [Ошибки при выполнении] => Array
(
)

)


PROCESSING Step Complete:
Array
(
    [Дата] => 26.08.2018 07:06:00
    [Сообщение] => 
            Time start: 2018.08.26 07:05:32
            Taked : 10000 cities,
            Loaded from Database: 239445 cities
            Updated: 10000 cities
            Added: 0 cities
            Time end: 2018.08.00 07:06:00
    [Параметры запуска] => Array
        (
            [START] => 10000
            [LIMIT] => 10000
        )

    [Ошибки при выполнении] => Array
(
)

)


PROCESSING Step Complete:
Array
(
    [Дата] => 26.08.2018 07:11:29
    [Сообщение] => 
            Time start: 2018.08.26 07:11:00
            Taked : 10000 cities,
            Loaded from Database: 239445 cities
            Updated: 10000 cities
            Added: 0 cities
            Time end: 2018.08.29 07:11:29
    [Параметры запуска] => Array
        (
            [START] => 20000
            [LIMIT] => 10000
        )

    [Ошибки при выполнении] => Array
(
)

)


PROCESSING Step Complete:
Array
(
    [Дата] => 26.08.2018 07:16:57
    [Сообщение] => 
            Time start: 2018.08.26 07:16:29
            Taked : 10000 cities,
            Loaded from Database: 239445 cities
            Updated: 10000 cities
            Added: 0 cities
            Time end: 2018.08.57 07:16:57
    [Параметры запуска] => Array
        (
            [START] => 30000
            [LIMIT] => 10000
        )

    [Ошибки при выполнении] => Array
(
)

)


PROCESSING Step Complete:
Array
(
    [Дата] => 26.08.2018 07:22:26
    [Сообщение] => 
            Time start: 2018.08.26 07:21:57
            Taked : 10000 cities,
            Loaded from Database: 239445 cities
            Updated: 10000 cities
            Added: 0 cities
            Time end: 2018.08.26 07:22:26
    [Параметры запуска] => Array
        (
            [START] => 40000
            [LIMIT] => 10000
        )

    [Ошибки при выполнении] => Array
(
)

)


PROCESSING Step Complete:
Array
(
    [Дата] => 26.08.2018 07:27:55
    [Сообщение] => 
            Time start: 2018.08.26 07:27:26
            Taked : 10000 cities,
            Loaded from Database: 239445 cities
            Updated: 10000 cities
            Added: 0 cities
            Time end: 2018.08.55 07:27:55
    [Параметры запуска] => Array
        (
            [START] => 50000
            [LIMIT] => 10000
        )

    [Ошибки при выполнении] => Array
(
)

)


PROCESSING Step Complete:
Array
(
    [Дата] => 26.08.2018 07:33:25
    [Сообщение] => 
            Time start: 2018.08.26 07:32:56
            Taked : 10000 cities,
            Loaded from Database: 239445 cities
            Updated: 10000 cities
            Added: 0 cities
            Time end: 2018.08.25 07:33:25
    [Параметры запуска] => Array
        (
            [START] => 60000
            [LIMIT] => 10000
        )

    [Ошибки при выполнении] => Array
(
)

)


PROCESSING Step Complete:
Array
(
    [Дата] => 26.08.2018 07:38:54
    [Сообщение] => 
            Time start: 2018.08.26 07:38:25
            Taked : 10000 cities,
            Loaded from Database: 239445 cities
            Updated: 10000 cities
            Added: 0 cities
            Time end: 2018.08.54 07:38:54
    [Параметры запуска] => Array
        (
            [START] => 70000
            [LIMIT] => 10000
        )

    [Ошибки при выполнении] => Array
(
)

)


PROCESSING Step Complete:
Array
(
    [Дата] => 26.08.2018 07:44:23
    [Сообщение] => 
            Time start: 2018.08.26 07:43:55
            Taked : 10000 cities,
            Loaded from Database: 239445 cities
            Updated: 10000 cities
            Added: 0 cities
            Time end: 2018.08.23 07:44:23
    [Параметры запуска] => Array
        (
            [START] => 80000
            [LIMIT] => 10000
        )

    [Ошибки при выполнении] => Array
(
)

)


PROCESSING Step Complete:
Array
(
    [Дата] => 26.08.2018 07:49:52
    [Сообщение] => 
            Time start: 2018.08.26 07:49:24
            Taked : 10000 cities,
            Loaded from Database: 239445 cities
            Updated: 10000 cities
            Added: 0 cities
            Time end: 2018.08.52 07:49:52
    [Параметры запуска] => Array
        (
            [START] => 90000
            [LIMIT] => 10000
        )

    [Ошибки при выполнении] => Array
(
)

)


PROCESSING Step Complete:
Array
(
    [Дата] => 26.08.2018 07:55:22
    [Сообщение] => 
            Time start: 2018.08.26 07:54:52
            Taked : 10000 cities,
            Loaded from Database: 239445 cities
            Updated: 10000 cities
            Added: 0 cities
            Time end: 2018.08.22 07:55:22
    [Параметры запуска] => Array
        (
            [START] => 100000
            [LIMIT] => 10000
        )

    [Ошибки при выполнении] => Array
(
)

)


PROCESSING Step Complete:
Array
(
    [Дата] => 26.08.2018 08:00:50
    [Сообщение] => 
            Time start: 2018.08.26 08:00:22
            Taked : 10000 cities,
            Loaded from Database: 239445 cities
            Updated: 10000 cities
            Added: 0 cities
            Time end: 2018.08.50 08:00:50
    [Параметры запуска] => Array
        (
            [START] => 110000
            [LIMIT] => 10000
        )

    [Ошибки при выполнении] => Array
(
)

)


PROCESSING Step Complete:
Array
(
    [Дата] => 26.08.2018 08:06:20
    [Сообщение] => 
            Time start: 2018.08.26 08:05:51
            Taked : 10000 cities,
            Loaded from Database: 239445 cities
            Updated: 10000 cities
            Added: 0 cities
            Time end: 2018.08.20 08:06:20
    [Параметры запуска] => Array
        (
            [START] => 120000
            [LIMIT] => 10000
        )

    [Ошибки при выполнении] => Array
(
)

)


PROCESSING Step Complete:
Array
(
    [Дата] => 26.08.2018 08:11:49
    [Сообщение] => 
            Time start: 2018.08.26 08:11:20
            Taked : 10000 cities,
            Loaded from Database: 239445 cities
            Updated: 10000 cities
            Added: 0 cities
            Time end: 2018.08.49 08:11:49
    [Параметры запуска] => Array
        (
            [START] => 130000
            [LIMIT] => 10000
        )

    [Ошибки при выполнении] => Array
(
)

)


PROCESSING Step Complete:
Array
(
    [Дата] => 26.08.2018 08:17:18
    [Сообщение] => 
            Time start: 2018.08.26 08:16:49
            Taked : 10000 cities,
            Loaded from Database: 239445 cities
            Updated: 10000 cities
            Added: 0 cities
            Time end: 2018.08.18 08:17:18
    [Параметры запуска] => Array
        (
            [START] => 140000
            [LIMIT] => 10000
        )

    [Ошибки при выполнении] => Array
(
)

)


PROCESSING Step Complete:
Array
(
    [Дата] => 26.08.2018 08:22:48
    [Сообщение] => 
            Time start: 2018.08.26 08:22:18
            Taked : 10000 cities,
            Loaded from Database: 239445 cities
            Updated: 10000 cities
            Added: 0 cities
            Time end: 2018.08.48 08:22:48
    [Параметры запуска] => Array
        (
            [START] => 150000
            [LIMIT] => 10000
        )

    [Ошибки при выполнении] => Array
(
)

)


PROCESSING Step Complete:
Array
(
    [Дата] => 26.08.2018 08:28:17
    [Сообщение] => 
            Time start: 2018.08.26 08:27:48
            Taked : 10000 cities,
            Loaded from Database: 239445 cities
            Updated: 10000 cities
            Added: 0 cities
            Time end: 2018.08.17 08:28:17
    [Параметры запуска] => Array
        (
            [START] => 160000
            [LIMIT] => 10000
        )

    [Ошибки при выполнении] => Array
(
)

)


PROCESSING Step Complete:
Array
(
    [Дата] => 26.08.2018 08:33:46
    [Сообщение] => 
            Time start: 2018.08.26 08:33:17
            Taked : 10000 cities,
            Loaded from Database: 239445 cities
            Updated: 10000 cities
            Added: 0 cities
            Time end: 2018.08.46 08:33:46
    [Параметры запуска] => Array
        (
            [START] => 170000
            [LIMIT] => 10000
        )

    [Ошибки при выполнении] => Array
(
)

)


PROCESSING Step Complete:
Array
(
    [Дата] => 26.08.2018 08:39:15
    [Сообщение] => 
            Time start: 2018.08.26 08:38:46
            Taked : 10000 cities,
            Loaded from Database: 239445 cities
            Updated: 10000 cities
            Added: 0 cities
            Time end: 2018.08.15 08:39:15
    [Параметры запуска] => Array
        (
            [START] => 180000
            [LIMIT] => 10000
        )

    [Ошибки при выполнении] => Array
(
)

)


PROCESSING Step Complete:
Array
(
    [Дата] => 26.08.2018 08:44:44
    [Сообщение] => 
            Time start: 2018.08.26 08:44:15
            Taked : 10000 cities,
            Loaded from Database: 239445 cities
            Updated: 10000 cities
            Added: 0 cities
            Time end: 2018.08.44 08:44:44
    [Параметры запуска] => Array
        (
            [START] => 190000
            [LIMIT] => 10000
        )

    [Ошибки при выполнении] => Array
(
)

)


PROCESSING Step Complete:
Array
(
    [Дата] => 26.08.2018 08:50:14
    [Сообщение] => 
            Time start: 2018.08.26 08:49:44
            Taked : 10000 cities,
            Loaded from Database: 239445 cities
            Updated: 10000 cities
            Added: 0 cities
            Time end: 2018.08.14 08:50:14
    [Параметры запуска] => Array
        (
            [START] => 200000
            [LIMIT] => 10000
        )

    [Ошибки при выполнении] => Array
(
)

)


PROCESSING Step Complete:
Array
(
    [Дата] => 26.08.2018 08:55:43
    [Сообщение] => 
            Time start: 2018.08.26 08:55:14
            Taked : 10000 cities,
            Loaded from Database: 239445 cities
            Updated: 10000 cities
            Added: 0 cities
            Time end: 2018.08.43 08:55:43
    [Параметры запуска] => Array
        (
            [START] => 210000
            [LIMIT] => 10000
        )

    [Ошибки при выполнении] => Array
(
)

)


PROCESSING Step Complete:
Array
(
    [Дата] => 26.08.2018 09:01:12
    [Сообщение] => 
            Time start: 2018.08.26 09:00:43
            Taked : 10000 cities,
            Loaded from Database: 239445 cities
            Updated: 10000 cities
            Added: 0 cities
            Time end: 2018.08.12 09:01:12
    [Параметры запуска] => Array
        (
            [START] => 220000
            [LIMIT] => 10000
        )

    [Ошибки при выполнении] => Array
(
)

)


PROCESSING Complete:
Array
(
    [Дата] => 26.08.2018 09:06:40
    [Сообщение] => 
            Time start: 2018.08.26 09:06:12
            Taked : 9445 cities,
            Loaded from Database: 239445 cities
            Deleted: 0 cities,
            Updated: 9445 cities
            Added: 0 cities
            Time end: 2018.08.40 09:06:40
    [Параметры запуска] => Array
        (
            [START] => 230000
            [LIMIT] => 10000
        )

    [Ошибки при выполнении] => Array
(
)

)


