TRIGGER Complete:
Array
(
    [Дата] => 14.06.2018 07:00:03
    [Сообщение] => TRIGGER START
)


PROCESSING Step Complete:
Array
(
    [Дата] => 14.06.2018 07:00:17
    [Сообщение] => 
            Time start: 2018.06.14 07:00:03
            Taked : 10000 cities,
            Loaded from Database: 238493 cities
            Updated: 10000 cities
            Added: 0 cities
            Time end: 2018.06.17 07:00:17
    [Параметры запуска] => Array
        (
            [START] => 0
            [LIMIT] => 10000
        )

    [Ошибки при выполнении] => Array
(
)

)


PROCESSING Step Complete:
Array
(
    [Дата] => 14.06.2018 07:05:32
    [Сообщение] => 
            Time start: 2018.06.14 07:05:17
            Taked : 10000 cities,
            Loaded from Database: 238493 cities
            Updated: 10000 cities
            Added: 0 cities
            Time end: 2018.06.32 07:05:32
    [Параметры запуска] => Array
        (
            [START] => 10000
            [LIMIT] => 10000
        )

    [Ошибки при выполнении] => Array
(
)

)


PROCESSING Step Complete:
Array
(
    [Дата] => 14.06.2018 07:10:46
    [Сообщение] => 
            Time start: 2018.06.14 07:10:32
            Taked : 10000 cities,
            Loaded from Database: 238493 cities
            Updated: 10000 cities
            Added: 0 cities
            Time end: 2018.06.46 07:10:46
    [Параметры запуска] => Array
        (
            [START] => 20000
            [LIMIT] => 10000
        )

    [Ошибки при выполнении] => Array
(
)

)


PROCESSING Step Complete:
Array
(
    [Дата] => 14.06.2018 07:15:59
    [Сообщение] => 
            Time start: 2018.06.14 07:15:46
            Taked : 10000 cities,
            Loaded from Database: 238493 cities
            Updated: 10000 cities
            Added: 0 cities
            Time end: 2018.06.59 07:15:59
    [Параметры запуска] => Array
        (
            [START] => 30000
            [LIMIT] => 10000
        )

    [Ошибки при выполнении] => Array
(
)

)


PROCESSING Step Complete:
Array
(
    [Дата] => 14.06.2018 07:21:14
    [Сообщение] => 
            Time start: 2018.06.14 07:20:59
            Taked : 10000 cities,
            Loaded from Database: 238493 cities
            Updated: 10000 cities
            Added: 0 cities
            Time end: 2018.06.14 07:21:14
    [Параметры запуска] => Array
        (
            [START] => 40000
            [LIMIT] => 10000
        )

    [Ошибки при выполнении] => Array
(
)

)


PROCESSING Step Complete:
Array
(
    [Дата] => 14.06.2018 07:26:28
    [Сообщение] => 
            Time start: 2018.06.14 07:26:14
            Taked : 10000 cities,
            Loaded from Database: 238493 cities
            Updated: 10000 cities
            Added: 0 cities
            Time end: 2018.06.28 07:26:28
    [Параметры запуска] => Array
        (
            [START] => 50000
            [LIMIT] => 10000
        )

    [Ошибки при выполнении] => Array
(
)

)


PROCESSING Step Complete:
Array
(
    [Дата] => 14.06.2018 07:31:41
    [Сообщение] => 
            Time start: 2018.06.14 07:31:28
            Taked : 10000 cities,
            Loaded from Database: 238493 cities
            Updated: 10000 cities
            Added: 0 cities
            Time end: 2018.06.41 07:31:41
    [Параметры запуска] => Array
        (
            [START] => 60000
            [LIMIT] => 10000
        )

    [Ошибки при выполнении] => Array
(
)

)


PROCESSING Step Complete:
Array
(
    [Дата] => 14.06.2018 07:36:56
    [Сообщение] => 
            Time start: 2018.06.14 07:36:41
            Taked : 10000 cities,
            Loaded from Database: 238493 cities
            Updated: 10000 cities
            Added: 0 cities
            Time end: 2018.06.56 07:36:56
    [Параметры запуска] => Array
        (
            [START] => 70000
            [LIMIT] => 10000
        )

    [Ошибки при выполнении] => Array
(
)

)


PROCESSING Step Complete:
Array
(
    [Дата] => 14.06.2018 07:42:10
    [Сообщение] => 
            Time start: 2018.06.14 07:41:56
            Taked : 10000 cities,
            Loaded from Database: 238493 cities
            Updated: 10000 cities
            Added: 0 cities
            Time end: 2018.06.10 07:42:10
    [Параметры запуска] => Array
        (
            [START] => 80000
            [LIMIT] => 10000
        )

    [Ошибки при выполнении] => Array
(
)

)


PROCESSING Step Complete:
Array
(
    [Дата] => 14.06.2018 07:47:25
    [Сообщение] => 
            Time start: 2018.06.14 07:47:10
            Taked : 10000 cities,
            Loaded from Database: 238493 cities
            Updated: 10000 cities
            Added: 0 cities
            Time end: 2018.06.25 07:47:25
    [Параметры запуска] => Array
        (
            [START] => 90000
            [LIMIT] => 10000
        )

    [Ошибки при выполнении] => Array
(
)

)


PROCESSING Step Complete:
Array
(
    [Дата] => 14.06.2018 07:52:38
    [Сообщение] => 
            Time start: 2018.06.14 07:52:25
            Taked : 10000 cities,
            Loaded from Database: 238493 cities
            Updated: 10000 cities
            Added: 0 cities
            Time end: 2018.06.38 07:52:38
    [Параметры запуска] => Array
        (
            [START] => 100000
            [LIMIT] => 10000
        )

    [Ошибки при выполнении] => Array
(
)

)


PROCESSING Step Complete:
Array
(
    [Дата] => 14.06.2018 07:57:53
    [Сообщение] => 
            Time start: 2018.06.14 07:57:39
            Taked : 10000 cities,
            Loaded from Database: 238493 cities
            Updated: 10000 cities
            Added: 0 cities
            Time end: 2018.06.53 07:57:53
    [Параметры запуска] => Array
        (
            [START] => 110000
            [LIMIT] => 10000
        )

    [Ошибки при выполнении] => Array
(
)

)


PROCESSING Step Complete:
Array
(
    [Дата] => 14.06.2018 08:03:08
    [Сообщение] => 
            Time start: 2018.06.14 08:02:53
            Taked : 10000 cities,
            Loaded from Database: 238493 cities
            Updated: 10000 cities
            Added: 0 cities
            Time end: 2018.06.08 08:03:08
    [Параметры запуска] => Array
        (
            [START] => 120000
            [LIMIT] => 10000
        )

    [Ошибки при выполнении] => Array
(
)

)


PROCESSING Step Complete:
Array
(
    [Дата] => 14.06.2018 08:08:22
    [Сообщение] => 
            Time start: 2018.06.14 08:08:08
            Taked : 10000 cities,
            Loaded from Database: 238493 cities
            Updated: 10000 cities
            Added: 0 cities
            Time end: 2018.06.22 08:08:22
    [Параметры запуска] => Array
        (
            [START] => 130000
            [LIMIT] => 10000
        )

    [Ошибки при выполнении] => Array
(
)

)


PROCESSING Step Complete:
Array
(
    [Дата] => 14.06.2018 08:13:37
    [Сообщение] => 
            Time start: 2018.06.14 08:13:22
            Taked : 10000 cities,
            Loaded from Database: 238493 cities
            Updated: 10000 cities
            Added: 0 cities
            Time end: 2018.06.37 08:13:37
    [Параметры запуска] => Array
        (
            [START] => 140000
            [LIMIT] => 10000
        )

    [Ошибки при выполнении] => Array
(
)

)


PROCESSING Step Complete:
Array
(
    [Дата] => 14.06.2018 08:18:51
    [Сообщение] => 
            Time start: 2018.06.14 08:18:37
            Taked : 10000 cities,
            Loaded from Database: 238493 cities
            Updated: 10000 cities
            Added: 0 cities
            Time end: 2018.06.51 08:18:51
    [Параметры запуска] => Array
        (
            [START] => 150000
            [LIMIT] => 10000
        )

    [Ошибки при выполнении] => Array
(
)

)


PROCESSING Step Complete:
Array
(
    [Дата] => 14.06.2018 08:24:06
    [Сообщение] => 
            Time start: 2018.06.14 08:23:52
            Taked : 10000 cities,
            Loaded from Database: 238493 cities
            Updated: 10000 cities
            Added: 0 cities
            Time end: 2018.06.06 08:24:06
    [Параметры запуска] => Array
        (
            [START] => 160000
            [LIMIT] => 10000
        )

    [Ошибки при выполнении] => Array
(
)

)


PROCESSING Step Complete:
Array
(
    [Дата] => 14.06.2018 08:29:21
    [Сообщение] => 
            Time start: 2018.06.14 08:29:06
            Taked : 10000 cities,
            Loaded from Database: 238493 cities
            Updated: 10000 cities
            Added: 0 cities
            Time end: 2018.06.21 08:29:21
    [Параметры запуска] => Array
        (
            [START] => 170000
            [LIMIT] => 10000
        )

    [Ошибки при выполнении] => Array
(
)

)


PROCESSING Step Complete:
Array
(
    [Дата] => 14.06.2018 08:34:35
    [Сообщение] => 
            Time start: 2018.06.14 08:34:21
            Taked : 10000 cities,
            Loaded from Database: 238493 cities
            Updated: 10000 cities
            Added: 0 cities
            Time end: 2018.06.35 08:34:35
    [Параметры запуска] => Array
        (
            [START] => 180000
            [LIMIT] => 10000
        )

    [Ошибки при выполнении] => Array
(
)

)


PROCESSING Step Complete:
Array
(
    [Дата] => 14.06.2018 08:39:50
    [Сообщение] => 
            Time start: 2018.06.14 08:39:36
            Taked : 10000 cities,
            Loaded from Database: 238493 cities
            Updated: 10000 cities
            Added: 0 cities
            Time end: 2018.06.50 08:39:50
    [Параметры запуска] => Array
        (
            [START] => 190000
            [LIMIT] => 10000
        )

    [Ошибки при выполнении] => Array
(
)

)


PROCESSING Step Complete:
Array
(
    [Дата] => 14.06.2018 08:45:04
    [Сообщение] => 
            Time start: 2018.06.14 08:44:50
            Taked : 10000 cities,
            Loaded from Database: 238493 cities
            Updated: 10000 cities
            Added: 0 cities
            Time end: 2018.06.04 08:45:04
    [Параметры запуска] => Array
        (
            [START] => 200000
            [LIMIT] => 10000
        )

    [Ошибки при выполнении] => Array
(
)

)


PROCESSING Step Complete:
Array
(
    [Дата] => 14.06.2018 08:50:19
    [Сообщение] => 
            Time start: 2018.06.14 08:50:04
            Taked : 10000 cities,
            Loaded from Database: 238493 cities
            Updated: 9994 cities
            Added: 6 cities
            Time end: 2018.06.19 08:50:19
    [Параметры запуска] => Array
        (
            [START] => 210000
            [LIMIT] => 10000
        )

    [Ошибки при выполнении] => Array
(
)

)


PROCESSING Step Complete:
Array
(
    [Дата] => 14.06.2018 08:55:34
    [Сообщение] => 
            Time start: 2018.06.14 08:55:19
            Taked : 10000 cities,
            Loaded from Database: 238499 cities
            Updated: 10000 cities
            Added: 0 cities
            Time end: 2018.06.34 08:55:34
    [Параметры запуска] => Array
        (
            [START] => 220000
            [LIMIT] => 10000
        )

    [Ошибки при выполнении] => Array
(
)

)


PROCESSING Complete:
Array
(
    [Дата] => 14.06.2018 09:00:46
    [Сообщение] => 
            Time start: 2018.06.14 09:00:34
            Taked : 8499 cities,
            Loaded from Database: 238499 cities
            Deleted: 0 cities,
            Updated: 8499 cities
            Added: 0 cities
            Time end: 2018.06.46 09:00:46
    [Параметры запуска] => Array
        (
            [START] => 230000
            [LIMIT] => 10000
        )

    [Ошибки при выполнении] => Array
(
)

)


