TRIGGER Complete:
Array
(
    [Дата] => 06.08.2018 07:00:03
    [Сообщение] => TRIGGER START
)


PROCESSING Step Complete:
Array
(
    [Дата] => 06.08.2018 07:00:32
    [Сообщение] => 
            Time start: 2018.08.06 07:00:03
            Taked : 10000 cities,
            Loaded from Database: 239409 cities
            Updated: 10000 cities
            Added: 0 cities
            Time end: 2018.08.32 07:00:32
    [Параметры запуска] => Array
        (
            [START] => 0
            [LIMIT] => 10000
        )

    [Ошибки при выполнении] => Array
(
)

)


PROCESSING Step Complete:
Array
(
    [Дата] => 06.08.2018 07:06:01
    [Сообщение] => 
            Time start: 2018.08.06 07:05:32
            Taked : 10000 cities,
            Loaded from Database: 239409 cities
            Updated: 10000 cities
            Added: 0 cities
            Time end: 2018.08.01 07:06:01
    [Параметры запуска] => Array
        (
            [START] => 10000
            [LIMIT] => 10000
        )

    [Ошибки при выполнении] => Array
(
)

)


PROCESSING Step Complete:
Array
(
    [Дата] => 06.08.2018 07:11:30
    [Сообщение] => 
            Time start: 2018.08.06 07:11:01
            Taked : 10000 cities,
            Loaded from Database: 239409 cities
            Updated: 10000 cities
            Added: 0 cities
            Time end: 2018.08.30 07:11:30
    [Параметры запуска] => Array
        (
            [START] => 20000
            [LIMIT] => 10000
        )

    [Ошибки при выполнении] => Array
(
)

)


PROCESSING Step Complete:
Array
(
    [Дата] => 06.08.2018 07:16:59
    [Сообщение] => 
            Time start: 2018.08.06 07:16:30
            Taked : 10000 cities,
            Loaded from Database: 239409 cities
            Updated: 10000 cities
            Added: 0 cities
            Time end: 2018.08.59 07:16:59
    [Параметры запуска] => Array
        (
            [START] => 30000
            [LIMIT] => 10000
        )

    [Ошибки при выполнении] => Array
(
)

)


PROCESSING Step Complete:
Array
(
    [Дата] => 06.08.2018 07:22:28
    [Сообщение] => 
            Time start: 2018.08.06 07:21:59
            Taked : 10000 cities,
            Loaded from Database: 239409 cities
            Updated: 10000 cities
            Added: 0 cities
            Time end: 2018.08.28 07:22:28
    [Параметры запуска] => Array
        (
            [START] => 40000
            [LIMIT] => 10000
        )

    [Ошибки при выполнении] => Array
(
)

)


PROCESSING Step Complete:
Array
(
    [Дата] => 06.08.2018 07:27:56
    [Сообщение] => 
            Time start: 2018.08.06 07:27:28
            Taked : 10000 cities,
            Loaded from Database: 239409 cities
            Updated: 10000 cities
            Added: 0 cities
            Time end: 2018.08.56 07:27:56
    [Параметры запуска] => Array
        (
            [START] => 50000
            [LIMIT] => 10000
        )

    [Ошибки при выполнении] => Array
(
)

)


PROCESSING Step Complete:
Array
(
    [Дата] => 06.08.2018 07:33:25
    [Сообщение] => 
            Time start: 2018.08.06 07:32:57
            Taked : 10000 cities,
            Loaded from Database: 239409 cities
            Updated: 10000 cities
            Added: 0 cities
            Time end: 2018.08.25 07:33:25
    [Параметры запуска] => Array
        (
            [START] => 60000
            [LIMIT] => 10000
        )

    [Ошибки при выполнении] => Array
(
)

)


PROCESSING Step Complete:
Array
(
    [Дата] => 06.08.2018 07:38:54
    [Сообщение] => 
            Time start: 2018.08.06 07:38:25
            Taked : 10000 cities,
            Loaded from Database: 239409 cities
            Updated: 10000 cities
            Added: 0 cities
            Time end: 2018.08.54 07:38:54
    [Параметры запуска] => Array
        (
            [START] => 70000
            [LIMIT] => 10000
        )

    [Ошибки при выполнении] => Array
(
)

)


PROCESSING Step Complete:
Array
(
    [Дата] => 06.08.2018 07:44:23
    [Сообщение] => 
            Time start: 2018.08.06 07:43:54
            Taked : 10000 cities,
            Loaded from Database: 239409 cities
            Updated: 10000 cities
            Added: 0 cities
            Time end: 2018.08.23 07:44:23
    [Параметры запуска] => Array
        (
            [START] => 80000
            [LIMIT] => 10000
        )

    [Ошибки при выполнении] => Array
(
)

)


PROCESSING Step Complete:
Array
(
    [Дата] => 06.08.2018 07:49:52
    [Сообщение] => 
            Time start: 2018.08.06 07:49:23
            Taked : 10000 cities,
            Loaded from Database: 239409 cities
            Updated: 10000 cities
            Added: 0 cities
            Time end: 2018.08.52 07:49:52
    [Параметры запуска] => Array
        (
            [START] => 90000
            [LIMIT] => 10000
        )

    [Ошибки при выполнении] => Array
(
)

)


PROCESSING Step Complete:
Array
(
    [Дата] => 06.08.2018 07:55:21
    [Сообщение] => 
            Time start: 2018.08.06 07:54:52
            Taked : 10000 cities,
            Loaded from Database: 239409 cities
            Updated: 10000 cities
            Added: 0 cities
            Time end: 2018.08.21 07:55:21
    [Параметры запуска] => Array
        (
            [START] => 100000
            [LIMIT] => 10000
        )

    [Ошибки при выполнении] => Array
(
)

)


PROCESSING Step Complete:
Array
(
    [Дата] => 06.08.2018 08:00:51
    [Сообщение] => 
            Time start: 2018.08.06 08:00:21
            Taked : 10000 cities,
            Loaded from Database: 239409 cities
            Updated: 10000 cities
            Added: 0 cities
            Time end: 2018.08.51 08:00:51
    [Параметры запуска] => Array
        (
            [START] => 110000
            [LIMIT] => 10000
        )

    [Ошибки при выполнении] => Array
(
)

)


PROCESSING Step Complete:
Array
(
    [Дата] => 06.08.2018 08:06:20
    [Сообщение] => 
            Time start: 2018.08.06 08:05:51
            Taked : 10000 cities,
            Loaded from Database: 239409 cities
            Updated: 10000 cities
            Added: 0 cities
            Time end: 2018.08.20 08:06:20
    [Параметры запуска] => Array
        (
            [START] => 120000
            [LIMIT] => 10000
        )

    [Ошибки при выполнении] => Array
(
)

)


PROCESSING Step Complete:
Array
(
    [Дата] => 06.08.2018 08:11:48
    [Сообщение] => 
            Time start: 2018.08.06 08:11:20
            Taked : 10000 cities,
            Loaded from Database: 239409 cities
            Updated: 10000 cities
            Added: 0 cities
            Time end: 2018.08.48 08:11:48
    [Параметры запуска] => Array
        (
            [START] => 130000
            [LIMIT] => 10000
        )

    [Ошибки при выполнении] => Array
(
)

)


PROCESSING Step Complete:
Array
(
    [Дата] => 06.08.2018 08:17:19
    [Сообщение] => 
            Time start: 2018.08.06 08:16:48
            Taked : 10000 cities,
            Loaded from Database: 239409 cities
            Updated: 10000 cities
            Added: 0 cities
            Time end: 2018.08.19 08:17:19
    [Параметры запуска] => Array
        (
            [START] => 140000
            [LIMIT] => 10000
        )

    [Ошибки при выполнении] => Array
(
)

)


PROCESSING Step Complete:
Array
(
    [Дата] => 06.08.2018 08:22:48
    [Сообщение] => 
            Time start: 2018.08.06 08:22:19
            Taked : 10000 cities,
            Loaded from Database: 239409 cities
            Updated: 10000 cities
            Added: 0 cities
            Time end: 2018.08.48 08:22:48
    [Параметры запуска] => Array
        (
            [START] => 150000
            [LIMIT] => 10000
        )

    [Ошибки при выполнении] => Array
(
)

)


PROCESSING Step Complete:
Array
(
    [Дата] => 06.08.2018 08:28:18
    [Сообщение] => 
            Time start: 2018.08.06 08:27:49
            Taked : 10000 cities,
            Loaded from Database: 239409 cities
            Updated: 10000 cities
            Added: 0 cities
            Time end: 2018.08.18 08:28:18
    [Параметры запуска] => Array
        (
            [START] => 160000
            [LIMIT] => 10000
        )

    [Ошибки при выполнении] => Array
(
)

)


PROCESSING Step Complete:
Array
(
    [Дата] => 06.08.2018 08:33:47
    [Сообщение] => 
            Time start: 2018.08.06 08:33:18
            Taked : 10000 cities,
            Loaded from Database: 239409 cities
            Updated: 10000 cities
            Added: 0 cities
            Time end: 2018.08.47 08:33:47
    [Параметры запуска] => Array
        (
            [START] => 170000
            [LIMIT] => 10000
        )

    [Ошибки при выполнении] => Array
(
)

)


PROCESSING Step Complete:
Array
(
    [Дата] => 06.08.2018 08:39:16
    [Сообщение] => 
            Time start: 2018.08.06 08:38:47
            Taked : 10000 cities,
            Loaded from Database: 239409 cities
            Updated: 10000 cities
            Added: 0 cities
            Time end: 2018.08.16 08:39:16
    [Параметры запуска] => Array
        (
            [START] => 180000
            [LIMIT] => 10000
        )

    [Ошибки при выполнении] => Array
(
)

)


PROCESSING Step Complete:
Array
(
    [Дата] => 06.08.2018 08:44:46
    [Сообщение] => 
            Time start: 2018.08.06 08:44:17
            Taked : 10000 cities,
            Loaded from Database: 239409 cities
            Updated: 10000 cities
            Added: 0 cities
            Time end: 2018.08.46 08:44:46
    [Параметры запуска] => Array
        (
            [START] => 190000
            [LIMIT] => 10000
        )

    [Ошибки при выполнении] => Array
(
)

)


PROCESSING Step Complete:
Array
(
    [Дата] => 06.08.2018 08:50:15
    [Сообщение] => 
            Time start: 2018.08.06 08:49:46
            Taked : 10000 cities,
            Loaded from Database: 239409 cities
            Updated: 10000 cities
            Added: 0 cities
            Time end: 2018.08.15 08:50:15
    [Параметры запуска] => Array
        (
            [START] => 200000
            [LIMIT] => 10000
        )

    [Ошибки при выполнении] => Array
(
)

)


PROCESSING Step Complete:
Array
(
    [Дата] => 06.08.2018 08:55:44
    [Сообщение] => 
            Time start: 2018.08.06 08:55:16
            Taked : 10000 cities,
            Loaded from Database: 239409 cities
            Updated: 10000 cities
            Added: 0 cities
            Time end: 2018.08.44 08:55:44
    [Параметры запуска] => Array
        (
            [START] => 210000
            [LIMIT] => 10000
        )

    [Ошибки при выполнении] => Array
(
)

)


PROCESSING Step Complete:
Array
(
    [Дата] => 06.08.2018 09:01:13
    [Сообщение] => 
            Time start: 2018.08.06 09:00:44
            Taked : 10000 cities,
            Loaded from Database: 239409 cities
            Updated: 10000 cities
            Added: 0 cities
            Time end: 2018.08.13 09:01:13
    [Параметры запуска] => Array
        (
            [START] => 220000
            [LIMIT] => 10000
        )

    [Ошибки при выполнении] => Array
(
)

)


PROCESSING Complete:
Array
(
    [Дата] => 06.08.2018 09:06:41
    [Сообщение] => 
            Time start: 2018.08.06 09:06:13
            Taked : 9409 cities,
            Loaded from Database: 239409 cities
            Deleted: 0 cities,
            Updated: 9409 cities
            Added: 0 cities
            Time end: 2018.08.41 09:06:41
    [Параметры запуска] => Array
        (
            [START] => 230000
            [LIMIT] => 10000
        )

    [Ошибки при выполнении] => Array
(
)

)


