TRIGGER Complete:
Array
(
    [Дата] => 03.07.2018 07:00:05
    [Сообщение] => TRIGGER START
)


PROCESSING Step Complete:
Array
(
    [Дата] => 03.07.2018 07:00:19
    [Сообщение] => 
            Time start: 2018.07.03 07:00:05
            Taked : 10000 cities,
            Loaded from Database: 239234 cities
            Updated: 10000 cities
            Added: 0 cities
            Time end: 2018.07.19 07:00:19
    [Параметры запуска] => Array
        (
            [START] => 0
            [LIMIT] => 10000
        )

    [Ошибки при выполнении] => Array
(
)

)


PROCESSING Step Complete:
Array
(
    [Дата] => 03.07.2018 07:05:33
    [Сообщение] => 
            Time start: 2018.07.03 07:05:19
            Taked : 10000 cities,
            Loaded from Database: 239234 cities
            Updated: 10000 cities
            Added: 0 cities
            Time end: 2018.07.33 07:05:33
    [Параметры запуска] => Array
        (
            [START] => 10000
            [LIMIT] => 10000
        )

    [Ошибки при выполнении] => Array
(
)

)


PROCESSING Step Complete:
Array
(
    [Дата] => 03.07.2018 07:10:48
    [Сообщение] => 
            Time start: 2018.07.03 07:10:34
            Taked : 10000 cities,
            Loaded from Database: 239234 cities
            Updated: 10000 cities
            Added: 0 cities
            Time end: 2018.07.48 07:10:48
    [Параметры запуска] => Array
        (
            [START] => 20000
            [LIMIT] => 10000
        )

    [Ошибки при выполнении] => Array
(
)

)


PROCESSING Step Complete:
Array
(
    [Дата] => 03.07.2018 07:16:03
    [Сообщение] => 
            Time start: 2018.07.03 07:15:48
            Taked : 10000 cities,
            Loaded from Database: 239234 cities
            Updated: 10000 cities
            Added: 0 cities
            Time end: 2018.07.03 07:16:03
    [Параметры запуска] => Array
        (
            [START] => 30000
            [LIMIT] => 10000
        )

    [Ошибки при выполнении] => Array
(
)

)


PROCESSING Step Complete:
Array
(
    [Дата] => 03.07.2018 07:21:17
    [Сообщение] => 
            Time start: 2018.07.03 07:21:03
            Taked : 10000 cities,
            Loaded from Database: 239234 cities
            Updated: 10000 cities
            Added: 0 cities
            Time end: 2018.07.17 07:21:17
    [Параметры запуска] => Array
        (
            [START] => 40000
            [LIMIT] => 10000
        )

    [Ошибки при выполнении] => Array
(
)

)


PROCESSING Step Complete:
Array
(
    [Дата] => 03.07.2018 07:26:31
    [Сообщение] => 
            Time start: 2018.07.03 07:26:17
            Taked : 10000 cities,
            Loaded from Database: 239234 cities
            Updated: 10000 cities
            Added: 0 cities
            Time end: 2018.07.31 07:26:31
    [Параметры запуска] => Array
        (
            [START] => 50000
            [LIMIT] => 10000
        )

    [Ошибки при выполнении] => Array
(
)

)


PROCESSING Step Complete:
Array
(
    [Дата] => 03.07.2018 07:31:46
    [Сообщение] => 
            Time start: 2018.07.03 07:31:31
            Taked : 10000 cities,
            Loaded from Database: 239234 cities
            Updated: 10000 cities
            Added: 0 cities
            Time end: 2018.07.46 07:31:46
    [Параметры запуска] => Array
        (
            [START] => 60000
            [LIMIT] => 10000
        )

    [Ошибки при выполнении] => Array
(
)

)


PROCESSING Step Complete:
Array
(
    [Дата] => 03.07.2018 07:37:00
    [Сообщение] => 
            Time start: 2018.07.03 07:36:46
            Taked : 10000 cities,
            Loaded from Database: 239234 cities
            Updated: 10000 cities
            Added: 0 cities
            Time end: 2018.07.00 07:37:00
    [Параметры запуска] => Array
        (
            [START] => 70000
            [LIMIT] => 10000
        )

    [Ошибки при выполнении] => Array
(
)

)


PROCESSING Step Complete:
Array
(
    [Дата] => 03.07.2018 07:42:14
    [Сообщение] => 
            Time start: 2018.07.03 07:42:00
            Taked : 10000 cities,
            Loaded from Database: 239234 cities
            Updated: 10000 cities
            Added: 0 cities
            Time end: 2018.07.14 07:42:14
    [Параметры запуска] => Array
        (
            [START] => 80000
            [LIMIT] => 10000
        )

    [Ошибки при выполнении] => Array
(
)

)


PROCESSING Step Complete:
Array
(
    [Дата] => 03.07.2018 07:47:29
    [Сообщение] => 
            Time start: 2018.07.03 07:47:14
            Taked : 10000 cities,
            Loaded from Database: 239234 cities
            Updated: 10000 cities
            Added: 0 cities
            Time end: 2018.07.29 07:47:29
    [Параметры запуска] => Array
        (
            [START] => 90000
            [LIMIT] => 10000
        )

    [Ошибки при выполнении] => Array
(
)

)


PROCESSING Step Complete:
Array
(
    [Дата] => 03.07.2018 07:52:43
    [Сообщение] => 
            Time start: 2018.07.03 07:52:29
            Taked : 10000 cities,
            Loaded from Database: 239234 cities
            Updated: 10000 cities
            Added: 0 cities
            Time end: 2018.07.43 07:52:43
    [Параметры запуска] => Array
        (
            [START] => 100000
            [LIMIT] => 10000
        )

    [Ошибки при выполнении] => Array
(
)

)


PROCESSING Step Complete:
Array
(
    [Дата] => 03.07.2018 07:57:57
    [Сообщение] => 
            Time start: 2018.07.03 07:57:43
            Taked : 10000 cities,
            Loaded from Database: 239234 cities
            Updated: 10000 cities
            Added: 0 cities
            Time end: 2018.07.57 07:57:57
    [Параметры запуска] => Array
        (
            [START] => 110000
            [LIMIT] => 10000
        )

    [Ошибки при выполнении] => Array
(
)

)


PROCESSING Step Complete:
Array
(
    [Дата] => 03.07.2018 08:03:12
    [Сообщение] => 
            Time start: 2018.07.03 08:02:58
            Taked : 10000 cities,
            Loaded from Database: 239234 cities
            Updated: 10000 cities
            Added: 0 cities
            Time end: 2018.07.12 08:03:12
    [Параметры запуска] => Array
        (
            [START] => 120000
            [LIMIT] => 10000
        )

    [Ошибки при выполнении] => Array
(
)

)


PROCESSING Step Complete:
Array
(
    [Дата] => 03.07.2018 08:08:26
    [Сообщение] => 
            Time start: 2018.07.03 08:08:12
            Taked : 10000 cities,
            Loaded from Database: 239234 cities
            Updated: 10000 cities
            Added: 0 cities
            Time end: 2018.07.26 08:08:26
    [Параметры запуска] => Array
        (
            [START] => 130000
            [LIMIT] => 10000
        )

    [Ошибки при выполнении] => Array
(
)

)


PROCESSING Step Complete:
Array
(
    [Дата] => 03.07.2018 08:13:41
    [Сообщение] => 
            Time start: 2018.07.03 08:13:26
            Taked : 10000 cities,
            Loaded from Database: 239234 cities
            Updated: 10000 cities
            Added: 0 cities
            Time end: 2018.07.41 08:13:41
    [Параметры запуска] => Array
        (
            [START] => 140000
            [LIMIT] => 10000
        )

    [Ошибки при выполнении] => Array
(
)

)


PROCESSING Step Complete:
Array
(
    [Дата] => 03.07.2018 08:18:55
    [Сообщение] => 
            Time start: 2018.07.03 08:18:41
            Taked : 10000 cities,
            Loaded from Database: 239234 cities
            Updated: 10000 cities
            Added: 0 cities
            Time end: 2018.07.55 08:18:55
    [Параметры запуска] => Array
        (
            [START] => 150000
            [LIMIT] => 10000
        )

    [Ошибки при выполнении] => Array
(
)

)


PROCESSING Step Complete:
Array
(
    [Дата] => 03.07.2018 08:24:10
    [Сообщение] => 
            Time start: 2018.07.03 08:23:56
            Taked : 10000 cities,
            Loaded from Database: 239234 cities
            Updated: 10000 cities
            Added: 0 cities
            Time end: 2018.07.10 08:24:10
    [Параметры запуска] => Array
        (
            [START] => 160000
            [LIMIT] => 10000
        )

    [Ошибки при выполнении] => Array
(
)

)


PROCESSING Step Complete:
Array
(
    [Дата] => 03.07.2018 08:29:25
    [Сообщение] => 
            Time start: 2018.07.03 08:29:10
            Taked : 10000 cities,
            Loaded from Database: 239234 cities
            Updated: 10000 cities
            Added: 0 cities
            Time end: 2018.07.25 08:29:25
    [Параметры запуска] => Array
        (
            [START] => 170000
            [LIMIT] => 10000
        )

    [Ошибки при выполнении] => Array
(
)

)


PROCESSING Step Complete:
Array
(
    [Дата] => 03.07.2018 08:34:39
    [Сообщение] => 
            Time start: 2018.07.03 08:34:25
            Taked : 10000 cities,
            Loaded from Database: 239234 cities
            Updated: 10000 cities
            Added: 0 cities
            Time end: 2018.07.39 08:34:39
    [Параметры запуска] => Array
        (
            [START] => 180000
            [LIMIT] => 10000
        )

    [Ошибки при выполнении] => Array
(
)

)


PROCESSING Step Complete:
Array
(
    [Дата] => 03.07.2018 08:39:54
    [Сообщение] => 
            Time start: 2018.07.03 08:39:40
            Taked : 10000 cities,
            Loaded from Database: 239234 cities
            Updated: 10000 cities
            Added: 0 cities
            Time end: 2018.07.54 08:39:54
    [Параметры запуска] => Array
        (
            [START] => 190000
            [LIMIT] => 10000
        )

    [Ошибки при выполнении] => Array
(
)

)


PROCESSING Step Complete:
Array
(
    [Дата] => 03.07.2018 08:45:08
    [Сообщение] => 
            Time start: 2018.07.03 08:44:54
            Taked : 10000 cities,
            Loaded from Database: 239234 cities
            Updated: 10000 cities
            Added: 0 cities
            Time end: 2018.07.08 08:45:08
    [Параметры запуска] => Array
        (
            [START] => 200000
            [LIMIT] => 10000
        )

    [Ошибки при выполнении] => Array
(
)

)


PROCESSING Step Complete:
Array
(
    [Дата] => 03.07.2018 08:50:23
    [Сообщение] => 
            Time start: 2018.07.03 08:50:08
            Taked : 10000 cities,
            Loaded from Database: 239234 cities
            Updated: 9998 cities
            Added: 2 cities
            Time end: 2018.07.23 08:50:23
    [Параметры запуска] => Array
        (
            [START] => 210000
            [LIMIT] => 10000
        )

    [Ошибки при выполнении] => Array
(
)

)


PROCESSING Step Complete:
Array
(
    [Дата] => 03.07.2018 08:55:37
    [Сообщение] => 
            Time start: 2018.07.03 08:55:23
            Taked : 10000 cities,
            Loaded from Database: 239236 cities
            Updated: 10000 cities
            Added: 0 cities
            Time end: 2018.07.37 08:55:37
    [Параметры запуска] => Array
        (
            [START] => 220000
            [LIMIT] => 10000
        )

    [Ошибки при выполнении] => Array
(
)

)


PROCESSING Complete:
Array
(
    [Дата] => 03.07.2018 09:00:51
    [Сообщение] => 
            Time start: 2018.07.03 09:00:37
            Taked : 9236 cities,
            Loaded from Database: 239236 cities
            Deleted: 0 cities,
            Updated: 9236 cities
            Added: 0 cities
            Time end: 2018.07.51 09:00:51
    [Параметры запуска] => Array
        (
            [START] => 230000
            [LIMIT] => 10000
        )

    [Ошибки при выполнении] => Array
(
)

)


