TRIGGER Complete:
Array
(
    [Дата] => 18.05.2018 07:00:02
    [Сообщение] => TRIGGER START
)


PROCESSING Step Complete:
Array
(
    [Дата] => 18.05.2018 07:00:16
    [Сообщение] => 
            Time start: 2018.05.18 07:00:03
            Taked : 10000 cities,
            Loaded from Database: 238506 cities
            Updated: 10000 cities
            Added: 0 cities
            Time end: 2018.05.16 07:00:16
    [Параметры запуска] => Array
        (
            [START] => 0
            [LIMIT] => 10000
        )

    [Ошибки при выполнении] => Array
(
)

)


PROCESSING Step Complete:
Array
(
    [Дата] => 18.05.2018 07:05:29
    [Сообщение] => 
            Time start: 2018.05.18 07:05:16
            Taked : 10000 cities,
            Loaded from Database: 238506 cities
            Updated: 10000 cities
            Added: 0 cities
            Time end: 2018.05.29 07:05:29
    [Параметры запуска] => Array
        (
            [START] => 10000
            [LIMIT] => 10000
        )

    [Ошибки при выполнении] => Array
(
)

)


PROCESSING Step Complete:
Array
(
    [Дата] => 18.05.2018 07:10:43
    [Сообщение] => 
            Time start: 2018.05.18 07:10:30
            Taked : 10000 cities,
            Loaded from Database: 238506 cities
            Updated: 10000 cities
            Added: 0 cities
            Time end: 2018.05.43 07:10:43
    [Параметры запуска] => Array
        (
            [START] => 20000
            [LIMIT] => 10000
        )

    [Ошибки при выполнении] => Array
(
)

)


PROCESSING Step Complete:
Array
(
    [Дата] => 18.05.2018 07:15:57
    [Сообщение] => 
            Time start: 2018.05.18 07:15:43
            Taked : 10000 cities,
            Loaded from Database: 238506 cities
            Updated: 10000 cities
            Added: 0 cities
            Time end: 2018.05.57 07:15:57
    [Параметры запуска] => Array
        (
            [START] => 30000
            [LIMIT] => 10000
        )

    [Ошибки при выполнении] => Array
(
)

)


PROCESSING Step Complete:
Array
(
    [Дата] => 18.05.2018 07:21:10
    [Сообщение] => 
            Time start: 2018.05.18 07:20:57
            Taked : 10000 cities,
            Loaded from Database: 238506 cities
            Updated: 10000 cities
            Added: 0 cities
            Time end: 2018.05.10 07:21:10
    [Параметры запуска] => Array
        (
            [START] => 40000
            [LIMIT] => 10000
        )

    [Ошибки при выполнении] => Array
(
)

)


PROCESSING Step Complete:
Array
(
    [Дата] => 18.05.2018 07:26:23
    [Сообщение] => 
            Time start: 2018.05.18 07:26:10
            Taked : 10000 cities,
            Loaded from Database: 238506 cities
            Updated: 10000 cities
            Added: 0 cities
            Time end: 2018.05.23 07:26:23
    [Параметры запуска] => Array
        (
            [START] => 50000
            [LIMIT] => 10000
        )

    [Ошибки при выполнении] => Array
(
)

)


PROCESSING Step Complete:
Array
(
    [Дата] => 18.05.2018 07:31:37
    [Сообщение] => 
            Time start: 2018.05.18 07:31:23
            Taked : 10000 cities,
            Loaded from Database: 238506 cities
            Updated: 10000 cities
            Added: 0 cities
            Time end: 2018.05.37 07:31:37
    [Параметры запуска] => Array
        (
            [START] => 60000
            [LIMIT] => 10000
        )

    [Ошибки при выполнении] => Array
(
)

)


PROCESSING Step Complete:
Array
(
    [Дата] => 18.05.2018 07:36:50
    [Сообщение] => 
            Time start: 2018.05.18 07:36:37
            Taked : 10000 cities,
            Loaded from Database: 238506 cities
            Updated: 10000 cities
            Added: 0 cities
            Time end: 2018.05.50 07:36:50
    [Параметры запуска] => Array
        (
            [START] => 70000
            [LIMIT] => 10000
        )

    [Ошибки при выполнении] => Array
(
)

)


PROCESSING Step Complete:
Array
(
    [Дата] => 18.05.2018 07:42:03
    [Сообщение] => 
            Time start: 2018.05.18 07:41:50
            Taked : 10000 cities,
            Loaded from Database: 238506 cities
            Updated: 10000 cities
            Added: 0 cities
            Time end: 2018.05.03 07:42:03
    [Параметры запуска] => Array
        (
            [START] => 80000
            [LIMIT] => 10000
        )

    [Ошибки при выполнении] => Array
(
)

)


PROCESSING Step Complete:
Array
(
    [Дата] => 18.05.2018 07:47:17
    [Сообщение] => 
            Time start: 2018.05.18 07:47:04
            Taked : 10000 cities,
            Loaded from Database: 238506 cities
            Updated: 10000 cities
            Added: 0 cities
            Time end: 2018.05.17 07:47:17
    [Параметры запуска] => Array
        (
            [START] => 90000
            [LIMIT] => 10000
        )

    [Ошибки при выполнении] => Array
(
)

)


PROCESSING Step Complete:
Array
(
    [Дата] => 18.05.2018 07:52:30
    [Сообщение] => 
            Time start: 2018.05.18 07:52:17
            Taked : 10000 cities,
            Loaded from Database: 238506 cities
            Updated: 10000 cities
            Added: 0 cities
            Time end: 2018.05.30 07:52:30
    [Параметры запуска] => Array
        (
            [START] => 100000
            [LIMIT] => 10000
        )

    [Ошибки при выполнении] => Array
(
)

)


PROCESSING Step Complete:
Array
(
    [Дата] => 18.05.2018 07:57:44
    [Сообщение] => 
            Time start: 2018.05.18 07:57:30
            Taked : 10000 cities,
            Loaded from Database: 238506 cities
            Updated: 10000 cities
            Added: 0 cities
            Time end: 2018.05.44 07:57:44
    [Параметры запуска] => Array
        (
            [START] => 110000
            [LIMIT] => 10000
        )

    [Ошибки при выполнении] => Array
(
)

)


PROCESSING Step Complete:
Array
(
    [Дата] => 18.05.2018 08:02:57
    [Сообщение] => 
            Time start: 2018.05.18 08:02:44
            Taked : 10000 cities,
            Loaded from Database: 238506 cities
            Updated: 10000 cities
            Added: 0 cities
            Time end: 2018.05.57 08:02:57
    [Параметры запуска] => Array
        (
            [START] => 120000
            [LIMIT] => 10000
        )

    [Ошибки при выполнении] => Array
(
)

)


PROCESSING Step Complete:
Array
(
    [Дата] => 18.05.2018 08:08:10
    [Сообщение] => 
            Time start: 2018.05.18 08:07:57
            Taked : 10000 cities,
            Loaded from Database: 238506 cities
            Updated: 10000 cities
            Added: 0 cities
            Time end: 2018.05.10 08:08:10
    [Параметры запуска] => Array
        (
            [START] => 130000
            [LIMIT] => 10000
        )

    [Ошибки при выполнении] => Array
(
)

)


PROCESSING Step Complete:
Array
(
    [Дата] => 18.05.2018 08:13:23
    [Сообщение] => 
            Time start: 2018.05.18 08:13:10
            Taked : 10000 cities,
            Loaded from Database: 238506 cities
            Updated: 10000 cities
            Added: 0 cities
            Time end: 2018.05.23 08:13:23
    [Параметры запуска] => Array
        (
            [START] => 140000
            [LIMIT] => 10000
        )

    [Ошибки при выполнении] => Array
(
)

)


PROCESSING Step Complete:
Array
(
    [Дата] => 18.05.2018 08:18:36
    [Сообщение] => 
            Time start: 2018.05.18 08:18:23
            Taked : 10000 cities,
            Loaded from Database: 238506 cities
            Updated: 10000 cities
            Added: 0 cities
            Time end: 2018.05.36 08:18:36
    [Параметры запуска] => Array
        (
            [START] => 150000
            [LIMIT] => 10000
        )

    [Ошибки при выполнении] => Array
(
)

)


PROCESSING Step Complete:
Array
(
    [Дата] => 18.05.2018 08:23:50
    [Сообщение] => 
            Time start: 2018.05.18 08:23:36
            Taked : 10000 cities,
            Loaded from Database: 238506 cities
            Updated: 10000 cities
            Added: 0 cities
            Time end: 2018.05.50 08:23:50
    [Параметры запуска] => Array
        (
            [START] => 160000
            [LIMIT] => 10000
        )

    [Ошибки при выполнении] => Array
(
)

)


PROCESSING Step Complete:
Array
(
    [Дата] => 18.05.2018 08:29:02
    [Сообщение] => 
            Time start: 2018.05.18 08:28:50
            Taked : 10000 cities,
            Loaded from Database: 238506 cities
            Updated: 10000 cities
            Added: 0 cities
            Time end: 2018.05.02 08:29:02
    [Параметры запуска] => Array
        (
            [START] => 170000
            [LIMIT] => 10000
        )

    [Ошибки при выполнении] => Array
(
)

)


PROCESSING Step Complete:
Array
(
    [Дата] => 18.05.2018 08:34:16
    [Сообщение] => 
            Time start: 2018.05.18 08:34:02
            Taked : 10000 cities,
            Loaded from Database: 238506 cities
            Updated: 10000 cities
            Added: 0 cities
            Time end: 2018.05.16 08:34:16
    [Параметры запуска] => Array
        (
            [START] => 180000
            [LIMIT] => 10000
        )

    [Ошибки при выполнении] => Array
(
)

)


PROCESSING Step Complete:
Array
(
    [Дата] => 18.05.2018 08:39:29
    [Сообщение] => 
            Time start: 2018.05.18 08:39:16
            Taked : 10000 cities,
            Loaded from Database: 238506 cities
            Updated: 10000 cities
            Added: 0 cities
            Time end: 2018.05.29 08:39:29
    [Параметры запуска] => Array
        (
            [START] => 190000
            [LIMIT] => 10000
        )

    [Ошибки при выполнении] => Array
(
)

)


PROCESSING Step Complete:
Array
(
    [Дата] => 18.05.2018 08:44:43
    [Сообщение] => 
            Time start: 2018.05.18 08:44:30
            Taked : 10000 cities,
            Loaded from Database: 238506 cities
            Updated: 9998 cities
            Added: 2 cities
            Time end: 2018.05.43 08:44:43
    [Параметры запуска] => Array
        (
            [START] => 200000
            [LIMIT] => 10000
        )

    [Ошибки при выполнении] => Array
(
)

)


PROCESSING Step Complete:
Array
(
    [Дата] => 18.05.2018 08:49:56
    [Сообщение] => 
            Time start: 2018.05.18 08:49:43
            Taked : 10000 cities,
            Loaded from Database: 238508 cities
            Updated: 10000 cities
            Added: 0 cities
            Time end: 2018.05.56 08:49:56
    [Параметры запуска] => Array
        (
            [START] => 210000
            [LIMIT] => 10000
        )

    [Ошибки при выполнении] => Array
(
)

)


PROCESSING Step Complete:
Array
(
    [Дата] => 18.05.2018 08:55:10
    [Сообщение] => 
            Time start: 2018.05.18 08:54:57
            Taked : 10000 cities,
            Loaded from Database: 238508 cities
            Updated: 10000 cities
            Added: 0 cities
            Time end: 2018.05.10 08:55:10
    [Параметры запуска] => Array
        (
            [START] => 220000
            [LIMIT] => 10000
        )

    [Ошибки при выполнении] => Array
(
)

)


PROCESSING Complete:
Array
(
    [Дата] => 18.05.2018 09:00:22
    [Сообщение] => 
            Time start: 2018.05.18 09:00:10
            Taked : 8507 cities,
            Loaded from Database: 238508 cities
            Deleted: 1 cities,
            Updated: 8507 cities
            Added: 0 cities
            Time end: 2018.05.22 09:00:22
    [Параметры запуска] => Array
        (
            [START] => 230000
            [LIMIT] => 10000
        )

    [Ошибки при выполнении] => Array
(
)

)


