TRIGGER Complete:
Array
(
    [Дата] => 15.08.2018 07:00:03
    [Сообщение] => TRIGGER START
)


PROCESSING Step Complete:
Array
(
    [Дата] => 15.08.2018 07:00:31
    [Сообщение] => 
            Time start: 2018.08.15 07:00:03
            Taked : 10000 cities,
            Loaded from Database: 239430 cities
            Updated: 10000 cities
            Added: 0 cities
            Time end: 2018.08.31 07:00:31
    [Параметры запуска] => Array
        (
            [START] => 0
            [LIMIT] => 10000
        )

    [Ошибки при выполнении] => Array
(
)

)


PROCESSING Step Complete:
Array
(
    [Дата] => 15.08.2018 07:06:02
    [Сообщение] => 
            Time start: 2018.08.15 07:05:31
            Taked : 10000 cities,
            Loaded from Database: 239430 cities
            Updated: 10000 cities
            Added: 0 cities
            Time end: 2018.08.02 07:06:02
    [Параметры запуска] => Array
        (
            [START] => 10000
            [LIMIT] => 10000
        )

    [Ошибки при выполнении] => Array
(
)

)


PROCESSING Step Complete:
Array
(
    [Дата] => 15.08.2018 07:11:30
    [Сообщение] => 
            Time start: 2018.08.15 07:11:02
            Taked : 10000 cities,
            Loaded from Database: 239430 cities
            Updated: 10000 cities
            Added: 0 cities
            Time end: 2018.08.30 07:11:30
    [Параметры запуска] => Array
        (
            [START] => 20000
            [LIMIT] => 10000
        )

    [Ошибки при выполнении] => Array
(
)

)


PROCESSING Step Complete:
Array
(
    [Дата] => 15.08.2018 07:17:00
    [Сообщение] => 
            Time start: 2018.08.15 07:16:30
            Taked : 10000 cities,
            Loaded from Database: 239430 cities
            Updated: 10000 cities
            Added: 0 cities
            Time end: 2018.08.00 07:17:00
    [Параметры запуска] => Array
        (
            [START] => 30000
            [LIMIT] => 10000
        )

    [Ошибки при выполнении] => Array
(
)

)


PROCESSING Step Complete:
Array
(
    [Дата] => 15.08.2018 07:22:28
    [Сообщение] => 
            Time start: 2018.08.15 07:22:00
            Taked : 10000 cities,
            Loaded from Database: 239430 cities
            Updated: 10000 cities
            Added: 0 cities
            Time end: 2018.08.28 07:22:28
    [Параметры запуска] => Array
        (
            [START] => 40000
            [LIMIT] => 10000
        )

    [Ошибки при выполнении] => Array
(
)

)


PROCESSING Step Complete:
Array
(
    [Дата] => 15.08.2018 07:27:58
    [Сообщение] => 
            Time start: 2018.08.15 07:27:29
            Taked : 10000 cities,
            Loaded from Database: 239430 cities
            Updated: 10000 cities
            Added: 0 cities
            Time end: 2018.08.58 07:27:58
    [Параметры запуска] => Array
        (
            [START] => 50000
            [LIMIT] => 10000
        )

    [Ошибки при выполнении] => Array
(
)

)


PROCESSING Step Complete:
Array
(
    [Дата] => 15.08.2018 07:33:26
    [Сообщение] => 
            Time start: 2018.08.15 07:32:58
            Taked : 10000 cities,
            Loaded from Database: 239430 cities
            Updated: 10000 cities
            Added: 0 cities
            Time end: 2018.08.26 07:33:26
    [Параметры запуска] => Array
        (
            [START] => 60000
            [LIMIT] => 10000
        )

    [Ошибки при выполнении] => Array
(
)

)


PROCESSING Step Complete:
Array
(
    [Дата] => 15.08.2018 07:38:55
    [Сообщение] => 
            Time start: 2018.08.15 07:38:26
            Taked : 10000 cities,
            Loaded from Database: 239430 cities
            Updated: 10000 cities
            Added: 0 cities
            Time end: 2018.08.55 07:38:55
    [Параметры запуска] => Array
        (
            [START] => 70000
            [LIMIT] => 10000
        )

    [Ошибки при выполнении] => Array
(
)

)


PROCESSING Step Complete:
Array
(
    [Дата] => 15.08.2018 07:44:24
    [Сообщение] => 
            Time start: 2018.08.15 07:43:56
            Taked : 10000 cities,
            Loaded from Database: 239430 cities
            Updated: 10000 cities
            Added: 0 cities
            Time end: 2018.08.24 07:44:24
    [Параметры запуска] => Array
        (
            [START] => 80000
            [LIMIT] => 10000
        )

    [Ошибки при выполнении] => Array
(
)

)


PROCESSING Step Complete:
Array
(
    [Дата] => 15.08.2018 07:49:53
    [Сообщение] => 
            Time start: 2018.08.15 07:49:25
            Taked : 10000 cities,
            Loaded from Database: 239430 cities
            Updated: 10000 cities
            Added: 0 cities
            Time end: 2018.08.53 07:49:53
    [Параметры запуска] => Array
        (
            [START] => 90000
            [LIMIT] => 10000
        )

    [Ошибки при выполнении] => Array
(
)

)


PROCESSING Step Complete:
Array
(
    [Дата] => 15.08.2018 07:55:23
    [Сообщение] => 
            Time start: 2018.08.15 07:54:53
            Taked : 10000 cities,
            Loaded from Database: 239430 cities
            Updated: 10000 cities
            Added: 0 cities
            Time end: 2018.08.23 07:55:23
    [Параметры запуска] => Array
        (
            [START] => 100000
            [LIMIT] => 10000
        )

    [Ошибки при выполнении] => Array
(
)

)


PROCESSING Step Complete:
Array
(
    [Дата] => 15.08.2018 08:00:52
    [Сообщение] => 
            Time start: 2018.08.15 08:00:23
            Taked : 10000 cities,
            Loaded from Database: 239430 cities
            Updated: 10000 cities
            Added: 0 cities
            Time end: 2018.08.52 08:00:52
    [Параметры запуска] => Array
        (
            [START] => 110000
            [LIMIT] => 10000
        )

    [Ошибки при выполнении] => Array
(
)

)


PROCESSING Step Complete:
Array
(
    [Дата] => 15.08.2018 08:06:21
    [Сообщение] => 
            Time start: 2018.08.15 08:05:52
            Taked : 10000 cities,
            Loaded from Database: 239430 cities
            Updated: 10000 cities
            Added: 0 cities
            Time end: 2018.08.21 08:06:21
    [Параметры запуска] => Array
        (
            [START] => 120000
            [LIMIT] => 10000
        )

    [Ошибки при выполнении] => Array
(
)

)


PROCESSING Step Complete:
Array
(
    [Дата] => 15.08.2018 08:11:51
    [Сообщение] => 
            Time start: 2018.08.15 08:11:21
            Taked : 10000 cities,
            Loaded from Database: 239430 cities
            Updated: 10000 cities
            Added: 0 cities
            Time end: 2018.08.51 08:11:51
    [Параметры запуска] => Array
        (
            [START] => 130000
            [LIMIT] => 10000
        )

    [Ошибки при выполнении] => Array
(
)

)


PROCESSING Step Complete:
Array
(
    [Дата] => 15.08.2018 08:17:19
    [Сообщение] => 
            Time start: 2018.08.15 08:16:51
            Taked : 10000 cities,
            Loaded from Database: 239430 cities
            Updated: 10000 cities
            Added: 0 cities
            Time end: 2018.08.19 08:17:19
    [Параметры запуска] => Array
        (
            [START] => 140000
            [LIMIT] => 10000
        )

    [Ошибки при выполнении] => Array
(
)

)


PROCESSING Step Complete:
Array
(
    [Дата] => 15.08.2018 08:22:48
    [Сообщение] => 
            Time start: 2018.08.15 08:22:19
            Taked : 10000 cities,
            Loaded from Database: 239430 cities
            Updated: 10000 cities
            Added: 0 cities
            Time end: 2018.08.48 08:22:48
    [Параметры запуска] => Array
        (
            [START] => 150000
            [LIMIT] => 10000
        )

    [Ошибки при выполнении] => Array
(
)

)


PROCESSING Step Complete:
Array
(
    [Дата] => 15.08.2018 08:28:18
    [Сообщение] => 
            Time start: 2018.08.15 08:27:48
            Taked : 10000 cities,
            Loaded from Database: 239430 cities
            Updated: 10000 cities
            Added: 0 cities
            Time end: 2018.08.18 08:28:18
    [Параметры запуска] => Array
        (
            [START] => 160000
            [LIMIT] => 10000
        )

    [Ошибки при выполнении] => Array
(
)

)


PROCESSING Step Complete:
Array
(
    [Дата] => 15.08.2018 08:33:47
    [Сообщение] => 
            Time start: 2018.08.15 08:33:18
            Taked : 10000 cities,
            Loaded from Database: 239430 cities
            Updated: 10000 cities
            Added: 0 cities
            Time end: 2018.08.47 08:33:47
    [Параметры запуска] => Array
        (
            [START] => 170000
            [LIMIT] => 10000
        )

    [Ошибки при выполнении] => Array
(
)

)


PROCESSING Step Complete:
Array
(
    [Дата] => 15.08.2018 08:39:16
    [Сообщение] => 
            Time start: 2018.08.15 08:38:47
            Taked : 10000 cities,
            Loaded from Database: 239430 cities
            Updated: 10000 cities
            Added: 0 cities
            Time end: 2018.08.16 08:39:16
    [Параметры запуска] => Array
        (
            [START] => 180000
            [LIMIT] => 10000
        )

    [Ошибки при выполнении] => Array
(
)

)


PROCESSING Step Complete:
Array
(
    [Дата] => 15.08.2018 08:44:45
    [Сообщение] => 
            Time start: 2018.08.15 08:44:16
            Taked : 10000 cities,
            Loaded from Database: 239430 cities
            Updated: 10000 cities
            Added: 0 cities
            Time end: 2018.08.45 08:44:45
    [Параметры запуска] => Array
        (
            [START] => 190000
            [LIMIT] => 10000
        )

    [Ошибки при выполнении] => Array
(
)

)


PROCESSING Step Complete:
Array
(
    [Дата] => 15.08.2018 08:50:15
    [Сообщение] => 
            Time start: 2018.08.15 08:49:45
            Taked : 10000 cities,
            Loaded from Database: 239430 cities
            Updated: 9999 cities
            Added: 1 cities
            Time end: 2018.08.15 08:50:15
    [Параметры запуска] => Array
        (
            [START] => 200000
            [LIMIT] => 10000
        )

    [Ошибки при выполнении] => Array
(
)

)


PROCESSING Step Complete:
Array
(
    [Дата] => 15.08.2018 08:55:43
    [Сообщение] => 
            Time start: 2018.08.15 08:55:15
            Taked : 10000 cities,
            Loaded from Database: 239431 cities
            Updated: 10000 cities
            Added: 0 cities
            Time end: 2018.08.43 08:55:43
    [Параметры запуска] => Array
        (
            [START] => 210000
            [LIMIT] => 10000
        )

    [Ошибки при выполнении] => Array
(
)

)


PROCESSING Step Complete:
Array
(
    [Дата] => 15.08.2018 09:01:13
    [Сообщение] => 
            Time start: 2018.08.15 09:00:44
            Taked : 10000 cities,
            Loaded from Database: 239431 cities
            Updated: 10000 cities
            Added: 0 cities
            Time end: 2018.08.13 09:01:13
    [Параметры запуска] => Array
        (
            [START] => 220000
            [LIMIT] => 10000
        )

    [Ошибки при выполнении] => Array
(
)

)


PROCESSING Complete:
Array
(
    [Дата] => 15.08.2018 09:06:41
    [Сообщение] => 
            Time start: 2018.08.15 09:06:13
            Taked : 9431 cities,
            Loaded from Database: 239431 cities
            Deleted: 0 cities,
            Updated: 9431 cities
            Added: 0 cities
            Time end: 2018.08.41 09:06:41
    [Параметры запуска] => Array
        (
            [START] => 230000
            [LIMIT] => 10000
        )

    [Ошибки при выполнении] => Array
(
)

)


