TRIGGER Complete:
Array
(
    [Дата] => 07.05.2018 07:00:02
    [Сообщение] => TRIGGER START
)


PROCESSING Step Complete:
Array
(
    [Дата] => 07.05.2018 07:00:15
    [Сообщение] => 
            Time start: 2018.05.07 07:00:02
            Taked : 10000 cities,
            Loaded from Database: 238488 cities
            Updated: 10000 cities
            Added: 0 cities
            Time end: 2018.05.15 07:00:15
    [Параметры запуска] => Array
        (
            [START] => 0
            [LIMIT] => 10000
        )

    [Ошибки при выполнении] => Array
(
)

)


PROCESSING Step Complete:
Array
(
    [Дата] => 07.05.2018 07:05:27
    [Сообщение] => 
            Time start: 2018.05.07 07:05:15
            Taked : 10000 cities,
            Loaded from Database: 238488 cities
            Updated: 10000 cities
            Added: 0 cities
            Time end: 2018.05.27 07:05:27
    [Параметры запуска] => Array
        (
            [START] => 10000
            [LIMIT] => 10000
        )

    [Ошибки при выполнении] => Array
(
)

)


PROCESSING Step Complete:
Array
(
    [Дата] => 07.05.2018 07:10:41
    [Сообщение] => 
            Time start: 2018.05.07 07:10:28
            Taked : 10000 cities,
            Loaded from Database: 238488 cities
            Updated: 10000 cities
            Added: 0 cities
            Time end: 2018.05.41 07:10:41
    [Параметры запуска] => Array
        (
            [START] => 20000
            [LIMIT] => 10000
        )

    [Ошибки при выполнении] => Array
(
)

)


PROCESSING Step Complete:
Array
(
    [Дата] => 07.05.2018 07:15:55
    [Сообщение] => 
            Time start: 2018.05.07 07:15:41
            Taked : 10000 cities,
            Loaded from Database: 238488 cities
            Updated: 10000 cities
            Added: 0 cities
            Time end: 2018.05.55 07:15:55
    [Параметры запуска] => Array
        (
            [START] => 30000
            [LIMIT] => 10000
        )

    [Ошибки при выполнении] => Array
(
)

)


PROCESSING Step Complete:
Array
(
    [Дата] => 07.05.2018 07:21:08
    [Сообщение] => 
            Time start: 2018.05.07 07:20:55
            Taked : 10000 cities,
            Loaded from Database: 238488 cities
            Updated: 10000 cities
            Added: 0 cities
            Time end: 2018.05.08 07:21:08
    [Параметры запуска] => Array
        (
            [START] => 40000
            [LIMIT] => 10000
        )

    [Ошибки при выполнении] => Array
(
)

)


PROCESSING Step Complete:
Array
(
    [Дата] => 07.05.2018 07:26:22
    [Сообщение] => 
            Time start: 2018.05.07 07:26:08
            Taked : 10000 cities,
            Loaded from Database: 238488 cities
            Updated: 10000 cities
            Added: 0 cities
            Time end: 2018.05.22 07:26:22
    [Параметры запуска] => Array
        (
            [START] => 50000
            [LIMIT] => 10000
        )

    [Ошибки при выполнении] => Array
(
)

)


PROCESSING Step Complete:
Array
(
    [Дата] => 07.05.2018 07:31:35
    [Сообщение] => 
            Time start: 2018.05.07 07:31:22
            Taked : 10000 cities,
            Loaded from Database: 238488 cities
            Updated: 10000 cities
            Added: 0 cities
            Time end: 2018.05.35 07:31:35
    [Параметры запуска] => Array
        (
            [START] => 60000
            [LIMIT] => 10000
        )

    [Ошибки при выполнении] => Array
(
)

)


PROCESSING Step Complete:
Array
(
    [Дата] => 07.05.2018 07:36:49
    [Сообщение] => 
            Time start: 2018.05.07 07:36:35
            Taked : 10000 cities,
            Loaded from Database: 238488 cities
            Updated: 10000 cities
            Added: 0 cities
            Time end: 2018.05.49 07:36:49
    [Параметры запуска] => Array
        (
            [START] => 70000
            [LIMIT] => 10000
        )

    [Ошибки при выполнении] => Array
(
)

)


PROCESSING Step Complete:
Array
(
    [Дата] => 07.05.2018 07:42:02
    [Сообщение] => 
            Time start: 2018.05.07 07:41:49
            Taked : 10000 cities,
            Loaded from Database: 238488 cities
            Updated: 10000 cities
            Added: 0 cities
            Time end: 2018.05.02 07:42:02
    [Параметры запуска] => Array
        (
            [START] => 80000
            [LIMIT] => 10000
        )

    [Ошибки при выполнении] => Array
(
)

)


PROCESSING Step Complete:
Array
(
    [Дата] => 07.05.2018 07:47:16
    [Сообщение] => 
            Time start: 2018.05.07 07:47:02
            Taked : 10000 cities,
            Loaded from Database: 238488 cities
            Updated: 10000 cities
            Added: 0 cities
            Time end: 2018.05.16 07:47:16
    [Параметры запуска] => Array
        (
            [START] => 90000
            [LIMIT] => 10000
        )

    [Ошибки при выполнении] => Array
(
)

)


PROCESSING Step Complete:
Array
(
    [Дата] => 07.05.2018 07:52:29
    [Сообщение] => 
            Time start: 2018.05.07 07:52:16
            Taked : 10000 cities,
            Loaded from Database: 238488 cities
            Updated: 10000 cities
            Added: 0 cities
            Time end: 2018.05.29 07:52:29
    [Параметры запуска] => Array
        (
            [START] => 100000
            [LIMIT] => 10000
        )

    [Ошибки при выполнении] => Array
(
)

)


PROCESSING Step Complete:
Array
(
    [Дата] => 07.05.2018 07:57:41
    [Сообщение] => 
            Time start: 2018.05.07 07:57:29
            Taked : 10000 cities,
            Loaded from Database: 238488 cities
            Updated: 10000 cities
            Added: 0 cities
            Time end: 2018.05.41 07:57:41
    [Параметры запуска] => Array
        (
            [START] => 110000
            [LIMIT] => 10000
        )

    [Ошибки при выполнении] => Array
(
)

)


PROCESSING Step Complete:
Array
(
    [Дата] => 07.05.2018 08:02:55
    [Сообщение] => 
            Time start: 2018.05.07 08:02:42
            Taked : 10000 cities,
            Loaded from Database: 238488 cities
            Updated: 10000 cities
            Added: 0 cities
            Time end: 2018.05.55 08:02:55
    [Параметры запуска] => Array
        (
            [START] => 120000
            [LIMIT] => 10000
        )

    [Ошибки при выполнении] => Array
(
)

)


PROCESSING Step Complete:
Array
(
    [Дата] => 07.05.2018 08:08:08
    [Сообщение] => 
            Time start: 2018.05.07 08:07:55
            Taked : 10000 cities,
            Loaded from Database: 238488 cities
            Updated: 10000 cities
            Added: 0 cities
            Time end: 2018.05.08 08:08:08
    [Параметры запуска] => Array
        (
            [START] => 130000
            [LIMIT] => 10000
        )

    [Ошибки при выполнении] => Array
(
)

)


PROCESSING Step Complete:
Array
(
    [Дата] => 07.05.2018 08:13:22
    [Сообщение] => 
            Time start: 2018.05.07 08:13:09
            Taked : 10000 cities,
            Loaded from Database: 238488 cities
            Updated: 10000 cities
            Added: 0 cities
            Time end: 2018.05.22 08:13:22
    [Параметры запуска] => Array
        (
            [START] => 140000
            [LIMIT] => 10000
        )

    [Ошибки при выполнении] => Array
(
)

)


PROCESSING Step Complete:
Array
(
    [Дата] => 07.05.2018 08:18:34
    [Сообщение] => 
            Time start: 2018.05.07 08:18:22
            Taked : 10000 cities,
            Loaded from Database: 238488 cities
            Updated: 10000 cities
            Added: 0 cities
            Time end: 2018.05.34 08:18:34
    [Параметры запуска] => Array
        (
            [START] => 150000
            [LIMIT] => 10000
        )

    [Ошибки при выполнении] => Array
(
)

)


PROCESSING Step Complete:
Array
(
    [Дата] => 07.05.2018 08:23:47
    [Сообщение] => 
            Time start: 2018.05.07 08:23:34
            Taked : 10000 cities,
            Loaded from Database: 238488 cities
            Updated: 10000 cities
            Added: 0 cities
            Time end: 2018.05.47 08:23:47
    [Параметры запуска] => Array
        (
            [START] => 160000
            [LIMIT] => 10000
        )

    [Ошибки при выполнении] => Array
(
)

)


PROCESSING Step Complete:
Array
(
    [Дата] => 07.05.2018 08:29:01
    [Сообщение] => 
            Time start: 2018.05.07 08:28:47
            Taked : 10000 cities,
            Loaded from Database: 238488 cities
            Updated: 10000 cities
            Added: 0 cities
            Time end: 2018.05.01 08:29:01
    [Параметры запуска] => Array
        (
            [START] => 170000
            [LIMIT] => 10000
        )

    [Ошибки при выполнении] => Array
(
)

)


PROCESSING Step Complete:
Array
(
    [Дата] => 07.05.2018 08:34:14
    [Сообщение] => 
            Time start: 2018.05.07 08:34:01
            Taked : 10000 cities,
            Loaded from Database: 238488 cities
            Updated: 10000 cities
            Added: 0 cities
            Time end: 2018.05.14 08:34:14
    [Параметры запуска] => Array
        (
            [START] => 180000
            [LIMIT] => 10000
        )

    [Ошибки при выполнении] => Array
(
)

)


PROCESSING Step Complete:
Array
(
    [Дата] => 07.05.2018 08:39:28
    [Сообщение] => 
            Time start: 2018.05.07 08:39:15
            Taked : 10000 cities,
            Loaded from Database: 238488 cities
            Updated: 10000 cities
            Added: 0 cities
            Time end: 2018.05.28 08:39:28
    [Параметры запуска] => Array
        (
            [START] => 190000
            [LIMIT] => 10000
        )

    [Ошибки при выполнении] => Array
(
)

)


PROCESSING Step Complete:
Array
(
    [Дата] => 07.05.2018 08:44:40
    [Сообщение] => 
            Time start: 2018.05.07 08:44:28
            Taked : 10000 cities,
            Loaded from Database: 238488 cities
            Updated: 9999 cities
            Added: 1 cities
            Time end: 2018.05.40 08:44:40
    [Параметры запуска] => Array
        (
            [START] => 200000
            [LIMIT] => 10000
        )

    [Ошибки при выполнении] => Array
(
)

)


PROCESSING Step Complete:
Array
(
    [Дата] => 07.05.2018 08:49:53
    [Сообщение] => 
            Time start: 2018.05.07 08:49:40
            Taked : 10000 cities,
            Loaded from Database: 238489 cities
            Updated: 10000 cities
            Added: 0 cities
            Time end: 2018.05.53 08:49:53
    [Параметры запуска] => Array
        (
            [START] => 210000
            [LIMIT] => 10000
        )

    [Ошибки при выполнении] => Array
(
)

)


PROCESSING Step Complete:
Array
(
    [Дата] => 07.05.2018 08:55:07
    [Сообщение] => 
            Time start: 2018.05.07 08:54:53
            Taked : 10000 cities,
            Loaded from Database: 238489 cities
            Updated: 10000 cities
            Added: 0 cities
            Time end: 2018.05.07 08:55:07
    [Параметры запуска] => Array
        (
            [START] => 220000
            [LIMIT] => 10000
        )

    [Ошибки при выполнении] => Array
(
)

)


PROCESSING Complete:
Array
(
    [Дата] => 07.05.2018 09:00:18
    [Сообщение] => 
            Time start: 2018.05.07 09:00:07
            Taked : 8489 cities,
            Loaded from Database: 238489 cities
            Deleted: 0 cities,
            Updated: 8489 cities
            Added: 0 cities
            Time end: 2018.05.18 09:00:18
    [Параметры запуска] => Array
        (
            [START] => 230000
            [LIMIT] => 10000
        )

    [Ошибки при выполнении] => Array
(
)

)


