TRIGGER Complete:
Array
(
    [Дата] => 19.06.2018 07:00:02
    [Сообщение] => TRIGGER START
)


PROCESSING Step Complete:
Array
(
    [Дата] => 19.06.2018 07:00:16
    [Сообщение] => 
            Time start: 2018.06.19 07:00:02
            Taked : 10000 cities,
            Loaded from Database: 238514 cities
            Updated: 10000 cities
            Added: 0 cities
            Time end: 2018.06.16 07:00:16
    [Параметры запуска] => Array
        (
            [START] => 0
            [LIMIT] => 10000
        )

    [Ошибки при выполнении] => Array
(
)

)


PROCESSING Step Complete:
Array
(
    [Дата] => 19.06.2018 07:05:31
    [Сообщение] => 
            Time start: 2018.06.19 07:05:16
            Taked : 10000 cities,
            Loaded from Database: 238514 cities
            Updated: 10000 cities
            Added: 0 cities
            Time end: 2018.06.31 07:05:31
    [Параметры запуска] => Array
        (
            [START] => 10000
            [LIMIT] => 10000
        )

    [Ошибки при выполнении] => Array
(
)

)


PROCESSING Step Complete:
Array
(
    [Дата] => 19.06.2018 07:10:46
    [Сообщение] => 
            Time start: 2018.06.19 07:10:31
            Taked : 10000 cities,
            Loaded from Database: 238514 cities
            Updated: 10000 cities
            Added: 0 cities
            Time end: 2018.06.46 07:10:46
    [Параметры запуска] => Array
        (
            [START] => 20000
            [LIMIT] => 10000
        )

    [Ошибки при выполнении] => Array
(
)

)


PROCESSING Step Complete:
Array
(
    [Дата] => 19.06.2018 07:16:00
    [Сообщение] => 
            Time start: 2018.06.19 07:15:46
            Taked : 10000 cities,
            Loaded from Database: 238514 cities
            Updated: 10000 cities
            Added: 0 cities
            Time end: 2018.06.00 07:16:00
    [Параметры запуска] => Array
        (
            [START] => 30000
            [LIMIT] => 10000
        )

    [Ошибки при выполнении] => Array
(
)

)


PROCESSING Step Complete:
Array
(
    [Дата] => 19.06.2018 07:21:15
    [Сообщение] => 
            Time start: 2018.06.19 07:21:00
            Taked : 10000 cities,
            Loaded from Database: 238514 cities
            Updated: 10000 cities
            Added: 0 cities
            Time end: 2018.06.15 07:21:15
    [Параметры запуска] => Array
        (
            [START] => 40000
            [LIMIT] => 10000
        )

    [Ошибки при выполнении] => Array
(
)

)


PROCESSING Step Complete:
Array
(
    [Дата] => 19.06.2018 07:26:29
    [Сообщение] => 
            Time start: 2018.06.19 07:26:15
            Taked : 10000 cities,
            Loaded from Database: 238514 cities
            Updated: 10000 cities
            Added: 0 cities
            Time end: 2018.06.29 07:26:29
    [Параметры запуска] => Array
        (
            [START] => 50000
            [LIMIT] => 10000
        )

    [Ошибки при выполнении] => Array
(
)

)


PROCESSING Step Complete:
Array
(
    [Дата] => 19.06.2018 07:31:43
    [Сообщение] => 
            Time start: 2018.06.19 07:31:29
            Taked : 10000 cities,
            Loaded from Database: 238514 cities
            Updated: 10000 cities
            Added: 0 cities
            Time end: 2018.06.43 07:31:43
    [Параметры запуска] => Array
        (
            [START] => 60000
            [LIMIT] => 10000
        )

    [Ошибки при выполнении] => Array
(
)

)


PROCESSING Step Complete:
Array
(
    [Дата] => 19.06.2018 07:36:57
    [Сообщение] => 
            Time start: 2018.06.19 07:36:43
            Taked : 10000 cities,
            Loaded from Database: 238514 cities
            Updated: 10000 cities
            Added: 0 cities
            Time end: 2018.06.57 07:36:57
    [Параметры запуска] => Array
        (
            [START] => 70000
            [LIMIT] => 10000
        )

    [Ошибки при выполнении] => Array
(
)

)


PROCESSING Step Complete:
Array
(
    [Дата] => 19.06.2018 07:42:11
    [Сообщение] => 
            Time start: 2018.06.19 07:41:57
            Taked : 10000 cities,
            Loaded from Database: 238514 cities
            Updated: 10000 cities
            Added: 0 cities
            Time end: 2018.06.11 07:42:11
    [Параметры запуска] => Array
        (
            [START] => 80000
            [LIMIT] => 10000
        )

    [Ошибки при выполнении] => Array
(
)

)


PROCESSING Step Complete:
Array
(
    [Дата] => 19.06.2018 07:47:26
    [Сообщение] => 
            Time start: 2018.06.19 07:47:11
            Taked : 10000 cities,
            Loaded from Database: 238514 cities
            Updated: 10000 cities
            Added: 0 cities
            Time end: 2018.06.26 07:47:26
    [Параметры запуска] => Array
        (
            [START] => 90000
            [LIMIT] => 10000
        )

    [Ошибки при выполнении] => Array
(
)

)


PROCESSING Step Complete:
Array
(
    [Дата] => 19.06.2018 07:52:41
    [Сообщение] => 
            Time start: 2018.06.19 07:52:26
            Taked : 10000 cities,
            Loaded from Database: 238514 cities
            Updated: 10000 cities
            Added: 0 cities
            Time end: 2018.06.41 07:52:41
    [Параметры запуска] => Array
        (
            [START] => 100000
            [LIMIT] => 10000
        )

    [Ошибки при выполнении] => Array
(
)

)


PROCESSING Step Complete:
Array
(
    [Дата] => 19.06.2018 07:57:55
    [Сообщение] => 
            Time start: 2018.06.19 07:57:41
            Taked : 10000 cities,
            Loaded from Database: 238514 cities
            Updated: 10000 cities
            Added: 0 cities
            Time end: 2018.06.55 07:57:55
    [Параметры запуска] => Array
        (
            [START] => 110000
            [LIMIT] => 10000
        )

    [Ошибки при выполнении] => Array
(
)

)


PROCESSING Step Complete:
Array
(
    [Дата] => 19.06.2018 08:03:09
    [Сообщение] => 
            Time start: 2018.06.19 08:02:55
            Taked : 10000 cities,
            Loaded from Database: 238514 cities
            Updated: 10000 cities
            Added: 0 cities
            Time end: 2018.06.09 08:03:09
    [Параметры запуска] => Array
        (
            [START] => 120000
            [LIMIT] => 10000
        )

    [Ошибки при выполнении] => Array
(
)

)


PROCESSING Step Complete:
Array
(
    [Дата] => 19.06.2018 08:08:24
    [Сообщение] => 
            Time start: 2018.06.19 08:08:10
            Taked : 10000 cities,
            Loaded from Database: 238514 cities
            Updated: 10000 cities
            Added: 0 cities
            Time end: 2018.06.24 08:08:24
    [Параметры запуска] => Array
        (
            [START] => 130000
            [LIMIT] => 10000
        )

    [Ошибки при выполнении] => Array
(
)

)


PROCESSING Step Complete:
Array
(
    [Дата] => 19.06.2018 08:13:39
    [Сообщение] => 
            Time start: 2018.06.19 08:13:24
            Taked : 10000 cities,
            Loaded from Database: 238514 cities
            Updated: 10000 cities
            Added: 0 cities
            Time end: 2018.06.39 08:13:39
    [Параметры запуска] => Array
        (
            [START] => 140000
            [LIMIT] => 10000
        )

    [Ошибки при выполнении] => Array
(
)

)


PROCESSING Step Complete:
Array
(
    [Дата] => 19.06.2018 08:18:54
    [Сообщение] => 
            Time start: 2018.06.19 08:18:39
            Taked : 10000 cities,
            Loaded from Database: 238514 cities
            Updated: 10000 cities
            Added: 0 cities
            Time end: 2018.06.54 08:18:54
    [Параметры запуска] => Array
        (
            [START] => 150000
            [LIMIT] => 10000
        )

    [Ошибки при выполнении] => Array
(
)

)


PROCESSING Step Complete:
Array
(
    [Дата] => 19.06.2018 08:24:08
    [Сообщение] => 
            Time start: 2018.06.19 08:23:54
            Taked : 10000 cities,
            Loaded from Database: 238514 cities
            Updated: 10000 cities
            Added: 0 cities
            Time end: 2018.06.08 08:24:08
    [Параметры запуска] => Array
        (
            [START] => 160000
            [LIMIT] => 10000
        )

    [Ошибки при выполнении] => Array
(
)

)


PROCESSING Step Complete:
Array
(
    [Дата] => 19.06.2018 08:29:23
    [Сообщение] => 
            Time start: 2018.06.19 08:29:08
            Taked : 10000 cities,
            Loaded from Database: 238514 cities
            Updated: 10000 cities
            Added: 0 cities
            Time end: 2018.06.23 08:29:23
    [Параметры запуска] => Array
        (
            [START] => 170000
            [LIMIT] => 10000
        )

    [Ошибки при выполнении] => Array
(
)

)


PROCESSING Step Complete:
Array
(
    [Дата] => 19.06.2018 08:34:37
    [Сообщение] => 
            Time start: 2018.06.19 08:34:23
            Taked : 10000 cities,
            Loaded from Database: 238514 cities
            Updated: 10000 cities
            Added: 0 cities
            Time end: 2018.06.37 08:34:37
    [Параметры запуска] => Array
        (
            [START] => 180000
            [LIMIT] => 10000
        )

    [Ошибки при выполнении] => Array
(
)

)


PROCESSING Step Complete:
Array
(
    [Дата] => 19.06.2018 08:39:52
    [Сообщение] => 
            Time start: 2018.06.19 08:39:37
            Taked : 10000 cities,
            Loaded from Database: 238514 cities
            Updated: 10000 cities
            Added: 0 cities
            Time end: 2018.06.52 08:39:52
    [Параметры запуска] => Array
        (
            [START] => 190000
            [LIMIT] => 10000
        )

    [Ошибки при выполнении] => Array
(
)

)


PROCESSING Step Complete:
Array
(
    [Дата] => 19.06.2018 08:45:06
    [Сообщение] => 
            Time start: 2018.06.19 08:44:52
            Taked : 10000 cities,
            Loaded from Database: 238514 cities
            Updated: 9893 cities
            Added: 107 cities
            Time end: 2018.06.06 08:45:06
    [Параметры запуска] => Array
        (
            [START] => 200000
            [LIMIT] => 10000
        )

    [Ошибки при выполнении] => Array
(
)

)


PROCESSING Step Complete:
Array
(
    [Дата] => 19.06.2018 08:50:20
    [Сообщение] => 
            Time start: 2018.06.19 08:50:07
            Taked : 10000 cities,
            Loaded from Database: 238621 cities
            Updated: 10000 cities
            Added: 0 cities
            Time end: 2018.06.20 08:50:20
    [Параметры запуска] => Array
        (
            [START] => 210000
            [LIMIT] => 10000
        )

    [Ошибки при выполнении] => Array
(
)

)


PROCESSING Step Complete:
Array
(
    [Дата] => 19.06.2018 08:55:35
    [Сообщение] => 
            Time start: 2018.06.19 08:55:21
            Taked : 10000 cities,
            Loaded from Database: 238621 cities
            Updated: 10000 cities
            Added: 0 cities
            Time end: 2018.06.35 08:55:35
    [Параметры запуска] => Array
        (
            [START] => 220000
            [LIMIT] => 10000
        )

    [Ошибки при выполнении] => Array
(
)

)


PROCESSING Complete:
Array
(
    [Дата] => 19.06.2018 09:00:48
    [Сообщение] => 
            Time start: 2018.06.19 09:00:35
            Taked : 8621 cities,
            Loaded from Database: 238621 cities
            Deleted: 0 cities,
            Updated: 8621 cities
            Added: 0 cities
            Time end: 2018.06.48 09:00:48
    [Параметры запуска] => Array
        (
            [START] => 230000
            [LIMIT] => 10000
        )

    [Ошибки при выполнении] => Array
(
)

)


