TRIGGER Complete:
Array
(
    [Дата] => 17.09.2018 07:00:09
    [Сообщение] => TRIGGER START
)


PROCESSING Step Complete:
Array
(
    [Дата] => 17.09.2018 07:00:39
    [Сообщение] => 
            Time start: 2018.09.17 07:00:09
            Taked : 10000 cities,
            Loaded from Database: 239595 cities
            Updated: 10000 cities
            Added: 0 cities
            Time end: 2018.09.39 07:00:39
    [Параметры запуска] => Array
        (
            [START] => 0
            [LIMIT] => 10000
        )

    [Ошибки при выполнении] => Array
(
)

)


PROCESSING Step Complete:
Array
(
    [Дата] => 17.09.2018 07:06:08
    [Сообщение] => 
            Time start: 2018.09.17 07:05:39
            Taked : 10000 cities,
            Loaded from Database: 239595 cities
            Updated: 10000 cities
            Added: 0 cities
            Time end: 2018.09.08 07:06:08
    [Параметры запуска] => Array
        (
            [START] => 10000
            [LIMIT] => 10000
        )

    [Ошибки при выполнении] => Array
(
)

)


PROCESSING Step Complete:
Array
(
    [Дата] => 17.09.2018 07:11:36
    [Сообщение] => 
            Time start: 2018.09.17 07:11:08
            Taked : 10000 cities,
            Loaded from Database: 239595 cities
            Updated: 10000 cities
            Added: 0 cities
            Time end: 2018.09.36 07:11:36
    [Параметры запуска] => Array
        (
            [START] => 20000
            [LIMIT] => 10000
        )

    [Ошибки при выполнении] => Array
(
)

)


PROCESSING Step Complete:
Array
(
    [Дата] => 17.09.2018 07:17:05
    [Сообщение] => 
            Time start: 2018.09.17 07:16:36
            Taked : 10000 cities,
            Loaded from Database: 239595 cities
            Updated: 10000 cities
            Added: 0 cities
            Time end: 2018.09.05 07:17:05
    [Параметры запуска] => Array
        (
            [START] => 30000
            [LIMIT] => 10000
        )

    [Ошибки при выполнении] => Array
(
)

)


PROCESSING Step Complete:
Array
(
    [Дата] => 17.09.2018 07:22:34
    [Сообщение] => 
            Time start: 2018.09.17 07:22:06
            Taked : 10000 cities,
            Loaded from Database: 239595 cities
            Updated: 10000 cities
            Added: 0 cities
            Time end: 2018.09.34 07:22:34
    [Параметры запуска] => Array
        (
            [START] => 40000
            [LIMIT] => 10000
        )

    [Ошибки при выполнении] => Array
(
)

)


PROCESSING Step Complete:
Array
(
    [Дата] => 17.09.2018 07:28:04
    [Сообщение] => 
            Time start: 2018.09.17 07:27:35
            Taked : 10000 cities,
            Loaded from Database: 239595 cities
            Updated: 10000 cities
            Added: 0 cities
            Time end: 2018.09.04 07:28:04
    [Параметры запуска] => Array
        (
            [START] => 50000
            [LIMIT] => 10000
        )

    [Ошибки при выполнении] => Array
(
)

)


PROCESSING Step Complete:
Array
(
    [Дата] => 17.09.2018 07:33:33
    [Сообщение] => 
            Time start: 2018.09.17 07:33:04
            Taked : 10000 cities,
            Loaded from Database: 239595 cities
            Updated: 10000 cities
            Added: 0 cities
            Time end: 2018.09.33 07:33:33
    [Параметры запуска] => Array
        (
            [START] => 60000
            [LIMIT] => 10000
        )

    [Ошибки при выполнении] => Array
(
)

)


PROCESSING Step Complete:
Array
(
    [Дата] => 17.09.2018 07:39:02
    [Сообщение] => 
            Time start: 2018.09.17 07:38:33
            Taked : 10000 cities,
            Loaded from Database: 239595 cities
            Updated: 10000 cities
            Added: 0 cities
            Time end: 2018.09.02 07:39:02
    [Параметры запуска] => Array
        (
            [START] => 70000
            [LIMIT] => 10000
        )

    [Ошибки при выполнении] => Array
(
)

)


PROCESSING Step Complete:
Array
(
    [Дата] => 17.09.2018 07:44:31
    [Сообщение] => 
            Time start: 2018.09.17 07:44:02
            Taked : 10000 cities,
            Loaded from Database: 239595 cities
            Updated: 10000 cities
            Added: 0 cities
            Time end: 2018.09.31 07:44:31
    [Параметры запуска] => Array
        (
            [START] => 80000
            [LIMIT] => 10000
        )

    [Ошибки при выполнении] => Array
(
)

)


PROCESSING Step Complete:
Array
(
    [Дата] => 17.09.2018 07:50:00
    [Сообщение] => 
            Time start: 2018.09.17 07:49:31
            Taked : 10000 cities,
            Loaded from Database: 239595 cities
            Updated: 10000 cities
            Added: 0 cities
            Time end: 2018.09.00 07:50:00
    [Параметры запуска] => Array
        (
            [START] => 90000
            [LIMIT] => 10000
        )

    [Ошибки при выполнении] => Array
(
)

)


PROCESSING Step Complete:
Array
(
    [Дата] => 17.09.2018 07:55:28
    [Сообщение] => 
            Time start: 2018.09.17 07:55:00
            Taked : 10000 cities,
            Loaded from Database: 239595 cities
            Updated: 10000 cities
            Added: 0 cities
            Time end: 2018.09.28 07:55:28
    [Параметры запуска] => Array
        (
            [START] => 100000
            [LIMIT] => 10000
        )

    [Ошибки при выполнении] => Array
(
)

)


PROCESSING Step Complete:
Array
(
    [Дата] => 17.09.2018 08:00:58
    [Сообщение] => 
            Time start: 2018.09.17 08:00:29
            Taked : 10000 cities,
            Loaded from Database: 239595 cities
            Updated: 10000 cities
            Added: 0 cities
            Time end: 2018.09.58 08:00:58
    [Параметры запуска] => Array
        (
            [START] => 110000
            [LIMIT] => 10000
        )

    [Ошибки при выполнении] => Array
(
)

)


PROCESSING Step Complete:
Array
(
    [Дата] => 17.09.2018 08:06:27
    [Сообщение] => 
            Time start: 2018.09.17 08:05:58
            Taked : 10000 cities,
            Loaded from Database: 239595 cities
            Updated: 10000 cities
            Added: 0 cities
            Time end: 2018.09.27 08:06:27
    [Параметры запуска] => Array
        (
            [START] => 120000
            [LIMIT] => 10000
        )

    [Ошибки при выполнении] => Array
(
)

)


PROCESSING Step Complete:
Array
(
    [Дата] => 17.09.2018 08:11:56
    [Сообщение] => 
            Time start: 2018.09.17 08:11:27
            Taked : 10000 cities,
            Loaded from Database: 239595 cities
            Updated: 10000 cities
            Added: 0 cities
            Time end: 2018.09.56 08:11:56
    [Параметры запуска] => Array
        (
            [START] => 130000
            [LIMIT] => 10000
        )

    [Ошибки при выполнении] => Array
(
)

)


PROCESSING Step Complete:
Array
(
    [Дата] => 17.09.2018 08:17:25
    [Сообщение] => 
            Time start: 2018.09.17 08:16:56
            Taked : 10000 cities,
            Loaded from Database: 239595 cities
            Updated: 10000 cities
            Added: 0 cities
            Time end: 2018.09.25 08:17:25
    [Параметры запуска] => Array
        (
            [START] => 140000
            [LIMIT] => 10000
        )

    [Ошибки при выполнении] => Array
(
)

)


PROCESSING Step Complete:
Array
(
    [Дата] => 17.09.2018 08:22:54
    [Сообщение] => 
            Time start: 2018.09.17 08:22:25
            Taked : 10000 cities,
            Loaded from Database: 239595 cities
            Updated: 10000 cities
            Added: 0 cities
            Time end: 2018.09.54 08:22:54
    [Параметры запуска] => Array
        (
            [START] => 150000
            [LIMIT] => 10000
        )

    [Ошибки при выполнении] => Array
(
)

)


PROCESSING Step Complete:
Array
(
    [Дата] => 17.09.2018 08:28:23
    [Сообщение] => 
            Time start: 2018.09.17 08:27:54
            Taked : 10000 cities,
            Loaded from Database: 239595 cities
            Updated: 10000 cities
            Added: 0 cities
            Time end: 2018.09.23 08:28:23
    [Параметры запуска] => Array
        (
            [START] => 160000
            [LIMIT] => 10000
        )

    [Ошибки при выполнении] => Array
(
)

)


PROCESSING Step Complete:
Array
(
    [Дата] => 17.09.2018 08:33:53
    [Сообщение] => 
            Time start: 2018.09.17 08:33:24
            Taked : 10000 cities,
            Loaded from Database: 239595 cities
            Updated: 10000 cities
            Added: 0 cities
            Time end: 2018.09.53 08:33:53
    [Параметры запуска] => Array
        (
            [START] => 170000
            [LIMIT] => 10000
        )

    [Ошибки при выполнении] => Array
(
)

)


PROCESSING Step Complete:
Array
(
    [Дата] => 17.09.2018 08:39:22
    [Сообщение] => 
            Time start: 2018.09.17 08:38:53
            Taked : 10000 cities,
            Loaded from Database: 239595 cities
            Updated: 10000 cities
            Added: 0 cities
            Time end: 2018.09.22 08:39:22
    [Параметры запуска] => Array
        (
            [START] => 180000
            [LIMIT] => 10000
        )

    [Ошибки при выполнении] => Array
(
)

)


PROCESSING Step Complete:
Array
(
    [Дата] => 17.09.2018 08:44:51
    [Сообщение] => 
            Time start: 2018.09.17 08:44:22
            Taked : 10000 cities,
            Loaded from Database: 239595 cities
            Updated: 10000 cities
            Added: 0 cities
            Time end: 2018.09.51 08:44:51
    [Параметры запуска] => Array
        (
            [START] => 190000
            [LIMIT] => 10000
        )

    [Ошибки при выполнении] => Array
(
)

)


PROCESSING Step Complete:
Array
(
    [Дата] => 17.09.2018 08:50:21
    [Сообщение] => 
            Time start: 2018.09.17 08:49:52
            Taked : 10000 cities,
            Loaded from Database: 239595 cities
            Updated: 9989 cities
            Added: 11 cities
            Time end: 2018.09.21 08:50:21
    [Параметры запуска] => Array
        (
            [START] => 200000
            [LIMIT] => 10000
        )

    [Ошибки при выполнении] => Array
(
)

)


PROCESSING Step Complete:
Array
(
    [Дата] => 17.09.2018 08:55:50
    [Сообщение] => 
            Time start: 2018.09.17 08:55:21
            Taked : 10000 cities,
            Loaded from Database: 239606 cities
            Updated: 10000 cities
            Added: 0 cities
            Time end: 2018.09.50 08:55:50
    [Параметры запуска] => Array
        (
            [START] => 210000
            [LIMIT] => 10000
        )

    [Ошибки при выполнении] => Array
(
)

)


PROCESSING Step Complete:
Array
(
    [Дата] => 17.09.2018 09:01:20
    [Сообщение] => 
            Time start: 2018.09.17 09:00:51
            Taked : 10000 cities,
            Loaded from Database: 239606 cities
            Updated: 10000 cities
            Added: 0 cities
            Time end: 2018.09.20 09:01:20
    [Параметры запуска] => Array
        (
            [START] => 220000
            [LIMIT] => 10000
        )

    [Ошибки при выполнении] => Array
(
)

)


PROCESSING Complete:
Array
(
    [Дата] => 17.09.2018 09:06:49
    [Сообщение] => 
            Time start: 2018.09.17 09:06:20
            Taked : 9606 cities,
            Loaded from Database: 239606 cities
            Deleted: 0 cities,
            Updated: 9606 cities
            Added: 0 cities
            Time end: 2018.09.49 09:06:49
    [Параметры запуска] => Array
        (
            [START] => 230000
            [LIMIT] => 10000
        )

    [Ошибки при выполнении] => Array
(
)

)


