TRIGGER Complete:
Array
(
    [Дата] => 09.07.2018 07:00:02
    [Сообщение] => TRIGGER START
)


PROCESSING Step Complete:
Array
(
    [Дата] => 09.07.2018 07:00:16
    [Сообщение] => 
            Time start: 2018.07.09 07:00:03
            Taked : 10000 cities,
            Loaded from Database: 239241 cities
            Updated: 10000 cities
            Added: 0 cities
            Time end: 2018.07.16 07:00:16
    [Параметры запуска] => Array
        (
            [START] => 0
            [LIMIT] => 10000
        )

    [Ошибки при выполнении] => Array
(
)

)


PROCESSING Step Complete:
Array
(
    [Дата] => 09.07.2018 07:05:31
    [Сообщение] => 
            Time start: 2018.07.09 07:05:17
            Taked : 10000 cities,
            Loaded from Database: 239241 cities
            Updated: 10000 cities
            Added: 0 cities
            Time end: 2018.07.31 07:05:31
    [Параметры запуска] => Array
        (
            [START] => 10000
            [LIMIT] => 10000
        )

    [Ошибки при выполнении] => Array
(
)

)


PROCESSING Step Complete:
Array
(
    [Дата] => 09.07.2018 07:10:45
    [Сообщение] => 
            Time start: 2018.07.09 07:10:31
            Taked : 10000 cities,
            Loaded from Database: 239241 cities
            Updated: 10000 cities
            Added: 0 cities
            Time end: 2018.07.45 07:10:45
    [Параметры запуска] => Array
        (
            [START] => 20000
            [LIMIT] => 10000
        )

    [Ошибки при выполнении] => Array
(
)

)


PROCESSING Step Complete:
Array
(
    [Дата] => 09.07.2018 07:15:59
    [Сообщение] => 
            Time start: 2018.07.09 07:15:45
            Taked : 10000 cities,
            Loaded from Database: 239241 cities
            Updated: 10000 cities
            Added: 0 cities
            Time end: 2018.07.59 07:15:59
    [Параметры запуска] => Array
        (
            [START] => 30000
            [LIMIT] => 10000
        )

    [Ошибки при выполнении] => Array
(
)

)


PROCESSING Step Complete:
Array
(
    [Дата] => 09.07.2018 07:21:13
    [Сообщение] => 
            Time start: 2018.07.09 07:20:59
            Taked : 10000 cities,
            Loaded from Database: 239241 cities
            Updated: 10000 cities
            Added: 0 cities
            Time end: 2018.07.13 07:21:13
    [Параметры запуска] => Array
        (
            [START] => 40000
            [LIMIT] => 10000
        )

    [Ошибки при выполнении] => Array
(
)

)


PROCESSING Step Complete:
Array
(
    [Дата] => 09.07.2018 07:26:28
    [Сообщение] => 
            Time start: 2018.07.09 07:26:14
            Taked : 10000 cities,
            Loaded from Database: 239241 cities
            Updated: 10000 cities
            Added: 0 cities
            Time end: 2018.07.28 07:26:28
    [Параметры запуска] => Array
        (
            [START] => 50000
            [LIMIT] => 10000
        )

    [Ошибки при выполнении] => Array
(
)

)


PROCESSING Step Complete:
Array
(
    [Дата] => 09.07.2018 07:31:42
    [Сообщение] => 
            Time start: 2018.07.09 07:31:28
            Taked : 10000 cities,
            Loaded from Database: 239241 cities
            Updated: 10000 cities
            Added: 0 cities
            Time end: 2018.07.42 07:31:42
    [Параметры запуска] => Array
        (
            [START] => 60000
            [LIMIT] => 10000
        )

    [Ошибки при выполнении] => Array
(
)

)


PROCESSING Step Complete:
Array
(
    [Дата] => 09.07.2018 07:36:56
    [Сообщение] => 
            Time start: 2018.07.09 07:36:42
            Taked : 10000 cities,
            Loaded from Database: 239241 cities
            Updated: 10000 cities
            Added: 0 cities
            Time end: 2018.07.56 07:36:56
    [Параметры запуска] => Array
        (
            [START] => 70000
            [LIMIT] => 10000
        )

    [Ошибки при выполнении] => Array
(
)

)


PROCESSING Step Complete:
Array
(
    [Дата] => 09.07.2018 07:42:11
    [Сообщение] => 
            Time start: 2018.07.09 07:41:56
            Taked : 10000 cities,
            Loaded from Database: 239241 cities
            Updated: 10000 cities
            Added: 0 cities
            Time end: 2018.07.11 07:42:11
    [Параметры запуска] => Array
        (
            [START] => 80000
            [LIMIT] => 10000
        )

    [Ошибки при выполнении] => Array
(
)

)


PROCESSING Step Complete:
Array
(
    [Дата] => 09.07.2018 07:47:25
    [Сообщение] => 
            Time start: 2018.07.09 07:47:11
            Taked : 10000 cities,
            Loaded from Database: 239241 cities
            Updated: 10000 cities
            Added: 0 cities
            Time end: 2018.07.25 07:47:25
    [Параметры запуска] => Array
        (
            [START] => 90000
            [LIMIT] => 10000
        )

    [Ошибки при выполнении] => Array
(
)

)


PROCESSING Step Complete:
Array
(
    [Дата] => 09.07.2018 07:52:39
    [Сообщение] => 
            Time start: 2018.07.09 07:52:25
            Taked : 10000 cities,
            Loaded from Database: 239241 cities
            Updated: 10000 cities
            Added: 0 cities
            Time end: 2018.07.39 07:52:39
    [Параметры запуска] => Array
        (
            [START] => 100000
            [LIMIT] => 10000
        )

    [Ошибки при выполнении] => Array
(
)

)


PROCESSING Step Complete:
Array
(
    [Дата] => 09.07.2018 07:57:54
    [Сообщение] => 
            Time start: 2018.07.09 07:57:39
            Taked : 10000 cities,
            Loaded from Database: 239241 cities
            Updated: 10000 cities
            Added: 0 cities
            Time end: 2018.07.54 07:57:54
    [Параметры запуска] => Array
        (
            [START] => 110000
            [LIMIT] => 10000
        )

    [Ошибки при выполнении] => Array
(
)

)


PROCESSING Step Complete:
Array
(
    [Дата] => 09.07.2018 08:03:08
    [Сообщение] => 
            Time start: 2018.07.09 08:02:54
            Taked : 10000 cities,
            Loaded from Database: 239241 cities
            Updated: 10000 cities
            Added: 0 cities
            Time end: 2018.07.08 08:03:08
    [Параметры запуска] => Array
        (
            [START] => 120000
            [LIMIT] => 10000
        )

    [Ошибки при выполнении] => Array
(
)

)


PROCESSING Step Complete:
Array
(
    [Дата] => 09.07.2018 08:08:22
    [Сообщение] => 
            Time start: 2018.07.09 08:08:08
            Taked : 10000 cities,
            Loaded from Database: 239241 cities
            Updated: 10000 cities
            Added: 0 cities
            Time end: 2018.07.22 08:08:22
    [Параметры запуска] => Array
        (
            [START] => 130000
            [LIMIT] => 10000
        )

    [Ошибки при выполнении] => Array
(
)

)


PROCESSING Step Complete:
Array
(
    [Дата] => 09.07.2018 08:13:36
    [Сообщение] => 
            Time start: 2018.07.09 08:13:23
            Taked : 10000 cities,
            Loaded from Database: 239241 cities
            Updated: 10000 cities
            Added: 0 cities
            Time end: 2018.07.36 08:13:36
    [Параметры запуска] => Array
        (
            [START] => 140000
            [LIMIT] => 10000
        )

    [Ошибки при выполнении] => Array
(
)

)


PROCESSING Step Complete:
Array
(
    [Дата] => 09.07.2018 08:18:50
    [Сообщение] => 
            Time start: 2018.07.09 08:18:36
            Taked : 10000 cities,
            Loaded from Database: 239241 cities
            Updated: 10000 cities
            Added: 0 cities
            Time end: 2018.07.50 08:18:50
    [Параметры запуска] => Array
        (
            [START] => 150000
            [LIMIT] => 10000
        )

    [Ошибки при выполнении] => Array
(
)

)


PROCESSING Step Complete:
Array
(
    [Дата] => 09.07.2018 08:24:05
    [Сообщение] => 
            Time start: 2018.07.09 08:23:50
            Taked : 10000 cities,
            Loaded from Database: 239241 cities
            Updated: 10000 cities
            Added: 0 cities
            Time end: 2018.07.05 08:24:05
    [Параметры запуска] => Array
        (
            [START] => 160000
            [LIMIT] => 10000
        )

    [Ошибки при выполнении] => Array
(
)

)


PROCESSING Step Complete:
Array
(
    [Дата] => 09.07.2018 08:29:20
    [Сообщение] => 
            Time start: 2018.07.09 08:29:05
            Taked : 10000 cities,
            Loaded from Database: 239241 cities
            Updated: 10000 cities
            Added: 0 cities
            Time end: 2018.07.20 08:29:20
    [Параметры запуска] => Array
        (
            [START] => 170000
            [LIMIT] => 10000
        )

    [Ошибки при выполнении] => Array
(
)

)


PROCESSING Step Complete:
Array
(
    [Дата] => 09.07.2018 08:34:34
    [Сообщение] => 
            Time start: 2018.07.09 08:34:20
            Taked : 10000 cities,
            Loaded from Database: 239241 cities
            Updated: 10000 cities
            Added: 0 cities
            Time end: 2018.07.34 08:34:34
    [Параметры запуска] => Array
        (
            [START] => 180000
            [LIMIT] => 10000
        )

    [Ошибки при выполнении] => Array
(
)

)


PROCESSING Step Complete:
Array
(
    [Дата] => 09.07.2018 08:39:48
    [Сообщение] => 
            Time start: 2018.07.09 08:39:34
            Taked : 10000 cities,
            Loaded from Database: 239241 cities
            Updated: 10000 cities
            Added: 0 cities
            Time end: 2018.07.48 08:39:48
    [Параметры запуска] => Array
        (
            [START] => 190000
            [LIMIT] => 10000
        )

    [Ошибки при выполнении] => Array
(
)

)


PROCESSING Step Complete:
Array
(
    [Дата] => 09.07.2018 08:45:02
    [Сообщение] => 
            Time start: 2018.07.09 08:44:48
            Taked : 10000 cities,
            Loaded from Database: 239241 cities
            Updated: 10000 cities
            Added: 0 cities
            Time end: 2018.07.02 08:45:02
    [Параметры запуска] => Array
        (
            [START] => 200000
            [LIMIT] => 10000
        )

    [Ошибки при выполнении] => Array
(
)

)


PROCESSING Step Complete:
Array
(
    [Дата] => 09.07.2018 08:50:16
    [Сообщение] => 
            Time start: 2018.07.09 08:50:02
            Taked : 10000 cities,
            Loaded from Database: 239241 cities
            Updated: 10000 cities
            Added: 0 cities
            Time end: 2018.07.16 08:50:16
    [Параметры запуска] => Array
        (
            [START] => 210000
            [LIMIT] => 10000
        )

    [Ошибки при выполнении] => Array
(
)

)


PROCESSING Step Complete:
Array
(
    [Дата] => 09.07.2018 08:55:31
    [Сообщение] => 
            Time start: 2018.07.09 08:55:16
            Taked : 10000 cities,
            Loaded from Database: 239241 cities
            Updated: 10000 cities
            Added: 0 cities
            Time end: 2018.07.31 08:55:31
    [Параметры запуска] => Array
        (
            [START] => 220000
            [LIMIT] => 10000
        )

    [Ошибки при выполнении] => Array
(
)

)


PROCESSING Complete:
Array
(
    [Дата] => 09.07.2018 09:00:45
    [Сообщение] => 
            Time start: 2018.07.09 09:00:31
            Taked : 9241 cities,
            Loaded from Database: 239241 cities
            Deleted: 0 cities,
            Updated: 9241 cities
            Added: 0 cities
            Time end: 2018.07.45 09:00:45
    [Параметры запуска] => Array
        (
            [START] => 230000
            [LIMIT] => 10000
        )

    [Ошибки при выполнении] => Array
(
)

)


