TRIGGER Complete:
Array
(
    [Дата] => 21.07.2018 07:00:03
    [Сообщение] => TRIGGER START
)


PROCESSING Step Complete:
Array
(
    [Дата] => 21.07.2018 07:00:17
    [Сообщение] => 
            Time start: 2018.07.21 07:00:03
            Taked : 10000 cities,
            Loaded from Database: 239298 cities
            Updated: 10000 cities
            Added: 0 cities
            Time end: 2018.07.17 07:00:17
    [Параметры запуска] => Array
        (
            [START] => 0
            [LIMIT] => 10000
        )

    [Ошибки при выполнении] => Array
(
)

)


PROCESSING Step Complete:
Array
(
    [Дата] => 21.07.2018 07:05:31
    [Сообщение] => 
            Time start: 2018.07.21 07:05:17
            Taked : 10000 cities,
            Loaded from Database: 239298 cities
            Updated: 10000 cities
            Added: 0 cities
            Time end: 2018.07.31 07:05:31
    [Параметры запуска] => Array
        (
            [START] => 10000
            [LIMIT] => 10000
        )

    [Ошибки при выполнении] => Array
(
)

)


PROCESSING Step Complete:
Array
(
    [Дата] => 21.07.2018 07:10:46
    [Сообщение] => 
            Time start: 2018.07.21 07:10:31
            Taked : 10000 cities,
            Loaded from Database: 239298 cities
            Updated: 10000 cities
            Added: 0 cities
            Time end: 2018.07.46 07:10:46
    [Параметры запуска] => Array
        (
            [START] => 20000
            [LIMIT] => 10000
        )

    [Ошибки при выполнении] => Array
(
)

)


PROCESSING Step Complete:
Array
(
    [Дата] => 21.07.2018 07:16:00
    [Сообщение] => 
            Time start: 2018.07.21 07:15:46
            Taked : 10000 cities,
            Loaded from Database: 239298 cities
            Updated: 10000 cities
            Added: 0 cities
            Time end: 2018.07.00 07:16:00
    [Параметры запуска] => Array
        (
            [START] => 30000
            [LIMIT] => 10000
        )

    [Ошибки при выполнении] => Array
(
)

)


PROCESSING Step Complete:
Array
(
    [Дата] => 21.07.2018 07:21:14
    [Сообщение] => 
            Time start: 2018.07.21 07:21:00
            Taked : 10000 cities,
            Loaded from Database: 239298 cities
            Updated: 10000 cities
            Added: 0 cities
            Time end: 2018.07.14 07:21:14
    [Параметры запуска] => Array
        (
            [START] => 40000
            [LIMIT] => 10000
        )

    [Ошибки при выполнении] => Array
(
)

)


PROCESSING Step Complete:
Array
(
    [Дата] => 21.07.2018 07:26:29
    [Сообщение] => 
            Time start: 2018.07.21 07:26:14
            Taked : 10000 cities,
            Loaded from Database: 239298 cities
            Updated: 10000 cities
            Added: 0 cities
            Time end: 2018.07.29 07:26:29
    [Параметры запуска] => Array
        (
            [START] => 50000
            [LIMIT] => 10000
        )

    [Ошибки при выполнении] => Array
(
)

)


PROCESSING Step Complete:
Array
(
    [Дата] => 21.07.2018 07:31:43
    [Сообщение] => 
            Time start: 2018.07.21 07:31:29
            Taked : 10000 cities,
            Loaded from Database: 239298 cities
            Updated: 10000 cities
            Added: 0 cities
            Time end: 2018.07.43 07:31:43
    [Параметры запуска] => Array
        (
            [START] => 60000
            [LIMIT] => 10000
        )

    [Ошибки при выполнении] => Array
(
)

)


PROCESSING Step Complete:
Array
(
    [Дата] => 21.07.2018 07:36:57
    [Сообщение] => 
            Time start: 2018.07.21 07:36:43
            Taked : 10000 cities,
            Loaded from Database: 239298 cities
            Updated: 10000 cities
            Added: 0 cities
            Time end: 2018.07.57 07:36:57
    [Параметры запуска] => Array
        (
            [START] => 70000
            [LIMIT] => 10000
        )

    [Ошибки при выполнении] => Array
(
)

)


PROCESSING Step Complete:
Array
(
    [Дата] => 21.07.2018 07:42:11
    [Сообщение] => 
            Time start: 2018.07.21 07:41:57
            Taked : 10000 cities,
            Loaded from Database: 239298 cities
            Updated: 10000 cities
            Added: 0 cities
            Time end: 2018.07.11 07:42:11
    [Параметры запуска] => Array
        (
            [START] => 80000
            [LIMIT] => 10000
        )

    [Ошибки при выполнении] => Array
(
)

)


PROCESSING Step Complete:
Array
(
    [Дата] => 21.07.2018 07:47:25
    [Сообщение] => 
            Time start: 2018.07.21 07:47:11
            Taked : 10000 cities,
            Loaded from Database: 239298 cities
            Updated: 10000 cities
            Added: 0 cities
            Time end: 2018.07.25 07:47:25
    [Параметры запуска] => Array
        (
            [START] => 90000
            [LIMIT] => 10000
        )

    [Ошибки при выполнении] => Array
(
)

)


PROCESSING Step Complete:
Array
(
    [Дата] => 21.07.2018 07:52:39
    [Сообщение] => 
            Time start: 2018.07.21 07:52:25
            Taked : 10000 cities,
            Loaded from Database: 239298 cities
            Updated: 10000 cities
            Added: 0 cities
            Time end: 2018.07.39 07:52:39
    [Параметры запуска] => Array
        (
            [START] => 100000
            [LIMIT] => 10000
        )

    [Ошибки при выполнении] => Array
(
)

)


PROCESSING Step Complete:
Array
(
    [Дата] => 21.07.2018 07:57:54
    [Сообщение] => 
            Time start: 2018.07.21 07:57:39
            Taked : 10000 cities,
            Loaded from Database: 239298 cities
            Updated: 10000 cities
            Added: 0 cities
            Time end: 2018.07.54 07:57:54
    [Параметры запуска] => Array
        (
            [START] => 110000
            [LIMIT] => 10000
        )

    [Ошибки при выполнении] => Array
(
)

)


PROCESSING Step Complete:
Array
(
    [Дата] => 21.07.2018 08:03:07
    [Сообщение] => 
            Time start: 2018.07.21 08:02:54
            Taked : 10000 cities,
            Loaded from Database: 239298 cities
            Updated: 10000 cities
            Added: 0 cities
            Time end: 2018.07.07 08:03:07
    [Параметры запуска] => Array
        (
            [START] => 120000
            [LIMIT] => 10000
        )

    [Ошибки при выполнении] => Array
(
)

)


PROCESSING Step Complete:
Array
(
    [Дата] => 21.07.2018 08:08:21
    [Сообщение] => 
            Time start: 2018.07.21 08:08:07
            Taked : 10000 cities,
            Loaded from Database: 239298 cities
            Updated: 10000 cities
            Added: 0 cities
            Time end: 2018.07.21 08:08:21
    [Параметры запуска] => Array
        (
            [START] => 130000
            [LIMIT] => 10000
        )

    [Ошибки при выполнении] => Array
(
)

)


PROCESSING Step Complete:
Array
(
    [Дата] => 21.07.2018 08:13:35
    [Сообщение] => 
            Time start: 2018.07.21 08:13:21
            Taked : 10000 cities,
            Loaded from Database: 239298 cities
            Updated: 10000 cities
            Added: 0 cities
            Time end: 2018.07.35 08:13:35
    [Параметры запуска] => Array
        (
            [START] => 140000
            [LIMIT] => 10000
        )

    [Ошибки при выполнении] => Array
(
)

)


PROCESSING Step Complete:
Array
(
    [Дата] => 21.07.2018 08:18:50
    [Сообщение] => 
            Time start: 2018.07.21 08:18:36
            Taked : 10000 cities,
            Loaded from Database: 239298 cities
            Updated: 10000 cities
            Added: 0 cities
            Time end: 2018.07.50 08:18:50
    [Параметры запуска] => Array
        (
            [START] => 150000
            [LIMIT] => 10000
        )

    [Ошибки при выполнении] => Array
(
)

)


PROCESSING Step Complete:
Array
(
    [Дата] => 21.07.2018 08:24:05
    [Сообщение] => 
            Time start: 2018.07.21 08:23:50
            Taked : 10000 cities,
            Loaded from Database: 239298 cities
            Updated: 10000 cities
            Added: 0 cities
            Time end: 2018.07.05 08:24:05
    [Параметры запуска] => Array
        (
            [START] => 160000
            [LIMIT] => 10000
        )

    [Ошибки при выполнении] => Array
(
)

)


PROCESSING Step Complete:
Array
(
    [Дата] => 21.07.2018 08:29:19
    [Сообщение] => 
            Time start: 2018.07.21 08:29:05
            Taked : 10000 cities,
            Loaded from Database: 239298 cities
            Updated: 10000 cities
            Added: 0 cities
            Time end: 2018.07.19 08:29:19
    [Параметры запуска] => Array
        (
            [START] => 170000
            [LIMIT] => 10000
        )

    [Ошибки при выполнении] => Array
(
)

)


PROCESSING Step Complete:
Array
(
    [Дата] => 21.07.2018 08:34:34
    [Сообщение] => 
            Time start: 2018.07.21 08:34:20
            Taked : 10000 cities,
            Loaded from Database: 239298 cities
            Updated: 10000 cities
            Added: 0 cities
            Time end: 2018.07.34 08:34:34
    [Параметры запуска] => Array
        (
            [START] => 180000
            [LIMIT] => 10000
        )

    [Ошибки при выполнении] => Array
(
)

)


PROCESSING Step Complete:
Array
(
    [Дата] => 21.07.2018 08:39:47
    [Сообщение] => 
            Time start: 2018.07.21 08:39:34
            Taked : 10000 cities,
            Loaded from Database: 239298 cities
            Updated: 10000 cities
            Added: 0 cities
            Time end: 2018.07.47 08:39:47
    [Параметры запуска] => Array
        (
            [START] => 190000
            [LIMIT] => 10000
        )

    [Ошибки при выполнении] => Array
(
)

)


PROCESSING Step Complete:
Array
(
    [Дата] => 21.07.2018 08:45:01
    [Сообщение] => 
            Time start: 2018.07.21 08:44:47
            Taked : 10000 cities,
            Loaded from Database: 239298 cities
            Updated: 9997 cities
            Added: 3 cities
            Time end: 2018.07.01 08:45:01
    [Параметры запуска] => Array
        (
            [START] => 200000
            [LIMIT] => 10000
        )

    [Ошибки при выполнении] => Array
(
)

)


PROCESSING Step Complete:
Array
(
    [Дата] => 21.07.2018 08:50:15
    [Сообщение] => 
            Time start: 2018.07.21 08:50:01
            Taked : 10000 cities,
            Loaded from Database: 239301 cities
            Updated: 10000 cities
            Added: 0 cities
            Time end: 2018.07.15 08:50:15
    [Параметры запуска] => Array
        (
            [START] => 210000
            [LIMIT] => 10000
        )

    [Ошибки при выполнении] => Array
(
)

)


PROCESSING Step Complete:
Array
(
    [Дата] => 21.07.2018 08:55:29
    [Сообщение] => 
            Time start: 2018.07.21 08:55:15
            Taked : 10000 cities,
            Loaded from Database: 239301 cities
            Updated: 10000 cities
            Added: 0 cities
            Time end: 2018.07.29 08:55:29
    [Параметры запуска] => Array
        (
            [START] => 220000
            [LIMIT] => 10000
        )

    [Ошибки при выполнении] => Array
(
)

)


PROCESSING Complete:
Array
(
    [Дата] => 21.07.2018 09:00:42
    [Сообщение] => 
            Time start: 2018.07.21 09:00:29
            Taked : 9301 cities,
            Loaded from Database: 239301 cities
            Deleted: 0 cities,
            Updated: 9301 cities
            Added: 0 cities
            Time end: 2018.07.42 09:00:42
    [Параметры запуска] => Array
        (
            [START] => 230000
            [LIMIT] => 10000
        )

    [Ошибки при выполнении] => Array
(
)

)


