TRIGGER Complete:
Array
(
    [Дата] => 28.06.2018 07:00:03
    [Сообщение] => TRIGGER START
)


PROCESSING Step Complete:
Array
(
    [Дата] => 28.06.2018 07:00:17
    [Сообщение] => 
            Time start: 2018.06.28 07:00:03
            Taked : 10000 cities,
            Loaded from Database: 239192 cities
            Updated: 10000 cities
            Added: 0 cities
            Time end: 2018.06.17 07:00:17
    [Параметры запуска] => Array
        (
            [START] => 0
            [LIMIT] => 10000
        )

    [Ошибки при выполнении] => Array
(
)

)


PROCESSING Step Complete:
Array
(
    [Дата] => 28.06.2018 07:05:31
    [Сообщение] => 
            Time start: 2018.06.28 07:05:17
            Taked : 10000 cities,
            Loaded from Database: 239192 cities
            Updated: 10000 cities
            Added: 0 cities
            Time end: 2018.06.31 07:05:31
    [Параметры запуска] => Array
        (
            [START] => 10000
            [LIMIT] => 10000
        )

    [Ошибки при выполнении] => Array
(
)

)


PROCESSING Step Complete:
Array
(
    [Дата] => 28.06.2018 07:10:45
    [Сообщение] => 
            Time start: 2018.06.28 07:10:31
            Taked : 10000 cities,
            Loaded from Database: 239192 cities
            Updated: 10000 cities
            Added: 0 cities
            Time end: 2018.06.45 07:10:45
    [Параметры запуска] => Array
        (
            [START] => 20000
            [LIMIT] => 10000
        )

    [Ошибки при выполнении] => Array
(
)

)


PROCESSING Step Complete:
Array
(
    [Дата] => 28.06.2018 07:16:00
    [Сообщение] => 
            Time start: 2018.06.28 07:15:45
            Taked : 10000 cities,
            Loaded from Database: 239192 cities
            Updated: 10000 cities
            Added: 0 cities
            Time end: 2018.06.00 07:16:00
    [Параметры запуска] => Array
        (
            [START] => 30000
            [LIMIT] => 10000
        )

    [Ошибки при выполнении] => Array
(
)

)


PROCESSING Step Complete:
Array
(
    [Дата] => 28.06.2018 07:21:14
    [Сообщение] => 
            Time start: 2018.06.28 07:21:00
            Taked : 10000 cities,
            Loaded from Database: 239192 cities
            Updated: 10000 cities
            Added: 0 cities
            Time end: 2018.06.14 07:21:14
    [Параметры запуска] => Array
        (
            [START] => 40000
            [LIMIT] => 10000
        )

    [Ошибки при выполнении] => Array
(
)

)


PROCESSING Step Complete:
Array
(
    [Дата] => 28.06.2018 07:26:29
    [Сообщение] => 
            Time start: 2018.06.28 07:26:14
            Taked : 10000 cities,
            Loaded from Database: 239192 cities
            Updated: 10000 cities
            Added: 0 cities
            Time end: 2018.06.29 07:26:29
    [Параметры запуска] => Array
        (
            [START] => 50000
            [LIMIT] => 10000
        )

    [Ошибки при выполнении] => Array
(
)

)


PROCESSING Step Complete:
Array
(
    [Дата] => 28.06.2018 07:31:43
    [Сообщение] => 
            Time start: 2018.06.28 07:31:29
            Taked : 10000 cities,
            Loaded from Database: 239192 cities
            Updated: 10000 cities
            Added: 0 cities
            Time end: 2018.06.43 07:31:43
    [Параметры запуска] => Array
        (
            [START] => 60000
            [LIMIT] => 10000
        )

    [Ошибки при выполнении] => Array
(
)

)


PROCESSING Step Complete:
Array
(
    [Дата] => 28.06.2018 07:36:58
    [Сообщение] => 
            Time start: 2018.06.28 07:36:43
            Taked : 10000 cities,
            Loaded from Database: 239192 cities
            Updated: 10000 cities
            Added: 0 cities
            Time end: 2018.06.58 07:36:58
    [Параметры запуска] => Array
        (
            [START] => 70000
            [LIMIT] => 10000
        )

    [Ошибки при выполнении] => Array
(
)

)


PROCESSING Step Complete:
Array
(
    [Дата] => 28.06.2018 07:42:12
    [Сообщение] => 
            Time start: 2018.06.28 07:41:58
            Taked : 10000 cities,
            Loaded from Database: 239192 cities
            Updated: 10000 cities
            Added: 0 cities
            Time end: 2018.06.12 07:42:12
    [Параметры запуска] => Array
        (
            [START] => 80000
            [LIMIT] => 10000
        )

    [Ошибки при выполнении] => Array
(
)

)


PROCESSING Step Complete:
Array
(
    [Дата] => 28.06.2018 07:47:26
    [Сообщение] => 
            Time start: 2018.06.28 07:47:12
            Taked : 10000 cities,
            Loaded from Database: 239192 cities
            Updated: 10000 cities
            Added: 0 cities
            Time end: 2018.06.26 07:47:26
    [Параметры запуска] => Array
        (
            [START] => 90000
            [LIMIT] => 10000
        )

    [Ошибки при выполнении] => Array
(
)

)


PROCESSING Step Complete:
Array
(
    [Дата] => 28.06.2018 07:52:41
    [Сообщение] => 
            Time start: 2018.06.28 07:52:26
            Taked : 10000 cities,
            Loaded from Database: 239192 cities
            Updated: 10000 cities
            Added: 0 cities
            Time end: 2018.06.41 07:52:41
    [Параметры запуска] => Array
        (
            [START] => 100000
            [LIMIT] => 10000
        )

    [Ошибки при выполнении] => Array
(
)

)


PROCESSING Step Complete:
Array
(
    [Дата] => 28.06.2018 07:57:55
    [Сообщение] => 
            Time start: 2018.06.28 07:57:41
            Taked : 10000 cities,
            Loaded from Database: 239192 cities
            Updated: 10000 cities
            Added: 0 cities
            Time end: 2018.06.55 07:57:55
    [Параметры запуска] => Array
        (
            [START] => 110000
            [LIMIT] => 10000
        )

    [Ошибки при выполнении] => Array
(
)

)


PROCESSING Step Complete:
Array
(
    [Дата] => 28.06.2018 08:03:10
    [Сообщение] => 
            Time start: 2018.06.28 08:02:55
            Taked : 10000 cities,
            Loaded from Database: 239192 cities
            Updated: 10000 cities
            Added: 0 cities
            Time end: 2018.06.10 08:03:10
    [Параметры запуска] => Array
        (
            [START] => 120000
            [LIMIT] => 10000
        )

    [Ошибки при выполнении] => Array
(
)

)


PROCESSING Step Complete:
Array
(
    [Дата] => 28.06.2018 08:08:24
    [Сообщение] => 
            Time start: 2018.06.28 08:08:10
            Taked : 10000 cities,
            Loaded from Database: 239192 cities
            Updated: 10000 cities
            Added: 0 cities
            Time end: 2018.06.24 08:08:24
    [Параметры запуска] => Array
        (
            [START] => 130000
            [LIMIT] => 10000
        )

    [Ошибки при выполнении] => Array
(
)

)


PROCESSING Step Complete:
Array
(
    [Дата] => 28.06.2018 08:13:38
    [Сообщение] => 
            Time start: 2018.06.28 08:13:24
            Taked : 10000 cities,
            Loaded from Database: 239192 cities
            Updated: 10000 cities
            Added: 0 cities
            Time end: 2018.06.38 08:13:38
    [Параметры запуска] => Array
        (
            [START] => 140000
            [LIMIT] => 10000
        )

    [Ошибки при выполнении] => Array
(
)

)


PROCESSING Step Complete:
Array
(
    [Дата] => 28.06.2018 08:18:53
    [Сообщение] => 
            Time start: 2018.06.28 08:18:38
            Taked : 10000 cities,
            Loaded from Database: 239192 cities
            Updated: 10000 cities
            Added: 0 cities
            Time end: 2018.06.53 08:18:53
    [Параметры запуска] => Array
        (
            [START] => 150000
            [LIMIT] => 10000
        )

    [Ошибки при выполнении] => Array
(
)

)


PROCESSING Step Complete:
Array
(
    [Дата] => 28.06.2018 08:24:07
    [Сообщение] => 
            Time start: 2018.06.28 08:23:53
            Taked : 10000 cities,
            Loaded from Database: 239192 cities
            Updated: 10000 cities
            Added: 0 cities
            Time end: 2018.06.07 08:24:07
    [Параметры запуска] => Array
        (
            [START] => 160000
            [LIMIT] => 10000
        )

    [Ошибки при выполнении] => Array
(
)

)


PROCESSING Step Complete:
Array
(
    [Дата] => 28.06.2018 08:29:21
    [Сообщение] => 
            Time start: 2018.06.28 08:29:07
            Taked : 10000 cities,
            Loaded from Database: 239192 cities
            Updated: 10000 cities
            Added: 0 cities
            Time end: 2018.06.21 08:29:21
    [Параметры запуска] => Array
        (
            [START] => 170000
            [LIMIT] => 10000
        )

    [Ошибки при выполнении] => Array
(
)

)


PROCESSING Step Complete:
Array
(
    [Дата] => 28.06.2018 08:34:36
    [Сообщение] => 
            Time start: 2018.06.28 08:34:21
            Taked : 10000 cities,
            Loaded from Database: 239192 cities
            Updated: 10000 cities
            Added: 0 cities
            Time end: 2018.06.36 08:34:36
    [Параметры запуска] => Array
        (
            [START] => 180000
            [LIMIT] => 10000
        )

    [Ошибки при выполнении] => Array
(
)

)


PROCESSING Step Complete:
Array
(
    [Дата] => 28.06.2018 08:39:50
    [Сообщение] => 
            Time start: 2018.06.28 08:39:36
            Taked : 10000 cities,
            Loaded from Database: 239192 cities
            Updated: 10000 cities
            Added: 0 cities
            Time end: 2018.06.50 08:39:50
    [Параметры запуска] => Array
        (
            [START] => 190000
            [LIMIT] => 10000
        )

    [Ошибки при выполнении] => Array
(
)

)


PROCESSING Step Complete:
Array
(
    [Дата] => 28.06.2018 08:45:04
    [Сообщение] => 
            Time start: 2018.06.28 08:44:50
            Taked : 10000 cities,
            Loaded from Database: 239192 cities
            Updated: 9971 cities
            Added: 29 cities
            Time end: 2018.06.04 08:45:04
    [Параметры запуска] => Array
        (
            [START] => 200000
            [LIMIT] => 10000
        )

    [Ошибки при выполнении] => Array
(
)

)


PROCESSING Step Complete:
Array
(
    [Дата] => 28.06.2018 08:50:18
    [Сообщение] => 
            Time start: 2018.06.28 08:50:04
            Taked : 10000 cities,
            Loaded from Database: 239221 cities
            Updated: 10000 cities
            Added: 0 cities
            Time end: 2018.06.18 08:50:18
    [Параметры запуска] => Array
        (
            [START] => 210000
            [LIMIT] => 10000
        )

    [Ошибки при выполнении] => Array
(
)

)


PROCESSING Step Complete:
Array
(
    [Дата] => 28.06.2018 08:55:33
    [Сообщение] => 
            Time start: 2018.06.28 08:55:18
            Taked : 10000 cities,
            Loaded from Database: 239221 cities
            Updated: 10000 cities
            Added: 0 cities
            Time end: 2018.06.33 08:55:33
    [Параметры запуска] => Array
        (
            [START] => 220000
            [LIMIT] => 10000
        )

    [Ошибки при выполнении] => Array
(
)

)


PROCESSING Complete:
Array
(
    [Дата] => 28.06.2018 09:00:47
    [Сообщение] => 
            Time start: 2018.06.28 09:00:33
            Taked : 9221 cities,
            Loaded from Database: 239221 cities
            Deleted: 0 cities,
            Updated: 9221 cities
            Added: 0 cities
            Time end: 2018.06.47 09:00:47
    [Параметры запуска] => Array
        (
            [START] => 230000
            [LIMIT] => 10000
        )

    [Ошибки при выполнении] => Array
(
)

)


