TRIGGER Complete:
Array
(
    [Дата] => 02.08.2018 07:00:04
    [Сообщение] => TRIGGER START
)


PROCESSING Step Complete:
Array
(
    [Дата] => 02.08.2018 07:00:34
    [Сообщение] => 
            Time start: 2018.08.02 07:00:04
            Taked : 10000 cities,
            Loaded from Database: 239404 cities
            Updated: 10000 cities
            Added: 0 cities
            Time end: 2018.08.34 07:00:34
    [Параметры запуска] => Array
        (
            [START] => 0
            [LIMIT] => 10000
        )

    [Ошибки при выполнении] => Array
(
)

)


PROCESSING Step Complete:
Array
(
    [Дата] => 02.08.2018 07:06:03
    [Сообщение] => 
            Time start: 2018.08.02 07:05:34
            Taked : 10000 cities,
            Loaded from Database: 239404 cities
            Updated: 10000 cities
            Added: 0 cities
            Time end: 2018.08.03 07:06:03
    [Параметры запуска] => Array
        (
            [START] => 10000
            [LIMIT] => 10000
        )

    [Ошибки при выполнении] => Array
(
)

)


PROCESSING Step Complete:
Array
(
    [Дата] => 02.08.2018 07:11:32
    [Сообщение] => 
            Time start: 2018.08.02 07:11:03
            Taked : 10000 cities,
            Loaded from Database: 239404 cities
            Updated: 10000 cities
            Added: 0 cities
            Time end: 2018.08.32 07:11:32
    [Параметры запуска] => Array
        (
            [START] => 20000
            [LIMIT] => 10000
        )

    [Ошибки при выполнении] => Array
(
)

)


PROCESSING Step Complete:
Array
(
    [Дата] => 02.08.2018 07:17:00
    [Сообщение] => 
            Time start: 2018.08.02 07:16:32
            Taked : 10000 cities,
            Loaded from Database: 239404 cities
            Updated: 10000 cities
            Added: 0 cities
            Time end: 2018.08.00 07:17:00
    [Параметры запуска] => Array
        (
            [START] => 30000
            [LIMIT] => 10000
        )

    [Ошибки при выполнении] => Array
(
)

)


PROCESSING Step Complete:
Array
(
    [Дата] => 02.08.2018 07:22:28
    [Сообщение] => 
            Time start: 2018.08.02 07:22:00
            Taked : 10000 cities,
            Loaded from Database: 239404 cities
            Updated: 10000 cities
            Added: 0 cities
            Time end: 2018.08.28 07:22:28
    [Параметры запуска] => Array
        (
            [START] => 40000
            [LIMIT] => 10000
        )

    [Ошибки при выполнении] => Array
(
)

)


PROCESSING Step Complete:
Array
(
    [Дата] => 02.08.2018 07:27:57
    [Сообщение] => 
            Time start: 2018.08.02 07:27:28
            Taked : 10000 cities,
            Loaded from Database: 239404 cities
            Updated: 10000 cities
            Added: 0 cities
            Time end: 2018.08.57 07:27:57
    [Параметры запуска] => Array
        (
            [START] => 50000
            [LIMIT] => 10000
        )

    [Ошибки при выполнении] => Array
(
)

)


PROCESSING Step Complete:
Array
(
    [Дата] => 02.08.2018 07:33:26
    [Сообщение] => 
            Time start: 2018.08.02 07:32:57
            Taked : 10000 cities,
            Loaded from Database: 239404 cities
            Updated: 10000 cities
            Added: 0 cities
            Time end: 2018.08.26 07:33:26
    [Параметры запуска] => Array
        (
            [START] => 60000
            [LIMIT] => 10000
        )

    [Ошибки при выполнении] => Array
(
)

)


PROCESSING Step Complete:
Array
(
    [Дата] => 02.08.2018 07:38:56
    [Сообщение] => 
            Time start: 2018.08.02 07:38:26
            Taked : 10000 cities,
            Loaded from Database: 239404 cities
            Updated: 10000 cities
            Added: 0 cities
            Time end: 2018.08.56 07:38:56
    [Параметры запуска] => Array
        (
            [START] => 70000
            [LIMIT] => 10000
        )

    [Ошибки при выполнении] => Array
(
)

)


PROCESSING Step Complete:
Array
(
    [Дата] => 02.08.2018 07:44:25
    [Сообщение] => 
            Time start: 2018.08.02 07:43:56
            Taked : 10000 cities,
            Loaded from Database: 239404 cities
            Updated: 10000 cities
            Added: 0 cities
            Time end: 2018.08.25 07:44:25
    [Параметры запуска] => Array
        (
            [START] => 80000
            [LIMIT] => 10000
        )

    [Ошибки при выполнении] => Array
(
)

)


PROCESSING Step Complete:
Array
(
    [Дата] => 02.08.2018 07:49:54
    [Сообщение] => 
            Time start: 2018.08.02 07:49:25
            Taked : 10000 cities,
            Loaded from Database: 239404 cities
            Updated: 10000 cities
            Added: 0 cities
            Time end: 2018.08.54 07:49:54
    [Параметры запуска] => Array
        (
            [START] => 90000
            [LIMIT] => 10000
        )

    [Ошибки при выполнении] => Array
(
)

)


PROCESSING Step Complete:
Array
(
    [Дата] => 02.08.2018 07:55:23
    [Сообщение] => 
            Time start: 2018.08.02 07:54:54
            Taked : 10000 cities,
            Loaded from Database: 239404 cities
            Updated: 10000 cities
            Added: 0 cities
            Time end: 2018.08.23 07:55:23
    [Параметры запуска] => Array
        (
            [START] => 100000
            [LIMIT] => 10000
        )

    [Ошибки при выполнении] => Array
(
)

)


PROCESSING Step Complete:
Array
(
    [Дата] => 02.08.2018 08:00:53
    [Сообщение] => 
            Time start: 2018.08.02 08:00:24
            Taked : 10000 cities,
            Loaded from Database: 239404 cities
            Updated: 10000 cities
            Added: 0 cities
            Time end: 2018.08.53 08:00:53
    [Параметры запуска] => Array
        (
            [START] => 110000
            [LIMIT] => 10000
        )

    [Ошибки при выполнении] => Array
(
)

)


PROCESSING Step Complete:
Array
(
    [Дата] => 02.08.2018 08:06:22
    [Сообщение] => 
            Time start: 2018.08.02 08:05:53
            Taked : 10000 cities,
            Loaded from Database: 239404 cities
            Updated: 10000 cities
            Added: 0 cities
            Time end: 2018.08.22 08:06:22
    [Параметры запуска] => Array
        (
            [START] => 120000
            [LIMIT] => 10000
        )

    [Ошибки при выполнении] => Array
(
)

)


PROCESSING Step Complete:
Array
(
    [Дата] => 02.08.2018 08:11:51
    [Сообщение] => 
            Time start: 2018.08.02 08:11:22
            Taked : 10000 cities,
            Loaded from Database: 239404 cities
            Updated: 10000 cities
            Added: 0 cities
            Time end: 2018.08.51 08:11:51
    [Параметры запуска] => Array
        (
            [START] => 130000
            [LIMIT] => 10000
        )

    [Ошибки при выполнении] => Array
(
)

)


PROCESSING Step Complete:
Array
(
    [Дата] => 02.08.2018 08:17:20
    [Сообщение] => 
            Time start: 2018.08.02 08:16:52
            Taked : 10000 cities,
            Loaded from Database: 239404 cities
            Updated: 10000 cities
            Added: 0 cities
            Time end: 2018.08.20 08:17:20
    [Параметры запуска] => Array
        (
            [START] => 140000
            [LIMIT] => 10000
        )

    [Ошибки при выполнении] => Array
(
)

)


PROCESSING Step Complete:
Array
(
    [Дата] => 02.08.2018 08:22:49
    [Сообщение] => 
            Time start: 2018.08.02 08:22:20
            Taked : 10000 cities,
            Loaded from Database: 239404 cities
            Updated: 10000 cities
            Added: 0 cities
            Time end: 2018.08.49 08:22:49
    [Параметры запуска] => Array
        (
            [START] => 150000
            [LIMIT] => 10000
        )

    [Ошибки при выполнении] => Array
(
)

)


PROCESSING Step Complete:
Array
(
    [Дата] => 02.08.2018 08:28:18
    [Сообщение] => 
            Time start: 2018.08.02 08:27:49
            Taked : 10000 cities,
            Loaded from Database: 239404 cities
            Updated: 10000 cities
            Added: 0 cities
            Time end: 2018.08.18 08:28:18
    [Параметры запуска] => Array
        (
            [START] => 160000
            [LIMIT] => 10000
        )

    [Ошибки при выполнении] => Array
(
)

)


PROCESSING Step Complete:
Array
(
    [Дата] => 02.08.2018 08:33:47
    [Сообщение] => 
            Time start: 2018.08.02 08:33:18
            Taked : 10000 cities,
            Loaded from Database: 239404 cities
            Updated: 10000 cities
            Added: 0 cities
            Time end: 2018.08.47 08:33:47
    [Параметры запуска] => Array
        (
            [START] => 170000
            [LIMIT] => 10000
        )

    [Ошибки при выполнении] => Array
(
)

)


PROCESSING Step Complete:
Array
(
    [Дата] => 02.08.2018 08:39:16
    [Сообщение] => 
            Time start: 2018.08.02 08:38:47
            Taked : 10000 cities,
            Loaded from Database: 239404 cities
            Updated: 10000 cities
            Added: 0 cities
            Time end: 2018.08.16 08:39:16
    [Параметры запуска] => Array
        (
            [START] => 180000
            [LIMIT] => 10000
        )

    [Ошибки при выполнении] => Array
(
)

)


PROCESSING Step Complete:
Array
(
    [Дата] => 02.08.2018 08:44:46
    [Сообщение] => 
            Time start: 2018.08.02 08:44:17
            Taked : 10000 cities,
            Loaded from Database: 239404 cities
            Updated: 10000 cities
            Added: 0 cities
            Time end: 2018.08.46 08:44:46
    [Параметры запуска] => Array
        (
            [START] => 190000
            [LIMIT] => 10000
        )

    [Ошибки при выполнении] => Array
(
)

)


PROCESSING Step Complete:
Array
(
    [Дата] => 02.08.2018 08:50:14
    [Сообщение] => 
            Time start: 2018.08.02 08:49:46
            Taked : 10000 cities,
            Loaded from Database: 239404 cities
            Updated: 10000 cities
            Added: 0 cities
            Time end: 2018.08.14 08:50:14
    [Параметры запуска] => Array
        (
            [START] => 200000
            [LIMIT] => 10000
        )

    [Ошибки при выполнении] => Array
(
)

)


PROCESSING Step Complete:
Array
(
    [Дата] => 02.08.2018 08:55:43
    [Сообщение] => 
            Time start: 2018.08.02 08:55:15
            Taked : 10000 cities,
            Loaded from Database: 239404 cities
            Updated: 9995 cities
            Added: 5 cities
            Time end: 2018.08.43 08:55:43
    [Параметры запуска] => Array
        (
            [START] => 210000
            [LIMIT] => 10000
        )

    [Ошибки при выполнении] => Array
(
)

)


PROCESSING Step Complete:
Array
(
    [Дата] => 02.08.2018 09:01:13
    [Сообщение] => 
            Time start: 2018.08.02 09:00:43
            Taked : 10000 cities,
            Loaded from Database: 239409 cities
            Updated: 10000 cities
            Added: 0 cities
            Time end: 2018.08.13 09:01:13
    [Параметры запуска] => Array
        (
            [START] => 220000
            [LIMIT] => 10000
        )

    [Ошибки при выполнении] => Array
(
)

)


PROCESSING Complete:
Array
(
    [Дата] => 02.08.2018 09:06:40
    [Сообщение] => 
            Time start: 2018.08.02 09:06:13
            Taked : 9408 cities,
            Loaded from Database: 239409 cities
            Deleted: 1 cities,
            Updated: 9408 cities
            Added: 0 cities
            Time end: 2018.08.40 09:06:40
    [Параметры запуска] => Array
        (
            [START] => 230000
            [LIMIT] => 10000
        )

    [Ошибки при выполнении] => Array
(
)

)


