TRIGGER Complete:
Array
(
    [Дата] => 18.06.2018 07:00:02
    [Сообщение] => TRIGGER START
)


PROCESSING Step Complete:
Array
(
    [Дата] => 18.06.2018 07:00:17
    [Сообщение] => 
            Time start: 2018.06.18 07:00:02
            Taked : 10000 cities,
            Loaded from Database: 238512 cities
            Updated: 10000 cities
            Added: 0 cities
            Time end: 2018.06.17 07:00:17
    [Параметры запуска] => Array
        (
            [START] => 0
            [LIMIT] => 10000
        )

    [Ошибки при выполнении] => Array
(
)

)


PROCESSING Step Complete:
Array
(
    [Дата] => 18.06.2018 07:05:31
    [Сообщение] => 
            Time start: 2018.06.18 07:05:17
            Taked : 10000 cities,
            Loaded from Database: 238512 cities
            Updated: 10000 cities
            Added: 0 cities
            Time end: 2018.06.31 07:05:31
    [Параметры запуска] => Array
        (
            [START] => 10000
            [LIMIT] => 10000
        )

    [Ошибки при выполнении] => Array
(
)

)


PROCESSING Step Complete:
Array
(
    [Дата] => 18.06.2018 07:10:46
    [Сообщение] => 
            Time start: 2018.06.18 07:10:31
            Taked : 10000 cities,
            Loaded from Database: 238512 cities
            Updated: 10000 cities
            Added: 0 cities
            Time end: 2018.06.46 07:10:46
    [Параметры запуска] => Array
        (
            [START] => 20000
            [LIMIT] => 10000
        )

    [Ошибки при выполнении] => Array
(
)

)


PROCESSING Step Complete:
Array
(
    [Дата] => 18.06.2018 07:16:00
    [Сообщение] => 
            Time start: 2018.06.18 07:15:46
            Taked : 10000 cities,
            Loaded from Database: 238512 cities
            Updated: 10000 cities
            Added: 0 cities
            Time end: 2018.06.00 07:16:00
    [Параметры запуска] => Array
        (
            [START] => 30000
            [LIMIT] => 10000
        )

    [Ошибки при выполнении] => Array
(
)

)


PROCESSING Step Complete:
Array
(
    [Дата] => 18.06.2018 07:21:15
    [Сообщение] => 
            Time start: 2018.06.18 07:21:01
            Taked : 10000 cities,
            Loaded from Database: 238512 cities
            Updated: 10000 cities
            Added: 0 cities
            Time end: 2018.06.15 07:21:15
    [Параметры запуска] => Array
        (
            [START] => 40000
            [LIMIT] => 10000
        )

    [Ошибки при выполнении] => Array
(
)

)


PROCESSING Step Complete:
Array
(
    [Дата] => 18.06.2018 07:26:29
    [Сообщение] => 
            Time start: 2018.06.18 07:26:15
            Taked : 10000 cities,
            Loaded from Database: 238512 cities
            Updated: 10000 cities
            Added: 0 cities
            Time end: 2018.06.29 07:26:29
    [Параметры запуска] => Array
        (
            [START] => 50000
            [LIMIT] => 10000
        )

    [Ошибки при выполнении] => Array
(
)

)


PROCESSING Step Complete:
Array
(
    [Дата] => 18.06.2018 07:31:44
    [Сообщение] => 
            Time start: 2018.06.18 07:31:29
            Taked : 10000 cities,
            Loaded from Database: 238512 cities
            Updated: 10000 cities
            Added: 0 cities
            Time end: 2018.06.44 07:31:44
    [Параметры запуска] => Array
        (
            [START] => 60000
            [LIMIT] => 10000
        )

    [Ошибки при выполнении] => Array
(
)

)


PROCESSING Step Complete:
Array
(
    [Дата] => 18.06.2018 07:36:58
    [Сообщение] => 
            Time start: 2018.06.18 07:36:44
            Taked : 10000 cities,
            Loaded from Database: 238512 cities
            Updated: 10000 cities
            Added: 0 cities
            Time end: 2018.06.58 07:36:58
    [Параметры запуска] => Array
        (
            [START] => 70000
            [LIMIT] => 10000
        )

    [Ошибки при выполнении] => Array
(
)

)


PROCESSING Step Complete:
Array
(
    [Дата] => 18.06.2018 07:42:12
    [Сообщение] => 
            Time start: 2018.06.18 07:41:58
            Taked : 10000 cities,
            Loaded from Database: 238512 cities
            Updated: 10000 cities
            Added: 0 cities
            Time end: 2018.06.12 07:42:12
    [Параметры запуска] => Array
        (
            [START] => 80000
            [LIMIT] => 10000
        )

    [Ошибки при выполнении] => Array
(
)

)


PROCESSING Step Complete:
Array
(
    [Дата] => 18.06.2018 07:47:27
    [Сообщение] => 
            Time start: 2018.06.18 07:47:13
            Taked : 10000 cities,
            Loaded from Database: 238512 cities
            Updated: 10000 cities
            Added: 0 cities
            Time end: 2018.06.27 07:47:27
    [Параметры запуска] => Array
        (
            [START] => 90000
            [LIMIT] => 10000
        )

    [Ошибки при выполнении] => Array
(
)

)


PROCESSING Step Complete:
Array
(
    [Дата] => 18.06.2018 07:52:41
    [Сообщение] => 
            Time start: 2018.06.18 07:52:27
            Taked : 10000 cities,
            Loaded from Database: 238512 cities
            Updated: 10000 cities
            Added: 0 cities
            Time end: 2018.06.41 07:52:41
    [Параметры запуска] => Array
        (
            [START] => 100000
            [LIMIT] => 10000
        )

    [Ошибки при выполнении] => Array
(
)

)


PROCESSING Step Complete:
Array
(
    [Дата] => 18.06.2018 07:57:55
    [Сообщение] => 
            Time start: 2018.06.18 07:57:41
            Taked : 10000 cities,
            Loaded from Database: 238512 cities
            Updated: 10000 cities
            Added: 0 cities
            Time end: 2018.06.55 07:57:55
    [Параметры запуска] => Array
        (
            [START] => 110000
            [LIMIT] => 10000
        )

    [Ошибки при выполнении] => Array
(
)

)


PROCESSING Step Complete:
Array
(
    [Дата] => 18.06.2018 08:03:09
    [Сообщение] => 
            Time start: 2018.06.18 08:02:55
            Taked : 10000 cities,
            Loaded from Database: 238512 cities
            Updated: 10000 cities
            Added: 0 cities
            Time end: 2018.06.09 08:03:09
    [Параметры запуска] => Array
        (
            [START] => 120000
            [LIMIT] => 10000
        )

    [Ошибки при выполнении] => Array
(
)

)


PROCESSING Step Complete:
Array
(
    [Дата] => 18.06.2018 08:08:24
    [Сообщение] => 
            Time start: 2018.06.18 08:08:09
            Taked : 10000 cities,
            Loaded from Database: 238512 cities
            Updated: 10000 cities
            Added: 0 cities
            Time end: 2018.06.24 08:08:24
    [Параметры запуска] => Array
        (
            [START] => 130000
            [LIMIT] => 10000
        )

    [Ошибки при выполнении] => Array
(
)

)


PROCESSING Step Complete:
Array
(
    [Дата] => 18.06.2018 08:13:37
    [Сообщение] => 
            Time start: 2018.06.18 08:13:24
            Taked : 10000 cities,
            Loaded from Database: 238512 cities
            Updated: 10000 cities
            Added: 0 cities
            Time end: 2018.06.37 08:13:37
    [Параметры запуска] => Array
        (
            [START] => 140000
            [LIMIT] => 10000
        )

    [Ошибки при выполнении] => Array
(
)

)


PROCESSING Step Complete:
Array
(
    [Дата] => 18.06.2018 08:18:51
    [Сообщение] => 
            Time start: 2018.06.18 08:18:37
            Taked : 10000 cities,
            Loaded from Database: 238512 cities
            Updated: 10000 cities
            Added: 0 cities
            Time end: 2018.06.51 08:18:51
    [Параметры запуска] => Array
        (
            [START] => 150000
            [LIMIT] => 10000
        )

    [Ошибки при выполнении] => Array
(
)

)


PROCESSING Step Complete:
Array
(
    [Дата] => 18.06.2018 08:24:06
    [Сообщение] => 
            Time start: 2018.06.18 08:23:52
            Taked : 10000 cities,
            Loaded from Database: 238512 cities
            Updated: 10000 cities
            Added: 0 cities
            Time end: 2018.06.06 08:24:06
    [Параметры запуска] => Array
        (
            [START] => 160000
            [LIMIT] => 10000
        )

    [Ошибки при выполнении] => Array
(
)

)


PROCESSING Step Complete:
Array
(
    [Дата] => 18.06.2018 08:29:21
    [Сообщение] => 
            Time start: 2018.06.18 08:29:06
            Taked : 10000 cities,
            Loaded from Database: 238512 cities
            Updated: 10000 cities
            Added: 0 cities
            Time end: 2018.06.21 08:29:21
    [Параметры запуска] => Array
        (
            [START] => 170000
            [LIMIT] => 10000
        )

    [Ошибки при выполнении] => Array
(
)

)


PROCESSING Step Complete:
Array
(
    [Дата] => 18.06.2018 08:34:35
    [Сообщение] => 
            Time start: 2018.06.18 08:34:21
            Taked : 10000 cities,
            Loaded from Database: 238512 cities
            Updated: 10000 cities
            Added: 0 cities
            Time end: 2018.06.35 08:34:35
    [Параметры запуска] => Array
        (
            [START] => 180000
            [LIMIT] => 10000
        )

    [Ошибки при выполнении] => Array
(
)

)


PROCESSING Step Complete:
Array
(
    [Дата] => 18.06.2018 08:39:49
    [Сообщение] => 
            Time start: 2018.06.18 08:39:35
            Taked : 10000 cities,
            Loaded from Database: 238512 cities
            Updated: 10000 cities
            Added: 0 cities
            Time end: 2018.06.49 08:39:49
    [Параметры запуска] => Array
        (
            [START] => 190000
            [LIMIT] => 10000
        )

    [Ошибки при выполнении] => Array
(
)

)


PROCESSING Step Complete:
Array
(
    [Дата] => 18.06.2018 08:45:04
    [Сообщение] => 
            Time start: 2018.06.18 08:44:50
            Taked : 10000 cities,
            Loaded from Database: 238512 cities
            Updated: 10000 cities
            Added: 0 cities
            Time end: 2018.06.04 08:45:04
    [Параметры запуска] => Array
        (
            [START] => 200000
            [LIMIT] => 10000
        )

    [Ошибки при выполнении] => Array
(
)

)


PROCESSING Step Complete:
Array
(
    [Дата] => 18.06.2018 08:50:19
    [Сообщение] => 
            Time start: 2018.06.18 08:50:04
            Taked : 10000 cities,
            Loaded from Database: 238512 cities
            Updated: 10000 cities
            Added: 0 cities
            Time end: 2018.06.19 08:50:19
    [Параметры запуска] => Array
        (
            [START] => 210000
            [LIMIT] => 10000
        )

    [Ошибки при выполнении] => Array
(
)

)


PROCESSING Step Complete:
Array
(
    [Дата] => 18.06.2018 08:55:32
    [Сообщение] => 
            Time start: 2018.06.18 08:55:19
            Taked : 10000 cities,
            Loaded from Database: 238512 cities
            Updated: 9998 cities
            Added: 2 cities
            Time end: 2018.06.32 08:55:32
    [Параметры запуска] => Array
        (
            [START] => 220000
            [LIMIT] => 10000
        )

    [Ошибки при выполнении] => Array
(
)

)


PROCESSING Complete:
Array
(
    [Дата] => 18.06.2018 09:00:45
    [Сообщение] => 
            Time start: 2018.06.18 09:00:33
            Taked : 8514 cities,
            Loaded from Database: 238514 cities
            Deleted: 0 cities,
            Updated: 8514 cities
            Added: 0 cities
            Time end: 2018.06.45 09:00:45
    [Параметры запуска] => Array
        (
            [START] => 230000
            [LIMIT] => 10000
        )

    [Ошибки при выполнении] => Array
(
)

)


