TRIGGER Complete:
Array
(
    [Дата] => 02.09.2018 07:00:02
    [Сообщение] => TRIGGER START
)


PROCESSING Step Complete:
Array
(
    [Дата] => 02.09.2018 07:00:30
    [Сообщение] => 
            Time start: 2018.09.02 07:00:03
            Taked : 10000 cities,
            Loaded from Database: 239453 cities
            Updated: 10000 cities
            Added: 0 cities
            Time end: 2018.09.30 07:00:30
    [Параметры запуска] => Array
        (
            [START] => 0
            [LIMIT] => 10000
        )

    [Ошибки при выполнении] => Array
(
)

)


PROCESSING Step Complete:
Array
(
    [Дата] => 02.09.2018 07:05:59
    [Сообщение] => 
            Time start: 2018.09.02 07:05:31
            Taked : 10000 cities,
            Loaded from Database: 239453 cities
            Updated: 10000 cities
            Added: 0 cities
            Time end: 2018.09.59 07:05:59
    [Параметры запуска] => Array
        (
            [START] => 10000
            [LIMIT] => 10000
        )

    [Ошибки при выполнении] => Array
(
)

)


PROCESSING Step Complete:
Array
(
    [Дата] => 02.09.2018 07:11:28
    [Сообщение] => 
            Time start: 2018.09.02 07:10:59
            Taked : 10000 cities,
            Loaded from Database: 239453 cities
            Updated: 10000 cities
            Added: 0 cities
            Time end: 2018.09.28 07:11:28
    [Параметры запуска] => Array
        (
            [START] => 20000
            [LIMIT] => 10000
        )

    [Ошибки при выполнении] => Array
(
)

)


PROCESSING Step Complete:
Array
(
    [Дата] => 02.09.2018 07:16:55
    [Сообщение] => 
            Time start: 2018.09.02 07:16:28
            Taked : 10000 cities,
            Loaded from Database: 239453 cities
            Updated: 10000 cities
            Added: 0 cities
            Time end: 2018.09.55 07:16:55
    [Параметры запуска] => Array
        (
            [START] => 30000
            [LIMIT] => 10000
        )

    [Ошибки при выполнении] => Array
(
)

)


PROCESSING Step Complete:
Array
(
    [Дата] => 02.09.2018 07:22:24
    [Сообщение] => 
            Time start: 2018.09.02 07:21:56
            Taked : 10000 cities,
            Loaded from Database: 239453 cities
            Updated: 10000 cities
            Added: 0 cities
            Time end: 2018.09.24 07:22:24
    [Параметры запуска] => Array
        (
            [START] => 40000
            [LIMIT] => 10000
        )

    [Ошибки при выполнении] => Array
(
)

)


PROCESSING Step Complete:
Array
(
    [Дата] => 02.09.2018 07:27:53
    [Сообщение] => 
            Time start: 2018.09.02 07:27:24
            Taked : 10000 cities,
            Loaded from Database: 239453 cities
            Updated: 10000 cities
            Added: 0 cities
            Time end: 2018.09.53 07:27:53
    [Параметры запуска] => Array
        (
            [START] => 50000
            [LIMIT] => 10000
        )

    [Ошибки при выполнении] => Array
(
)

)


PROCESSING Step Complete:
Array
(
    [Дата] => 02.09.2018 07:33:21
    [Сообщение] => 
            Time start: 2018.09.02 07:32:53
            Taked : 10000 cities,
            Loaded from Database: 239453 cities
            Updated: 10000 cities
            Added: 0 cities
            Time end: 2018.09.21 07:33:21
    [Параметры запуска] => Array
        (
            [START] => 60000
            [LIMIT] => 10000
        )

    [Ошибки при выполнении] => Array
(
)

)


PROCESSING Step Complete:
Array
(
    [Дата] => 02.09.2018 07:38:50
    [Сообщение] => 
            Time start: 2018.09.02 07:38:21
            Taked : 10000 cities,
            Loaded from Database: 239453 cities
            Updated: 10000 cities
            Added: 0 cities
            Time end: 2018.09.50 07:38:50
    [Параметры запуска] => Array
        (
            [START] => 70000
            [LIMIT] => 10000
        )

    [Ошибки при выполнении] => Array
(
)

)


PROCESSING Step Complete:
Array
(
    [Дата] => 02.09.2018 07:44:20
    [Сообщение] => 
            Time start: 2018.09.02 07:43:50
            Taked : 10000 cities,
            Loaded from Database: 239453 cities
            Updated: 10000 cities
            Added: 0 cities
            Time end: 2018.09.20 07:44:20
    [Параметры запуска] => Array
        (
            [START] => 80000
            [LIMIT] => 10000
        )

    [Ошибки при выполнении] => Array
(
)

)


PROCESSING Step Complete:
Array
(
    [Дата] => 02.09.2018 07:49:49
    [Сообщение] => 
            Time start: 2018.09.02 07:49:20
            Taked : 10000 cities,
            Loaded from Database: 239453 cities
            Updated: 10000 cities
            Added: 0 cities
            Time end: 2018.09.49 07:49:49
    [Параметры запуска] => Array
        (
            [START] => 90000
            [LIMIT] => 10000
        )

    [Ошибки при выполнении] => Array
(
)

)


PROCESSING Step Complete:
Array
(
    [Дата] => 02.09.2018 07:55:17
    [Сообщение] => 
            Time start: 2018.09.02 07:54:49
            Taked : 10000 cities,
            Loaded from Database: 239453 cities
            Updated: 10000 cities
            Added: 0 cities
            Time end: 2018.09.17 07:55:17
    [Параметры запуска] => Array
        (
            [START] => 100000
            [LIMIT] => 10000
        )

    [Ошибки при выполнении] => Array
(
)

)


PROCESSING Step Complete:
Array
(
    [Дата] => 02.09.2018 08:00:46
    [Сообщение] => 
            Time start: 2018.09.02 08:00:18
            Taked : 10000 cities,
            Loaded from Database: 239453 cities
            Updated: 10000 cities
            Added: 0 cities
            Time end: 2018.09.46 08:00:46
    [Параметры запуска] => Array
        (
            [START] => 110000
            [LIMIT] => 10000
        )

    [Ошибки при выполнении] => Array
(
)

)


PROCESSING Step Complete:
Array
(
    [Дата] => 02.09.2018 08:06:16
    [Сообщение] => 
            Time start: 2018.09.02 08:05:47
            Taked : 10000 cities,
            Loaded from Database: 239453 cities
            Updated: 10000 cities
            Added: 0 cities
            Time end: 2018.09.16 08:06:16
    [Параметры запуска] => Array
        (
            [START] => 120000
            [LIMIT] => 10000
        )

    [Ошибки при выполнении] => Array
(
)

)


PROCESSING Step Complete:
Array
(
    [Дата] => 02.09.2018 08:11:45
    [Сообщение] => 
            Time start: 2018.09.02 08:11:16
            Taked : 10000 cities,
            Loaded from Database: 239453 cities
            Updated: 10000 cities
            Added: 0 cities
            Time end: 2018.09.45 08:11:45
    [Параметры запуска] => Array
        (
            [START] => 130000
            [LIMIT] => 10000
        )

    [Ошибки при выполнении] => Array
(
)

)


PROCESSING Step Complete:
Array
(
    [Дата] => 02.09.2018 08:17:14
    [Сообщение] => 
            Time start: 2018.09.02 08:16:45
            Taked : 10000 cities,
            Loaded from Database: 239453 cities
            Updated: 10000 cities
            Added: 0 cities
            Time end: 2018.09.14 08:17:14
    [Параметры запуска] => Array
        (
            [START] => 140000
            [LIMIT] => 10000
        )

    [Ошибки при выполнении] => Array
(
)

)


PROCESSING Step Complete:
Array
(
    [Дата] => 02.09.2018 08:22:43
    [Сообщение] => 
            Time start: 2018.09.02 08:22:14
            Taked : 10000 cities,
            Loaded from Database: 239453 cities
            Updated: 10000 cities
            Added: 0 cities
            Time end: 2018.09.43 08:22:43
    [Параметры запуска] => Array
        (
            [START] => 150000
            [LIMIT] => 10000
        )

    [Ошибки при выполнении] => Array
(
)

)


PROCESSING Step Complete:
Array
(
    [Дата] => 02.09.2018 08:28:12
    [Сообщение] => 
            Time start: 2018.09.02 08:27:43
            Taked : 10000 cities,
            Loaded from Database: 239453 cities
            Updated: 10000 cities
            Added: 0 cities
            Time end: 2018.09.12 08:28:12
    [Параметры запуска] => Array
        (
            [START] => 160000
            [LIMIT] => 10000
        )

    [Ошибки при выполнении] => Array
(
)

)


PROCESSING Step Complete:
Array
(
    [Дата] => 02.09.2018 08:33:41
    [Сообщение] => 
            Time start: 2018.09.02 08:33:12
            Taked : 10000 cities,
            Loaded from Database: 239453 cities
            Updated: 10000 cities
            Added: 0 cities
            Time end: 2018.09.41 08:33:41
    [Параметры запуска] => Array
        (
            [START] => 170000
            [LIMIT] => 10000
        )

    [Ошибки при выполнении] => Array
(
)

)


PROCESSING Step Complete:
Array
(
    [Дата] => 02.09.2018 08:39:11
    [Сообщение] => 
            Time start: 2018.09.02 08:38:41
            Taked : 10000 cities,
            Loaded from Database: 239453 cities
            Updated: 10000 cities
            Added: 0 cities
            Time end: 2018.09.11 08:39:11
    [Параметры запуска] => Array
        (
            [START] => 180000
            [LIMIT] => 10000
        )

    [Ошибки при выполнении] => Array
(
)

)


PROCESSING Step Complete:
Array
(
    [Дата] => 02.09.2018 08:44:40
    [Сообщение] => 
            Time start: 2018.09.02 08:44:11
            Taked : 10000 cities,
            Loaded from Database: 239453 cities
            Updated: 10000 cities
            Added: 0 cities
            Time end: 2018.09.40 08:44:40
    [Параметры запуска] => Array
        (
            [START] => 190000
            [LIMIT] => 10000
        )

    [Ошибки при выполнении] => Array
(
)

)


PROCESSING Step Complete:
Array
(
    [Дата] => 02.09.2018 08:50:09
    [Сообщение] => 
            Time start: 2018.09.02 08:49:40
            Taked : 10000 cities,
            Loaded from Database: 239453 cities
            Updated: 10000 cities
            Added: 0 cities
            Time end: 2018.09.09 08:50:09
    [Параметры запуска] => Array
        (
            [START] => 200000
            [LIMIT] => 10000
        )

    [Ошибки при выполнении] => Array
(
)

)


PROCESSING Step Complete:
Array
(
    [Дата] => 02.09.2018 08:55:38
    [Сообщение] => 
            Time start: 2018.09.02 08:55:09
            Taked : 10000 cities,
            Loaded from Database: 239453 cities
            Updated: 10000 cities
            Added: 0 cities
            Time end: 2018.09.38 08:55:38
    [Параметры запуска] => Array
        (
            [START] => 210000
            [LIMIT] => 10000
        )

    [Ошибки при выполнении] => Array
(
)

)


PROCESSING Step Complete:
Array
(
    [Дата] => 02.09.2018 09:01:08
    [Сообщение] => 
            Time start: 2018.09.02 09:00:38
            Taked : 10000 cities,
            Loaded from Database: 239453 cities
            Updated: 9999 cities
            Added: 1 cities
            Time end: 2018.09.08 09:01:08
    [Параметры запуска] => Array
        (
            [START] => 220000
            [LIMIT] => 10000
        )

    [Ошибки при выполнении] => Array
(
)

)


PROCESSING Complete:
Array
(
    [Дата] => 02.09.2018 09:06:35
    [Сообщение] => 
            Time start: 2018.09.02 09:06:08
            Taked : 9454 cities,
            Loaded from Database: 239454 cities
            Deleted: 0 cities,
            Updated: 9454 cities
            Added: 0 cities
            Time end: 2018.09.35 09:06:35
    [Параметры запуска] => Array
        (
            [START] => 230000
            [LIMIT] => 10000
        )

    [Ошибки при выполнении] => Array
(
)

)


