TRIGGER Complete:
Array
(
    [Дата] => 12.07.2018 07:00:02
    [Сообщение] => TRIGGER START
)


PROCESSING Step Complete:
Array
(
    [Дата] => 12.07.2018 07:00:16
    [Сообщение] => 
            Time start: 2018.07.12 07:00:02
            Taked : 10000 cities,
            Loaded from Database: 239247 cities
            Updated: 10000 cities
            Added: 0 cities
            Time end: 2018.07.16 07:00:16
    [Параметры запуска] => Array
        (
            [START] => 0
            [LIMIT] => 10000
        )

    [Ошибки при выполнении] => Array
(
)

)


PROCESSING Step Complete:
Array
(
    [Дата] => 12.07.2018 07:05:30
    [Сообщение] => 
            Time start: 2018.07.12 07:05:17
            Taked : 10000 cities,
            Loaded from Database: 239247 cities
            Updated: 10000 cities
            Added: 0 cities
            Time end: 2018.07.30 07:05:30
    [Параметры запуска] => Array
        (
            [START] => 10000
            [LIMIT] => 10000
        )

    [Ошибки при выполнении] => Array
(
)

)


PROCESSING Step Complete:
Array
(
    [Дата] => 12.07.2018 07:10:45
    [Сообщение] => 
            Time start: 2018.07.12 07:10:30
            Taked : 10000 cities,
            Loaded from Database: 239247 cities
            Updated: 10000 cities
            Added: 0 cities
            Time end: 2018.07.45 07:10:45
    [Параметры запуска] => Array
        (
            [START] => 20000
            [LIMIT] => 10000
        )

    [Ошибки при выполнении] => Array
(
)

)


PROCESSING Step Complete:
Array
(
    [Дата] => 12.07.2018 07:15:59
    [Сообщение] => 
            Time start: 2018.07.12 07:15:45
            Taked : 10000 cities,
            Loaded from Database: 239247 cities
            Updated: 10000 cities
            Added: 0 cities
            Time end: 2018.07.59 07:15:59
    [Параметры запуска] => Array
        (
            [START] => 30000
            [LIMIT] => 10000
        )

    [Ошибки при выполнении] => Array
(
)

)


PROCESSING Step Complete:
Array
(
    [Дата] => 12.07.2018 07:21:14
    [Сообщение] => 
            Time start: 2018.07.12 07:20:59
            Taked : 10000 cities,
            Loaded from Database: 239247 cities
            Updated: 10000 cities
            Added: 0 cities
            Time end: 2018.07.14 07:21:14
    [Параметры запуска] => Array
        (
            [START] => 40000
            [LIMIT] => 10000
        )

    [Ошибки при выполнении] => Array
(
)

)


PROCESSING Step Complete:
Array
(
    [Дата] => 12.07.2018 07:26:29
    [Сообщение] => 
            Time start: 2018.07.12 07:26:14
            Taked : 10000 cities,
            Loaded from Database: 239247 cities
            Updated: 10000 cities
            Added: 0 cities
            Time end: 2018.07.29 07:26:29
    [Параметры запуска] => Array
        (
            [START] => 50000
            [LIMIT] => 10000
        )

    [Ошибки при выполнении] => Array
(
)

)


PROCESSING Step Complete:
Array
(
    [Дата] => 12.07.2018 07:31:43
    [Сообщение] => 
            Time start: 2018.07.12 07:31:29
            Taked : 10000 cities,
            Loaded from Database: 239247 cities
            Updated: 10000 cities
            Added: 0 cities
            Time end: 2018.07.43 07:31:43
    [Параметры запуска] => Array
        (
            [START] => 60000
            [LIMIT] => 10000
        )

    [Ошибки при выполнении] => Array
(
)

)


PROCESSING Step Complete:
Array
(
    [Дата] => 12.07.2018 07:36:57
    [Сообщение] => 
            Time start: 2018.07.12 07:36:43
            Taked : 10000 cities,
            Loaded from Database: 239247 cities
            Updated: 10000 cities
            Added: 0 cities
            Time end: 2018.07.57 07:36:57
    [Параметры запуска] => Array
        (
            [START] => 70000
            [LIMIT] => 10000
        )

    [Ошибки при выполнении] => Array
(
)

)


PROCESSING Step Complete:
Array
(
    [Дата] => 12.07.2018 07:42:12
    [Сообщение] => 
            Time start: 2018.07.12 07:41:57
            Taked : 10000 cities,
            Loaded from Database: 239247 cities
            Updated: 10000 cities
            Added: 0 cities
            Time end: 2018.07.12 07:42:12
    [Параметры запуска] => Array
        (
            [START] => 80000
            [LIMIT] => 10000
        )

    [Ошибки при выполнении] => Array
(
)

)


PROCESSING Step Complete:
Array
(
    [Дата] => 12.07.2018 07:47:26
    [Сообщение] => 
            Time start: 2018.07.12 07:47:12
            Taked : 10000 cities,
            Loaded from Database: 239247 cities
            Updated: 10000 cities
            Added: 0 cities
            Time end: 2018.07.26 07:47:26
    [Параметры запуска] => Array
        (
            [START] => 90000
            [LIMIT] => 10000
        )

    [Ошибки при выполнении] => Array
(
)

)


PROCESSING Step Complete:
Array
(
    [Дата] => 12.07.2018 07:52:40
    [Сообщение] => 
            Time start: 2018.07.12 07:52:26
            Taked : 10000 cities,
            Loaded from Database: 239247 cities
            Updated: 10000 cities
            Added: 0 cities
            Time end: 2018.07.40 07:52:40
    [Параметры запуска] => Array
        (
            [START] => 100000
            [LIMIT] => 10000
        )

    [Ошибки при выполнении] => Array
(
)

)


PROCESSING Step Complete:
Array
(
    [Дата] => 12.07.2018 07:57:55
    [Сообщение] => 
            Time start: 2018.07.12 07:57:40
            Taked : 10000 cities,
            Loaded from Database: 239247 cities
            Updated: 10000 cities
            Added: 0 cities
            Time end: 2018.07.55 07:57:55
    [Параметры запуска] => Array
        (
            [START] => 110000
            [LIMIT] => 10000
        )

    [Ошибки при выполнении] => Array
(
)

)


PROCESSING Step Complete:
Array
(
    [Дата] => 12.07.2018 08:03:09
    [Сообщение] => 
            Time start: 2018.07.12 08:02:55
            Taked : 10000 cities,
            Loaded from Database: 239247 cities
            Updated: 10000 cities
            Added: 0 cities
            Time end: 2018.07.09 08:03:09
    [Параметры запуска] => Array
        (
            [START] => 120000
            [LIMIT] => 10000
        )

    [Ошибки при выполнении] => Array
(
)

)


PROCESSING Step Complete:
Array
(
    [Дата] => 12.07.2018 08:08:24
    [Сообщение] => 
            Time start: 2018.07.12 08:08:09
            Taked : 10000 cities,
            Loaded from Database: 239247 cities
            Updated: 10000 cities
            Added: 0 cities
            Time end: 2018.07.24 08:08:24
    [Параметры запуска] => Array
        (
            [START] => 130000
            [LIMIT] => 10000
        )

    [Ошибки при выполнении] => Array
(
)

)


PROCESSING Step Complete:
Array
(
    [Дата] => 12.07.2018 08:13:37
    [Сообщение] => 
            Time start: 2018.07.12 08:13:24
            Taked : 10000 cities,
            Loaded from Database: 239247 cities
            Updated: 10000 cities
            Added: 0 cities
            Time end: 2018.07.37 08:13:37
    [Параметры запуска] => Array
        (
            [START] => 140000
            [LIMIT] => 10000
        )

    [Ошибки при выполнении] => Array
(
)

)


PROCESSING Step Complete:
Array
(
    [Дата] => 12.07.2018 08:18:52
    [Сообщение] => 
            Time start: 2018.07.12 08:18:37
            Taked : 10000 cities,
            Loaded from Database: 239247 cities
            Updated: 10000 cities
            Added: 0 cities
            Time end: 2018.07.52 08:18:52
    [Параметры запуска] => Array
        (
            [START] => 150000
            [LIMIT] => 10000
        )

    [Ошибки при выполнении] => Array
(
)

)


PROCESSING Step Complete:
Array
(
    [Дата] => 12.07.2018 08:24:06
    [Сообщение] => 
            Time start: 2018.07.12 08:23:52
            Taked : 10000 cities,
            Loaded from Database: 239247 cities
            Updated: 10000 cities
            Added: 0 cities
            Time end: 2018.07.06 08:24:06
    [Параметры запуска] => Array
        (
            [START] => 160000
            [LIMIT] => 10000
        )

    [Ошибки при выполнении] => Array
(
)

)


PROCESSING Step Complete:
Array
(
    [Дата] => 12.07.2018 08:29:21
    [Сообщение] => 
            Time start: 2018.07.12 08:29:06
            Taked : 10000 cities,
            Loaded from Database: 239247 cities
            Updated: 10000 cities
            Added: 0 cities
            Time end: 2018.07.21 08:29:21
    [Параметры запуска] => Array
        (
            [START] => 170000
            [LIMIT] => 10000
        )

    [Ошибки при выполнении] => Array
(
)

)


PROCESSING Step Complete:
Array
(
    [Дата] => 12.07.2018 08:34:35
    [Сообщение] => 
            Time start: 2018.07.12 08:34:21
            Taked : 10000 cities,
            Loaded from Database: 239247 cities
            Updated: 10000 cities
            Added: 0 cities
            Time end: 2018.07.35 08:34:35
    [Параметры запуска] => Array
        (
            [START] => 180000
            [LIMIT] => 10000
        )

    [Ошибки при выполнении] => Array
(
)

)


PROCESSING Step Complete:
Array
(
    [Дата] => 12.07.2018 08:39:50
    [Сообщение] => 
            Time start: 2018.07.12 08:39:36
            Taked : 10000 cities,
            Loaded from Database: 239247 cities
            Updated: 10000 cities
            Added: 0 cities
            Time end: 2018.07.50 08:39:50
    [Параметры запуска] => Array
        (
            [START] => 190000
            [LIMIT] => 10000
        )

    [Ошибки при выполнении] => Array
(
)

)


PROCESSING Step Complete:
Array
(
    [Дата] => 12.07.2018 08:45:05
    [Сообщение] => 
            Time start: 2018.07.12 08:44:50
            Taked : 10000 cities,
            Loaded from Database: 239247 cities
            Updated: 9974 cities
            Added: 26 cities
            Time end: 2018.07.05 08:45:05
    [Параметры запуска] => Array
        (
            [START] => 200000
            [LIMIT] => 10000
        )

    [Ошибки при выполнении] => Array
(
)

)


PROCESSING Step Complete:
Array
(
    [Дата] => 12.07.2018 08:50:20
    [Сообщение] => 
            Time start: 2018.07.12 08:50:05
            Taked : 10000 cities,
            Loaded from Database: 239273 cities
            Updated: 9999 cities
            Added: 1 cities
            Time end: 2018.07.20 08:50:20
    [Параметры запуска] => Array
        (
            [START] => 210000
            [LIMIT] => 10000
        )

    [Ошибки при выполнении] => Array
(
)

)


PROCESSING Step Complete:
Array
(
    [Дата] => 12.07.2018 08:55:34
    [Сообщение] => 
            Time start: 2018.07.12 08:55:20
            Taked : 10000 cities,
            Loaded from Database: 239274 cities
            Updated: 10000 cities
            Added: 0 cities
            Time end: 2018.07.34 08:55:34
    [Параметры запуска] => Array
        (
            [START] => 220000
            [LIMIT] => 10000
        )

    [Ошибки при выполнении] => Array
(
)

)


PROCESSING Complete:
Array
(
    [Дата] => 12.07.2018 09:00:47
    [Сообщение] => 
            Time start: 2018.07.12 09:00:34
            Taked : 9273 cities,
            Loaded from Database: 239274 cities
            Deleted: 1 cities,
            Updated: 9273 cities
            Added: 0 cities
            Time end: 2018.07.47 09:00:47
    [Параметры запуска] => Array
        (
            [START] => 230000
            [LIMIT] => 10000
        )

    [Ошибки при выполнении] => Array
(
)

)


