TRIGGER Complete:
Array
(
    [Дата] => 06.05.2018 07:00:03
    [Сообщение] => TRIGGER START
)


PROCESSING Step Complete:
Array
(
    [Дата] => 06.05.2018 07:00:16
    [Сообщение] => 
            Time start: 2018.05.06 07:00:03
            Taked : 10000 cities,
            Loaded from Database: 238488 cities
            Updated: 10000 cities
            Added: 0 cities
            Time end: 2018.05.16 07:00:16
    [Параметры запуска] => Array
        (
            [START] => 0
            [LIMIT] => 10000
        )

    [Ошибки при выполнении] => Array
(
)

)


PROCESSING Step Complete:
Array
(
    [Дата] => 06.05.2018 07:05:29
    [Сообщение] => 
            Time start: 2018.05.06 07:05:16
            Taked : 10000 cities,
            Loaded from Database: 238488 cities
            Updated: 10000 cities
            Added: 0 cities
            Time end: 2018.05.29 07:05:29
    [Параметры запуска] => Array
        (
            [START] => 10000
            [LIMIT] => 10000
        )

    [Ошибки при выполнении] => Array
(
)

)


PROCESSING Step Complete:
Array
(
    [Дата] => 06.05.2018 07:10:43
    [Сообщение] => 
            Time start: 2018.05.06 07:10:30
            Taked : 10000 cities,
            Loaded from Database: 238488 cities
            Updated: 10000 cities
            Added: 0 cities
            Time end: 2018.05.43 07:10:43
    [Параметры запуска] => Array
        (
            [START] => 20000
            [LIMIT] => 10000
        )

    [Ошибки при выполнении] => Array
(
)

)


PROCESSING Step Complete:
Array
(
    [Дата] => 06.05.2018 07:15:56
    [Сообщение] => 
            Time start: 2018.05.06 07:15:43
            Taked : 10000 cities,
            Loaded from Database: 238488 cities
            Updated: 10000 cities
            Added: 0 cities
            Time end: 2018.05.56 07:15:56
    [Параметры запуска] => Array
        (
            [START] => 30000
            [LIMIT] => 10000
        )

    [Ошибки при выполнении] => Array
(
)

)


PROCESSING Step Complete:
Array
(
    [Дата] => 06.05.2018 07:21:09
    [Сообщение] => 
            Time start: 2018.05.06 07:20:56
            Taked : 10000 cities,
            Loaded from Database: 238488 cities
            Updated: 10000 cities
            Added: 0 cities
            Time end: 2018.05.09 07:21:09
    [Параметры запуска] => Array
        (
            [START] => 40000
            [LIMIT] => 10000
        )

    [Ошибки при выполнении] => Array
(
)

)


PROCESSING Step Complete:
Array
(
    [Дата] => 06.05.2018 07:26:23
    [Сообщение] => 
            Time start: 2018.05.06 07:26:10
            Taked : 10000 cities,
            Loaded from Database: 238488 cities
            Updated: 10000 cities
            Added: 0 cities
            Time end: 2018.05.23 07:26:23
    [Параметры запуска] => Array
        (
            [START] => 50000
            [LIMIT] => 10000
        )

    [Ошибки при выполнении] => Array
(
)

)


PROCESSING Step Complete:
Array
(
    [Дата] => 06.05.2018 07:31:36
    [Сообщение] => 
            Time start: 2018.05.06 07:31:23
            Taked : 10000 cities,
            Loaded from Database: 238488 cities
            Updated: 10000 cities
            Added: 0 cities
            Time end: 2018.05.36 07:31:36
    [Параметры запуска] => Array
        (
            [START] => 60000
            [LIMIT] => 10000
        )

    [Ошибки при выполнении] => Array
(
)

)


PROCESSING Step Complete:
Array
(
    [Дата] => 06.05.2018 07:36:50
    [Сообщение] => 
            Time start: 2018.05.06 07:36:36
            Taked : 10000 cities,
            Loaded from Database: 238488 cities
            Updated: 10000 cities
            Added: 0 cities
            Time end: 2018.05.50 07:36:50
    [Параметры запуска] => Array
        (
            [START] => 70000
            [LIMIT] => 10000
        )

    [Ошибки при выполнении] => Array
(
)

)


PROCESSING Step Complete:
Array
(
    [Дата] => 06.05.2018 07:42:04
    [Сообщение] => 
            Time start: 2018.05.06 07:41:50
            Taked : 10000 cities,
            Loaded from Database: 238488 cities
            Updated: 10000 cities
            Added: 0 cities
            Time end: 2018.05.04 07:42:04
    [Параметры запуска] => Array
        (
            [START] => 80000
            [LIMIT] => 10000
        )

    [Ошибки при выполнении] => Array
(
)

)


PROCESSING Step Complete:
Array
(
    [Дата] => 06.05.2018 07:47:17
    [Сообщение] => 
            Time start: 2018.05.06 07:47:04
            Taked : 10000 cities,
            Loaded from Database: 238488 cities
            Updated: 10000 cities
            Added: 0 cities
            Time end: 2018.05.17 07:47:17
    [Параметры запуска] => Array
        (
            [START] => 90000
            [LIMIT] => 10000
        )

    [Ошибки при выполнении] => Array
(
)

)


PROCESSING Step Complete:
Array
(
    [Дата] => 06.05.2018 07:52:30
    [Сообщение] => 
            Time start: 2018.05.06 07:52:17
            Taked : 10000 cities,
            Loaded from Database: 238488 cities
            Updated: 10000 cities
            Added: 0 cities
            Time end: 2018.05.30 07:52:30
    [Параметры запуска] => Array
        (
            [START] => 100000
            [LIMIT] => 10000
        )

    [Ошибки при выполнении] => Array
(
)

)


PROCESSING Step Complete:
Array
(
    [Дата] => 06.05.2018 07:57:44
    [Сообщение] => 
            Time start: 2018.05.06 07:57:30
            Taked : 10000 cities,
            Loaded from Database: 238488 cities
            Updated: 10000 cities
            Added: 0 cities
            Time end: 2018.05.44 07:57:44
    [Параметры запуска] => Array
        (
            [START] => 110000
            [LIMIT] => 10000
        )

    [Ошибки при выполнении] => Array
(
)

)


PROCESSING Step Complete:
Array
(
    [Дата] => 06.05.2018 08:02:57
    [Сообщение] => 
            Time start: 2018.05.06 08:02:44
            Taked : 10000 cities,
            Loaded from Database: 238488 cities
            Updated: 10000 cities
            Added: 0 cities
            Time end: 2018.05.57 08:02:57
    [Параметры запуска] => Array
        (
            [START] => 120000
            [LIMIT] => 10000
        )

    [Ошибки при выполнении] => Array
(
)

)


PROCESSING Step Complete:
Array
(
    [Дата] => 06.05.2018 08:08:11
    [Сообщение] => 
            Time start: 2018.05.06 08:07:58
            Taked : 10000 cities,
            Loaded from Database: 238488 cities
            Updated: 10000 cities
            Added: 0 cities
            Time end: 2018.05.11 08:08:11
    [Параметры запуска] => Array
        (
            [START] => 130000
            [LIMIT] => 10000
        )

    [Ошибки при выполнении] => Array
(
)

)


PROCESSING Step Complete:
Array
(
    [Дата] => 06.05.2018 08:13:24
    [Сообщение] => 
            Time start: 2018.05.06 08:13:11
            Taked : 10000 cities,
            Loaded from Database: 238488 cities
            Updated: 10000 cities
            Added: 0 cities
            Time end: 2018.05.24 08:13:24
    [Параметры запуска] => Array
        (
            [START] => 140000
            [LIMIT] => 10000
        )

    [Ошибки при выполнении] => Array
(
)

)


PROCESSING Step Complete:
Array
(
    [Дата] => 06.05.2018 08:18:36
    [Сообщение] => 
            Time start: 2018.05.06 08:18:24
            Taked : 10000 cities,
            Loaded from Database: 238488 cities
            Updated: 10000 cities
            Added: 0 cities
            Time end: 2018.05.36 08:18:36
    [Параметры запуска] => Array
        (
            [START] => 150000
            [LIMIT] => 10000
        )

    [Ошибки при выполнении] => Array
(
)

)


PROCESSING Step Complete:
Array
(
    [Дата] => 06.05.2018 08:23:49
    [Сообщение] => 
            Time start: 2018.05.06 08:23:36
            Taked : 10000 cities,
            Loaded from Database: 238488 cities
            Updated: 10000 cities
            Added: 0 cities
            Time end: 2018.05.49 08:23:49
    [Параметры запуска] => Array
        (
            [START] => 160000
            [LIMIT] => 10000
        )

    [Ошибки при выполнении] => Array
(
)

)


PROCESSING Step Complete:
Array
(
    [Дата] => 06.05.2018 08:29:03
    [Сообщение] => 
            Time start: 2018.05.06 08:28:50
            Taked : 10000 cities,
            Loaded from Database: 238488 cities
            Updated: 10000 cities
            Added: 0 cities
            Time end: 2018.05.03 08:29:03
    [Параметры запуска] => Array
        (
            [START] => 170000
            [LIMIT] => 10000
        )

    [Ошибки при выполнении] => Array
(
)

)


PROCESSING Step Complete:
Array
(
    [Дата] => 06.05.2018 08:34:17
    [Сообщение] => 
            Time start: 2018.05.06 08:34:03
            Taked : 10000 cities,
            Loaded from Database: 238488 cities
            Updated: 10000 cities
            Added: 0 cities
            Time end: 2018.05.17 08:34:17
    [Параметры запуска] => Array
        (
            [START] => 180000
            [LIMIT] => 10000
        )

    [Ошибки при выполнении] => Array
(
)

)


PROCESSING Step Complete:
Array
(
    [Дата] => 06.05.2018 08:39:31
    [Сообщение] => 
            Time start: 2018.05.06 08:39:17
            Taked : 10000 cities,
            Loaded from Database: 238488 cities
            Updated: 10000 cities
            Added: 0 cities
            Time end: 2018.05.31 08:39:31
    [Параметры запуска] => Array
        (
            [START] => 190000
            [LIMIT] => 10000
        )

    [Ошибки при выполнении] => Array
(
)

)


PROCESSING Step Complete:
Array
(
    [Дата] => 06.05.2018 08:44:45
    [Сообщение] => 
            Time start: 2018.05.06 08:44:31
            Taked : 10000 cities,
            Loaded from Database: 238488 cities
            Updated: 10000 cities
            Added: 0 cities
            Time end: 2018.05.45 08:44:45
    [Параметры запуска] => Array
        (
            [START] => 200000
            [LIMIT] => 10000
        )

    [Ошибки при выполнении] => Array
(
)

)


PROCESSING Step Complete:
Array
(
    [Дата] => 06.05.2018 08:49:58
    [Сообщение] => 
            Time start: 2018.05.06 08:49:45
            Taked : 10000 cities,
            Loaded from Database: 238488 cities
            Updated: 10000 cities
            Added: 0 cities
            Time end: 2018.05.58 08:49:58
    [Параметры запуска] => Array
        (
            [START] => 210000
            [LIMIT] => 10000
        )

    [Ошибки при выполнении] => Array
(
)

)


PROCESSING Step Complete:
Array
(
    [Дата] => 06.05.2018 08:55:11
    [Сообщение] => 
            Time start: 2018.05.06 08:54:58
            Taked : 10000 cities,
            Loaded from Database: 238488 cities
            Updated: 10000 cities
            Added: 0 cities
            Time end: 2018.05.11 08:55:11
    [Параметры запуска] => Array
        (
            [START] => 220000
            [LIMIT] => 10000
        )

    [Ошибки при выполнении] => Array
(
)

)


PROCESSING Complete:
Array
(
    [Дата] => 06.05.2018 09:00:23
    [Сообщение] => 
            Time start: 2018.05.06 09:00:11
            Taked : 8488 cities,
            Loaded from Database: 238488 cities
            Deleted: 0 cities,
            Updated: 8488 cities
            Added: 0 cities
            Time end: 2018.05.23 09:00:23
    [Параметры запуска] => Array
        (
            [START] => 230000
            [LIMIT] => 10000
        )

    [Ошибки при выполнении] => Array
(
)

)


