TRIGGER Complete:
Array
(
    [Дата] => 15.04.2018 07:00:02
    [Сообщение] => TRIGGER START
)


PROCESSING Step Complete:
Array
(
    [Дата] => 15.04.2018 07:00:16
    [Сообщение] => 
            Time start: 2018.04.15 07:00:02
            Taked : 10000 cities,
            Loaded from Database: 238459 cities
            Updated: 10000 cities
            Added: 0 cities
            Time end: 2018.04.16 07:00:16
    [Параметры запуска] => Array
        (
            [START] => 0
            [LIMIT] => 10000
        )

    [Ошибки при выполнении] => Array
(
)

)


PROCESSING Step Complete:
Array
(
    [Дата] => 15.04.2018 07:05:29
    [Сообщение] => 
            Time start: 2018.04.15 07:05:16
            Taked : 10000 cities,
            Loaded from Database: 238459 cities
            Updated: 10000 cities
            Added: 0 cities
            Time end: 2018.04.29 07:05:29
    [Параметры запуска] => Array
        (
            [START] => 10000
            [LIMIT] => 10000
        )

    [Ошибки при выполнении] => Array
(
)

)


PROCESSING Step Complete:
Array
(
    [Дата] => 15.04.2018 07:10:42
    [Сообщение] => 
            Time start: 2018.04.15 07:10:29
            Taked : 10000 cities,
            Loaded from Database: 238459 cities
            Updated: 10000 cities
            Added: 0 cities
            Time end: 2018.04.42 07:10:42
    [Параметры запуска] => Array
        (
            [START] => 20000
            [LIMIT] => 10000
        )

    [Ошибки при выполнении] => Array
(
)

)


PROCESSING Step Complete:
Array
(
    [Дата] => 15.04.2018 07:15:55
    [Сообщение] => 
            Time start: 2018.04.15 07:15:42
            Taked : 10000 cities,
            Loaded from Database: 238459 cities
            Updated: 10000 cities
            Added: 0 cities
            Time end: 2018.04.55 07:15:55
    [Параметры запуска] => Array
        (
            [START] => 30000
            [LIMIT] => 10000
        )

    [Ошибки при выполнении] => Array
(
)

)


PROCESSING Step Complete:
Array
(
    [Дата] => 15.04.2018 07:21:08
    [Сообщение] => 
            Time start: 2018.04.15 07:20:55
            Taked : 10000 cities,
            Loaded from Database: 238459 cities
            Updated: 10000 cities
            Added: 0 cities
            Time end: 2018.04.08 07:21:08
    [Параметры запуска] => Array
        (
            [START] => 40000
            [LIMIT] => 10000
        )

    [Ошибки при выполнении] => Array
(
)

)


PROCESSING Step Complete:
Array
(
    [Дата] => 15.04.2018 07:26:21
    [Сообщение] => 
            Time start: 2018.04.15 07:26:08
            Taked : 10000 cities,
            Loaded from Database: 238459 cities
            Updated: 10000 cities
            Added: 0 cities
            Time end: 2018.04.21 07:26:21
    [Параметры запуска] => Array
        (
            [START] => 50000
            [LIMIT] => 10000
        )

    [Ошибки при выполнении] => Array
(
)

)


PROCESSING Step Complete:
Array
(
    [Дата] => 15.04.2018 07:31:34
    [Сообщение] => 
            Time start: 2018.04.15 07:31:21
            Taked : 10000 cities,
            Loaded from Database: 238459 cities
            Updated: 10000 cities
            Added: 0 cities
            Time end: 2018.04.34 07:31:34
    [Параметры запуска] => Array
        (
            [START] => 60000
            [LIMIT] => 10000
        )

    [Ошибки при выполнении] => Array
(
)

)


PROCESSING Step Complete:
Array
(
    [Дата] => 15.04.2018 07:36:47
    [Сообщение] => 
            Time start: 2018.04.15 07:36:34
            Taked : 10000 cities,
            Loaded from Database: 238459 cities
            Updated: 10000 cities
            Added: 0 cities
            Time end: 2018.04.47 07:36:47
    [Параметры запуска] => Array
        (
            [START] => 70000
            [LIMIT] => 10000
        )

    [Ошибки при выполнении] => Array
(
)

)


PROCESSING Step Complete:
Array
(
    [Дата] => 15.04.2018 07:42:00
    [Сообщение] => 
            Time start: 2018.04.15 07:41:47
            Taked : 10000 cities,
            Loaded from Database: 238459 cities
            Updated: 10000 cities
            Added: 0 cities
            Time end: 2018.04.00 07:42:00
    [Параметры запуска] => Array
        (
            [START] => 80000
            [LIMIT] => 10000
        )

    [Ошибки при выполнении] => Array
(
)

)


PROCESSING Step Complete:
Array
(
    [Дата] => 15.04.2018 07:47:14
    [Сообщение] => 
            Time start: 2018.04.15 07:47:00
            Taked : 10000 cities,
            Loaded from Database: 238459 cities
            Updated: 10000 cities
            Added: 0 cities
            Time end: 2018.04.14 07:47:14
    [Параметры запуска] => Array
        (
            [START] => 90000
            [LIMIT] => 10000
        )

    [Ошибки при выполнении] => Array
(
)

)


PROCESSING Step Complete:
Array
(
    [Дата] => 15.04.2018 07:52:27
    [Сообщение] => 
            Time start: 2018.04.15 07:52:14
            Taked : 10000 cities,
            Loaded from Database: 238459 cities
            Updated: 10000 cities
            Added: 0 cities
            Time end: 2018.04.27 07:52:27
    [Параметры запуска] => Array
        (
            [START] => 100000
            [LIMIT] => 10000
        )

    [Ошибки при выполнении] => Array
(
)

)


PROCESSING Step Complete:
Array
(
    [Дата] => 15.04.2018 07:57:41
    [Сообщение] => 
            Time start: 2018.04.15 07:57:27
            Taked : 10000 cities,
            Loaded from Database: 238459 cities
            Updated: 10000 cities
            Added: 0 cities
            Time end: 2018.04.41 07:57:41
    [Параметры запуска] => Array
        (
            [START] => 110000
            [LIMIT] => 10000
        )

    [Ошибки при выполнении] => Array
(
)

)


PROCESSING Step Complete:
Array
(
    [Дата] => 15.04.2018 08:02:54
    [Сообщение] => 
            Time start: 2018.04.15 08:02:41
            Taked : 10000 cities,
            Loaded from Database: 238459 cities
            Updated: 10000 cities
            Added: 0 cities
            Time end: 2018.04.54 08:02:54
    [Параметры запуска] => Array
        (
            [START] => 120000
            [LIMIT] => 10000
        )

    [Ошибки при выполнении] => Array
(
)

)


PROCESSING Step Complete:
Array
(
    [Дата] => 15.04.2018 08:08:08
    [Сообщение] => 
            Time start: 2018.04.15 08:07:55
            Taked : 10000 cities,
            Loaded from Database: 238459 cities
            Updated: 10000 cities
            Added: 0 cities
            Time end: 2018.04.08 08:08:08
    [Параметры запуска] => Array
        (
            [START] => 130000
            [LIMIT] => 10000
        )

    [Ошибки при выполнении] => Array
(
)

)


PROCESSING Step Complete:
Array
(
    [Дата] => 15.04.2018 08:13:22
    [Сообщение] => 
            Time start: 2018.04.15 08:13:09
            Taked : 10000 cities,
            Loaded from Database: 238459 cities
            Updated: 10000 cities
            Added: 0 cities
            Time end: 2018.04.22 08:13:22
    [Параметры запуска] => Array
        (
            [START] => 140000
            [LIMIT] => 10000
        )

    [Ошибки при выполнении] => Array
(
)

)


PROCESSING Step Complete:
Array
(
    [Дата] => 15.04.2018 08:18:36
    [Сообщение] => 
            Time start: 2018.04.15 08:18:22
            Taked : 10000 cities,
            Loaded from Database: 238459 cities
            Updated: 10000 cities
            Added: 0 cities
            Time end: 2018.04.36 08:18:36
    [Параметры запуска] => Array
        (
            [START] => 150000
            [LIMIT] => 10000
        )

    [Ошибки при выполнении] => Array
(
)

)


PROCESSING Step Complete:
Array
(
    [Дата] => 15.04.2018 08:23:49
    [Сообщение] => 
            Time start: 2018.04.15 08:23:36
            Taked : 10000 cities,
            Loaded from Database: 238459 cities
            Updated: 10000 cities
            Added: 0 cities
            Time end: 2018.04.49 08:23:49
    [Параметры запуска] => Array
        (
            [START] => 160000
            [LIMIT] => 10000
        )

    [Ошибки при выполнении] => Array
(
)

)


PROCESSING Step Complete:
Array
(
    [Дата] => 15.04.2018 08:29:02
    [Сообщение] => 
            Time start: 2018.04.15 08:28:50
            Taked : 10000 cities,
            Loaded from Database: 238459 cities
            Updated: 10000 cities
            Added: 0 cities
            Time end: 2018.04.02 08:29:02
    [Параметры запуска] => Array
        (
            [START] => 170000
            [LIMIT] => 10000
        )

    [Ошибки при выполнении] => Array
(
)

)


PROCESSING Step Complete:
Array
(
    [Дата] => 15.04.2018 08:34:15
    [Сообщение] => 
            Time start: 2018.04.15 08:34:02
            Taked : 10000 cities,
            Loaded from Database: 238459 cities
            Updated: 10000 cities
            Added: 0 cities
            Time end: 2018.04.15 08:34:15
    [Параметры запуска] => Array
        (
            [START] => 180000
            [LIMIT] => 10000
        )

    [Ошибки при выполнении] => Array
(
)

)


PROCESSING Step Complete:
Array
(
    [Дата] => 15.04.2018 08:39:28
    [Сообщение] => 
            Time start: 2018.04.15 08:39:15
            Taked : 10000 cities,
            Loaded from Database: 238459 cities
            Updated: 9999 cities
            Added: 1 cities
            Time end: 2018.04.28 08:39:28
    [Параметры запуска] => Array
        (
            [START] => 190000
            [LIMIT] => 10000
        )

    [Ошибки при выполнении] => Array
(
)

)


PROCESSING Step Complete:
Array
(
    [Дата] => 15.04.2018 08:44:42
    [Сообщение] => 
            Time start: 2018.04.15 08:44:28
            Taked : 10000 cities,
            Loaded from Database: 238460 cities
            Updated: 10000 cities
            Added: 0 cities
            Time end: 2018.04.42 08:44:42
    [Параметры запуска] => Array
        (
            [START] => 200000
            [LIMIT] => 10000
        )

    [Ошибки при выполнении] => Array
(
)

)


PROCESSING Step Complete:
Array
(
    [Дата] => 15.04.2018 08:49:55
    [Сообщение] => 
            Time start: 2018.04.15 08:49:42
            Taked : 10000 cities,
            Loaded from Database: 238460 cities
            Updated: 10000 cities
            Added: 0 cities
            Time end: 2018.04.55 08:49:55
    [Параметры запуска] => Array
        (
            [START] => 210000
            [LIMIT] => 10000
        )

    [Ошибки при выполнении] => Array
(
)

)


PROCESSING Step Complete:
Array
(
    [Дата] => 15.04.2018 08:55:09
    [Сообщение] => 
            Time start: 2018.04.15 08:54:55
            Taked : 10000 cities,
            Loaded from Database: 238460 cities
            Updated: 10000 cities
            Added: 0 cities
            Time end: 2018.04.09 08:55:09
    [Параметры запуска] => Array
        (
            [START] => 220000
            [LIMIT] => 10000
        )

    [Ошибки при выполнении] => Array
(
)

)


PROCESSING Complete:
Array
(
    [Дата] => 15.04.2018 09:00:20
    [Сообщение] => 
            Time start: 2018.04.15 09:00:09
            Taked : 8460 cities,
            Loaded from Database: 238460 cities
            Deleted: 0 cities,
            Updated: 8460 cities
            Added: 0 cities
            Time end: 2018.04.20 09:00:20
    [Параметры запуска] => Array
        (
            [START] => 230000
            [LIMIT] => 10000
        )

    [Ошибки при выполнении] => Array
(
)

)


