TRIGGER Complete:
Array
(
    [Дата] => 18.09.2018 07:00:03
    [Сообщение] => TRIGGER START
)


PROCESSING Step Complete:
Array
(
    [Дата] => 18.09.2018 07:00:32
    [Сообщение] => 
            Time start: 2018.09.18 07:00:03
            Taked : 10000 cities,
            Loaded from Database: 239606 cities
            Updated: 10000 cities
            Added: 0 cities
            Time end: 2018.09.32 07:00:32
    [Параметры запуска] => Array
        (
            [START] => 0
            [LIMIT] => 10000
        )

    [Ошибки при выполнении] => Array
(
)

)


PROCESSING Step Complete:
Array
(
    [Дата] => 18.09.2018 07:06:02
    [Сообщение] => 
            Time start: 2018.09.18 07:05:32
            Taked : 10000 cities,
            Loaded from Database: 239606 cities
            Updated: 10000 cities
            Added: 0 cities
            Time end: 2018.09.02 07:06:02
    [Параметры запуска] => Array
        (
            [START] => 10000
            [LIMIT] => 10000
        )

    [Ошибки при выполнении] => Array
(
)

)


PROCESSING Step Complete:
Array
(
    [Дата] => 18.09.2018 07:11:30
    [Сообщение] => 
            Time start: 2018.09.18 07:11:02
            Taked : 10000 cities,
            Loaded from Database: 239606 cities
            Updated: 10000 cities
            Added: 0 cities
            Time end: 2018.09.30 07:11:30
    [Параметры запуска] => Array
        (
            [START] => 20000
            [LIMIT] => 10000
        )

    [Ошибки при выполнении] => Array
(
)

)


PROCESSING Step Complete:
Array
(
    [Дата] => 18.09.2018 07:16:59
    [Сообщение] => 
            Time start: 2018.09.18 07:16:30
            Taked : 10000 cities,
            Loaded from Database: 239606 cities
            Updated: 10000 cities
            Added: 0 cities
            Time end: 2018.09.59 07:16:59
    [Параметры запуска] => Array
        (
            [START] => 30000
            [LIMIT] => 10000
        )

    [Ошибки при выполнении] => Array
(
)

)


PROCESSING Step Complete:
Array
(
    [Дата] => 18.09.2018 07:22:28
    [Сообщение] => 
            Time start: 2018.09.18 07:21:59
            Taked : 10000 cities,
            Loaded from Database: 239606 cities
            Updated: 10000 cities
            Added: 0 cities
            Time end: 2018.09.28 07:22:28
    [Параметры запуска] => Array
        (
            [START] => 40000
            [LIMIT] => 10000
        )

    [Ошибки при выполнении] => Array
(
)

)


PROCESSING Step Complete:
Array
(
    [Дата] => 18.09.2018 07:27:57
    [Сообщение] => 
            Time start: 2018.09.18 07:27:28
            Taked : 10000 cities,
            Loaded from Database: 239606 cities
            Updated: 10000 cities
            Added: 0 cities
            Time end: 2018.09.57 07:27:57
    [Параметры запуска] => Array
        (
            [START] => 50000
            [LIMIT] => 10000
        )

    [Ошибки при выполнении] => Array
(
)

)


PROCESSING Step Complete:
Array
(
    [Дата] => 18.09.2018 07:33:27
    [Сообщение] => 
            Time start: 2018.09.18 07:32:58
            Taked : 10000 cities,
            Loaded from Database: 239606 cities
            Updated: 10000 cities
            Added: 0 cities
            Time end: 2018.09.27 07:33:27
    [Параметры запуска] => Array
        (
            [START] => 60000
            [LIMIT] => 10000
        )

    [Ошибки при выполнении] => Array
(
)

)


PROCESSING Step Complete:
Array
(
    [Дата] => 18.09.2018 07:38:56
    [Сообщение] => 
            Time start: 2018.09.18 07:38:27
            Taked : 10000 cities,
            Loaded from Database: 239606 cities
            Updated: 10000 cities
            Added: 0 cities
            Time end: 2018.09.56 07:38:56
    [Параметры запуска] => Array
        (
            [START] => 70000
            [LIMIT] => 10000
        )

    [Ошибки при выполнении] => Array
(
)

)


PROCESSING Step Complete:
Array
(
    [Дата] => 18.09.2018 07:44:24
    [Сообщение] => 
            Time start: 2018.09.18 07:43:56
            Taked : 10000 cities,
            Loaded from Database: 239606 cities
            Updated: 10000 cities
            Added: 0 cities
            Time end: 2018.09.24 07:44:24
    [Параметры запуска] => Array
        (
            [START] => 80000
            [LIMIT] => 10000
        )

    [Ошибки при выполнении] => Array
(
)

)


PROCESSING Step Complete:
Array
(
    [Дата] => 18.09.2018 07:49:54
    [Сообщение] => 
            Time start: 2018.09.18 07:49:25
            Taked : 10000 cities,
            Loaded from Database: 239606 cities
            Updated: 10000 cities
            Added: 0 cities
            Time end: 2018.09.54 07:49:54
    [Параметры запуска] => Array
        (
            [START] => 90000
            [LIMIT] => 10000
        )

    [Ошибки при выполнении] => Array
(
)

)


PROCESSING Step Complete:
Array
(
    [Дата] => 18.09.2018 07:55:22
    [Сообщение] => 
            Time start: 2018.09.18 07:54:54
            Taked : 10000 cities,
            Loaded from Database: 239606 cities
            Updated: 10000 cities
            Added: 0 cities
            Time end: 2018.09.22 07:55:22
    [Параметры запуска] => Array
        (
            [START] => 100000
            [LIMIT] => 10000
        )

    [Ошибки при выполнении] => Array
(
)

)


PROCESSING Step Complete:
Array
(
    [Дата] => 18.09.2018 08:00:52
    [Сообщение] => 
            Time start: 2018.09.18 08:00:23
            Taked : 10000 cities,
            Loaded from Database: 239606 cities
            Updated: 10000 cities
            Added: 0 cities
            Time end: 2018.09.52 08:00:52
    [Параметры запуска] => Array
        (
            [START] => 110000
            [LIMIT] => 10000
        )

    [Ошибки при выполнении] => Array
(
)

)


PROCESSING Step Complete:
Array
(
    [Дата] => 18.09.2018 08:06:21
    [Сообщение] => 
            Time start: 2018.09.18 08:05:52
            Taked : 10000 cities,
            Loaded from Database: 239606 cities
            Updated: 10000 cities
            Added: 0 cities
            Time end: 2018.09.21 08:06:21
    [Параметры запуска] => Array
        (
            [START] => 120000
            [LIMIT] => 10000
        )

    [Ошибки при выполнении] => Array
(
)

)


PROCESSING Step Complete:
Array
(
    [Дата] => 18.09.2018 08:11:49
    [Сообщение] => 
            Time start: 2018.09.18 08:11:21
            Taked : 10000 cities,
            Loaded from Database: 239606 cities
            Updated: 10000 cities
            Added: 0 cities
            Time end: 2018.09.49 08:11:49
    [Параметры запуска] => Array
        (
            [START] => 130000
            [LIMIT] => 10000
        )

    [Ошибки при выполнении] => Array
(
)

)


PROCESSING Step Complete:
Array
(
    [Дата] => 18.09.2018 08:17:18
    [Сообщение] => 
            Time start: 2018.09.18 08:16:49
            Taked : 10000 cities,
            Loaded from Database: 239606 cities
            Updated: 10000 cities
            Added: 0 cities
            Time end: 2018.09.18 08:17:18
    [Параметры запуска] => Array
        (
            [START] => 140000
            [LIMIT] => 10000
        )

    [Ошибки при выполнении] => Array
(
)

)


PROCESSING Step Complete:
Array
(
    [Дата] => 18.09.2018 08:22:47
    [Сообщение] => 
            Time start: 2018.09.18 08:22:18
            Taked : 10000 cities,
            Loaded from Database: 239606 cities
            Updated: 10000 cities
            Added: 0 cities
            Time end: 2018.09.47 08:22:47
    [Параметры запуска] => Array
        (
            [START] => 150000
            [LIMIT] => 10000
        )

    [Ошибки при выполнении] => Array
(
)

)


PROCESSING Step Complete:
Array
(
    [Дата] => 18.09.2018 08:28:16
    [Сообщение] => 
            Time start: 2018.09.18 08:27:47
            Taked : 10000 cities,
            Loaded from Database: 239606 cities
            Updated: 10000 cities
            Added: 0 cities
            Time end: 2018.09.16 08:28:16
    [Параметры запуска] => Array
        (
            [START] => 160000
            [LIMIT] => 10000
        )

    [Ошибки при выполнении] => Array
(
)

)


PROCESSING Step Complete:
Array
(
    [Дата] => 18.09.2018 08:33:45
    [Сообщение] => 
            Time start: 2018.09.18 08:33:16
            Taked : 10000 cities,
            Loaded from Database: 239606 cities
            Updated: 10000 cities
            Added: 0 cities
            Time end: 2018.09.45 08:33:45
    [Параметры запуска] => Array
        (
            [START] => 170000
            [LIMIT] => 10000
        )

    [Ошибки при выполнении] => Array
(
)

)


PROCESSING Step Complete:
Array
(
    [Дата] => 18.09.2018 08:39:15
    [Сообщение] => 
            Time start: 2018.09.18 08:38:46
            Taked : 10000 cities,
            Loaded from Database: 239606 cities
            Updated: 10000 cities
            Added: 0 cities
            Time end: 2018.09.15 08:39:15
    [Параметры запуска] => Array
        (
            [START] => 180000
            [LIMIT] => 10000
        )

    [Ошибки при выполнении] => Array
(
)

)


PROCESSING Step Complete:
Array
(
    [Дата] => 18.09.2018 08:44:44
    [Сообщение] => 
            Time start: 2018.09.18 08:44:15
            Taked : 10000 cities,
            Loaded from Database: 239606 cities
            Updated: 10000 cities
            Added: 0 cities
            Time end: 2018.09.44 08:44:44
    [Параметры запуска] => Array
        (
            [START] => 190000
            [LIMIT] => 10000
        )

    [Ошибки при выполнении] => Array
(
)

)


PROCESSING Step Complete:
Array
(
    [Дата] => 18.09.2018 08:50:14
    [Сообщение] => 
            Time start: 2018.09.18 08:49:44
            Taked : 10000 cities,
            Loaded from Database: 239606 cities
            Updated: 9996 cities
            Added: 4 cities
            Time end: 2018.09.14 08:50:14
    [Параметры запуска] => Array
        (
            [START] => 200000
            [LIMIT] => 10000
        )

    [Ошибки при выполнении] => Array
(
)

)


PROCESSING Step Complete:
Array
(
    [Дата] => 18.09.2018 08:55:43
    [Сообщение] => 
            Time start: 2018.09.18 08:55:14
            Taked : 10000 cities,
            Loaded from Database: 239610 cities
            Updated: 9991 cities
            Added: 9 cities
            Time end: 2018.09.43 08:55:43
    [Параметры запуска] => Array
        (
            [START] => 210000
            [LIMIT] => 10000
        )

    [Ошибки при выполнении] => Array
(
)

)


PROCESSING Step Complete:
Array
(
    [Дата] => 18.09.2018 09:01:12
    [Сообщение] => 
            Time start: 2018.09.18 09:00:43
            Taked : 10000 cities,
            Loaded from Database: 239619 cities
            Updated: 10000 cities
            Added: 0 cities
            Time end: 2018.09.12 09:01:12
    [Параметры запуска] => Array
        (
            [START] => 220000
            [LIMIT] => 10000
        )

    [Ошибки при выполнении] => Array
(
)

)


PROCESSING Complete:
Array
(
    [Дата] => 18.09.2018 09:06:41
    [Сообщение] => 
            Time start: 2018.09.18 09:06:13
            Taked : 9619 cities,
            Loaded from Database: 239619 cities
            Deleted: 0 cities,
            Updated: 9619 cities
            Added: 0 cities
            Time end: 2018.09.41 09:06:41
    [Параметры запуска] => Array
        (
            [START] => 230000
            [LIMIT] => 10000
        )

    [Ошибки при выполнении] => Array
(
)

)


