TRIGGER Complete:
Array
(
    [Дата] => 13.07.2018 07:00:03
    [Сообщение] => TRIGGER START
)


PROCESSING Step Complete:
Array
(
    [Дата] => 13.07.2018 07:00:18
    [Сообщение] => 
            Time start: 2018.07.13 07:00:03
            Taked : 10000 cities,
            Loaded from Database: 239273 cities
            Updated: 10000 cities
            Added: 0 cities
            Time end: 2018.07.18 07:00:18
    [Параметры запуска] => Array
        (
            [START] => 0
            [LIMIT] => 10000
        )

    [Ошибки при выполнении] => Array
(
)

)


PROCESSING Step Complete:
Array
(
    [Дата] => 13.07.2018 07:05:32
    [Сообщение] => 
            Time start: 2018.07.13 07:05:18
            Taked : 10000 cities,
            Loaded from Database: 239273 cities
            Updated: 10000 cities
            Added: 0 cities
            Time end: 2018.07.32 07:05:32
    [Параметры запуска] => Array
        (
            [START] => 10000
            [LIMIT] => 10000
        )

    [Ошибки при выполнении] => Array
(
)

)


PROCESSING Step Complete:
Array
(
    [Дата] => 13.07.2018 07:10:46
    [Сообщение] => 
            Time start: 2018.07.13 07:10:32
            Taked : 10000 cities,
            Loaded from Database: 239273 cities
            Updated: 10000 cities
            Added: 0 cities
            Time end: 2018.07.46 07:10:46
    [Параметры запуска] => Array
        (
            [START] => 20000
            [LIMIT] => 10000
        )

    [Ошибки при выполнении] => Array
(
)

)


PROCESSING Step Complete:
Array
(
    [Дата] => 13.07.2018 07:16:01
    [Сообщение] => 
            Time start: 2018.07.13 07:15:47
            Taked : 10000 cities,
            Loaded from Database: 239273 cities
            Updated: 10000 cities
            Added: 0 cities
            Time end: 2018.07.01 07:16:01
    [Параметры запуска] => Array
        (
            [START] => 30000
            [LIMIT] => 10000
        )

    [Ошибки при выполнении] => Array
(
)

)


PROCESSING Step Complete:
Array
(
    [Дата] => 13.07.2018 07:21:16
    [Сообщение] => 
            Time start: 2018.07.13 07:21:01
            Taked : 10000 cities,
            Loaded from Database: 239273 cities
            Updated: 10000 cities
            Added: 0 cities
            Time end: 2018.07.16 07:21:16
    [Параметры запуска] => Array
        (
            [START] => 40000
            [LIMIT] => 10000
        )

    [Ошибки при выполнении] => Array
(
)

)


PROCESSING Step Complete:
Array
(
    [Дата] => 13.07.2018 07:26:30
    [Сообщение] => 
            Time start: 2018.07.13 07:26:16
            Taked : 10000 cities,
            Loaded from Database: 239273 cities
            Updated: 10000 cities
            Added: 0 cities
            Time end: 2018.07.30 07:26:30
    [Параметры запуска] => Array
        (
            [START] => 50000
            [LIMIT] => 10000
        )

    [Ошибки при выполнении] => Array
(
)

)


PROCESSING Step Complete:
Array
(
    [Дата] => 13.07.2018 07:31:44
    [Сообщение] => 
            Time start: 2018.07.13 07:31:30
            Taked : 10000 cities,
            Loaded from Database: 239273 cities
            Updated: 10000 cities
            Added: 0 cities
            Time end: 2018.07.44 07:31:44
    [Параметры запуска] => Array
        (
            [START] => 60000
            [LIMIT] => 10000
        )

    [Ошибки при выполнении] => Array
(
)

)


PROCESSING Step Complete:
Array
(
    [Дата] => 13.07.2018 07:36:59
    [Сообщение] => 
            Time start: 2018.07.13 07:36:45
            Taked : 10000 cities,
            Loaded from Database: 239273 cities
            Updated: 10000 cities
            Added: 0 cities
            Time end: 2018.07.59 07:36:59
    [Параметры запуска] => Array
        (
            [START] => 70000
            [LIMIT] => 10000
        )

    [Ошибки при выполнении] => Array
(
)

)


PROCESSING Step Complete:
Array
(
    [Дата] => 13.07.2018 07:42:13
    [Сообщение] => 
            Time start: 2018.07.13 07:41:59
            Taked : 10000 cities,
            Loaded from Database: 239273 cities
            Updated: 10000 cities
            Added: 0 cities
            Time end: 2018.07.13 07:42:13
    [Параметры запуска] => Array
        (
            [START] => 80000
            [LIMIT] => 10000
        )

    [Ошибки при выполнении] => Array
(
)

)


PROCESSING Step Complete:
Array
(
    [Дата] => 13.07.2018 07:47:27
    [Сообщение] => 
            Time start: 2018.07.13 07:47:13
            Taked : 10000 cities,
            Loaded from Database: 239273 cities
            Updated: 10000 cities
            Added: 0 cities
            Time end: 2018.07.27 07:47:27
    [Параметры запуска] => Array
        (
            [START] => 90000
            [LIMIT] => 10000
        )

    [Ошибки при выполнении] => Array
(
)

)


PROCESSING Step Complete:
Array
(
    [Дата] => 13.07.2018 07:52:42
    [Сообщение] => 
            Time start: 2018.07.13 07:52:27
            Taked : 10000 cities,
            Loaded from Database: 239273 cities
            Updated: 10000 cities
            Added: 0 cities
            Time end: 2018.07.42 07:52:42
    [Параметры запуска] => Array
        (
            [START] => 100000
            [LIMIT] => 10000
        )

    [Ошибки при выполнении] => Array
(
)

)


PROCESSING Step Complete:
Array
(
    [Дата] => 13.07.2018 07:57:55
    [Сообщение] => 
            Time start: 2018.07.13 07:57:42
            Taked : 10000 cities,
            Loaded from Database: 239273 cities
            Updated: 10000 cities
            Added: 0 cities
            Time end: 2018.07.55 07:57:55
    [Параметры запуска] => Array
        (
            [START] => 110000
            [LIMIT] => 10000
        )

    [Ошибки при выполнении] => Array
(
)

)


PROCESSING Step Complete:
Array
(
    [Дата] => 13.07.2018 08:03:10
    [Сообщение] => 
            Time start: 2018.07.13 08:02:55
            Taked : 10000 cities,
            Loaded from Database: 239273 cities
            Updated: 10000 cities
            Added: 0 cities
            Time end: 2018.07.10 08:03:10
    [Параметры запуска] => Array
        (
            [START] => 120000
            [LIMIT] => 10000
        )

    [Ошибки при выполнении] => Array
(
)

)


PROCESSING Step Complete:
Array
(
    [Дата] => 13.07.2018 08:08:24
    [Сообщение] => 
            Time start: 2018.07.13 08:08:10
            Taked : 10000 cities,
            Loaded from Database: 239273 cities
            Updated: 10000 cities
            Added: 0 cities
            Time end: 2018.07.24 08:08:24
    [Параметры запуска] => Array
        (
            [START] => 130000
            [LIMIT] => 10000
        )

    [Ошибки при выполнении] => Array
(
)

)


PROCESSING Step Complete:
Array
(
    [Дата] => 13.07.2018 08:13:39
    [Сообщение] => 
            Time start: 2018.07.13 08:13:24
            Taked : 10000 cities,
            Loaded from Database: 239273 cities
            Updated: 10000 cities
            Added: 0 cities
            Time end: 2018.07.39 08:13:39
    [Параметры запуска] => Array
        (
            [START] => 140000
            [LIMIT] => 10000
        )

    [Ошибки при выполнении] => Array
(
)

)


PROCESSING Step Complete:
Array
(
    [Дата] => 13.07.2018 08:18:53
    [Сообщение] => 
            Time start: 2018.07.13 08:18:39
            Taked : 10000 cities,
            Loaded from Database: 239273 cities
            Updated: 10000 cities
            Added: 0 cities
            Time end: 2018.07.53 08:18:53
    [Параметры запуска] => Array
        (
            [START] => 150000
            [LIMIT] => 10000
        )

    [Ошибки при выполнении] => Array
(
)

)


PROCESSING Step Complete:
Array
(
    [Дата] => 13.07.2018 08:24:08
    [Сообщение] => 
            Time start: 2018.07.13 08:23:53
            Taked : 10000 cities,
            Loaded from Database: 239273 cities
            Updated: 10000 cities
            Added: 0 cities
            Time end: 2018.07.08 08:24:08
    [Параметры запуска] => Array
        (
            [START] => 160000
            [LIMIT] => 10000
        )

    [Ошибки при выполнении] => Array
(
)

)


PROCESSING Step Complete:
Array
(
    [Дата] => 13.07.2018 08:29:22
    [Сообщение] => 
            Time start: 2018.07.13 08:29:08
            Taked : 10000 cities,
            Loaded from Database: 239273 cities
            Updated: 10000 cities
            Added: 0 cities
            Time end: 2018.07.22 08:29:22
    [Параметры запуска] => Array
        (
            [START] => 170000
            [LIMIT] => 10000
        )

    [Ошибки при выполнении] => Array
(
)

)


PROCESSING Step Complete:
Array
(
    [Дата] => 13.07.2018 08:34:35
    [Сообщение] => 
            Time start: 2018.07.13 08:34:22
            Taked : 10000 cities,
            Loaded from Database: 239273 cities
            Updated: 10000 cities
            Added: 0 cities
            Time end: 2018.07.35 08:34:35
    [Параметры запуска] => Array
        (
            [START] => 180000
            [LIMIT] => 10000
        )

    [Ошибки при выполнении] => Array
(
)

)


PROCESSING Step Complete:
Array
(
    [Дата] => 13.07.2018 08:39:49
    [Сообщение] => 
            Time start: 2018.07.13 08:39:35
            Taked : 10000 cities,
            Loaded from Database: 239273 cities
            Updated: 10000 cities
            Added: 0 cities
            Time end: 2018.07.49 08:39:49
    [Параметры запуска] => Array
        (
            [START] => 190000
            [LIMIT] => 10000
        )

    [Ошибки при выполнении] => Array
(
)

)


PROCESSING Step Complete:
Array
(
    [Дата] => 13.07.2018 08:45:04
    [Сообщение] => 
            Time start: 2018.07.13 08:44:50
            Taked : 10000 cities,
            Loaded from Database: 239273 cities
            Updated: 10000 cities
            Added: 0 cities
            Time end: 2018.07.04 08:45:04
    [Параметры запуска] => Array
        (
            [START] => 200000
            [LIMIT] => 10000
        )

    [Ошибки при выполнении] => Array
(
)

)


PROCESSING Step Complete:
Array
(
    [Дата] => 13.07.2018 08:50:18
    [Сообщение] => 
            Time start: 2018.07.13 08:50:04
            Taked : 10000 cities,
            Loaded from Database: 239273 cities
            Updated: 10000 cities
            Added: 0 cities
            Time end: 2018.07.18 08:50:18
    [Параметры запуска] => Array
        (
            [START] => 210000
            [LIMIT] => 10000
        )

    [Ошибки при выполнении] => Array
(
)

)


PROCESSING Step Complete:
Array
(
    [Дата] => 13.07.2018 08:55:33
    [Сообщение] => 
            Time start: 2018.07.13 08:55:19
            Taked : 10000 cities,
            Loaded from Database: 239273 cities
            Updated: 9996 cities
            Added: 4 cities
            Time end: 2018.07.33 08:55:33
    [Параметры запуска] => Array
        (
            [START] => 220000
            [LIMIT] => 10000
        )

    [Ошибки при выполнении] => Array
(
)

)


PROCESSING Complete:
Array
(
    [Дата] => 13.07.2018 09:00:47
    [Сообщение] => 
            Time start: 2018.07.13 09:00:33
            Taked : 9277 cities,
            Loaded from Database: 239277 cities
            Deleted: 0 cities,
            Updated: 9277 cities
            Added: 0 cities
            Time end: 2018.07.47 09:00:47
    [Параметры запуска] => Array
        (
            [START] => 230000
            [LIMIT] => 10000
        )

    [Ошибки при выполнении] => Array
(
)

)


