TRIGGER Complete:
Array
(
    [Дата] => 26.06.2018 07:00:02
    [Сообщение] => TRIGGER START
)


PROCESSING Step Complete:
Array
(
    [Дата] => 26.06.2018 07:00:15
    [Сообщение] => 
            Time start: 2018.06.26 07:00:02
            Taked : 10000 cities,
            Loaded from Database: 239153 cities
            Updated: 10000 cities
            Added: 0 cities
            Time end: 2018.06.15 07:00:15
    [Параметры запуска] => Array
        (
            [START] => 0
            [LIMIT] => 10000
        )

    [Ошибки при выполнении] => Array
(
)

)


PROCESSING Step Complete:
Array
(
    [Дата] => 26.06.2018 07:05:29
    [Сообщение] => 
            Time start: 2018.06.26 07:05:15
            Taked : 10000 cities,
            Loaded from Database: 239153 cities
            Updated: 10000 cities
            Added: 0 cities
            Time end: 2018.06.29 07:05:29
    [Параметры запуска] => Array
        (
            [START] => 10000
            [LIMIT] => 10000
        )

    [Ошибки при выполнении] => Array
(
)

)


PROCESSING Step Complete:
Array
(
    [Дата] => 26.06.2018 07:10:43
    [Сообщение] => 
            Time start: 2018.06.26 07:10:29
            Taked : 10000 cities,
            Loaded from Database: 239153 cities
            Updated: 10000 cities
            Added: 0 cities
            Time end: 2018.06.43 07:10:43
    [Параметры запуска] => Array
        (
            [START] => 20000
            [LIMIT] => 10000
        )

    [Ошибки при выполнении] => Array
(
)

)


PROCESSING Step Complete:
Array
(
    [Дата] => 26.06.2018 07:15:58
    [Сообщение] => 
            Time start: 2018.06.26 07:15:44
            Taked : 10000 cities,
            Loaded from Database: 239153 cities
            Updated: 10000 cities
            Added: 0 cities
            Time end: 2018.06.58 07:15:58
    [Параметры запуска] => Array
        (
            [START] => 30000
            [LIMIT] => 10000
        )

    [Ошибки при выполнении] => Array
(
)

)


PROCESSING Step Complete:
Array
(
    [Дата] => 26.06.2018 07:21:12
    [Сообщение] => 
            Time start: 2018.06.26 07:20:58
            Taked : 10000 cities,
            Loaded from Database: 239153 cities
            Updated: 10000 cities
            Added: 0 cities
            Time end: 2018.06.12 07:21:12
    [Параметры запуска] => Array
        (
            [START] => 40000
            [LIMIT] => 10000
        )

    [Ошибки при выполнении] => Array
(
)

)


PROCESSING Step Complete:
Array
(
    [Дата] => 26.06.2018 07:26:27
    [Сообщение] => 
            Time start: 2018.06.26 07:26:12
            Taked : 10000 cities,
            Loaded from Database: 239153 cities
            Updated: 10000 cities
            Added: 0 cities
            Time end: 2018.06.27 07:26:27
    [Параметры запуска] => Array
        (
            [START] => 50000
            [LIMIT] => 10000
        )

    [Ошибки при выполнении] => Array
(
)

)


PROCESSING Step Complete:
Array
(
    [Дата] => 26.06.2018 07:31:41
    [Сообщение] => 
            Time start: 2018.06.26 07:31:27
            Taked : 10000 cities,
            Loaded from Database: 239153 cities
            Updated: 10000 cities
            Added: 0 cities
            Time end: 2018.06.41 07:31:41
    [Параметры запуска] => Array
        (
            [START] => 60000
            [LIMIT] => 10000
        )

    [Ошибки при выполнении] => Array
(
)

)


PROCESSING Step Complete:
Array
(
    [Дата] => 26.06.2018 07:36:56
    [Сообщение] => 
            Time start: 2018.06.26 07:36:41
            Taked : 10000 cities,
            Loaded from Database: 239153 cities
            Updated: 10000 cities
            Added: 0 cities
            Time end: 2018.06.56 07:36:56
    [Параметры запуска] => Array
        (
            [START] => 70000
            [LIMIT] => 10000
        )

    [Ошибки при выполнении] => Array
(
)

)


PROCESSING Step Complete:
Array
(
    [Дата] => 26.06.2018 07:42:10
    [Сообщение] => 
            Time start: 2018.06.26 07:41:56
            Taked : 10000 cities,
            Loaded from Database: 239153 cities
            Updated: 10000 cities
            Added: 0 cities
            Time end: 2018.06.10 07:42:10
    [Параметры запуска] => Array
        (
            [START] => 80000
            [LIMIT] => 10000
        )

    [Ошибки при выполнении] => Array
(
)

)


PROCESSING Step Complete:
Array
(
    [Дата] => 26.06.2018 07:47:25
    [Сообщение] => 
            Time start: 2018.06.26 07:47:10
            Taked : 10000 cities,
            Loaded from Database: 239153 cities
            Updated: 10000 cities
            Added: 0 cities
            Time end: 2018.06.25 07:47:25
    [Параметры запуска] => Array
        (
            [START] => 90000
            [LIMIT] => 10000
        )

    [Ошибки при выполнении] => Array
(
)

)


PROCESSING Step Complete:
Array
(
    [Дата] => 26.06.2018 07:52:39
    [Сообщение] => 
            Time start: 2018.06.26 07:52:25
            Taked : 10000 cities,
            Loaded from Database: 239153 cities
            Updated: 10000 cities
            Added: 0 cities
            Time end: 2018.06.39 07:52:39
    [Параметры запуска] => Array
        (
            [START] => 100000
            [LIMIT] => 10000
        )

    [Ошибки при выполнении] => Array
(
)

)


PROCESSING Step Complete:
Array
(
    [Дата] => 26.06.2018 07:57:53
    [Сообщение] => 
            Time start: 2018.06.26 07:57:39
            Taked : 10000 cities,
            Loaded from Database: 239153 cities
            Updated: 10000 cities
            Added: 0 cities
            Time end: 2018.06.53 07:57:53
    [Параметры запуска] => Array
        (
            [START] => 110000
            [LIMIT] => 10000
        )

    [Ошибки при выполнении] => Array
(
)

)


PROCESSING Step Complete:
Array
(
    [Дата] => 26.06.2018 08:03:07
    [Сообщение] => 
            Time start: 2018.06.26 08:02:53
            Taked : 10000 cities,
            Loaded from Database: 239153 cities
            Updated: 10000 cities
            Added: 0 cities
            Time end: 2018.06.07 08:03:07
    [Параметры запуска] => Array
        (
            [START] => 120000
            [LIMIT] => 10000
        )

    [Ошибки при выполнении] => Array
(
)

)


PROCESSING Step Complete:
Array
(
    [Дата] => 26.06.2018 08:08:22
    [Сообщение] => 
            Time start: 2018.06.26 08:08:07
            Taked : 10000 cities,
            Loaded from Database: 239153 cities
            Updated: 10000 cities
            Added: 0 cities
            Time end: 2018.06.22 08:08:22
    [Параметры запуска] => Array
        (
            [START] => 130000
            [LIMIT] => 10000
        )

    [Ошибки при выполнении] => Array
(
)

)


PROCESSING Step Complete:
Array
(
    [Дата] => 26.06.2018 08:13:35
    [Сообщение] => 
            Time start: 2018.06.26 08:13:22
            Taked : 10000 cities,
            Loaded from Database: 239153 cities
            Updated: 10000 cities
            Added: 0 cities
            Time end: 2018.06.35 08:13:35
    [Параметры запуска] => Array
        (
            [START] => 140000
            [LIMIT] => 10000
        )

    [Ошибки при выполнении] => Array
(
)

)


PROCESSING Step Complete:
Array
(
    [Дата] => 26.06.2018 08:18:50
    [Сообщение] => 
            Time start: 2018.06.26 08:18:36
            Taked : 10000 cities,
            Loaded from Database: 239153 cities
            Updated: 10000 cities
            Added: 0 cities
            Time end: 2018.06.50 08:18:50
    [Параметры запуска] => Array
        (
            [START] => 150000
            [LIMIT] => 10000
        )

    [Ошибки при выполнении] => Array
(
)

)


PROCESSING Step Complete:
Array
(
    [Дата] => 26.06.2018 08:24:04
    [Сообщение] => 
            Time start: 2018.06.26 08:23:50
            Taked : 10000 cities,
            Loaded from Database: 239153 cities
            Updated: 10000 cities
            Added: 0 cities
            Time end: 2018.06.04 08:24:04
    [Параметры запуска] => Array
        (
            [START] => 160000
            [LIMIT] => 10000
        )

    [Ошибки при выполнении] => Array
(
)

)


PROCESSING Step Complete:
Array
(
    [Дата] => 26.06.2018 08:29:19
    [Сообщение] => 
            Time start: 2018.06.26 08:29:04
            Taked : 10000 cities,
            Loaded from Database: 239153 cities
            Updated: 10000 cities
            Added: 0 cities
            Time end: 2018.06.19 08:29:19
    [Параметры запуска] => Array
        (
            [START] => 170000
            [LIMIT] => 10000
        )

    [Ошибки при выполнении] => Array
(
)

)


PROCESSING Step Complete:
Array
(
    [Дата] => 26.06.2018 08:34:34
    [Сообщение] => 
            Time start: 2018.06.26 08:34:19
            Taked : 10000 cities,
            Loaded from Database: 239153 cities
            Updated: 10000 cities
            Added: 0 cities
            Time end: 2018.06.34 08:34:34
    [Параметры запуска] => Array
        (
            [START] => 180000
            [LIMIT] => 10000
        )

    [Ошибки при выполнении] => Array
(
)

)


PROCESSING Step Complete:
Array
(
    [Дата] => 26.06.2018 08:39:48
    [Сообщение] => 
            Time start: 2018.06.26 08:39:34
            Taked : 10000 cities,
            Loaded from Database: 239153 cities
            Updated: 10000 cities
            Added: 0 cities
            Time end: 2018.06.48 08:39:48
    [Параметры запуска] => Array
        (
            [START] => 190000
            [LIMIT] => 10000
        )

    [Ошибки при выполнении] => Array
(
)

)


PROCESSING Step Complete:
Array
(
    [Дата] => 26.06.2018 08:45:02
    [Сообщение] => 
            Time start: 2018.06.26 08:44:48
            Taked : 10000 cities,
            Loaded from Database: 239153 cities
            Updated: 9969 cities
            Added: 31 cities
            Time end: 2018.06.02 08:45:02
    [Параметры запуска] => Array
        (
            [START] => 200000
            [LIMIT] => 10000
        )

    [Ошибки при выполнении] => Array
(
)

)


PROCESSING Step Complete:
Array
(
    [Дата] => 26.06.2018 08:50:16
    [Сообщение] => 
            Time start: 2018.06.26 08:50:02
            Taked : 10000 cities,
            Loaded from Database: 239184 cities
            Updated: 10000 cities
            Added: 0 cities
            Time end: 2018.06.16 08:50:16
    [Параметры запуска] => Array
        (
            [START] => 210000
            [LIMIT] => 10000
        )

    [Ошибки при выполнении] => Array
(
)

)


PROCESSING Step Complete:
Array
(
    [Дата] => 26.06.2018 08:55:30
    [Сообщение] => 
            Time start: 2018.06.26 08:55:16
            Taked : 10000 cities,
            Loaded from Database: 239184 cities
            Updated: 10000 cities
            Added: 0 cities
            Time end: 2018.06.30 08:55:30
    [Параметры запуска] => Array
        (
            [START] => 220000
            [LIMIT] => 10000
        )

    [Ошибки при выполнении] => Array
(
)

)


PROCESSING Complete:
Array
(
    [Дата] => 26.06.2018 09:00:43
    [Сообщение] => 
            Time start: 2018.06.26 09:00:30
            Taked : 9184 cities,
            Loaded from Database: 239184 cities
            Deleted: 0 cities,
            Updated: 9184 cities
            Added: 0 cities
            Time end: 2018.06.43 09:00:43
    [Параметры запуска] => Array
        (
            [START] => 230000
            [LIMIT] => 10000
        )

    [Ошибки при выполнении] => Array
(
)

)


