TRIGGER Complete:
Array
(
    [Дата] => 21.06.2018 07:00:23
    [Сообщение] => TRIGGER START
)


PROCESSING Step Complete:
Array
(
    [Дата] => 21.06.2018 07:00:37
    [Сообщение] => 
            Time start: 2018.06.21 07:00:23
            Taked : 10000 cities,
            Loaded from Database: 238801 cities
            Updated: 10000 cities
            Added: 0 cities
            Time end: 2018.06.37 07:00:37
    [Параметры запуска] => Array
        (
            [START] => 0
            [LIMIT] => 10000
        )

    [Ошибки при выполнении] => Array
(
)

)


PROCESSING Step Complete:
Array
(
    [Дата] => 21.06.2018 07:05:52
    [Сообщение] => 
            Time start: 2018.06.21 07:05:38
            Taked : 10000 cities,
            Loaded from Database: 238801 cities
            Updated: 10000 cities
            Added: 0 cities
            Time end: 2018.06.52 07:05:52
    [Параметры запуска] => Array
        (
            [START] => 10000
            [LIMIT] => 10000
        )

    [Ошибки при выполнении] => Array
(
)

)


PROCESSING Step Complete:
Array
(
    [Дата] => 21.06.2018 07:11:07
    [Сообщение] => 
            Time start: 2018.06.21 07:10:52
            Taked : 10000 cities,
            Loaded from Database: 238801 cities
            Updated: 10000 cities
            Added: 0 cities
            Time end: 2018.06.07 07:11:07
    [Параметры запуска] => Array
        (
            [START] => 20000
            [LIMIT] => 10000
        )

    [Ошибки при выполнении] => Array
(
)

)


PROCESSING Step Complete:
Array
(
    [Дата] => 21.06.2018 07:16:20
    [Сообщение] => 
            Time start: 2018.06.21 07:16:07
            Taked : 10000 cities,
            Loaded from Database: 238801 cities
            Updated: 10000 cities
            Added: 0 cities
            Time end: 2018.06.20 07:16:20
    [Параметры запуска] => Array
        (
            [START] => 30000
            [LIMIT] => 10000
        )

    [Ошибки при выполнении] => Array
(
)

)


PROCESSING Step Complete:
Array
(
    [Дата] => 21.06.2018 07:21:35
    [Сообщение] => 
            Time start: 2018.06.21 07:21:20
            Taked : 10000 cities,
            Loaded from Database: 238801 cities
            Updated: 10000 cities
            Added: 0 cities
            Time end: 2018.06.35 07:21:35
    [Параметры запуска] => Array
        (
            [START] => 40000
            [LIMIT] => 10000
        )

    [Ошибки при выполнении] => Array
(
)

)


PROCESSING Step Complete:
Array
(
    [Дата] => 21.06.2018 07:26:50
    [Сообщение] => 
            Time start: 2018.06.21 07:26:35
            Taked : 10000 cities,
            Loaded from Database: 238801 cities
            Updated: 10000 cities
            Added: 0 cities
            Time end: 2018.06.50 07:26:50
    [Параметры запуска] => Array
        (
            [START] => 50000
            [LIMIT] => 10000
        )

    [Ошибки при выполнении] => Array
(
)

)


PROCESSING Step Complete:
Array
(
    [Дата] => 21.06.2018 07:32:04
    [Сообщение] => 
            Time start: 2018.06.21 07:31:50
            Taked : 10000 cities,
            Loaded from Database: 238801 cities
            Updated: 10000 cities
            Added: 0 cities
            Time end: 2018.06.04 07:32:04
    [Параметры запуска] => Array
        (
            [START] => 60000
            [LIMIT] => 10000
        )

    [Ошибки при выполнении] => Array
(
)

)


PROCESSING Step Complete:
Array
(
    [Дата] => 21.06.2018 07:37:19
    [Сообщение] => 
            Time start: 2018.06.21 07:37:04
            Taked : 10000 cities,
            Loaded from Database: 238801 cities
            Updated: 10000 cities
            Added: 0 cities
            Time end: 2018.06.19 07:37:19
    [Параметры запуска] => Array
        (
            [START] => 70000
            [LIMIT] => 10000
        )

    [Ошибки при выполнении] => Array
(
)

)


PROCESSING Step Complete:
Array
(
    [Дата] => 21.06.2018 07:42:34
    [Сообщение] => 
            Time start: 2018.06.21 07:42:19
            Taked : 10000 cities,
            Loaded from Database: 238801 cities
            Updated: 10000 cities
            Added: 0 cities
            Time end: 2018.06.34 07:42:34
    [Параметры запуска] => Array
        (
            [START] => 80000
            [LIMIT] => 10000
        )

    [Ошибки при выполнении] => Array
(
)

)


PROCESSING Step Complete:
Array
(
    [Дата] => 21.06.2018 07:47:47
    [Сообщение] => 
            Time start: 2018.06.21 07:47:34
            Taked : 10000 cities,
            Loaded from Database: 238801 cities
            Updated: 10000 cities
            Added: 0 cities
            Time end: 2018.06.47 07:47:47
    [Параметры запуска] => Array
        (
            [START] => 90000
            [LIMIT] => 10000
        )

    [Ошибки при выполнении] => Array
(
)

)


PROCESSING Step Complete:
Array
(
    [Дата] => 21.06.2018 07:53:01
    [Сообщение] => 
            Time start: 2018.06.21 07:52:48
            Taked : 10000 cities,
            Loaded from Database: 238801 cities
            Updated: 10000 cities
            Added: 0 cities
            Time end: 2018.06.01 07:53:01
    [Параметры запуска] => Array
        (
            [START] => 100000
            [LIMIT] => 10000
        )

    [Ошибки при выполнении] => Array
(
)

)


PROCESSING Step Complete:
Array
(
    [Дата] => 21.06.2018 07:58:15
    [Сообщение] => 
            Time start: 2018.06.21 07:58:02
            Taked : 10000 cities,
            Loaded from Database: 238801 cities
            Updated: 10000 cities
            Added: 0 cities
            Time end: 2018.06.15 07:58:15
    [Параметры запуска] => Array
        (
            [START] => 110000
            [LIMIT] => 10000
        )

    [Ошибки при выполнении] => Array
(
)

)


PROCESSING Step Complete:
Array
(
    [Дата] => 21.06.2018 08:03:29
    [Сообщение] => 
            Time start: 2018.06.21 08:03:16
            Taked : 10000 cities,
            Loaded from Database: 238801 cities
            Updated: 10000 cities
            Added: 0 cities
            Time end: 2018.06.29 08:03:29
    [Параметры запуска] => Array
        (
            [START] => 120000
            [LIMIT] => 10000
        )

    [Ошибки при выполнении] => Array
(
)

)


PROCESSING Step Complete:
Array
(
    [Дата] => 21.06.2018 08:08:44
    [Сообщение] => 
            Time start: 2018.06.21 08:08:29
            Taked : 10000 cities,
            Loaded from Database: 238801 cities
            Updated: 10000 cities
            Added: 0 cities
            Time end: 2018.06.44 08:08:44
    [Параметры запуска] => Array
        (
            [START] => 130000
            [LIMIT] => 10000
        )

    [Ошибки при выполнении] => Array
(
)

)


PROCESSING Step Complete:
Array
(
    [Дата] => 21.06.2018 08:13:58
    [Сообщение] => 
            Time start: 2018.06.21 08:13:44
            Taked : 10000 cities,
            Loaded from Database: 238801 cities
            Updated: 10000 cities
            Added: 0 cities
            Time end: 2018.06.58 08:13:58
    [Параметры запуска] => Array
        (
            [START] => 140000
            [LIMIT] => 10000
        )

    [Ошибки при выполнении] => Array
(
)

)


PROCESSING Step Complete:
Array
(
    [Дата] => 21.06.2018 08:19:12
    [Сообщение] => 
            Time start: 2018.06.21 08:18:59
            Taked : 10000 cities,
            Loaded from Database: 238801 cities
            Updated: 10000 cities
            Added: 0 cities
            Time end: 2018.06.12 08:19:12
    [Параметры запуска] => Array
        (
            [START] => 150000
            [LIMIT] => 10000
        )

    [Ошибки при выполнении] => Array
(
)

)


PROCESSING Step Complete:
Array
(
    [Дата] => 21.06.2018 08:24:27
    [Сообщение] => 
            Time start: 2018.06.21 08:24:12
            Taked : 10000 cities,
            Loaded from Database: 238801 cities
            Updated: 10000 cities
            Added: 0 cities
            Time end: 2018.06.27 08:24:27
    [Параметры запуска] => Array
        (
            [START] => 160000
            [LIMIT] => 10000
        )

    [Ошибки при выполнении] => Array
(
)

)


PROCESSING Step Complete:
Array
(
    [Дата] => 21.06.2018 08:29:41
    [Сообщение] => 
            Time start: 2018.06.21 08:29:27
            Taked : 10000 cities,
            Loaded from Database: 238801 cities
            Updated: 10000 cities
            Added: 0 cities
            Time end: 2018.06.41 08:29:41
    [Параметры запуска] => Array
        (
            [START] => 170000
            [LIMIT] => 10000
        )

    [Ошибки при выполнении] => Array
(
)

)


PROCESSING Step Complete:
Array
(
    [Дата] => 21.06.2018 08:34:56
    [Сообщение] => 
            Time start: 2018.06.21 08:34:41
            Taked : 10000 cities,
            Loaded from Database: 238801 cities
            Updated: 10000 cities
            Added: 0 cities
            Time end: 2018.06.56 08:34:56
    [Параметры запуска] => Array
        (
            [START] => 180000
            [LIMIT] => 10000
        )

    [Ошибки при выполнении] => Array
(
)

)


PROCESSING Step Complete:
Array
(
    [Дата] => 21.06.2018 08:40:10
    [Сообщение] => 
            Time start: 2018.06.21 08:39:56
            Taked : 10000 cities,
            Loaded from Database: 238801 cities
            Updated: 10000 cities
            Added: 0 cities
            Time end: 2018.06.10 08:40:10
    [Параметры запуска] => Array
        (
            [START] => 190000
            [LIMIT] => 10000
        )

    [Ошибки при выполнении] => Array
(
)

)


PROCESSING Step Complete:
Array
(
    [Дата] => 21.06.2018 08:45:24
    [Сообщение] => 
            Time start: 2018.06.21 08:45:10
            Taked : 10000 cities,
            Loaded from Database: 238801 cities
            Updated: 10000 cities
            Added: 0 cities
            Time end: 2018.06.24 08:45:24
    [Параметры запуска] => Array
        (
            [START] => 200000
            [LIMIT] => 10000
        )

    [Ошибки при выполнении] => Array
(
)

)


PROCESSING Step Complete:
Array
(
    [Дата] => 21.06.2018 08:50:39
    [Сообщение] => 
            Time start: 2018.06.21 08:50:24
            Taked : 10000 cities,
            Loaded from Database: 238801 cities
            Updated: 9945 cities
            Added: 55 cities
            Time end: 2018.06.39 08:50:39
    [Параметры запуска] => Array
        (
            [START] => 210000
            [LIMIT] => 10000
        )

    [Ошибки при выполнении] => Array
(
)

)


PROCESSING Step Complete:
Array
(
    [Дата] => 21.06.2018 08:55:52
    [Сообщение] => 
            Time start: 2018.06.21 08:55:39
            Taked : 10000 cities,
            Loaded from Database: 238856 cities
            Updated: 10000 cities
            Added: 0 cities
            Time end: 2018.06.52 08:55:52
    [Параметры запуска] => Array
        (
            [START] => 220000
            [LIMIT] => 10000
        )

    [Ошибки при выполнении] => Array
(
)

)


PROCESSING Complete:
Array
(
    [Дата] => 21.06.2018 09:01:05
    [Сообщение] => 
            Time start: 2018.06.21 09:00:52
            Taked : 8856 cities,
            Loaded from Database: 238856 cities
            Deleted: 0 cities,
            Updated: 8856 cities
            Added: 0 cities
            Time end: 2018.06.05 09:01:05
    [Параметры запуска] => Array
        (
            [START] => 230000
            [LIMIT] => 10000
        )

    [Ошибки при выполнении] => Array
(
)

)


