TRIGGER Complete:
Array
(
    [Дата] => 22.08.2018 07:00:04
    [Сообщение] => TRIGGER START
)


PROCESSING Step Complete:
Array
(
    [Дата] => 22.08.2018 07:00:33
    [Сообщение] => 
            Time start: 2018.08.22 07:00:04
            Taked : 10000 cities,
            Loaded from Database: 239440 cities
            Updated: 10000 cities
            Added: 0 cities
            Time end: 2018.08.33 07:00:33
    [Параметры запуска] => Array
        (
            [START] => 0
            [LIMIT] => 10000
        )

    [Ошибки при выполнении] => Array
(
)

)


PROCESSING Step Complete:
Array
(
    [Дата] => 22.08.2018 07:06:00
    [Сообщение] => 
            Time start: 2018.08.22 07:05:33
            Taked : 10000 cities,
            Loaded from Database: 239440 cities
            Updated: 10000 cities
            Added: 0 cities
            Time end: 2018.08.00 07:06:00
    [Параметры запуска] => Array
        (
            [START] => 10000
            [LIMIT] => 10000
        )

    [Ошибки при выполнении] => Array
(
)

)


PROCESSING Step Complete:
Array
(
    [Дата] => 22.08.2018 07:11:30
    [Сообщение] => 
            Time start: 2018.08.22 07:11:01
            Taked : 10000 cities,
            Loaded from Database: 239440 cities
            Updated: 10000 cities
            Added: 0 cities
            Time end: 2018.08.30 07:11:30
    [Параметры запуска] => Array
        (
            [START] => 20000
            [LIMIT] => 10000
        )

    [Ошибки при выполнении] => Array
(
)

)


PROCESSING Step Complete:
Array
(
    [Дата] => 22.08.2018 07:16:59
    [Сообщение] => 
            Time start: 2018.08.22 07:16:30
            Taked : 10000 cities,
            Loaded from Database: 239440 cities
            Updated: 10000 cities
            Added: 0 cities
            Time end: 2018.08.59 07:16:59
    [Параметры запуска] => Array
        (
            [START] => 30000
            [LIMIT] => 10000
        )

    [Ошибки при выполнении] => Array
(
)

)


PROCESSING Step Complete:
Array
(
    [Дата] => 22.08.2018 07:22:27
    [Сообщение] => 
            Time start: 2018.08.22 07:21:59
            Taked : 10000 cities,
            Loaded from Database: 239440 cities
            Updated: 10000 cities
            Added: 0 cities
            Time end: 2018.08.27 07:22:27
    [Параметры запуска] => Array
        (
            [START] => 40000
            [LIMIT] => 10000
        )

    [Ошибки при выполнении] => Array
(
)

)


PROCESSING Step Complete:
Array
(
    [Дата] => 22.08.2018 07:27:56
    [Сообщение] => 
            Time start: 2018.08.22 07:27:27
            Taked : 10000 cities,
            Loaded from Database: 239440 cities
            Updated: 10000 cities
            Added: 0 cities
            Time end: 2018.08.56 07:27:56
    [Параметры запуска] => Array
        (
            [START] => 50000
            [LIMIT] => 10000
        )

    [Ошибки при выполнении] => Array
(
)

)


PROCESSING Step Complete:
Array
(
    [Дата] => 22.08.2018 07:33:25
    [Сообщение] => 
            Time start: 2018.08.22 07:32:57
            Taked : 10000 cities,
            Loaded from Database: 239440 cities
            Updated: 10000 cities
            Added: 0 cities
            Time end: 2018.08.25 07:33:25
    [Параметры запуска] => Array
        (
            [START] => 60000
            [LIMIT] => 10000
        )

    [Ошибки при выполнении] => Array
(
)

)


PROCESSING Step Complete:
Array
(
    [Дата] => 22.08.2018 07:38:55
    [Сообщение] => 
            Time start: 2018.08.22 07:38:26
            Taked : 10000 cities,
            Loaded from Database: 239440 cities
            Updated: 10000 cities
            Added: 0 cities
            Time end: 2018.08.55 07:38:55
    [Параметры запуска] => Array
        (
            [START] => 70000
            [LIMIT] => 10000
        )

    [Ошибки при выполнении] => Array
(
)

)


PROCESSING Step Complete:
Array
(
    [Дата] => 22.08.2018 07:44:25
    [Сообщение] => 
            Time start: 2018.08.22 07:43:55
            Taked : 10000 cities,
            Loaded from Database: 239440 cities
            Updated: 10000 cities
            Added: 0 cities
            Time end: 2018.08.25 07:44:25
    [Параметры запуска] => Array
        (
            [START] => 80000
            [LIMIT] => 10000
        )

    [Ошибки при выполнении] => Array
(
)

)


PROCESSING Step Complete:
Array
(
    [Дата] => 22.08.2018 07:49:54
    [Сообщение] => 
            Time start: 2018.08.22 07:49:25
            Taked : 10000 cities,
            Loaded from Database: 239440 cities
            Updated: 10000 cities
            Added: 0 cities
            Time end: 2018.08.54 07:49:54
    [Параметры запуска] => Array
        (
            [START] => 90000
            [LIMIT] => 10000
        )

    [Ошибки при выполнении] => Array
(
)

)


PROCESSING Step Complete:
Array
(
    [Дата] => 22.08.2018 07:55:23
    [Сообщение] => 
            Time start: 2018.08.22 07:54:54
            Taked : 10000 cities,
            Loaded from Database: 239440 cities
            Updated: 10000 cities
            Added: 0 cities
            Time end: 2018.08.23 07:55:23
    [Параметры запуска] => Array
        (
            [START] => 100000
            [LIMIT] => 10000
        )

    [Ошибки при выполнении] => Array
(
)

)


PROCESSING Step Complete:
Array
(
    [Дата] => 22.08.2018 08:00:51
    [Сообщение] => 
            Time start: 2018.08.22 08:00:23
            Taked : 10000 cities,
            Loaded from Database: 239440 cities
            Updated: 10000 cities
            Added: 0 cities
            Time end: 2018.08.51 08:00:51
    [Параметры запуска] => Array
        (
            [START] => 110000
            [LIMIT] => 10000
        )

    [Ошибки при выполнении] => Array
(
)

)


PROCESSING Step Complete:
Array
(
    [Дата] => 22.08.2018 08:06:20
    [Сообщение] => 
            Time start: 2018.08.22 08:05:51
            Taked : 10000 cities,
            Loaded from Database: 239440 cities
            Updated: 10000 cities
            Added: 0 cities
            Time end: 2018.08.20 08:06:20
    [Параметры запуска] => Array
        (
            [START] => 120000
            [LIMIT] => 10000
        )

    [Ошибки при выполнении] => Array
(
)

)


PROCESSING Step Complete:
Array
(
    [Дата] => 22.08.2018 08:11:49
    [Сообщение] => 
            Time start: 2018.08.22 08:11:20
            Taked : 10000 cities,
            Loaded from Database: 239440 cities
            Updated: 10000 cities
            Added: 0 cities
            Time end: 2018.08.49 08:11:49
    [Параметры запуска] => Array
        (
            [START] => 130000
            [LIMIT] => 10000
        )

    [Ошибки при выполнении] => Array
(
)

)


PROCESSING Step Complete:
Array
(
    [Дата] => 22.08.2018 08:17:17
    [Сообщение] => 
            Time start: 2018.08.22 08:16:49
            Taked : 10000 cities,
            Loaded from Database: 239440 cities
            Updated: 10000 cities
            Added: 0 cities
            Time end: 2018.08.17 08:17:17
    [Параметры запуска] => Array
        (
            [START] => 140000
            [LIMIT] => 10000
        )

    [Ошибки при выполнении] => Array
(
)

)


PROCESSING Step Complete:
Array
(
    [Дата] => 22.08.2018 08:22:45
    [Сообщение] => 
            Time start: 2018.08.22 08:22:17
            Taked : 10000 cities,
            Loaded from Database: 239440 cities
            Updated: 10000 cities
            Added: 0 cities
            Time end: 2018.08.45 08:22:45
    [Параметры запуска] => Array
        (
            [START] => 150000
            [LIMIT] => 10000
        )

    [Ошибки при выполнении] => Array
(
)

)


PROCESSING Step Complete:
Array
(
    [Дата] => 22.08.2018 08:28:15
    [Сообщение] => 
            Time start: 2018.08.22 08:27:46
            Taked : 10000 cities,
            Loaded from Database: 239440 cities
            Updated: 10000 cities
            Added: 0 cities
            Time end: 2018.08.15 08:28:15
    [Параметры запуска] => Array
        (
            [START] => 160000
            [LIMIT] => 10000
        )

    [Ошибки при выполнении] => Array
(
)

)


PROCESSING Step Complete:
Array
(
    [Дата] => 22.08.2018 08:33:44
    [Сообщение] => 
            Time start: 2018.08.22 08:33:15
            Taked : 10000 cities,
            Loaded from Database: 239440 cities
            Updated: 10000 cities
            Added: 0 cities
            Time end: 2018.08.44 08:33:44
    [Параметры запуска] => Array
        (
            [START] => 170000
            [LIMIT] => 10000
        )

    [Ошибки при выполнении] => Array
(
)

)


PROCESSING Step Complete:
Array
(
    [Дата] => 22.08.2018 08:39:12
    [Сообщение] => 
            Time start: 2018.08.22 08:38:44
            Taked : 10000 cities,
            Loaded from Database: 239440 cities
            Updated: 10000 cities
            Added: 0 cities
            Time end: 2018.08.12 08:39:12
    [Параметры запуска] => Array
        (
            [START] => 180000
            [LIMIT] => 10000
        )

    [Ошибки при выполнении] => Array
(
)

)


PROCESSING Step Complete:
Array
(
    [Дата] => 22.08.2018 08:44:41
    [Сообщение] => 
            Time start: 2018.08.22 08:44:13
            Taked : 10000 cities,
            Loaded from Database: 239440 cities
            Updated: 9999 cities
            Added: 1 cities
            Time end: 2018.08.41 08:44:41
    [Параметры запуска] => Array
        (
            [START] => 190000
            [LIMIT] => 10000
        )

    [Ошибки при выполнении] => Array
(
)

)


PROCESSING Step Complete:
Array
(
    [Дата] => 22.08.2018 08:50:10
    [Сообщение] => 
            Time start: 2018.08.22 08:49:41
            Taked : 10000 cities,
            Loaded from Database: 239441 cities
            Updated: 10000 cities
            Added: 0 cities
            Time end: 2018.08.10 08:50:10
    [Параметры запуска] => Array
        (
            [START] => 200000
            [LIMIT] => 10000
        )

    [Ошибки при выполнении] => Array
(
)

)


PROCESSING Step Complete:
Array
(
    [Дата] => 22.08.2018 08:55:39
    [Сообщение] => 
            Time start: 2018.08.22 08:55:10
            Taked : 10000 cities,
            Loaded from Database: 239441 cities
            Updated: 10000 cities
            Added: 0 cities
            Time end: 2018.08.39 08:55:39
    [Параметры запуска] => Array
        (
            [START] => 210000
            [LIMIT] => 10000
        )

    [Ошибки при выполнении] => Array
(
)

)


PROCESSING Step Complete:
Array
(
    [Дата] => 22.08.2018 09:01:07
    [Сообщение] => 
            Time start: 2018.08.22 09:00:39
            Taked : 10000 cities,
            Loaded from Database: 239441 cities
            Updated: 10000 cities
            Added: 0 cities
            Time end: 2018.08.07 09:01:07
    [Параметры запуска] => Array
        (
            [START] => 220000
            [LIMIT] => 10000
        )

    [Ошибки при выполнении] => Array
(
)

)


PROCESSING Complete:
Array
(
    [Дата] => 22.08.2018 09:06:35
    [Сообщение] => 
            Time start: 2018.08.22 09:06:07
            Taked : 9441 cities,
            Loaded from Database: 239441 cities
            Deleted: 0 cities,
            Updated: 9441 cities
            Added: 0 cities
            Time end: 2018.08.35 09:06:35
    [Параметры запуска] => Array
        (
            [START] => 230000
            [LIMIT] => 10000
        )

    [Ошибки при выполнении] => Array
(
)

)


