TRIGGER Complete:
Array
(
    [Дата] => 30.06.2018 07:00:28
    [Сообщение] => TRIGGER START
)


PROCESSING Step Complete:
Array
(
    [Дата] => 30.06.2018 07:00:42
    [Сообщение] => 
            Time start: 2018.06.30 07:00:28
            Taked : 10000 cities,
            Loaded from Database: 239226 cities
            Updated: 10000 cities
            Added: 0 cities
            Time end: 2018.06.42 07:00:42
    [Параметры запуска] => Array
        (
            [START] => 0
            [LIMIT] => 10000
        )

    [Ошибки при выполнении] => Array
(
)

)


PROCESSING Step Complete:
Array
(
    [Дата] => 30.06.2018 07:05:55
    [Сообщение] => 
            Time start: 2018.06.30 07:05:42
            Taked : 10000 cities,
            Loaded from Database: 239226 cities
            Updated: 10000 cities
            Added: 0 cities
            Time end: 2018.06.55 07:05:55
    [Параметры запуска] => Array
        (
            [START] => 10000
            [LIMIT] => 10000
        )

    [Ошибки при выполнении] => Array
(
)

)


PROCESSING Step Complete:
Array
(
    [Дата] => 30.06.2018 07:11:09
    [Сообщение] => 
            Time start: 2018.06.30 07:10:55
            Taked : 10000 cities,
            Loaded from Database: 239226 cities
            Updated: 10000 cities
            Added: 0 cities
            Time end: 2018.06.09 07:11:09
    [Параметры запуска] => Array
        (
            [START] => 20000
            [LIMIT] => 10000
        )

    [Ошибки при выполнении] => Array
(
)

)


PROCESSING Step Complete:
Array
(
    [Дата] => 30.06.2018 07:16:24
    [Сообщение] => 
            Time start: 2018.06.30 07:16:09
            Taked : 10000 cities,
            Loaded from Database: 239226 cities
            Updated: 10000 cities
            Added: 0 cities
            Time end: 2018.06.24 07:16:24
    [Параметры запуска] => Array
        (
            [START] => 30000
            [LIMIT] => 10000
        )

    [Ошибки при выполнении] => Array
(
)

)


PROCESSING Step Complete:
Array
(
    [Дата] => 30.06.2018 07:21:39
    [Сообщение] => 
            Time start: 2018.06.30 07:21:24
            Taked : 10000 cities,
            Loaded from Database: 239226 cities
            Updated: 10000 cities
            Added: 0 cities
            Time end: 2018.06.39 07:21:39
    [Параметры запуска] => Array
        (
            [START] => 40000
            [LIMIT] => 10000
        )

    [Ошибки при выполнении] => Array
(
)

)


PROCESSING Step Complete:
Array
(
    [Дата] => 30.06.2018 07:26:53
    [Сообщение] => 
            Time start: 2018.06.30 07:26:39
            Taked : 10000 cities,
            Loaded from Database: 239226 cities
            Updated: 10000 cities
            Added: 0 cities
            Time end: 2018.06.53 07:26:53
    [Параметры запуска] => Array
        (
            [START] => 50000
            [LIMIT] => 10000
        )

    [Ошибки при выполнении] => Array
(
)

)


PROCESSING Step Complete:
Array
(
    [Дата] => 30.06.2018 07:32:07
    [Сообщение] => 
            Time start: 2018.06.30 07:31:53
            Taked : 10000 cities,
            Loaded from Database: 239226 cities
            Updated: 10000 cities
            Added: 0 cities
            Time end: 2018.06.07 07:32:07
    [Параметры запуска] => Array
        (
            [START] => 60000
            [LIMIT] => 10000
        )

    [Ошибки при выполнении] => Array
(
)

)


PROCESSING Step Complete:
Array
(
    [Дата] => 30.06.2018 07:37:21
    [Сообщение] => 
            Time start: 2018.06.30 07:37:07
            Taked : 10000 cities,
            Loaded from Database: 239226 cities
            Updated: 10000 cities
            Added: 0 cities
            Time end: 2018.06.21 07:37:21
    [Параметры запуска] => Array
        (
            [START] => 70000
            [LIMIT] => 10000
        )

    [Ошибки при выполнении] => Array
(
)

)


PROCESSING Step Complete:
Array
(
    [Дата] => 30.06.2018 07:42:35
    [Сообщение] => 
            Time start: 2018.06.30 07:42:21
            Taked : 10000 cities,
            Loaded from Database: 239226 cities
            Updated: 10000 cities
            Added: 0 cities
            Time end: 2018.06.35 07:42:35
    [Параметры запуска] => Array
        (
            [START] => 80000
            [LIMIT] => 10000
        )

    [Ошибки при выполнении] => Array
(
)

)


PROCESSING Step Complete:
Array
(
    [Дата] => 30.06.2018 07:47:50
    [Сообщение] => 
            Time start: 2018.06.30 07:47:36
            Taked : 10000 cities,
            Loaded from Database: 239226 cities
            Updated: 10000 cities
            Added: 0 cities
            Time end: 2018.06.50 07:47:50
    [Параметры запуска] => Array
        (
            [START] => 90000
            [LIMIT] => 10000
        )

    [Ошибки при выполнении] => Array
(
)

)


PROCESSING Step Complete:
Array
(
    [Дата] => 30.06.2018 07:53:04
    [Сообщение] => 
            Time start: 2018.06.30 07:52:50
            Taked : 10000 cities,
            Loaded from Database: 239226 cities
            Updated: 10000 cities
            Added: 0 cities
            Time end: 2018.06.04 07:53:04
    [Параметры запуска] => Array
        (
            [START] => 100000
            [LIMIT] => 10000
        )

    [Ошибки при выполнении] => Array
(
)

)


PROCESSING Step Complete:
Array
(
    [Дата] => 30.06.2018 07:58:19
    [Сообщение] => 
            Time start: 2018.06.30 07:58:05
            Taked : 10000 cities,
            Loaded from Database: 239226 cities
            Updated: 10000 cities
            Added: 0 cities
            Time end: 2018.06.19 07:58:19
    [Параметры запуска] => Array
        (
            [START] => 110000
            [LIMIT] => 10000
        )

    [Ошибки при выполнении] => Array
(
)

)


PROCESSING Step Complete:
Array
(
    [Дата] => 30.06.2018 08:03:34
    [Сообщение] => 
            Time start: 2018.06.30 08:03:19
            Taked : 10000 cities,
            Loaded from Database: 239226 cities
            Updated: 10000 cities
            Added: 0 cities
            Time end: 2018.06.34 08:03:34
    [Параметры запуска] => Array
        (
            [START] => 120000
            [LIMIT] => 10000
        )

    [Ошибки при выполнении] => Array
(
)

)


PROCESSING Step Complete:
Array
(
    [Дата] => 30.06.2018 08:08:48
    [Сообщение] => 
            Time start: 2018.06.30 08:08:34
            Taked : 10000 cities,
            Loaded from Database: 239226 cities
            Updated: 10000 cities
            Added: 0 cities
            Time end: 2018.06.48 08:08:48
    [Параметры запуска] => Array
        (
            [START] => 130000
            [LIMIT] => 10000
        )

    [Ошибки при выполнении] => Array
(
)

)


PROCESSING Step Complete:
Array
(
    [Дата] => 30.06.2018 08:14:03
    [Сообщение] => 
            Time start: 2018.06.30 08:13:48
            Taked : 10000 cities,
            Loaded from Database: 239226 cities
            Updated: 10000 cities
            Added: 0 cities
            Time end: 2018.06.03 08:14:03
    [Параметры запуска] => Array
        (
            [START] => 140000
            [LIMIT] => 10000
        )

    [Ошибки при выполнении] => Array
(
)

)


PROCESSING Step Complete:
Array
(
    [Дата] => 30.06.2018 08:19:17
    [Сообщение] => 
            Time start: 2018.06.30 08:19:03
            Taked : 10000 cities,
            Loaded from Database: 239226 cities
            Updated: 10000 cities
            Added: 0 cities
            Time end: 2018.06.17 08:19:17
    [Параметры запуска] => Array
        (
            [START] => 150000
            [LIMIT] => 10000
        )

    [Ошибки при выполнении] => Array
(
)

)


PROCESSING Step Complete:
Array
(
    [Дата] => 30.06.2018 08:24:31
    [Сообщение] => 
            Time start: 2018.06.30 08:24:17
            Taked : 10000 cities,
            Loaded from Database: 239226 cities
            Updated: 10000 cities
            Added: 0 cities
            Time end: 2018.06.31 08:24:31
    [Параметры запуска] => Array
        (
            [START] => 160000
            [LIMIT] => 10000
        )

    [Ошибки при выполнении] => Array
(
)

)


PROCESSING Step Complete:
Array
(
    [Дата] => 30.06.2018 08:29:45
    [Сообщение] => 
            Time start: 2018.06.30 08:29:31
            Taked : 10000 cities,
            Loaded from Database: 239226 cities
            Updated: 10000 cities
            Added: 0 cities
            Time end: 2018.06.45 08:29:45
    [Параметры запуска] => Array
        (
            [START] => 170000
            [LIMIT] => 10000
        )

    [Ошибки при выполнении] => Array
(
)

)


PROCESSING Step Complete:
Array
(
    [Дата] => 30.06.2018 08:35:00
    [Сообщение] => 
            Time start: 2018.06.30 08:34:45
            Taked : 10000 cities,
            Loaded from Database: 239226 cities
            Updated: 10000 cities
            Added: 0 cities
            Time end: 2018.06.00 08:35:00
    [Параметры запуска] => Array
        (
            [START] => 180000
            [LIMIT] => 10000
        )

    [Ошибки при выполнении] => Array
(
)

)


PROCESSING Step Complete:
Array
(
    [Дата] => 30.06.2018 08:40:15
    [Сообщение] => 
            Time start: 2018.06.30 08:40:00
            Taked : 10000 cities,
            Loaded from Database: 239226 cities
            Updated: 10000 cities
            Added: 0 cities
            Time end: 2018.06.15 08:40:15
    [Параметры запуска] => Array
        (
            [START] => 190000
            [LIMIT] => 10000
        )

    [Ошибки при выполнении] => Array
(
)

)


PROCESSING Step Complete:
Array
(
    [Дата] => 30.06.2018 08:45:29
    [Сообщение] => 
            Time start: 2018.06.30 08:45:15
            Taked : 10000 cities,
            Loaded from Database: 239226 cities
            Updated: 9996 cities
            Added: 4 cities
            Time end: 2018.06.29 08:45:29
    [Параметры запуска] => Array
        (
            [START] => 200000
            [LIMIT] => 10000
        )

    [Ошибки при выполнении] => Array
(
)

)


PROCESSING Step Complete:
Array
(
    [Дата] => 30.06.2018 08:50:43
    [Сообщение] => 
            Time start: 2018.06.30 08:50:29
            Taked : 10000 cities,
            Loaded from Database: 239230 cities
            Updated: 10000 cities
            Added: 0 cities
            Time end: 2018.06.43 08:50:43
    [Параметры запуска] => Array
        (
            [START] => 210000
            [LIMIT] => 10000
        )

    [Ошибки при выполнении] => Array
(
)

)


PROCESSING Step Complete:
Array
(
    [Дата] => 30.06.2018 08:55:58
    [Сообщение] => 
            Time start: 2018.06.30 08:55:43
            Taked : 10000 cities,
            Loaded from Database: 239230 cities
            Updated: 10000 cities
            Added: 0 cities
            Time end: 2018.06.58 08:55:58
    [Параметры запуска] => Array
        (
            [START] => 220000
            [LIMIT] => 10000
        )

    [Ошибки при выполнении] => Array
(
)

)


PROCESSING Complete:
Array
(
    [Дата] => 30.06.2018 09:01:11
    [Сообщение] => 
            Time start: 2018.06.30 09:00:58
            Taked : 9230 cities,
            Loaded from Database: 239230 cities
            Deleted: 0 cities,
            Updated: 9230 cities
            Added: 0 cities
            Time end: 2018.06.11 09:01:11
    [Параметры запуска] => Array
        (
            [START] => 230000
            [LIMIT] => 10000
        )

    [Ошибки при выполнении] => Array
(
)

)


