TRIGGER Complete:
Array
(
    [Дата] => 24.05.2018 07:00:03
    [Сообщение] => TRIGGER START
)


PROCESSING Step Complete:
Array
(
    [Дата] => 24.05.2018 07:00:17
    [Сообщение] => 
            Time start: 2018.05.24 07:00:03
            Taked : 10000 cities,
            Loaded from Database: 238521 cities
            Updated: 10000 cities
            Added: 0 cities
            Time end: 2018.05.17 07:00:17
    [Параметры запуска] => Array
        (
            [START] => 0
            [LIMIT] => 10000
        )

    [Ошибки при выполнении] => Array
(
)

)


PROCESSING Step Complete:
Array
(
    [Дата] => 24.05.2018 07:05:30
    [Сообщение] => 
            Time start: 2018.05.24 07:05:17
            Taked : 10000 cities,
            Loaded from Database: 238521 cities
            Updated: 10000 cities
            Added: 0 cities
            Time end: 2018.05.30 07:05:30
    [Параметры запуска] => Array
        (
            [START] => 10000
            [LIMIT] => 10000
        )

    [Ошибки при выполнении] => Array
(
)

)


PROCESSING Step Complete:
Array
(
    [Дата] => 24.05.2018 07:10:44
    [Сообщение] => 
            Time start: 2018.05.24 07:10:31
            Taked : 10000 cities,
            Loaded from Database: 238521 cities
            Updated: 10000 cities
            Added: 0 cities
            Time end: 2018.05.44 07:10:44
    [Параметры запуска] => Array
        (
            [START] => 20000
            [LIMIT] => 10000
        )

    [Ошибки при выполнении] => Array
(
)

)


PROCESSING Step Complete:
Array
(
    [Дата] => 24.05.2018 07:15:57
    [Сообщение] => 
            Time start: 2018.05.24 07:15:44
            Taked : 10000 cities,
            Loaded from Database: 238521 cities
            Updated: 10000 cities
            Added: 0 cities
            Time end: 2018.05.57 07:15:57
    [Параметры запуска] => Array
        (
            [START] => 30000
            [LIMIT] => 10000
        )

    [Ошибки при выполнении] => Array
(
)

)


PROCESSING Step Complete:
Array
(
    [Дата] => 24.05.2018 07:21:10
    [Сообщение] => 
            Time start: 2018.05.24 07:20:57
            Taked : 10000 cities,
            Loaded from Database: 238521 cities
            Updated: 10000 cities
            Added: 0 cities
            Time end: 2018.05.10 07:21:10
    [Параметры запуска] => Array
        (
            [START] => 40000
            [LIMIT] => 10000
        )

    [Ошибки при выполнении] => Array
(
)

)


PROCESSING Step Complete:
Array
(
    [Дата] => 24.05.2018 07:26:24
    [Сообщение] => 
            Time start: 2018.05.24 07:26:10
            Taked : 10000 cities,
            Loaded from Database: 238521 cities
            Updated: 10000 cities
            Added: 0 cities
            Time end: 2018.05.24 07:26:24
    [Параметры запуска] => Array
        (
            [START] => 50000
            [LIMIT] => 10000
        )

    [Ошибки при выполнении] => Array
(
)

)


PROCESSING Step Complete:
Array
(
    [Дата] => 24.05.2018 07:31:37
    [Сообщение] => 
            Time start: 2018.05.24 07:31:24
            Taked : 10000 cities,
            Loaded from Database: 238521 cities
            Updated: 10000 cities
            Added: 0 cities
            Time end: 2018.05.37 07:31:37
    [Параметры запуска] => Array
        (
            [START] => 60000
            [LIMIT] => 10000
        )

    [Ошибки при выполнении] => Array
(
)

)


PROCESSING Step Complete:
Array
(
    [Дата] => 24.05.2018 07:36:51
    [Сообщение] => 
            Time start: 2018.05.24 07:36:38
            Taked : 10000 cities,
            Loaded from Database: 238521 cities
            Updated: 10000 cities
            Added: 0 cities
            Time end: 2018.05.51 07:36:51
    [Параметры запуска] => Array
        (
            [START] => 70000
            [LIMIT] => 10000
        )

    [Ошибки при выполнении] => Array
(
)

)


PROCESSING Step Complete:
Array
(
    [Дата] => 24.05.2018 07:42:04
    [Сообщение] => 
            Time start: 2018.05.24 07:41:51
            Taked : 10000 cities,
            Loaded from Database: 238521 cities
            Updated: 10000 cities
            Added: 0 cities
            Time end: 2018.05.04 07:42:04
    [Параметры запуска] => Array
        (
            [START] => 80000
            [LIMIT] => 10000
        )

    [Ошибки при выполнении] => Array
(
)

)


PROCESSING Step Complete:
Array
(
    [Дата] => 24.05.2018 07:47:18
    [Сообщение] => 
            Time start: 2018.05.24 07:47:04
            Taked : 10000 cities,
            Loaded from Database: 238521 cities
            Updated: 10000 cities
            Added: 0 cities
            Time end: 2018.05.18 07:47:18
    [Параметры запуска] => Array
        (
            [START] => 90000
            [LIMIT] => 10000
        )

    [Ошибки при выполнении] => Array
(
)

)


PROCESSING Step Complete:
Array
(
    [Дата] => 24.05.2018 07:52:31
    [Сообщение] => 
            Time start: 2018.05.24 07:52:18
            Taked : 10000 cities,
            Loaded from Database: 238521 cities
            Updated: 10000 cities
            Added: 0 cities
            Time end: 2018.05.31 07:52:31
    [Параметры запуска] => Array
        (
            [START] => 100000
            [LIMIT] => 10000
        )

    [Ошибки при выполнении] => Array
(
)

)


PROCESSING Step Complete:
Array
(
    [Дата] => 24.05.2018 07:57:43
    [Сообщение] => 
            Time start: 2018.05.24 07:57:31
            Taked : 10000 cities,
            Loaded from Database: 238521 cities
            Updated: 10000 cities
            Added: 0 cities
            Time end: 2018.05.43 07:57:43
    [Параметры запуска] => Array
        (
            [START] => 110000
            [LIMIT] => 10000
        )

    [Ошибки при выполнении] => Array
(
)

)


PROCESSING Step Complete:
Array
(
    [Дата] => 24.05.2018 08:02:56
    [Сообщение] => 
            Time start: 2018.05.24 08:02:43
            Taked : 10000 cities,
            Loaded from Database: 238521 cities
            Updated: 10000 cities
            Added: 0 cities
            Time end: 2018.05.56 08:02:56
    [Параметры запуска] => Array
        (
            [START] => 120000
            [LIMIT] => 10000
        )

    [Ошибки при выполнении] => Array
(
)

)


PROCESSING Step Complete:
Array
(
    [Дата] => 24.05.2018 08:08:09
    [Сообщение] => 
            Time start: 2018.05.24 08:07:56
            Taked : 10000 cities,
            Loaded from Database: 238521 cities
            Updated: 10000 cities
            Added: 0 cities
            Time end: 2018.05.09 08:08:09
    [Параметры запуска] => Array
        (
            [START] => 130000
            [LIMIT] => 10000
        )

    [Ошибки при выполнении] => Array
(
)

)


PROCESSING Step Complete:
Array
(
    [Дата] => 24.05.2018 08:13:22
    [Сообщение] => 
            Time start: 2018.05.24 08:13:09
            Taked : 10000 cities,
            Loaded from Database: 238521 cities
            Updated: 10000 cities
            Added: 0 cities
            Time end: 2018.05.22 08:13:22
    [Параметры запуска] => Array
        (
            [START] => 140000
            [LIMIT] => 10000
        )

    [Ошибки при выполнении] => Array
(
)

)


PROCESSING Step Complete:
Array
(
    [Дата] => 24.05.2018 08:18:36
    [Сообщение] => 
            Time start: 2018.05.24 08:18:22
            Taked : 10000 cities,
            Loaded from Database: 238521 cities
            Updated: 10000 cities
            Added: 0 cities
            Time end: 2018.05.36 08:18:36
    [Параметры запуска] => Array
        (
            [START] => 150000
            [LIMIT] => 10000
        )

    [Ошибки при выполнении] => Array
(
)

)


PROCESSING Step Complete:
Array
(
    [Дата] => 24.05.2018 08:23:50
    [Сообщение] => 
            Time start: 2018.05.24 08:23:36
            Taked : 10000 cities,
            Loaded from Database: 238521 cities
            Updated: 10000 cities
            Added: 0 cities
            Time end: 2018.05.50 08:23:50
    [Параметры запуска] => Array
        (
            [START] => 160000
            [LIMIT] => 10000
        )

    [Ошибки при выполнении] => Array
(
)

)


PROCESSING Step Complete:
Array
(
    [Дата] => 24.05.2018 08:29:03
    [Сообщение] => 
            Time start: 2018.05.24 08:28:50
            Taked : 10000 cities,
            Loaded from Database: 238521 cities
            Updated: 10000 cities
            Added: 0 cities
            Time end: 2018.05.03 08:29:03
    [Параметры запуска] => Array
        (
            [START] => 170000
            [LIMIT] => 10000
        )

    [Ошибки при выполнении] => Array
(
)

)


PROCESSING Step Complete:
Array
(
    [Дата] => 24.05.2018 08:34:16
    [Сообщение] => 
            Time start: 2018.05.24 08:34:03
            Taked : 10000 cities,
            Loaded from Database: 238521 cities
            Updated: 10000 cities
            Added: 0 cities
            Time end: 2018.05.16 08:34:16
    [Параметры запуска] => Array
        (
            [START] => 180000
            [LIMIT] => 10000
        )

    [Ошибки при выполнении] => Array
(
)

)


PROCESSING Step Complete:
Array
(
    [Дата] => 24.05.2018 08:39:30
    [Сообщение] => 
            Time start: 2018.05.24 08:39:16
            Taked : 10000 cities,
            Loaded from Database: 238521 cities
            Updated: 10000 cities
            Added: 0 cities
            Time end: 2018.05.30 08:39:30
    [Параметры запуска] => Array
        (
            [START] => 190000
            [LIMIT] => 10000
        )

    [Ошибки при выполнении] => Array
(
)

)


PROCESSING Step Complete:
Array
(
    [Дата] => 24.05.2018 08:44:42
    [Сообщение] => 
            Time start: 2018.05.24 08:44:30
            Taked : 10000 cities,
            Loaded from Database: 238521 cities
            Updated: 9995 cities
            Added: 5 cities
            Time end: 2018.05.42 08:44:42
    [Параметры запуска] => Array
        (
            [START] => 200000
            [LIMIT] => 10000
        )

    [Ошибки при выполнении] => Array
(
)

)


PROCESSING Step Complete:
Array
(
    [Дата] => 24.05.2018 08:49:56
    [Сообщение] => 
            Time start: 2018.05.24 08:49:42
            Taked : 10000 cities,
            Loaded from Database: 238526 cities
            Updated: 10000 cities
            Added: 0 cities
            Time end: 2018.05.56 08:49:56
    [Параметры запуска] => Array
        (
            [START] => 210000
            [LIMIT] => 10000
        )

    [Ошибки при выполнении] => Array
(
)

)


PROCESSING Step Complete:
Array
(
    [Дата] => 24.05.2018 08:55:10
    [Сообщение] => 
            Time start: 2018.05.24 08:54:56
            Taked : 10000 cities,
            Loaded from Database: 238526 cities
            Updated: 10000 cities
            Added: 0 cities
            Time end: 2018.05.10 08:55:10
    [Параметры запуска] => Array
        (
            [START] => 220000
            [LIMIT] => 10000
        )

    [Ошибки при выполнении] => Array
(
)

)


PROCESSING Complete:
Array
(
    [Дата] => 24.05.2018 09:00:22
    [Сообщение] => 
            Time start: 2018.05.24 09:00:10
            Taked : 8526 cities,
            Loaded from Database: 238526 cities
            Deleted: 0 cities,
            Updated: 8526 cities
            Added: 0 cities
            Time end: 2018.05.22 09:00:22
    [Параметры запуска] => Array
        (
            [START] => 230000
            [LIMIT] => 10000
        )

    [Ошибки при выполнении] => Array
(
)

)


