IMPORT Complete:
Array
(
    [Дата] => 02.08.2018 00:10:04
    [Сообщение] => 
        Time start: 2018.08.02 00:10:01
        Taked : 1546 cities,
        Loaded from Database: 1546 cities
        Deleted: 1546 cities,
        Added: 1546 cities
        Time end: 2018.08.04 00:10:04
    [Ошибки при выполнении] => Array
(
)

)


IMPORT Complete:
Array
(
    [Дата] => 02.08.2018 01:10:04
    [Сообщение] => 
        Time start: 2018.08.02 01:10:01
        Taked : 1546 cities,
        Loaded from Database: 1546 cities
        Deleted: 1546 cities,
        Added: 1546 cities
        Time end: 2018.08.04 01:10:04
    [Ошибки при выполнении] => Array
(
)

)


IMPORT Complete:
Array
(
    [Дата] => 02.08.2018 02:10:04
    [Сообщение] => 
        Time start: 2018.08.02 02:10:02
        Taked : 1546 cities,
        Loaded from Database: 1546 cities
        Deleted: 1546 cities,
        Added: 1546 cities
        Time end: 2018.08.04 02:10:04
    [Ошибки при выполнении] => Array
(
)

)


IMPORT Complete:
Array
(
    [Дата] => 02.08.2018 03:10:05
    [Сообщение] => 
        Time start: 2018.08.02 03:10:01
        Taked : 1546 cities,
        Loaded from Database: 1546 cities
        Deleted: 1546 cities,
        Added: 1546 cities
        Time end: 2018.08.05 03:10:05
    [Ошибки при выполнении] => Array
(
)

)


IMPORT Complete:
Array
(
    [Дата] => 02.08.2018 04:10:04
    [Сообщение] => 
        Time start: 2018.08.02 04:10:01
        Taked : 1546 cities,
        Loaded from Database: 1546 cities
        Deleted: 1546 cities,
        Added: 1546 cities
        Time end: 2018.08.04 04:10:04
    [Ошибки при выполнении] => Array
(
)

)


IMPORT Complete:
Array
(
    [Дата] => 02.08.2018 05:10:04
    [Сообщение] => 
        Time start: 2018.08.02 05:10:01
        Taked : 1546 cities,
        Loaded from Database: 1546 cities
        Deleted: 1546 cities,
        Added: 1546 cities
        Time end: 2018.08.04 05:10:04
    [Ошибки при выполнении] => Array
(
)

)


IMPORT Complete:
Array
(
    [Дата] => 02.08.2018 06:10:04
    [Сообщение] => 
        Time start: 2018.08.02 06:10:01
        Taked : 1546 cities,
        Loaded from Database: 1546 cities
        Deleted: 1546 cities,
        Added: 1546 cities
        Time end: 2018.08.04 06:10:04
    [Ошибки при выполнении] => Array
(
)

)


IMPORT Complete:
Array
(
    [Дата] => 02.08.2018 07:10:04
    [Сообщение] => 
        Time start: 2018.08.02 07:10:01
        Taked : 1546 cities,
        Loaded from Database: 1546 cities
        Deleted: 1546 cities,
        Added: 1546 cities
        Time end: 2018.08.04 07:10:04
    [Ошибки при выполнении] => Array
(
)

)


IMPORT Complete:
Array
(
    [Дата] => 02.08.2018 08:10:05
    [Сообщение] => 
        Time start: 2018.08.02 08:10:02
        Taked : 1546 cities,
        Loaded from Database: 1546 cities
        Deleted: 1546 cities,
        Added: 1546 cities
        Time end: 2018.08.05 08:10:05
    [Ошибки при выполнении] => Array
(
)

)


IMPORT Complete:
Array
(
    [Дата] => 02.08.2018 09:10:04
    [Сообщение] => 
        Time start: 2018.08.02 09:10:01
        Taked : 1546 cities,
        Loaded from Database: 1546 cities
        Deleted: 1546 cities,
        Added: 1546 cities
        Time end: 2018.08.04 09:10:04
    [Ошибки при выполнении] => Array
(
)

)


IMPORT Complete:
Array
(
    [Дата] => 02.08.2018 10:10:04
    [Сообщение] => 
        Time start: 2018.08.02 10:10:01
        Taked : 1546 cities,
        Loaded from Database: 1546 cities
        Deleted: 1546 cities,
        Added: 1546 cities
        Time end: 2018.08.04 10:10:04
    [Ошибки при выполнении] => Array
(
)

)


IMPORT Complete:
Array
(
    [Дата] => 02.08.2018 11:10:04
    [Сообщение] => 
        Time start: 2018.08.02 11:10:01
        Taked : 1546 cities,
        Loaded from Database: 1546 cities
        Deleted: 1546 cities,
        Added: 1546 cities
        Time end: 2018.08.04 11:10:04
    [Ошибки при выполнении] => Array
(
)

)


IMPORT Complete:
Array
(
    [Дата] => 02.08.2018 12:10:04
    [Сообщение] => 
        Time start: 2018.08.02 12:10:01
        Taked : 1546 cities,
        Loaded from Database: 1546 cities
        Deleted: 1546 cities,
        Added: 1546 cities
        Time end: 2018.08.04 12:10:04
    [Ошибки при выполнении] => Array
(
)

)


IMPORT Complete:
Array
(
    [Дата] => 02.08.2018 13:10:05
    [Сообщение] => 
        Time start: 2018.08.02 13:10:02
        Taked : 1546 cities,
        Loaded from Database: 1546 cities
        Deleted: 1546 cities,
        Added: 1546 cities
        Time end: 2018.08.05 13:10:05
    [Ошибки при выполнении] => Array
(
)

)


IMPORT Complete:
Array
(
    [Дата] => 02.08.2018 14:10:05
    [Сообщение] => 
        Time start: 2018.08.02 14:10:02
        Taked : 1546 cities,
        Loaded from Database: 1546 cities
        Deleted: 1546 cities,
        Added: 1546 cities
        Time end: 2018.08.05 14:10:05
    [Ошибки при выполнении] => Array
(
)

)


IMPORT Complete:
Array
(
    [Дата] => 02.08.2018 15:10:04
    [Сообщение] => 
        Time start: 2018.08.02 15:10:01
        Taked : 1546 cities,
        Loaded from Database: 1550 cities
        Deleted: 1550 cities,
        Added: 1546 cities
        Time end: 2018.08.04 15:10:04
    [Ошибки при выполнении] => Array
(
)

)


IMPORT Complete:
Array
(
    [Дата] => 02.08.2018 16:10:05
    [Сообщение] => 
        Time start: 2018.08.02 16:10:01
        Taked : 1546 cities,
        Loaded from Database: 1546 cities
        Deleted: 1546 cities,
        Added: 1546 cities
        Time end: 2018.08.05 16:10:05
    [Ошибки при выполнении] => Array
(
)

)


IMPORT Complete:
Array
(
    [Дата] => 02.08.2018 17:10:04
    [Сообщение] => 
        Time start: 2018.08.02 17:10:01
        Taked : 1546 cities,
        Loaded from Database: 1546 cities
        Deleted: 1546 cities,
        Added: 1546 cities
        Time end: 2018.08.04 17:10:04
    [Ошибки при выполнении] => Array
(
)

)


IMPORT Complete:
Array
(
    [Дата] => 02.08.2018 18:10:05
    [Сообщение] => 
        Time start: 2018.08.02 18:10:02
        Taked : 1546 cities,
        Loaded from Database: 1554 cities
        Deleted: 1554 cities,
        Added: 1546 cities
        Time end: 2018.08.05 18:10:05
    [Ошибки при выполнении] => Array
(
)

)


IMPORT Complete:
Array
(
    [Дата] => 02.08.2018 19:10:04
    [Сообщение] => 
        Time start: 2018.08.02 19:10:01
        Taked : 1546 cities,
        Loaded from Database: 1546 cities
        Deleted: 1546 cities,
        Added: 1546 cities
        Time end: 2018.08.04 19:10:04
    [Ошибки при выполнении] => Array
(
)

)


IMPORT Complete:
Array
(
    [Дата] => 02.08.2018 20:10:04
    [Сообщение] => 
        Time start: 2018.08.02 20:10:01
        Taked : 1546 cities,
        Loaded from Database: 1546 cities
        Deleted: 1546 cities,
        Added: 1546 cities
        Time end: 2018.08.04 20:10:04
    [Ошибки при выполнении] => Array
(
)

)


IMPORT Complete:
Array
(
    [Дата] => 02.08.2018 21:10:04
    [Сообщение] => 
        Time start: 2018.08.02 21:10:01
        Taked : 1546 cities,
        Loaded from Database: 1546 cities
        Deleted: 1546 cities,
        Added: 1546 cities
        Time end: 2018.08.04 21:10:04
    [Ошибки при выполнении] => Array
(
)

)


IMPORT Complete:
Array
(
    [Дата] => 02.08.2018 22:10:05
    [Сообщение] => 
        Time start: 2018.08.02 22:10:02
        Taked : 1546 cities,
        Loaded from Database: 1546 cities
        Deleted: 1546 cities,
        Added: 1546 cities
        Time end: 2018.08.05 22:10:05
    [Ошибки при выполнении] => Array
(
)

)


IMPORT Complete:
Array
(
    [Дата] => 02.08.2018 23:10:04
    [Сообщение] => 
        Time start: 2018.08.02 23:10:01
        Taked : 1546 cities,
        Loaded from Database: 1546 cities
        Deleted: 1546 cities,
        Added: 1546 cities
        Time end: 2018.08.04 23:10:04
    [Ошибки при выполнении] => Array
(
)

)


