IMPORT Complete:
Array
(
    [Дата] => 24.07.2018 00:10:02
    [Сообщение] => 
        Time start: 2018.07.24 00:10:01
        Taked : 1546 cities,
        Loaded from Database: 1546 cities
        Deleted: 1546 cities,
        Added: 1546 cities
        Time end: 2018.07.02 00:10:02
    [Ошибки при выполнении] => Array
(
)

)


IMPORT Complete:
Array
(
    [Дата] => 24.07.2018 01:10:03
    [Сообщение] => 
        Time start: 2018.07.24 01:10:01
        Taked : 1546 cities,
        Loaded from Database: 1546 cities
        Deleted: 1546 cities,
        Added: 1546 cities
        Time end: 2018.07.03 01:10:03
    [Ошибки при выполнении] => Array
(
)

)


IMPORT Complete:
Array
(
    [Дата] => 24.07.2018 02:10:02
    [Сообщение] => 
        Time start: 2018.07.24 02:10:01
        Taked : 1546 cities,
        Loaded from Database: 1546 cities
        Deleted: 1546 cities,
        Added: 1546 cities
        Time end: 2018.07.02 02:10:02
    [Ошибки при выполнении] => Array
(
)

)


IMPORT Complete:
Array
(
    [Дата] => 24.07.2018 03:10:03
    [Сообщение] => 
        Time start: 2018.07.24 03:10:02
        Taked : 1546 cities,
        Loaded from Database: 1546 cities
        Deleted: 1546 cities,
        Added: 1546 cities
        Time end: 2018.07.03 03:10:03
    [Ошибки при выполнении] => Array
(
)

)


IMPORT Complete:
Array
(
    [Дата] => 24.07.2018 04:10:02
    [Сообщение] => 
        Time start: 2018.07.24 04:10:01
        Taked : 1546 cities,
        Loaded from Database: 1546 cities
        Deleted: 1546 cities,
        Added: 1546 cities
        Time end: 2018.07.02 04:10:02
    [Ошибки при выполнении] => Array
(
)

)


IMPORT Complete:
Array
(
    [Дата] => 24.07.2018 05:10:03
    [Сообщение] => 
        Time start: 2018.07.24 05:10:02
        Taked : 1546 cities,
        Loaded from Database: 1546 cities
        Deleted: 1546 cities,
        Added: 1546 cities
        Time end: 2018.07.03 05:10:03
    [Ошибки при выполнении] => Array
(
)

)


IMPORT Complete:
Array
(
    [Дата] => 24.07.2018 06:10:03
    [Сообщение] => 
        Time start: 2018.07.24 06:10:02
        Taked : 1546 cities,
        Loaded from Database: 1546 cities
        Deleted: 1546 cities,
        Added: 1546 cities
        Time end: 2018.07.03 06:10:03
    [Ошибки при выполнении] => Array
(
)

)


IMPORT Complete:
Array
(
    [Дата] => 24.07.2018 07:10:02
    [Сообщение] => 
        Time start: 2018.07.24 07:10:01
        Taked : 1546 cities,
        Loaded from Database: 1546 cities
        Deleted: 1546 cities,
        Added: 1546 cities
        Time end: 2018.07.02 07:10:02
    [Ошибки при выполнении] => Array
(
)

)


IMPORT Complete:
Array
(
    [Дата] => 24.07.2018 08:10:03
    [Сообщение] => 
        Time start: 2018.07.24 08:10:01
        Taked : 1546 cities,
        Loaded from Database: 1546 cities
        Deleted: 1546 cities,
        Added: 1546 cities
        Time end: 2018.07.03 08:10:03
    [Ошибки при выполнении] => Array
(
)

)


IMPORT Complete:
Array
(
    [Дата] => 24.07.2018 09:10:02
    [Сообщение] => 
        Time start: 2018.07.24 09:10:01
        Taked : 1546 cities,
        Loaded from Database: 1546 cities
        Deleted: 1546 cities,
        Added: 1546 cities
        Time end: 2018.07.02 09:10:02
    [Ошибки при выполнении] => Array
(
)

)


IMPORT Complete:
Array
(
    [Дата] => 24.07.2018 10:10:03
    [Сообщение] => 
        Time start: 2018.07.24 10:10:01
        Taked : 1546 cities,
        Loaded from Database: 1546 cities
        Deleted: 1546 cities,
        Added: 1546 cities
        Time end: 2018.07.03 10:10:03
    [Ошибки при выполнении] => Array
(
)

)


IMPORT Complete:
Array
(
    [Дата] => 24.07.2018 11:10:03
    [Сообщение] => 
        Time start: 2018.07.24 11:10:01
        Taked : 1546 cities,
        Loaded from Database: 1546 cities
        Deleted: 1546 cities,
        Added: 1546 cities
        Time end: 2018.07.03 11:10:03
    [Ошибки при выполнении] => Array
(
)

)


IMPORT Complete:
Array
(
    [Дата] => 24.07.2018 12:10:03
    [Сообщение] => 
        Time start: 2018.07.24 12:10:02
        Taked : 1546 cities,
        Loaded from Database: 1546 cities
        Deleted: 1546 cities,
        Added: 1546 cities
        Time end: 2018.07.03 12:10:03
    [Ошибки при выполнении] => Array
(
)

)


IMPORT Complete:
Array
(
    [Дата] => 24.07.2018 13:10:03
    [Сообщение] => 
        Time start: 2018.07.24 13:10:01
        Taked : 1546 cities,
        Loaded from Database: 1546 cities
        Deleted: 1546 cities,
        Added: 1546 cities
        Time end: 2018.07.03 13:10:03
    [Ошибки при выполнении] => Array
(
)

)


IMPORT Complete:
Array
(
    [Дата] => 24.07.2018 14:10:03
    [Сообщение] => 
        Time start: 2018.07.24 14:10:01
        Taked : 1546 cities,
        Loaded from Database: 1546 cities
        Deleted: 1546 cities,
        Added: 1546 cities
        Time end: 2018.07.03 14:10:03
    [Ошибки при выполнении] => Array
(
)

)


IMPORT Complete:
Array
(
    [Дата] => 24.07.2018 15:10:03
    [Сообщение] => 
        Time start: 2018.07.24 15:10:01
        Taked : 1546 cities,
        Loaded from Database: 1546 cities
        Deleted: 1546 cities,
        Added: 1546 cities
        Time end: 2018.07.03 15:10:03
    [Ошибки при выполнении] => Array
(
)

)


IMPORT Complete:
Array
(
    [Дата] => 24.07.2018 16:10:03
    [Сообщение] => 
        Time start: 2018.07.24 16:10:01
        Taked : 1546 cities,
        Loaded from Database: 1546 cities
        Deleted: 1546 cities,
        Added: 1546 cities
        Time end: 2018.07.03 16:10:03
    [Ошибки при выполнении] => Array
(
)

)


IMPORT Complete:
Array
(
    [Дата] => 24.07.2018 17:10:02
    [Сообщение] => 
        Time start: 2018.07.24 17:10:01
        Taked : 1546 cities,
        Loaded from Database: 1546 cities
        Deleted: 1546 cities,
        Added: 1546 cities
        Time end: 2018.07.02 17:10:02
    [Ошибки при выполнении] => Array
(
)

)


IMPORT Complete:
Array
(
    [Дата] => 24.07.2018 18:10:02
    [Сообщение] => 
        Time start: 2018.07.24 18:10:01
        Taked : 1546 cities,
        Loaded from Database: 1546 cities
        Deleted: 1546 cities,
        Added: 1546 cities
        Time end: 2018.07.02 18:10:02
    [Ошибки при выполнении] => Array
(
)

)


IMPORT Complete:
Array
(
    [Дата] => 24.07.2018 19:10:03
    [Сообщение] => 
        Time start: 2018.07.24 19:10:01
        Taked : 1546 cities,
        Loaded from Database: 1546 cities
        Deleted: 1546 cities,
        Added: 1546 cities
        Time end: 2018.07.03 19:10:03
    [Ошибки при выполнении] => Array
(
)

)


IMPORT Complete:
Array
(
    [Дата] => 24.07.2018 20:10:02
    [Сообщение] => 
        Time start: 2018.07.24 20:10:01
        Taked : 1546 cities,
        Loaded from Database: 1546 cities
        Deleted: 1546 cities,
        Added: 1546 cities
        Time end: 2018.07.02 20:10:02
    [Ошибки при выполнении] => Array
(
)

)


IMPORT Complete:
Array
(
    [Дата] => 24.07.2018 21:10:02
    [Сообщение] => 
        Time start: 2018.07.24 21:10:01
        Taked : 1546 cities,
        Loaded from Database: 1546 cities
        Deleted: 1546 cities,
        Added: 1546 cities
        Time end: 2018.07.02 21:10:02
    [Ошибки при выполнении] => Array
(
)

)


IMPORT Complete:
Array
(
    [Дата] => 24.07.2018 22:10:03
    [Сообщение] => 
        Time start: 2018.07.24 22:10:02
        Taked : 1546 cities,
        Loaded from Database: 1546 cities
        Deleted: 1546 cities,
        Added: 1546 cities
        Time end: 2018.07.03 22:10:03
    [Ошибки при выполнении] => Array
(
)

)


IMPORT Complete:
Array
(
    [Дата] => 24.07.2018 23:10:03
    [Сообщение] => 
        Time start: 2018.07.24 23:10:02
        Taked : 1546 cities,
        Loaded from Database: 1546 cities
        Deleted: 1546 cities,
        Added: 1546 cities
        Time end: 2018.07.03 23:10:03
    [Ошибки при выполнении] => Array
(
)

)


