IMPORT Complete:
Array
(
    [Дата] => 24.08.2018 00:10:04
    [Сообщение] => 
        Time start: 2018.08.24 00:10:01
        Taked : 1546 cities,
        Loaded from Database: 1547 cities
        Deleted: 1547 cities,
        Added: 1546 cities
        Time end: 2018.08.04 00:10:04
    [Ошибки при выполнении] => Array
(
)

)


IMPORT Complete:
Array
(
    [Дата] => 24.08.2018 04:10:04
    [Сообщение] => 
        Time start: 2018.08.24 04:10:01
        Taked : 1546 cities,
        Loaded from Database: 1547 cities
        Deleted: 1547 cities,
        Added: 1546 cities
        Time end: 2018.08.04 04:10:04
    [Ошибки при выполнении] => Array
(
)

)


IMPORT Complete:
Array
(
    [Дата] => 24.08.2018 08:10:04
    [Сообщение] => 
        Time start: 2018.08.24 08:10:01
        Taked : 1546 cities,
        Loaded from Database: 1547 cities
        Deleted: 1547 cities,
        Added: 1546 cities
        Time end: 2018.08.04 08:10:04
    [Ошибки при выполнении] => Array
(
)

)


IMPORT Complete:
Array
(
    [Дата] => 24.08.2018 12:10:04
    [Сообщение] => 
        Time start: 2018.08.24 12:10:01
        Taked : 1546 cities,
        Loaded from Database: 1548 cities
        Deleted: 1548 cities,
        Added: 1546 cities
        Time end: 2018.08.04 12:10:04
    [Ошибки при выполнении] => Array
(
)

)


IMPORT Complete:
Array
(
    [Дата] => 24.08.2018 16:10:04
    [Сообщение] => 
        Time start: 2018.08.24 16:10:01
        Taked : 1546 cities,
        Loaded from Database: 1547 cities
        Deleted: 1547 cities,
        Added: 1546 cities
        Time end: 2018.08.04 16:10:04
    [Ошибки при выполнении] => Array
(
)

)


IMPORT Complete:
Array
(
    [Дата] => 24.08.2018 20:10:04
    [Сообщение] => 
        Time start: 2018.08.24 20:10:01
        Taked : 1546 cities,
        Loaded from Database: 1550 cities
        Deleted: 1550 cities,
        Added: 1546 cities
        Time end: 2018.08.04 20:10:04
    [Ошибки при выполнении] => Array
(
)

)


