IMPORT Complete:
Array
(
    [Дата] => 30.08.2018 00:10:05
    [Сообщение] => 
        Time start: 2018.08.30 00:10:01
        Taked : 1546 cities,
        Loaded from Database: 1553 cities
        Deleted: 1553 cities,
        Added: 1546 cities
        Time end: 2018.08.05 00:10:05
    [Ошибки при выполнении] => Array
(
)

)


IMPORT Complete:
Array
(
    [Дата] => 30.08.2018 04:10:05
    [Сообщение] => 
        Time start: 2018.08.30 04:10:02
        Taked : 1546 cities,
        Loaded from Database: 1546 cities
        Deleted: 1546 cities,
        Added: 1546 cities
        Time end: 2018.08.05 04:10:05
    [Ошибки при выполнении] => Array
(
)

)


IMPORT Complete:
Array
(
    [Дата] => 30.08.2018 08:10:04
    [Сообщение] => 
        Time start: 2018.08.30 08:10:01
        Taked : 1546 cities,
        Loaded from Database: 1547 cities
        Deleted: 1547 cities,
        Added: 1546 cities
        Time end: 2018.08.04 08:10:04
    [Ошибки при выполнении] => Array
(
)

)


IMPORT Complete:
Array
(
    [Дата] => 30.08.2018 12:10:04
    [Сообщение] => 
        Time start: 2018.08.30 12:10:01
        Taked : 1546 cities,
        Loaded from Database: 1550 cities
        Deleted: 1550 cities,
        Added: 1546 cities
        Time end: 2018.08.04 12:10:04
    [Ошибки при выполнении] => Array
(
)

)


IMPORT Complete:
Array
(
    [Дата] => 30.08.2018 16:10:05
    [Сообщение] => 
        Time start: 2018.08.30 16:10:02
        Taked : 1546 cities,
        Loaded from Database: 1550 cities
        Deleted: 1550 cities,
        Added: 1546 cities
        Time end: 2018.08.05 16:10:05
    [Ошибки при выполнении] => Array
(
)

)


IMPORT Complete:
Array
(
    [Дата] => 30.08.2018 20:10:04
    [Сообщение] => 
        Time start: 2018.08.30 20:10:01
        Taked : 1546 cities,
        Loaded from Database: 1559 cities
        Deleted: 1559 cities,
        Added: 1546 cities
        Time end: 2018.08.04 20:10:04
    [Ошибки при выполнении] => Array
(
)

)


