IMPORT Complete:
Array
(
    [Дата] => 18.09.2018 00:10:05
    [Сообщение] => 
        Time start: 2018.09.18 00:10:01
        Taked : 1546 cities,
        Loaded from Database: 1553 cities
        Deleted: 1553 cities,
        Added: 1546 cities
        Time end: 2018.09.05 00:10:05
    [Ошибки при выполнении] => Array
(
)

)


IMPORT Complete:
Array
(
    [Дата] => 18.09.2018 04:10:04
    [Сообщение] => 
        Time start: 2018.09.18 04:10:01
        Taked : 1546 cities,
        Loaded from Database: 1546 cities
        Deleted: 1546 cities,
        Added: 1546 cities
        Time end: 2018.09.04 04:10:04
    [Ошибки при выполнении] => Array
(
)

)


IMPORT Complete:
Array
(
    [Дата] => 18.09.2018 08:10:04
    [Сообщение] => 
        Time start: 2018.09.18 08:10:01
        Taked : 1546 cities,
        Loaded from Database: 1548 cities
        Deleted: 1548 cities,
        Added: 1546 cities
        Time end: 2018.09.04 08:10:04
    [Ошибки при выполнении] => Array
(
)

)


IMPORT Complete:
Array
(
    [Дата] => 18.09.2018 12:10:04
    [Сообщение] => 
        Time start: 2018.09.18 12:10:01
        Taked : 1546 cities,
        Loaded from Database: 1552 cities
        Deleted: 1552 cities,
        Added: 1546 cities
        Time end: 2018.09.04 12:10:04
    [Ошибки при выполнении] => Array
(
)

)


IMPORT Complete:
Array
(
    [Дата] => 18.09.2018 16:10:04
    [Сообщение] => 
        Time start: 2018.09.18 16:10:01
        Taked : 1546 cities,
        Loaded from Database: 1552 cities
        Deleted: 1552 cities,
        Added: 1546 cities
        Time end: 2018.09.04 16:10:04
    [Ошибки при выполнении] => Array
(
)

)


IMPORT Complete:
Array
(
    [Дата] => 18.09.2018 20:10:04
    [Сообщение] => 
        Time start: 2018.09.18 20:10:01
        Taked : 1546 cities,
        Loaded from Database: 1550 cities
        Deleted: 1550 cities,
        Added: 1546 cities
        Time end: 2018.09.04 20:10:04
    [Ошибки при выполнении] => Array
(
)

)


