IMPORT Complete:
Array
(
    [Дата] => 07.09.2018 00:10:05
    [Сообщение] => 
        Time start: 2018.09.07 00:10:01
        Taked : 1546 cities,
        Loaded from Database: 1549 cities
        Deleted: 1549 cities,
        Added: 1546 cities
        Time end: 2018.09.05 00:10:05
    [Ошибки при выполнении] => Array
(
)

)


IMPORT Complete:
Array
(
    [Дата] => 07.09.2018 04:10:04
    [Сообщение] => 
        Time start: 2018.09.07 04:10:01
        Taked : 1546 cities,
        Loaded from Database: 1550 cities
        Deleted: 1550 cities,
        Added: 1546 cities
        Time end: 2018.09.04 04:10:04
    [Ошибки при выполнении] => Array
(
)

)


IMPORT Complete:
Array
(
    [Дата] => 07.09.2018 08:10:05
    [Сообщение] => 
        Time start: 2018.09.07 08:10:02
        Taked : 1546 cities,
        Loaded from Database: 1548 cities
        Deleted: 1548 cities,
        Added: 1546 cities
        Time end: 2018.09.05 08:10:05
    [Ошибки при выполнении] => Array
(
)

)


IMPORT Complete:
Array
(
    [Дата] => 07.09.2018 12:10:05
    [Сообщение] => 
        Time start: 2018.09.07 12:10:02
        Taked : 1546 cities,
        Loaded from Database: 1557 cities
        Deleted: 1557 cities,
        Added: 1546 cities
        Time end: 2018.09.05 12:10:05
    [Ошибки при выполнении] => Array
(
)

)


IMPORT Complete:
Array
(
    [Дата] => 07.09.2018 16:10:05
    [Сообщение] => 
        Time start: 2018.09.07 16:10:01
        Taked : 1546 cities,
        Loaded from Database: 1548 cities
        Deleted: 1548 cities,
        Added: 1546 cities
        Time end: 2018.09.05 16:10:05
    [Ошибки при выполнении] => Array
(
)

)


IMPORT Complete:
Array
(
    [Дата] => 07.09.2018 20:10:04
    [Сообщение] => 
        Time start: 2018.09.07 20:10:01
        Taked : 1546 cities,
        Loaded from Database: 1550 cities
        Deleted: 1550 cities,
        Added: 1546 cities
        Time end: 2018.09.04 20:10:04
    [Ошибки при выполнении] => Array
(
)

)


