IMPORT Complete:
Array
(
    [Дата] => 09.08.2018 00:10:04
    [Сообщение] => 
        Time start: 2018.08.09 00:10:01
        Taked : 1546 cities,
        Loaded from Database: 1548 cities
        Deleted: 1548 cities,
        Added: 1546 cities
        Time end: 2018.08.04 00:10:04
    [Ошибки при выполнении] => Array
(
)

)


IMPORT Complete:
Array
(
    [Дата] => 09.08.2018 04:10:05
    [Сообщение] => 
        Time start: 2018.08.09 04:10:02
        Taked : 1546 cities,
        Loaded from Database: 1546 cities
        Deleted: 1546 cities,
        Added: 1546 cities
        Time end: 2018.08.05 04:10:05
    [Ошибки при выполнении] => Array
(
)

)


IMPORT Complete:
Array
(
    [Дата] => 09.08.2018 08:10:05
    [Сообщение] => 
        Time start: 2018.08.09 08:10:01
        Taked : 1546 cities,
        Loaded from Database: 1546 cities
        Deleted: 1546 cities,
        Added: 1546 cities
        Time end: 2018.08.05 08:10:05
    [Ошибки при выполнении] => Array
(
)

)


IMPORT Complete:
Array
(
    [Дата] => 09.08.2018 12:10:04
    [Сообщение] => 
        Time start: 2018.08.09 12:10:01
        Taked : 1546 cities,
        Loaded from Database: 1548 cities
        Deleted: 1548 cities,
        Added: 1546 cities
        Time end: 2018.08.04 12:10:04
    [Ошибки при выполнении] => Array
(
)

)


IMPORT Complete:
Array
(
    [Дата] => 09.08.2018 16:10:04
    [Сообщение] => 
        Time start: 2018.08.09 16:10:01
        Taked : 1546 cities,
        Loaded from Database: 1548 cities
        Deleted: 1548 cities,
        Added: 1546 cities
        Time end: 2018.08.04 16:10:04
    [Ошибки при выполнении] => Array
(
)

)


IMPORT Complete:
Array
(
    [Дата] => 09.08.2018 20:10:04
    [Сообщение] => 
        Time start: 2018.08.09 20:10:01
        Taked : 1546 cities,
        Loaded from Database: 1548 cities
        Deleted: 1548 cities,
        Added: 1546 cities
        Time end: 2018.08.04 20:10:04
    [Ошибки при выполнении] => Array
(
)

)


