IMPORT Complete:
Array
(
    [Дата] => 20.08.2018 00:10:04
    [Сообщение] => 
        Time start: 2018.08.20 00:10:01
        Taked : 1546 cities,
        Loaded from Database: 1548 cities
        Deleted: 1548 cities,
        Added: 1546 cities
        Time end: 2018.08.04 00:10:04
    [Ошибки при выполнении] => Array
(
)

)


IMPORT Complete:
Array
(
    [Дата] => 20.08.2018 04:10:04
    [Сообщение] => 
        Time start: 2018.08.20 04:10:01
        Taked : 1546 cities,
        Loaded from Database: 1546 cities
        Deleted: 1546 cities,
        Added: 1546 cities
        Time end: 2018.08.04 04:10:04
    [Ошибки при выполнении] => Array
(
)

)


IMPORT Complete:
Array
(
    [Дата] => 20.08.2018 08:10:04
    [Сообщение] => 
        Time start: 2018.08.20 08:10:01
        Taked : 1546 cities,
        Loaded from Database: 1547 cities
        Deleted: 1547 cities,
        Added: 1546 cities
        Time end: 2018.08.04 08:10:04
    [Ошибки при выполнении] => Array
(
)

)


IMPORT Complete:
Array
(
    [Дата] => 20.08.2018 12:10:05
    [Сообщение] => 
        Time start: 2018.08.20 12:10:01
        Taked : 1546 cities,
        Loaded from Database: 1548 cities
        Deleted: 1548 cities,
        Added: 1546 cities
        Time end: 2018.08.05 12:10:05
    [Ошибки при выполнении] => Array
(
)

)


IMPORT Complete:
Array
(
    [Дата] => 20.08.2018 16:10:05
    [Сообщение] => 
        Time start: 2018.08.20 16:10:01
        Taked : 1546 cities,
        Loaded from Database: 1548 cities
        Deleted: 1548 cities,
        Added: 1546 cities
        Time end: 2018.08.05 16:10:05
    [Ошибки при выполнении] => Array
(
)

)


IMPORT Complete:
Array
(
    [Дата] => 20.08.2018 20:10:04
    [Сообщение] => 
        Time start: 2018.08.20 20:10:01
        Taked : 1546 cities,
        Loaded from Database: 1548 cities
        Deleted: 1548 cities,
        Added: 1546 cities
        Time end: 2018.08.04 20:10:04
    [Ошибки при выполнении] => Array
(
)

)


