IMPORT Complete:
Array
(
    [Дата] => 26.07.2018 00:10:05
    [Сообщение] => 
        Time start: 2018.07.26 00:10:02
        Taked : 1546 cities,
        Loaded from Database: 1546 cities
        Deleted: 1546 cities,
        Added: 1546 cities
        Time end: 2018.07.05 00:10:05
    [Ошибки при выполнении] => Array
(
)

)


IMPORT Complete:
Array
(
    [Дата] => 26.07.2018 01:10:04
    [Сообщение] => 
        Time start: 2018.07.26 01:10:01
        Taked : 1546 cities,
        Loaded from Database: 1546 cities
        Deleted: 1546 cities,
        Added: 1546 cities
        Time end: 2018.07.04 01:10:04
    [Ошибки при выполнении] => Array
(
)

)


IMPORT Complete:
Array
(
    [Дата] => 26.07.2018 02:10:05
    [Сообщение] => 
        Time start: 2018.07.26 02:10:02
        Taked : 1546 cities,
        Loaded from Database: 1546 cities
        Deleted: 1546 cities,
        Added: 1546 cities
        Time end: 2018.07.05 02:10:05
    [Ошибки при выполнении] => Array
(
)

)


IMPORT Complete:
Array
(
    [Дата] => 26.07.2018 03:10:04
    [Сообщение] => 
        Time start: 2018.07.26 03:10:01
        Taked : 1546 cities,
        Loaded from Database: 1546 cities
        Deleted: 1546 cities,
        Added: 1546 cities
        Time end: 2018.07.04 03:10:04
    [Ошибки при выполнении] => Array
(
)

)


IMPORT Complete:
Array
(
    [Дата] => 26.07.2018 04:10:04
    [Сообщение] => 
        Time start: 2018.07.26 04:10:01
        Taked : 1546 cities,
        Loaded from Database: 1546 cities
        Deleted: 1546 cities,
        Added: 1546 cities
        Time end: 2018.07.04 04:10:04
    [Ошибки при выполнении] => Array
(
)

)


IMPORT Complete:
Array
(
    [Дата] => 26.07.2018 05:10:05
    [Сообщение] => 
        Time start: 2018.07.26 05:10:02
        Taked : 1546 cities,
        Loaded from Database: 1546 cities
        Deleted: 1546 cities,
        Added: 1546 cities
        Time end: 2018.07.05 05:10:05
    [Ошибки при выполнении] => Array
(
)

)


IMPORT Complete:
Array
(
    [Дата] => 26.07.2018 06:10:04
    [Сообщение] => 
        Time start: 2018.07.26 06:10:01
        Taked : 1546 cities,
        Loaded from Database: 1546 cities
        Deleted: 1546 cities,
        Added: 1546 cities
        Time end: 2018.07.04 06:10:04
    [Ошибки при выполнении] => Array
(
)

)


IMPORT Complete:
Array
(
    [Дата] => 26.07.2018 07:10:05
    [Сообщение] => 
        Time start: 2018.07.26 07:10:02
        Taked : 1546 cities,
        Loaded from Database: 1546 cities
        Deleted: 1546 cities,
        Added: 1546 cities
        Time end: 2018.07.05 07:10:05
    [Ошибки при выполнении] => Array
(
)

)


IMPORT Complete:
Array
(
    [Дата] => 26.07.2018 08:10:05
    [Сообщение] => 
        Time start: 2018.07.26 08:10:02
        Taked : 1546 cities,
        Loaded from Database: 1546 cities
        Deleted: 1546 cities,
        Added: 1546 cities
        Time end: 2018.07.05 08:10:05
    [Ошибки при выполнении] => Array
(
)

)


IMPORT Complete:
Array
(
    [Дата] => 26.07.2018 09:10:04
    [Сообщение] => 
        Time start: 2018.07.26 09:10:01
        Taked : 1546 cities,
        Loaded from Database: 1546 cities
        Deleted: 1546 cities,
        Added: 1546 cities
        Time end: 2018.07.04 09:10:04
    [Ошибки при выполнении] => Array
(
)

)


IMPORT Complete:
Array
(
    [Дата] => 26.07.2018 10:10:05
    [Сообщение] => 
        Time start: 2018.07.26 10:10:01
        Taked : 1546 cities,
        Loaded from Database: 1546 cities
        Deleted: 1546 cities,
        Added: 1546 cities
        Time end: 2018.07.05 10:10:05
    [Ошибки при выполнении] => Array
(
)

)


IMPORT Complete:
Array
(
    [Дата] => 26.07.2018 11:10:04
    [Сообщение] => 
        Time start: 2018.07.26 11:10:01
        Taked : 1546 cities,
        Loaded from Database: 1546 cities
        Deleted: 1546 cities,
        Added: 1546 cities
        Time end: 2018.07.04 11:10:04
    [Ошибки при выполнении] => Array
(
)

)


IMPORT Complete:
Array
(
    [Дата] => 26.07.2018 12:10:04
    [Сообщение] => 
        Time start: 2018.07.26 12:10:01
        Taked : 1546 cities,
        Loaded from Database: 1546 cities
        Deleted: 1546 cities,
        Added: 1546 cities
        Time end: 2018.07.04 12:10:04
    [Ошибки при выполнении] => Array
(
)

)


IMPORT Complete:
Array
(
    [Дата] => 26.07.2018 13:10:04
    [Сообщение] => 
        Time start: 2018.07.26 13:10:01
        Taked : 1546 cities,
        Loaded from Database: 1546 cities
        Deleted: 1546 cities,
        Added: 1546 cities
        Time end: 2018.07.04 13:10:04
    [Ошибки при выполнении] => Array
(
)

)


IMPORT Complete:
Array
(
    [Дата] => 26.07.2018 14:10:04
    [Сообщение] => 
        Time start: 2018.07.26 14:10:01
        Taked : 1546 cities,
        Loaded from Database: 1546 cities
        Deleted: 1546 cities,
        Added: 1546 cities
        Time end: 2018.07.04 14:10:04
    [Ошибки при выполнении] => Array
(
)

)


IMPORT Complete:
Array
(
    [Дата] => 26.07.2018 15:10:04
    [Сообщение] => 
        Time start: 2018.07.26 15:10:01
        Taked : 1546 cities,
        Loaded from Database: 1546 cities
        Deleted: 1546 cities,
        Added: 1546 cities
        Time end: 2018.07.04 15:10:04
    [Ошибки при выполнении] => Array
(
)

)


IMPORT Complete:
Array
(
    [Дата] => 26.07.2018 16:10:04
    [Сообщение] => 
        Time start: 2018.07.26 16:10:01
        Taked : 1546 cities,
        Loaded from Database: 1546 cities
        Deleted: 1546 cities,
        Added: 1546 cities
        Time end: 2018.07.04 16:10:04
    [Ошибки при выполнении] => Array
(
)

)


IMPORT Complete:
Array
(
    [Дата] => 26.07.2018 17:10:04
    [Сообщение] => 
        Time start: 2018.07.26 17:10:01
        Taked : 1546 cities,
        Loaded from Database: 1546 cities
        Deleted: 1546 cities,
        Added: 1546 cities
        Time end: 2018.07.04 17:10:04
    [Ошибки при выполнении] => Array
(
)

)


IMPORT Complete:
Array
(
    [Дата] => 26.07.2018 18:10:04
    [Сообщение] => 
        Time start: 2018.07.26 18:10:01
        Taked : 1546 cities,
        Loaded from Database: 1546 cities
        Deleted: 1546 cities,
        Added: 1546 cities
        Time end: 2018.07.04 18:10:04
    [Ошибки при выполнении] => Array
(
)

)


IMPORT Complete:
Array
(
    [Дата] => 26.07.2018 19:10:04
    [Сообщение] => 
        Time start: 2018.07.26 19:10:01
        Taked : 1546 cities,
        Loaded from Database: 1546 cities
        Deleted: 1546 cities,
        Added: 1546 cities
        Time end: 2018.07.04 19:10:04
    [Ошибки при выполнении] => Array
(
)

)


IMPORT Complete:
Array
(
    [Дата] => 26.07.2018 20:10:04
    [Сообщение] => 
        Time start: 2018.07.26 20:10:01
        Taked : 1546 cities,
        Loaded from Database: 1546 cities
        Deleted: 1546 cities,
        Added: 1546 cities
        Time end: 2018.07.04 20:10:04
    [Ошибки при выполнении] => Array
(
)

)


IMPORT Complete:
Array
(
    [Дата] => 26.07.2018 21:10:04
    [Сообщение] => 
        Time start: 2018.07.26 21:10:01
        Taked : 1546 cities,
        Loaded from Database: 1546 cities
        Deleted: 1546 cities,
        Added: 1546 cities
        Time end: 2018.07.04 21:10:04
    [Ошибки при выполнении] => Array
(
)

)


IMPORT Complete:
Array
(
    [Дата] => 26.07.2018 22:10:04
    [Сообщение] => 
        Time start: 2018.07.26 22:10:01
        Taked : 1546 cities,
        Loaded from Database: 1546 cities
        Deleted: 1546 cities,
        Added: 1546 cities
        Time end: 2018.07.04 22:10:04
    [Ошибки при выполнении] => Array
(
)

)


IMPORT Complete:
Array
(
    [Дата] => 26.07.2018 23:10:04
    [Сообщение] => 
        Time start: 2018.07.26 23:10:01
        Taked : 1546 cities,
        Loaded from Database: 1546 cities
        Deleted: 1546 cities,
        Added: 1546 cities
        Time end: 2018.07.04 23:10:04
    [Ошибки при выполнении] => Array
(
)

)


