IMPORT Complete:
Array
(
    [Дата] => 16.07.2018 15:46:51
    [Сообщение] => 
        Time start: 2018.07.16 15:46:50
        Taked : 1546 cities,
        Loaded from Database: 1526 cities
        Deleted: 1526 cities,
        Added: 1546 cities
        Time end: 2018.07.51 15:46:51
    [Ошибки при выполнении] => Array
(
)

)


IMPORT Complete:
Array
(
    [Дата] => 16.07.2018 16:02:57
    [Сообщение] => 
        Time start: 2018.07.16 16:02:56
        Taked : 1546 cities,
        Loaded from Database: 1546 cities
        Deleted: 1546 cities,
        Added: 1546 cities
        Time end: 2018.07.57 16:02:57
    [Ошибки при выполнении] => Array
(
)

)


IMPORT Complete:
Array
(
    [Дата] => 16.07.2018 16:03:02
    [Сообщение] => 
        Time start: 2018.07.16 16:03:01
        Taked : 1546 cities,
        Loaded from Database: 1546 cities
        Deleted: 1546 cities,
        Added: 1546 cities
        Time end: 2018.07.02 16:03:02
    [Ошибки при выполнении] => Array
(
)

)


IMPORT Complete:
Array
(
    [Дата] => 16.07.2018 16:03:05
    [Сообщение] => 
        Time start: 2018.07.16 16:03:04
        Taked : 1546 cities,
        Loaded from Database: 1546 cities
        Deleted: 1546 cities,
        Added: 1546 cities
        Time end: 2018.07.05 16:03:05
    [Ошибки при выполнении] => Array
(
)

)


IMPORT Complete:
Array
(
    [Дата] => 16.07.2018 17:10:02
    [Сообщение] => 
        Time start: 2018.07.16 17:10:01
        Taked : 1546 cities,
        Loaded from Database: 1546 cities
        Deleted: 1546 cities,
        Added: 1546 cities
        Time end: 2018.07.02 17:10:02
    [Ошибки при выполнении] => Array
(
)

)


IMPORT Complete:
Array
(
    [Дата] => 16.07.2018 18:10:02
    [Сообщение] => 
        Time start: 2018.07.16 18:10:01
        Taked : 1546 cities,
        Loaded from Database: 1546 cities
        Deleted: 1546 cities,
        Added: 1546 cities
        Time end: 2018.07.02 18:10:02
    [Ошибки при выполнении] => Array
(
)

)


IMPORT Complete:
Array
(
    [Дата] => 16.07.2018 19:10:02
    [Сообщение] => 
        Time start: 2018.07.16 19:10:01
        Taked : 1546 cities,
        Loaded from Database: 1546 cities
        Deleted: 1546 cities,
        Added: 1546 cities
        Time end: 2018.07.02 19:10:02
    [Ошибки при выполнении] => Array
(
)

)


IMPORT Complete:
Array
(
    [Дата] => 16.07.2018 20:10:03
    [Сообщение] => 
        Time start: 2018.07.16 20:10:01
        Taked : 1546 cities,
        Loaded from Database: 1546 cities
        Deleted: 1546 cities,
        Added: 1546 cities
        Time end: 2018.07.03 20:10:03
    [Ошибки при выполнении] => Array
(
)

)


IMPORT Complete:
Array
(
    [Дата] => 16.07.2018 21:10:03
    [Сообщение] => 
        Time start: 2018.07.16 21:10:01
        Taked : 1546 cities,
        Loaded from Database: 1546 cities
        Deleted: 1546 cities,
        Added: 1546 cities
        Time end: 2018.07.03 21:10:03
    [Ошибки при выполнении] => Array
(
)

)


IMPORT Complete:
Array
(
    [Дата] => 16.07.2018 22:10:03
    [Сообщение] => 
        Time start: 2018.07.16 22:10:01
        Taked : 1546 cities,
        Loaded from Database: 1546 cities
        Deleted: 1546 cities,
        Added: 1546 cities
        Time end: 2018.07.03 22:10:03
    [Ошибки при выполнении] => Array
(
)

)


IMPORT Complete:
Array
(
    [Дата] => 16.07.2018 23:10:03
    [Сообщение] => 
        Time start: 2018.07.16 23:10:01
        Taked : 1546 cities,
        Loaded from Database: 1546 cities
        Deleted: 1546 cities,
        Added: 1546 cities
        Time end: 2018.07.03 23:10:03
    [Ошибки при выполнении] => Array
(
)

)


