IMPORT Complete:
Array
(
    [Дата] => 11.09.2018 00:10:04
    [Сообщение] => 
        Time start: 2018.09.11 00:10:01
        Taked : 1546 cities,
        Loaded from Database: 1548 cities
        Deleted: 1548 cities,
        Added: 1546 cities
        Time end: 2018.09.04 00:10:04
    [Ошибки при выполнении] => Array
(
)

)


IMPORT Complete:
Array
(
    [Дата] => 11.09.2018 04:10:05
    [Сообщение] => 
        Time start: 2018.09.11 04:10:02
        Taked : 1546 cities,
        Loaded from Database: 1547 cities
        Deleted: 1547 cities,
        Added: 1546 cities
        Time end: 2018.09.05 04:10:05
    [Ошибки при выполнении] => Array
(
)

)


IMPORT Complete:
Array
(
    [Дата] => 11.09.2018 08:10:05
    [Сообщение] => 
        Time start: 2018.09.11 08:10:01
        Taked : 1546 cities,
        Loaded from Database: 1548 cities
        Deleted: 1548 cities,
        Added: 1546 cities
        Time end: 2018.09.05 08:10:05
    [Ошибки при выполнении] => Array
(
)

)


IMPORT Complete:
Array
(
    [Дата] => 11.09.2018 12:10:05
    [Сообщение] => 
        Time start: 2018.09.11 12:10:02
        Taked : 1546 cities,
        Loaded from Database: 1548 cities
        Deleted: 1548 cities,
        Added: 1546 cities
        Time end: 2018.09.05 12:10:05
    [Ошибки при выполнении] => Array
(
)

)


IMPORT Complete:
Array
(
    [Дата] => 11.09.2018 16:10:04
    [Сообщение] => 
        Time start: 2018.09.11 16:10:01
        Taked : 1546 cities,
        Loaded from Database: 1554 cities
        Deleted: 1554 cities,
        Added: 1546 cities
        Time end: 2018.09.04 16:10:04
    [Ошибки при выполнении] => Array
(
)

)


IMPORT Complete:
Array
(
    [Дата] => 11.09.2018 20:10:05
    [Сообщение] => 
        Time start: 2018.09.11 20:10:01
        Taked : 1546 cities,
        Loaded from Database: 1551 cities
        Deleted: 1551 cities,
        Added: 1546 cities
        Time end: 2018.09.05 20:10:05
    [Ошибки при выполнении] => Array
(
)

)


