-------------------[ START ]-------------------
Time start:2018-07-12 23:00
Time end:2018-07-12 23:00
--------------------[ END ]--------------------
<br><a href="/i/google_reviews.xml" target="_blank">OPEN FILE</a>
-------------------[ START ]-------------------
Time start:2018-07-13 23:00
Time end:2018-07-13 23:00
--------------------[ END ]--------------------
<br><a href="/i/google_reviews.xml" target="_blank">OPEN FILE</a>
-------------------[ START ]-------------------
Time start:2018-07-14 23:00
Time end:2018-07-14 23:00
--------------------[ END ]--------------------
<br><a href="/i/google_reviews.xml" target="_blank">OPEN FILE</a>
-------------------[ START ]-------------------
Time start:2018-07-15 23:00
Time end:2018-07-15 23:00
--------------------[ END ]--------------------
<br><a href="/i/google_reviews.xml" target="_blank">OPEN FILE</a>
-------------------[ START ]-------------------
Time start:2018-07-16 23:00
Time end:2018-07-16 23:00
--------------------[ END ]--------------------
<br><a href="/i/google_reviews.xml" target="_blank">OPEN FILE</a>
-------------------[ START ]-------------------
Time start:2018-07-17 23:00
Time end:2018-07-17 23:00
--------------------[ END ]--------------------
<br><a href="/i/google_reviews.xml" target="_blank">OPEN FILE</a>
-------------------[ START ]-------------------
Time start:2018-07-18 15:56
Time end:2018-07-18 15:56
--------------------[ END ]--------------------
<br><a href="/i/google_reviews.xml" target="_blank">OPEN FILE</a>
-------------------[ START ]-------------------
Time start:2018-07-18 15:56
Time end:2018-07-18 15:56
--------------------[ END ]--------------------
<br><a href="/i/google_reviews.xml" target="_blank">OPEN FILE</a>
-------------------[ START ]-------------------
Time start:2018-07-18 15:57
Time end:2018-07-18 15:57
--------------------[ END ]--------------------
<br><a href="/i/google_reviews.xml" target="_blank">OPEN FILE</a>
-------------------[ START ]-------------------
Time start:2018-07-18 23:00
Time end:2018-07-18 23:00
--------------------[ END ]--------------------
<br><a href="/i/google_reviews.xml" target="_blank">OPEN FILE</a>
-------------------[ START ]-------------------
Time start:2018-07-19 23:00
Time end:2018-07-19 23:00
--------------------[ END ]--------------------
<br><a href="/i/google_reviews.xml" target="_blank">OPEN FILE</a>
-------------------[ START ]-------------------
Time start:2018-07-20 23:00
Time end:2018-07-20 23:00
--------------------[ END ]--------------------
<br><a href="/i/google_reviews.xml" target="_blank">OPEN FILE</a>
-------------------[ START ]-------------------
Time start:2018-07-21 23:00
Time end:2018-07-21 23:00
--------------------[ END ]--------------------
<br><a href="/i/google_reviews.xml" target="_blank">OPEN FILE</a>
-------------------[ START ]-------------------
Time start:2018-07-22 23:00
Time end:2018-07-22 23:00
--------------------[ END ]--------------------
<br><a href="/i/google_reviews.xml" target="_blank">OPEN FILE</a>
-------------------[ START ]-------------------
Time START:2018-07-23 23:00
-------------------[ END ]-------------------
Time END:2018-07-23 23:00
-------------------[ START ]-------------------
Time START:2018-07-24 23:00
-------------------[ END ]-------------------
Time END:2018-07-24 23:00
-------------------[ START ]-------------------
Time START:2018-07-25 23:00
-------------------[ END ]-------------------
Time END:2018-07-25 23:00
-------------------[ START ]-------------------
Time START:2018-07-26 23:00
-------------------[ END ]-------------------
Time END:2018-07-26 23:00
-------------------[ START ]-------------------
Time START:2018-07-27 23:00
-------------------[ END ]-------------------
Time END:2018-07-27 23:00
-------------------[ START ]-------------------
Time START:2018-07-28 23:00
-------------------[ END ]-------------------
Time END:2018-07-28 23:00
-------------------[ START ]-------------------
Time START:2018-07-29 23:00
-------------------[ END ]-------------------
Time END:2018-07-29 23:00
-------------------[ START ]-------------------
Time START:2018-07-30 23:00
-------------------[ END ]-------------------
Time END:2018-07-30 23:00
-------------------[ START ]-------------------
Time START:2018-07-31 23:00
-------------------[ END ]-------------------
Time END:2018-07-31 23:00
-------------------[ START ]-------------------
Time START:2018-08-01 23:00
-------------------[ END ]-------------------
Time END:2018-08-01 23:00
-------------------[ START ]-------------------
Time START:2018-08-02 23:00
-------------------[ END ]-------------------
Time END:2018-08-02 23:00
-------------------[ START ]-------------------
Time START:2018-08-03 23:00
-------------------[ END ]-------------------
Time END:2018-08-03 23:00
-------------------[ START ]-------------------
Time START:2018-08-04 23:00
-------------------[ END ]-------------------
Time END:2018-08-04 23:00
-------------------[ START ]-------------------
Time START:2018-08-05 23:00
-------------------[ END ]-------------------
Time END:2018-08-05 23:00
-------------------[ START ]-------------------
Time START:2018-08-06 23:00
-------------------[ END ]-------------------
Time END:2018-08-06 23:00
-------------------[ START ]-------------------
Time START:2018-08-07 23:00
-------------------[ END ]-------------------
Time END:2018-08-07 23:00
-------------------[ START ]-------------------
Time START:2018-08-08 23:00
-------------------[ END ]-------------------
Time END:2018-08-08 23:00
-------------------[ START ]-------------------
Time START:2018-08-09 23:00
-------------------[ END ]-------------------
Time END:2018-08-09 23:00
-------------------[ START ]-------------------
Time START:2018-08-10 23:00
-------------------[ END ]-------------------
Time END:2018-08-10 23:00
-------------------[ START ]-------------------
Time START:2018-08-11 23:00
-------------------[ END ]-------------------
Time END:2018-08-11 23:00
-------------------[ START ]-------------------
Time START:2018-08-12 23:00
-------------------[ END ]-------------------
Time END:2018-08-12 23:00
-------------------[ START ]-------------------
Time START:2018-08-13 23:00
-------------------[ END ]-------------------
Time END:2018-08-13 23:00
-------------------[ START ]-------------------
Time START:2018-08-14 23:00
-------------------[ END ]-------------------
Time END:2018-08-14 23:00
-------------------[ START ]-------------------
Time START:2018-08-15 23:00
-------------------[ END ]-------------------
Time END:2018-08-15 23:00
-------------------[ START ]-------------------
Time START:2018-08-16 23:00
-------------------[ END ]-------------------
Time END:2018-08-16 23:00
-------------------[ START ]-------------------
Time START:2018-08-17 23:00
-------------------[ END ]-------------------
Time END:2018-08-17 23:00
-------------------[ START ]-------------------
Time START:2018-08-18 23:00
-------------------[ END ]-------------------
Time END:2018-08-18 23:00
-------------------[ START ]-------------------
Time START:2018-08-19 23:00
-------------------[ END ]-------------------
Time END:2018-08-19 23:00
-------------------[ START ]-------------------
Time START:2018-08-20 23:00
-------------------[ END ]-------------------
Time END:2018-08-20 23:00
-------------------[ START ]-------------------
Time START:2018-08-21 23:00
-------------------[ END ]-------------------
Time END:2018-08-21 23:00
-------------------[ START ]-------------------
Time START:2018-08-22 23:00
-------------------[ END ]-------------------
Time END:2018-08-22 23:00
-------------------[ START ]-------------------
Time START:2018-08-23 23:00
-------------------[ END ]-------------------
Time END:2018-08-23 23:00
-------------------[ START ]-------------------
Time START:2018-08-24 23:00
-------------------[ END ]-------------------
Time END:2018-08-24 23:00
-------------------[ START ]-------------------
Time START:2018-08-25 23:00
-------------------[ END ]-------------------
Time END:2018-08-25 23:00
-------------------[ START ]-------------------
Time START:2018-08-26 23:00
-------------------[ END ]-------------------
Time END:2018-08-26 23:00
-------------------[ START ]-------------------
Time START:2018-08-27 23:00
-------------------[ END ]-------------------
Time END:2018-08-27 23:00
-------------------[ START ]-------------------
Time START:2018-08-28 23:00
-------------------[ END ]-------------------
Time END:2018-08-28 23:00
-------------------[ START ]-------------------
Time START:2018-08-29 23:00
-------------------[ END ]-------------------
Time END:2018-08-29 23:00
-------------------[ START ]-------------------
Time START:2018-08-30 23:00
-------------------[ END ]-------------------
Time END:2018-08-30 23:00
-------------------[ START ]-------------------
Time START:2018-08-31 23:00
-------------------[ END ]-------------------
Time END:2018-08-31 23:00
-------------------[ START ]-------------------
Time START:2018-09-01 23:00
-------------------[ END ]-------------------
Time END:2018-09-01 23:00
-------------------[ START ]-------------------
Time START:2018-09-02 23:00
-------------------[ END ]-------------------
Time END:2018-09-02 23:00
-------------------[ START ]-------------------
Time START:2018-09-03 23:00
-------------------[ END ]-------------------
Time END:2018-09-03 23:00
-------------------[ START ]-------------------
Time START:2018-09-04 23:00
-------------------[ END ]-------------------
Time END:2018-09-04 23:00
-------------------[ START ]-------------------
Time START:2018-09-05 23:00
-------------------[ END ]-------------------
Time END:2018-09-05 23:00
-------------------[ START ]-------------------
Time START:2018-09-06 23:00
-------------------[ END ]-------------------
Time END:2018-09-06 23:00
-------------------[ START ]-------------------
Time START:2018-09-07 23:00
-------------------[ END ]-------------------
Time END:2018-09-07 23:00
-------------------[ START ]-------------------
Time START:2018-09-08 23:00
-------------------[ END ]-------------------
Time END:2018-09-08 23:00
-------------------[ START ]-------------------
Time START:2018-09-09 23:00
-------------------[ END ]-------------------
Time END:2018-09-09 23:00
-------------------[ START ]-------------------
Time START:2018-09-10 23:00
-------------------[ END ]-------------------
Time END:2018-09-10 23:00
-------------------[ START ]-------------------
Time START:2018-09-11 23:00
-------------------[ END ]-------------------
Time END:2018-09-11 23:00
-------------------[ START ]-------------------
Time START:2018-09-12 23:00
-------------------[ END ]-------------------
Time END:2018-09-12 23:00
-------------------[ START ]-------------------
Time START:2018-09-13 23:00
-------------------[ END ]-------------------
Time END:2018-09-13 23:00
-------------------[ START ]-------------------
Time START:2018-09-14 23:00
-------------------[ END ]-------------------
Time END:2018-09-14 23:00
-------------------[ START ]-------------------
Time START:2018-09-15 23:00
-------------------[ END ]-------------------
Time END:2018-09-15 23:00
-------------------[ START ]-------------------
Time START:2018-09-16 23:00
-------------------[ END ]-------------------
Time END:2018-09-16 23:00
-------------------[ START ]-------------------
Time START:2018-09-17 23:00
-------------------[ END ]-------------------
Time END:2018-09-17 23:00
-------------------[ START ]-------------------
Time START:2018-09-18 23:00
-------------------[ END ]-------------------
Time END:2018-09-18 23:00
