
Fatal error: require(): Failed opening required '/bitrix/modules/main/include/prolog_before.php' (include_path='.:/usr/share/pear:/usr/share/php') in /home/bitrix/www/i/trackad.php on line 9

Fatal error: require(): Failed opening required '/bitrix/modules/main/include/prolog_before.php' (include_path='.:/usr/share/pear:/usr/share/php') in /home/bitrix/www/i/trackad.php on line 9

Fatal error: require(): Failed opening required '/bitrix/modules/main/include/prolog_before.php' (include_path='.:/usr/share/pear:/usr/share/php') in /home/bitrix/www/i/trackad.php on line 9

Fatal error: require(): Failed opening required '/bitrix/modules/main/include/prolog_before.php' (include_path='.:/usr/share/pear:/usr/share/php') in /home/bitrix/www/i/trackad.php on line 9

Fatal error: require(): Failed opening required '/bitrix/modules/main/include/prolog_before.php' (include_path='.:/usr/share/pear:/usr/share/php') in /home/bitrix/www/i/trackad.php on line 9

Fatal error: require(): Failed opening required '/bitrix/modules/main/include/prolog_before.php' (include_path='.:/usr/share/pear:/usr/share/php') in /home/bitrix/www/i/trackad.php on line 9

Fatal error: require(): Failed opening required '/bitrix/modules/main/include/prolog_before.php' (include_path='.:/usr/share/pear:/usr/share/php') in /home/bitrix/www/i/trackad.php on line 9

Fatal error: require(): Failed opening required '/bitrix/modules/main/include/prolog_before.php' (include_path='.:/usr/share/pear:/usr/share/php') in /home/bitrix/www/i/trackad.php on line 9

Fatal error: require(): Failed opening required '/bitrix/modules/main/include/prolog_before.php' (include_path='.:/usr/share/pear:/usr/share/php') in /home/bitrix/www/i/trackad.php on line 9

Fatal error: require(): Failed opening required '/bitrix/modules/main/include/prolog_before.php' (include_path='.:/usr/share/pear:/usr/share/php') in /home/bitrix/www/i/trackad.php on line 9

Fatal error: require(): Failed opening required '/bitrix/modules/main/include/prolog_before.php' (include_path='.:/usr/share/pear:/usr/share/php') in /home/bitrix/www/i/trackad.php on line 9

Fatal error: require(): Failed opening required '/bitrix/modules/main/include/prolog_before.php' (include_path='.:/usr/share/pear:/usr/share/php') in /home/bitrix/www/i/trackad.php on line 9

Fatal error: require(): Failed opening required '/bitrix/modules/main/include/prolog_before.php' (include_path='.:/usr/share/pear:/usr/share/php') in /home/bitrix/www/i/trackad.php on line 9

Fatal error: require(): Failed opening required '/bitrix/modules/main/include/prolog_before.php' (include_path='.:/usr/share/pear:/usr/share/php') in /home/bitrix/www/i/trackad.php on line 9

Fatal error: require(): Failed opening required '/bitrix/modules/main/include/prolog_before.php' (include_path='.:/usr/share/pear:/usr/share/php') in /home/bitrix/www/i/trackad.php on line 9

Fatal error: require(): Failed opening required '/bitrix/modules/main/include/prolog_before.php' (include_path='.:/usr/share/pear:/usr/share/php') in /home/bitrix/www/i/trackad.php on line 9

Fatal error: require(): Failed opening required '/bitrix/modules/main/include/prolog_before.php' (include_path='.:/usr/share/pear:/usr/share/php') in /home/bitrix/www/i/trackad.php on line 9

Fatal error: require(): Failed opening required '/bitrix/modules/main/include/prolog_before.php' (include_path='.:/usr/share/pear:/usr/share/php') in /home/bitrix/www/i/trackad.php on line 9

Fatal error: require(): Failed opening required '/bitrix/modules/main/include/prolog_before.php' (include_path='.:/usr/share/pear:/usr/share/php') in /home/bitrix/www/i/trackad.php on line 9

Fatal error: require(): Failed opening required '/bitrix/modules/main/include/prolog_before.php' (include_path='.:/usr/share/pear:/usr/share/php') in /home/bitrix/www/i/trackad.php on line 9

Fatal error: require(): Failed opening required '/bitrix/modules/main/include/prolog_before.php' (include_path='.:/usr/share/pear:/usr/share/php') in /home/bitrix/www/i/trackad.php on line 9
-------------------[ START ]-------------------
Time start:2018-01-30 14:00
Time end:2018-01-30 14:00
--------------------[ END ]--------------------
-------------------[ START ]-------------------
Time start:2018-01-30 16:00
Time end:2018-01-30 16:00
--------------------[ END ]--------------------
-------------------[ START ]-------------------
Time start:2018-01-30 18:00
Time end:2018-01-30 18:00
--------------------[ END ]--------------------
-------------------[ START ]-------------------
Time start:2018-01-30 20:00
Time end:2018-01-30 20:00
--------------------[ END ]--------------------
-------------------[ START ]-------------------
Time start:2018-01-30 22:00
Time end:2018-01-30 22:00
--------------------[ END ]--------------------
-------------------[ START ]-------------------
Time start:2018-01-31 00:00
Time end:2018-01-31 00:00
--------------------[ END ]--------------------
-------------------[ START ]-------------------
Time start:2018-01-31 02:00
Time end:2018-01-31 02:00
--------------------[ END ]--------------------
-------------------[ START ]-------------------
Time start:2018-01-31 04:00
Time end:2018-01-31 04:00
--------------------[ END ]--------------------
-------------------[ START ]-------------------
Time start:2018-01-31 06:00
Time end:2018-01-31 06:00
--------------------[ END ]--------------------
-------------------[ START ]-------------------
Time start:2018-01-31 08:00
Time end:2018-01-31 08:00
--------------------[ END ]--------------------
-------------------[ START ]-------------------
Time start:2018-01-31 10:00
Time end:2018-01-31 10:00
--------------------[ END ]--------------------
-------------------[ START ]-------------------
Time start:2018-01-31 12:00
Time end:2018-01-31 12:00
--------------------[ END ]--------------------
-------------------[ START ]-------------------
Time start:2018-01-31 14:00
Time end:2018-01-31 14:00
--------------------[ END ]--------------------
-------------------[ START ]-------------------
Time start:2018-01-31 16:00
Time end:2018-01-31 16:00
--------------------[ END ]--------------------
-------------------[ START ]-------------------
Time start:2018-01-31 18:00
Time end:2018-01-31 18:00
--------------------[ END ]--------------------
-------------------[ START ]-------------------
Time start:2018-01-31 20:00
Time end:2018-01-31 20:00
--------------------[ END ]--------------------
-------------------[ START ]-------------------
Time start:2018-01-31 22:00
Time end:2018-01-31 22:00
--------------------[ END ]--------------------
-------------------[ START ]-------------------
Time start:2018-02-01 00:00
Time end:2018-02-01 00:00
--------------------[ END ]--------------------
-------------------[ START ]-------------------
Time start:2018-02-01 02:00
Time end:2018-02-01 02:00
--------------------[ END ]--------------------
-------------------[ START ]-------------------
Time start:2018-02-01 04:00
Time end:2018-02-01 04:00
--------------------[ END ]--------------------
-------------------[ START ]-------------------
Time start:2018-02-01 06:00
Time end:2018-02-01 06:00
--------------------[ END ]--------------------
-------------------[ START ]-------------------
Time start:2018-02-01 08:00
Time end:2018-02-01 08:00
--------------------[ END ]--------------------
-------------------[ START ]-------------------
Time start:2018-02-01 10:00
Time end:2018-02-01 10:00
--------------------[ END ]--------------------
-------------------[ START ]-------------------
Time start:2018-02-01 12:00
Time end:2018-02-01 12:00
--------------------[ END ]--------------------
-------------------[ START ]-------------------
Time start:2018-02-01 14:00
Time end:2018-02-01 14:00
--------------------[ END ]--------------------
-------------------[ START ]-------------------
Time start:2018-02-01 16:00
Time end:2018-02-01 16:00
--------------------[ END ]--------------------
-------------------[ START ]-------------------
Time start:2018-02-01 18:00
Time end:2018-02-01 18:00
--------------------[ END ]--------------------
-------------------[ START ]-------------------
Time start:2018-02-01 20:00
Time end:2018-02-01 20:00
--------------------[ END ]--------------------
-------------------[ START ]-------------------
Time start:2018-02-01 22:00
Time end:2018-02-01 22:00
--------------------[ END ]--------------------
-------------------[ START ]-------------------
Time start:2018-02-02 00:00
Time end:2018-02-02 00:00
--------------------[ END ]--------------------
-------------------[ START ]-------------------
Time start:2018-02-02 02:00
Time end:2018-02-02 02:00
--------------------[ END ]--------------------
-------------------[ START ]-------------------
Time start:2018-02-02 04:00
Time end:2018-02-02 04:00
--------------------[ END ]--------------------
-------------------[ START ]-------------------
Time start:2018-02-02 06:00
Time end:2018-02-02 06:00
--------------------[ END ]--------------------
-------------------[ START ]-------------------
Time start:2018-02-02 08:00
Time end:2018-02-02 08:00
--------------------[ END ]--------------------
-------------------[ START ]-------------------
Time start:2018-02-02 10:00
Time end:2018-02-02 10:00
--------------------[ END ]--------------------
-------------------[ START ]-------------------
Time start:2018-02-02 12:00
Time end:2018-02-02 12:00
--------------------[ END ]--------------------
-------------------[ START ]-------------------
Time start:2018-02-02 14:00
Time end:2018-02-02 14:00
--------------------[ END ]--------------------
-------------------[ START ]-------------------
Time start:2018-02-02 16:00
Time end:2018-02-02 16:00
--------------------[ END ]--------------------
-------------------[ START ]-------------------
Time start:2018-02-02 18:00
Time end:2018-02-02 18:00
--------------------[ END ]--------------------
-------------------[ START ]-------------------
Time start:2018-02-02 20:00
Time end:2018-02-02 20:00
--------------------[ END ]--------------------
-------------------[ START ]-------------------
Time start:2018-02-02 22:00
Time end:2018-02-02 22:00
--------------------[ END ]--------------------
-------------------[ START ]-------------------
Time start:2018-02-03 00:00
Time end:2018-02-03 00:00
--------------------[ END ]--------------------
-------------------[ START ]-------------------
Time start:2018-02-03 02:00
Time end:2018-02-03 02:00
--------------------[ END ]--------------------
-------------------[ START ]-------------------
Time start:2018-02-03 04:00
Time end:2018-02-03 04:00
--------------------[ END ]--------------------
-------------------[ START ]-------------------
Time start:2018-02-03 06:00
Time end:2018-02-03 06:00
--------------------[ END ]--------------------
-------------------[ START ]-------------------
Time start:2018-02-03 08:00
Time end:2018-02-03 08:00
--------------------[ END ]--------------------
-------------------[ START ]-------------------
Time start:2018-02-03 10:00
Time end:2018-02-03 10:00
--------------------[ END ]--------------------
-------------------[ START ]-------------------
Time start:2018-02-03 12:00
Time end:2018-02-03 12:00
--------------------[ END ]--------------------
-------------------[ START ]-------------------
Time start:2018-02-03 14:00
Time end:2018-02-03 14:00
--------------------[ END ]--------------------
-------------------[ START ]-------------------
Time start:2018-02-03 16:00
Time end:2018-02-03 16:00
--------------------[ END ]--------------------
-------------------[ START ]-------------------
Time start:2018-02-03 18:00
Time end:2018-02-03 18:00
--------------------[ END ]--------------------
-------------------[ START ]-------------------
Time start:2018-02-03 20:00
Time end:2018-02-03 20:00
--------------------[ END ]--------------------
-------------------[ START ]-------------------
Time start:2018-02-03 22:00
Time end:2018-02-03 22:00
--------------------[ END ]--------------------
-------------------[ START ]-------------------
Time start:2018-02-04 00:00
Time end:2018-02-04 00:00
--------------------[ END ]--------------------
-------------------[ START ]-------------------
Time start:2018-02-04 02:00
Time end:2018-02-04 02:00
--------------------[ END ]--------------------
-------------------[ START ]-------------------
Time start:2018-02-04 04:00
Time end:2018-02-04 04:00
--------------------[ END ]--------------------
-------------------[ START ]-------------------
Time start:2018-02-04 06:00
Time end:2018-02-04 06:00
--------------------[ END ]--------------------
-------------------[ START ]-------------------
Time start:2018-02-04 08:00
Time end:2018-02-04 08:00
--------------------[ END ]--------------------
-------------------[ START ]-------------------
Time start:2018-02-04 10:00
Time end:2018-02-04 10:00
--------------------[ END ]--------------------
-------------------[ START ]-------------------
Time start:2018-02-04 12:00
Time end:2018-02-04 12:00
--------------------[ END ]--------------------
-------------------[ START ]-------------------
Time start:2018-02-04 14:00
Time end:2018-02-04 14:00
--------------------[ END ]--------------------
-------------------[ START ]-------------------
Time start:2018-02-04 16:00
Time end:2018-02-04 16:00
--------------------[ END ]--------------------
-------------------[ START ]-------------------
Time start:2018-02-04 18:00
Time end:2018-02-04 18:00
--------------------[ END ]--------------------
-------------------[ START ]-------------------
Time start:2018-02-04 20:00
Time end:2018-02-04 20:00
--------------------[ END ]--------------------
-------------------[ START ]-------------------
Time start:2018-02-04 22:00
Time end:2018-02-04 22:00
--------------------[ END ]--------------------
-------------------[ START ]-------------------
Time start:2018-02-05 00:00
Time end:2018-02-05 00:00
--------------------[ END ]--------------------
-------------------[ START ]-------------------
Time start:2018-02-05 02:00
Time end:2018-02-05 02:00
--------------------[ END ]--------------------
-------------------[ START ]-------------------
Time start:2018-02-05 04:00
Time end:2018-02-05 04:00
--------------------[ END ]--------------------
-------------------[ START ]-------------------
Time start:2018-02-05 06:00
Time end:2018-02-05 06:00
--------------------[ END ]--------------------
-------------------[ START ]-------------------
Time start:2018-02-05 08:00
Time end:2018-02-05 08:00
--------------------[ END ]--------------------
-------------------[ START ]-------------------
Time start:2018-02-05 10:00
Time end:2018-02-05 10:00
--------------------[ END ]--------------------
-------------------[ START ]-------------------
Time start:2018-02-05 12:00
Time end:2018-02-05 12:00
--------------------[ END ]--------------------
-------------------[ START ]-------------------
Time start:2018-02-05 14:00
Time end:2018-02-05 14:00
--------------------[ END ]--------------------
-------------------[ START ]-------------------
Time start:2018-02-05 16:00
Time end:2018-02-05 16:00
--------------------[ END ]--------------------
-------------------[ START ]-------------------
Time start:2018-02-05 18:00
Time end:2018-02-05 18:00
--------------------[ END ]--------------------
-------------------[ START ]-------------------
Time start:2018-02-05 20:00
Time end:2018-02-05 20:00
--------------------[ END ]--------------------
-------------------[ START ]-------------------
Time start:2018-02-05 22:00
Time end:2018-02-05 22:00
--------------------[ END ]--------------------
-------------------[ START ]-------------------
Time start:2018-02-06 00:00
Time end:2018-02-06 00:00
--------------------[ END ]--------------------
-------------------[ START ]-------------------
Time start:2018-02-06 02:00
Time end:2018-02-06 02:00
--------------------[ END ]--------------------
-------------------[ START ]-------------------
Time start:2018-02-06 04:00
Time end:2018-02-06 04:00
--------------------[ END ]--------------------
-------------------[ START ]-------------------
Time start:2018-02-06 06:00
Time end:2018-02-06 06:00
--------------------[ END ]--------------------
-------------------[ START ]-------------------
Time start:2018-02-06 08:00
Time end:2018-02-06 08:00
--------------------[ END ]--------------------
-------------------[ START ]-------------------
Time start:2018-02-06 10:00
Time end:2018-02-06 10:00
--------------------[ END ]--------------------
-------------------[ START ]-------------------
Time start:2018-02-06 12:00
Time end:2018-02-06 12:00
--------------------[ END ]--------------------
-------------------[ START ]-------------------
Time start:2018-02-06 14:00
Time end:2018-02-06 14:00
--------------------[ END ]--------------------
-------------------[ START ]-------------------
Time start:2018-02-06 16:00
Time end:2018-02-06 16:00
--------------------[ END ]--------------------
-------------------[ START ]-------------------
Time start:2018-02-06 18:00
Time end:2018-02-06 18:00
--------------------[ END ]--------------------
-------------------[ START ]-------------------
Time start:2018-02-06 20:00
Time end:2018-02-06 20:00
--------------------[ END ]--------------------
-------------------[ START ]-------------------
Time start:2018-02-06 22:00
Time end:2018-02-06 22:00
--------------------[ END ]--------------------
-------------------[ START ]-------------------
Time start:2018-02-07 00:00
Time end:2018-02-07 00:00
--------------------[ END ]--------------------
-------------------[ START ]-------------------
Time start:2018-02-07 02:00
Time end:2018-02-07 02:00
--------------------[ END ]--------------------
-------------------[ START ]-------------------
Time start:2018-02-07 04:00
Time end:2018-02-07 04:00
--------------------[ END ]--------------------
-------------------[ START ]-------------------
Time start:2018-02-07 06:00
Time end:2018-02-07 06:00
--------------------[ END ]--------------------
-------------------[ START ]-------------------
Time start:2018-02-07 08:00
Time end:2018-02-07 08:00
--------------------[ END ]--------------------
-------------------[ START ]-------------------
Time start:2018-02-07 10:00
Time end:2018-02-07 10:00
--------------------[ END ]--------------------
-------------------[ START ]-------------------
Time start:2018-02-07 12:00
Time end:2018-02-07 12:00
--------------------[ END ]--------------------
-------------------[ START ]-------------------
Time start:2018-02-07 14:00
Time end:2018-02-07 14:00
--------------------[ END ]--------------------
-------------------[ START ]-------------------
Time start:2018-02-07 16:00
Time end:2018-02-07 16:00
--------------------[ END ]--------------------
-------------------[ START ]-------------------
Time start:2018-02-07 18:00
Time end:2018-02-07 18:00
--------------------[ END ]--------------------
-------------------[ START ]-------------------
Time start:2018-02-07 20:00
Time end:2018-02-07 20:00
--------------------[ END ]--------------------
-------------------[ START ]-------------------
Time start:2018-02-07 22:00
Time end:2018-02-07 22:00
--------------------[ END ]--------------------
-------------------[ START ]-------------------
Time start:2018-02-08 00:00
Time end:2018-02-08 00:00
--------------------[ END ]--------------------
-------------------[ START ]-------------------
Time start:2018-02-08 02:00
Time end:2018-02-08 02:00
--------------------[ END ]--------------------
-------------------[ START ]-------------------
Time start:2018-02-08 04:00
Time end:2018-02-08 04:00
--------------------[ END ]--------------------
-------------------[ START ]-------------------
Time start:2018-02-08 06:00
Time end:2018-02-08 06:00
--------------------[ END ]--------------------
-------------------[ START ]-------------------
Time start:2018-02-08 08:00
Time end:2018-02-08 08:00
--------------------[ END ]--------------------
-------------------[ START ]-------------------
Time start:2018-02-08 10:00
Time end:2018-02-08 10:00
--------------------[ END ]--------------------
-------------------[ START ]-------------------
Time start:2018-02-08 12:00
Time end:2018-02-08 12:00
--------------------[ END ]--------------------
-------------------[ START ]-------------------
Time start:2018-02-08 14:00
Time end:2018-02-08 14:00
--------------------[ END ]--------------------
-------------------[ START ]-------------------
Time start:2018-02-08 16:00
Time end:2018-02-08 16:00
--------------------[ END ]--------------------
-------------------[ START ]-------------------
Time start:2018-02-08 18:00
Time end:2018-02-08 18:00
--------------------[ END ]--------------------
-------------------[ START ]-------------------
Time start:2018-02-08 20:00
Time end:2018-02-08 20:00
--------------------[ END ]--------------------
-------------------[ START ]-------------------
Time start:2018-02-08 22:00
Time end:2018-02-08 22:00
--------------------[ END ]--------------------
-------------------[ START ]-------------------
Time start:2018-02-09 00:00
Time end:2018-02-09 00:00
--------------------[ END ]--------------------
-------------------[ START ]-------------------
Time start:2018-02-09 02:00
Time end:2018-02-09 02:00
--------------------[ END ]--------------------
-------------------[ START ]-------------------
Time start:2018-02-09 04:00
Time end:2018-02-09 04:00
--------------------[ END ]--------------------
-------------------[ START ]-------------------
Time start:2018-02-09 06:00
Time end:2018-02-09 06:00
--------------------[ END ]--------------------
-------------------[ START ]-------------------
Time start:2018-02-09 08:00
Time end:2018-02-09 08:00
--------------------[ END ]--------------------
-------------------[ START ]-------------------
Time start:2018-02-09 10:00
Time end:2018-02-09 10:00
--------------------[ END ]--------------------
-------------------[ START ]-------------------
Time start:2018-02-09 12:00
Time end:2018-02-09 12:00
--------------------[ END ]--------------------
-------------------[ START ]-------------------
Time start:2018-02-09 14:00
Time end:2018-02-09 14:00
--------------------[ END ]--------------------
-------------------[ START ]-------------------
Time start:2018-02-09 16:00
Time end:2018-02-09 16:00
--------------------[ END ]--------------------
-------------------[ START ]-------------------
Time start:2018-02-09 18:00
Time end:2018-02-09 18:00
--------------------[ END ]--------------------
-------------------[ START ]-------------------
Time start:2018-02-09 20:00
Time end:2018-02-09 20:00
--------------------[ END ]--------------------
-------------------[ START ]-------------------
Time start:2018-02-09 22:00
Time end:2018-02-09 22:00
--------------------[ END ]--------------------
-------------------[ START ]-------------------
Time start:2018-02-10 00:00
Time end:2018-02-10 00:00
--------------------[ END ]--------------------
-------------------[ START ]-------------------
Time start:2018-02-10 02:00
Time end:2018-02-10 02:00
--------------------[ END ]--------------------
-------------------[ START ]-------------------
Time start:2018-02-10 04:00
Time end:2018-02-10 04:00
--------------------[ END ]--------------------
-------------------[ START ]-------------------
Time start:2018-02-10 06:00
Time end:2018-02-10 06:00
--------------------[ END ]--------------------
-------------------[ START ]-------------------
Time start:2018-02-10 08:00
Time end:2018-02-10 08:00
--------------------[ END ]--------------------
-------------------[ START ]-------------------
Time start:2018-02-10 10:00
Time end:2018-02-10 10:00
--------------------[ END ]--------------------
-------------------[ START ]-------------------
Time start:2018-02-10 12:00
Time end:2018-02-10 12:00
--------------------[ END ]--------------------
-------------------[ START ]-------------------
Time start:2018-02-10 14:00
Time end:2018-02-10 14:00
--------------------[ END ]--------------------
-------------------[ START ]-------------------
Time start:2018-02-10 16:00
Time end:2018-02-10 16:00
--------------------[ END ]--------------------
-------------------[ START ]-------------------
Time start:2018-02-10 18:00
Time end:2018-02-10 18:00
--------------------[ END ]--------------------
-------------------[ START ]-------------------
Time start:2018-02-10 20:00
Time end:2018-02-10 20:00
--------------------[ END ]--------------------
-------------------[ START ]-------------------
Time start:2018-02-10 22:00
Time end:2018-02-10 22:00
--------------------[ END ]--------------------
-------------------[ START ]-------------------
Time start:2018-02-11 00:00
Time end:2018-02-11 00:00
--------------------[ END ]--------------------
-------------------[ START ]-------------------
Time start:2018-02-11 02:00
Time end:2018-02-11 02:00
--------------------[ END ]--------------------
-------------------[ START ]-------------------
Time start:2018-02-11 04:00
Time end:2018-02-11 04:00
--------------------[ END ]--------------------
-------------------[ START ]-------------------
Time start:2018-02-11 06:00
Time end:2018-02-11 06:00
--------------------[ END ]--------------------
-------------------[ START ]-------------------
Time start:2018-02-11 08:00
Time end:2018-02-11 08:00
--------------------[ END ]--------------------
-------------------[ START ]-------------------
Time start:2018-02-11 10:00
Time end:2018-02-11 10:00
--------------------[ END ]--------------------
-------------------[ START ]-------------------
Time start:2018-02-11 12:00
Time end:2018-02-11 12:00
--------------------[ END ]--------------------
-------------------[ START ]-------------------
Time start:2018-02-11 14:00
Time end:2018-02-11 14:00
--------------------[ END ]--------------------
-------------------[ START ]-------------------
Time start:2018-02-11 16:00
Time end:2018-02-11 16:00
--------------------[ END ]--------------------
-------------------[ START ]-------------------
Time start:2018-02-11 18:00
Time end:2018-02-11 18:00
--------------------[ END ]--------------------
-------------------[ START ]-------------------
Time start:2018-02-11 20:00
Time end:2018-02-11 20:00
--------------------[ END ]--------------------
-------------------[ START ]-------------------
Time start:2018-02-11 22:00
Time end:2018-02-11 22:00
--------------------[ END ]--------------------
-------------------[ START ]-------------------
Time start:2018-02-12 00:00
Time end:2018-02-12 00:00
--------------------[ END ]--------------------
-------------------[ START ]-------------------
Time start:2018-02-12 02:00
Time end:2018-02-12 02:00
--------------------[ END ]--------------------
-------------------[ START ]-------------------
Time start:2018-02-12 04:00
Time end:2018-02-12 04:00
--------------------[ END ]--------------------
-------------------[ START ]-------------------
Time start:2018-02-12 06:00
Time end:2018-02-12 06:00
--------------------[ END ]--------------------
-------------------[ START ]-------------------
Time start:2018-02-12 08:00
Time end:2018-02-12 08:00
--------------------[ END ]--------------------
-------------------[ START ]-------------------
Time start:2018-02-12 10:00
Time end:2018-02-12 10:00
--------------------[ END ]--------------------
-------------------[ START ]-------------------
Time start:2018-02-12 12:00
Time end:2018-02-12 12:00
--------------------[ END ]--------------------
-------------------[ START ]-------------------
Time start:2018-02-12 14:00
Time end:2018-02-12 14:00
--------------------[ END ]--------------------
-------------------[ START ]-------------------
Time start:2018-02-12 16:00
Time end:2018-02-12 16:00
--------------------[ END ]--------------------
-------------------[ START ]-------------------
Time start:2018-02-12 18:00
Time end:2018-02-12 18:00
--------------------[ END ]--------------------
-------------------[ START ]-------------------
Time start:2018-02-12 20:00
Time end:2018-02-12 20:00
--------------------[ END ]--------------------
-------------------[ START ]-------------------
Time start:2018-02-12 22:00
Time end:2018-02-12 22:00
--------------------[ END ]--------------------
-------------------[ START ]-------------------
Time start:2018-02-13 00:00
Time end:2018-02-13 00:00
--------------------[ END ]--------------------
-------------------[ START ]-------------------
Time start:2018-02-13 02:00
Time end:2018-02-13 02:00
--------------------[ END ]--------------------
-------------------[ START ]-------------------
Time start:2018-02-13 04:00
Time end:2018-02-13 04:00
--------------------[ END ]--------------------
-------------------[ START ]-------------------
Time start:2018-02-13 06:00
Time end:2018-02-13 06:00
--------------------[ END ]--------------------
-------------------[ START ]-------------------
Time start:2018-02-13 08:00
Time end:2018-02-13 08:00
--------------------[ END ]--------------------
-------------------[ START ]-------------------
Time start:2018-02-13 10:00
Time end:2018-02-13 10:00
--------------------[ END ]--------------------
-------------------[ START ]-------------------
Time start:2018-02-13 12:00
Time end:2018-02-13 12:00
--------------------[ END ]--------------------
-------------------[ START ]-------------------
Time start:2018-02-13 14:00
Time end:2018-02-13 14:00
--------------------[ END ]--------------------
-------------------[ START ]-------------------
Time start:2018-02-13 16:00
Time end:2018-02-13 16:00
--------------------[ END ]--------------------
-------------------[ START ]-------------------
Time start:2018-02-13 18:00
Time end:2018-02-13 18:00
--------------------[ END ]--------------------
-------------------[ START ]-------------------
Time start:2018-02-13 20:00
Time end:2018-02-13 20:00
--------------------[ END ]--------------------
-------------------[ START ]-------------------
Time start:2018-02-13 22:00
Time end:2018-02-13 22:00
--------------------[ END ]--------------------
-------------------[ START ]-------------------
Time start:2018-02-14 00:00
Time end:2018-02-14 00:00
--------------------[ END ]--------------------
-------------------[ START ]-------------------
Time start:2018-02-14 02:00
Time end:2018-02-14 02:00
--------------------[ END ]--------------------
-------------------[ START ]-------------------
Time start:2018-02-14 04:00
Time end:2018-02-14 04:00
--------------------[ END ]--------------------
-------------------[ START ]-------------------
Time start:2018-02-14 06:00
Time end:2018-02-14 06:00
--------------------[ END ]--------------------
-------------------[ START ]-------------------
Time start:2018-02-14 08:00
Time end:2018-02-14 08:00
--------------------[ END ]--------------------
-------------------[ START ]-------------------
Time start:2018-02-14 10:00
Time end:2018-02-14 10:00
--------------------[ END ]--------------------
-------------------[ START ]-------------------
Time start:2018-02-14 12:00
Time end:2018-02-14 12:00
--------------------[ END ]--------------------
-------------------[ START ]-------------------
Time start:2018-02-14 14:00
Time end:2018-02-14 14:00
--------------------[ END ]--------------------
-------------------[ START ]-------------------
Time start:2018-02-14 16:00
Time end:2018-02-14 16:00
--------------------[ END ]--------------------
-------------------[ START ]-------------------
Time start:2018-02-14 18:00
Time end:2018-02-14 18:00
--------------------[ END ]--------------------
-------------------[ START ]-------------------
Time start:2018-02-14 20:00
Time end:2018-02-14 20:00
--------------------[ END ]--------------------
-------------------[ START ]-------------------
Time start:2018-02-14 22:00
Time end:2018-02-14 22:00
--------------------[ END ]--------------------
-------------------[ START ]-------------------
Time start:2018-02-15 00:00
Time end:2018-02-15 00:00
--------------------[ END ]--------------------
-------------------[ START ]-------------------
Time start:2018-02-15 02:00
Time end:2018-02-15 02:00
--------------------[ END ]--------------------
-------------------[ START ]-------------------
Time start:2018-02-15 04:00
Time end:2018-02-15 04:00
--------------------[ END ]--------------------
-------------------[ START ]-------------------
Time start:2018-02-15 06:00
Time end:2018-02-15 06:00
--------------------[ END ]--------------------
-------------------[ START ]-------------------
Time start:2018-02-15 08:00
Time end:2018-02-15 08:00
--------------------[ END ]--------------------
-------------------[ START ]-------------------
Time start:2018-02-15 10:00
Time end:2018-02-15 10:00
--------------------[ END ]--------------------
-------------------[ START ]-------------------
Time start:2018-02-15 12:00
Time end:2018-02-15 12:00
--------------------[ END ]--------------------
-------------------[ START ]-------------------
Time start:2018-02-15 14:00
Time end:2018-02-15 14:00
--------------------[ END ]--------------------
-------------------[ START ]-------------------
Time start:2018-02-15 16:00
Time end:2018-02-15 16:01
--------------------[ END ]--------------------
-------------------[ START ]-------------------
Time start:2018-02-15 18:00
Time end:2018-02-15 18:00
--------------------[ END ]--------------------
-------------------[ START ]-------------------
Time start:2018-02-15 20:00
Time end:2018-02-15 20:00
--------------------[ END ]--------------------
-------------------[ START ]-------------------
Time start:2018-02-15 22:00
Time end:2018-02-15 22:00
--------------------[ END ]--------------------
-------------------[ START ]-------------------
Time start:2018-02-16 00:00
Time end:2018-02-16 00:00
--------------------[ END ]--------------------
-------------------[ START ]-------------------
Time start:2018-02-16 02:00
Time end:2018-02-16 02:00
--------------------[ END ]--------------------
-------------------[ START ]-------------------
Time start:2018-02-16 04:00
Time end:2018-02-16 04:00
--------------------[ END ]--------------------
-------------------[ START ]-------------------
Time start:2018-02-16 06:00
Time end:2018-02-16 06:00
--------------------[ END ]--------------------
-------------------[ START ]-------------------
Time start:2018-02-16 08:00
Time end:2018-02-16 08:00
--------------------[ END ]--------------------
-------------------[ START ]-------------------
Time start:2018-02-16 10:00
Time end:2018-02-16 10:00
--------------------[ END ]--------------------
-------------------[ START ]-------------------
Time start:2018-02-16 12:00
Time end:2018-02-16 12:00
--------------------[ END ]--------------------
-------------------[ START ]-------------------
Time start:2018-02-16 14:00
Time end:2018-02-16 14:00
--------------------[ END ]--------------------
-------------------[ START ]-------------------
Time start:2018-02-16 16:00
Time end:2018-02-16 16:00
--------------------[ END ]--------------------
-------------------[ START ]-------------------
Time start:2018-02-16 18:00
Time end:2018-02-16 18:00
--------------------[ END ]--------------------
-------------------[ START ]-------------------
Time start:2018-02-16 20:00
Time end:2018-02-16 20:00
--------------------[ END ]--------------------
-------------------[ START ]-------------------
Time start:2018-02-16 22:00
Time end:2018-02-16 22:00
--------------------[ END ]--------------------
-------------------[ START ]-------------------
Time start:2018-02-17 00:00
Time end:2018-02-17 00:00
--------------------[ END ]--------------------
-------------------[ START ]-------------------
Time start:2018-02-17 02:00
Time end:2018-02-17 02:00
--------------------[ END ]--------------------
-------------------[ START ]-------------------
Time start:2018-02-17 04:00
Time end:2018-02-17 04:00
--------------------[ END ]--------------------
-------------------[ START ]-------------------
Time start:2018-02-17 06:00
Time end:2018-02-17 06:00
--------------------[ END ]--------------------
-------------------[ START ]-------------------
Time start:2018-02-17 08:00
Time end:2018-02-17 08:00
--------------------[ END ]--------------------
-------------------[ START ]-------------------
Time start:2018-02-17 10:00
Time end:2018-02-17 10:00
--------------------[ END ]--------------------
-------------------[ START ]-------------------
Time start:2018-02-17 12:00
Time end:2018-02-17 12:00
--------------------[ END ]--------------------
-------------------[ START ]-------------------
Time start:2018-02-17 14:00
Time end:2018-02-17 14:00
--------------------[ END ]--------------------
-------------------[ START ]-------------------
Time start:2018-02-17 16:00
Time end:2018-02-17 16:00
--------------------[ END ]--------------------
-------------------[ START ]-------------------
Time start:2018-02-17 18:00
Time end:2018-02-17 18:00
--------------------[ END ]--------------------
-------------------[ START ]-------------------
Time start:2018-02-17 20:00
Time end:2018-02-17 20:00
--------------------[ END ]--------------------
-------------------[ START ]-------------------
Time start:2018-02-17 22:00
Time end:2018-02-17 22:00
--------------------[ END ]--------------------
-------------------[ START ]-------------------
Time start:2018-02-18 00:00
Time end:2018-02-18 00:00
--------------------[ END ]--------------------
-------------------[ START ]-------------------
Time start:2018-02-18 02:00
Time end:2018-02-18 02:00
--------------------[ END ]--------------------
-------------------[ START ]-------------------
Time start:2018-02-18 04:00
Time end:2018-02-18 04:00
--------------------[ END ]--------------------
-------------------[ START ]-------------------
Time start:2018-02-18 06:00
Time end:2018-02-18 06:00
--------------------[ END ]--------------------
-------------------[ START ]-------------------
Time start:2018-02-18 08:00
Time end:2018-02-18 08:00
--------------------[ END ]--------------------
-------------------[ START ]-------------------
Time start:2018-02-18 10:00
Time end:2018-02-18 10:00
--------------------[ END ]--------------------
-------------------[ START ]-------------------
Time start:2018-02-18 12:00
Time end:2018-02-18 12:00
--------------------[ END ]--------------------
-------------------[ START ]-------------------
Time start:2018-02-18 14:00
Time end:2018-02-18 14:00
--------------------[ END ]--------------------
-------------------[ START ]-------------------
Time start:2018-02-18 16:00
Time end:2018-02-18 16:00
--------------------[ END ]--------------------
-------------------[ START ]-------------------
Time start:2018-02-18 18:00
Time end:2018-02-18 18:00
--------------------[ END ]--------------------
-------------------[ START ]-------------------
Time start:2018-02-18 20:00
Time end:2018-02-18 20:00
--------------------[ END ]--------------------
-------------------[ START ]-------------------
Time start:2018-02-18 22:00
Time end:2018-02-18 22:00
--------------------[ END ]--------------------
-------------------[ START ]-------------------
Time start:2018-02-19 00:00
Time end:2018-02-19 00:00
--------------------[ END ]--------------------
-------------------[ START ]-------------------
Time start:2018-02-19 02:00
Time end:2018-02-19 02:00
--------------------[ END ]--------------------
-------------------[ START ]-------------------
Time start:2018-02-19 04:00
Time end:2018-02-19 04:00
--------------------[ END ]--------------------
-------------------[ START ]-------------------
Time start:2018-02-19 06:00
Time end:2018-02-19 06:00
--------------------[ END ]--------------------
-------------------[ START ]-------------------
Time start:2018-02-19 08:00
Time end:2018-02-19 08:00
--------------------[ END ]--------------------
-------------------[ START ]-------------------
Time start:2018-02-19 10:00
Time end:2018-02-19 10:00
--------------------[ END ]--------------------
-------------------[ START ]-------------------
Time start:2018-02-19 12:00
Time end:2018-02-19 12:00
--------------------[ END ]--------------------
-------------------[ START ]-------------------
Time start:2018-02-19 14:00
Time end:2018-02-19 14:00
--------------------[ END ]--------------------
-------------------[ START ]-------------------
Time start:2018-02-19 16:00
Time end:2018-02-19 16:00
--------------------[ END ]--------------------
-------------------[ START ]-------------------
Time start:2018-02-19 18:00
Time end:2018-02-19 18:00
--------------------[ END ]--------------------
-------------------[ START ]-------------------
Time start:2018-02-19 20:00
Time end:2018-02-19 20:00
--------------------[ END ]--------------------
-------------------[ START ]-------------------
Time start:2018-02-19 22:00
Time end:2018-02-19 22:00
--------------------[ END ]--------------------
-------------------[ START ]-------------------
Time start:2018-02-20 00:00
Time end:2018-02-20 00:00
--------------------[ END ]--------------------
-------------------[ START ]-------------------
Time start:2018-02-20 02:00
Time end:2018-02-20 02:00
--------------------[ END ]--------------------
-------------------[ START ]-------------------
Time start:2018-02-20 04:00
Time end:2018-02-20 04:00
--------------------[ END ]--------------------
-------------------[ START ]-------------------
Time start:2018-02-20 06:00
Time end:2018-02-20 06:00
--------------------[ END ]--------------------
-------------------[ START ]-------------------
Time start:2018-02-20 08:00
Time end:2018-02-20 08:00
--------------------[ END ]--------------------
-------------------[ START ]-------------------
Time start:2018-02-20 10:00
Time end:2018-02-20 10:00
--------------------[ END ]--------------------
-------------------[ START ]-------------------
Time start:2018-02-20 12:00
Time end:2018-02-20 12:00
--------------------[ END ]--------------------
-------------------[ START ]-------------------
Time start:2018-02-20 14:00
Time end:2018-02-20 14:00
--------------------[ END ]--------------------
-------------------[ START ]-------------------
Time start:2018-02-20 16:00
Time end:2018-02-20 16:00
--------------------[ END ]--------------------
-------------------[ START ]-------------------
Time start:2018-02-20 18:00
Time end:2018-02-20 18:00
--------------------[ END ]--------------------
-------------------[ START ]-------------------
Time start:2018-02-20 20:00
Time end:2018-02-20 20:00
--------------------[ END ]--------------------
-------------------[ START ]-------------------
Time start:2018-02-20 22:00
Time end:2018-02-20 22:00
--------------------[ END ]--------------------
-------------------[ START ]-------------------
Time start:2018-02-21 00:00
Time end:2018-02-21 00:00
--------------------[ END ]--------------------
-------------------[ START ]-------------------
Time start:2018-02-21 02:00
Time end:2018-02-21 02:00
--------------------[ END ]--------------------
-------------------[ START ]-------------------
Time start:2018-02-21 04:00
Time end:2018-02-21 04:00
--------------------[ END ]--------------------
-------------------[ START ]-------------------
Time start:2018-02-21 06:00
Time end:2018-02-21 06:00
--------------------[ END ]--------------------
-------------------[ START ]-------------------
Time start:2018-02-21 08:00
Time end:2018-02-21 08:00
--------------------[ END ]--------------------
-------------------[ START ]-------------------
Time start:2018-02-21 10:00
Time end:2018-02-21 10:00
--------------------[ END ]--------------------
-------------------[ START ]-------------------
Time start:2018-02-21 12:00
Time end:2018-02-21 12:00
--------------------[ END ]--------------------
-------------------[ START ]-------------------
Time start:2018-02-21 14:00
Time end:2018-02-21 14:00
--------------------[ END ]--------------------
-------------------[ START ]-------------------
Time start:2018-02-21 16:00
Time end:2018-02-21 16:00
--------------------[ END ]--------------------
-------------------[ START ]-------------------
Time start:2018-02-21 18:00
Time end:2018-02-21 18:00
--------------------[ END ]--------------------
-------------------[ START ]-------------------
Time start:2018-02-21 20:00
Time end:2018-02-21 20:00
--------------------[ END ]--------------------
-------------------[ START ]-------------------
Time start:2018-02-21 22:00
Time end:2018-02-21 22:00
--------------------[ END ]--------------------
-------------------[ START ]-------------------
Time start:2018-02-22 00:00
Time end:2018-02-22 00:00
--------------------[ END ]--------------------
-------------------[ START ]-------------------
Time start:2018-02-22 02:00
Time end:2018-02-22 02:00
--------------------[ END ]--------------------
-------------------[ START ]-------------------
Time start:2018-02-22 04:00
Time end:2018-02-22 04:00
--------------------[ END ]--------------------
-------------------[ START ]-------------------
Time start:2018-02-22 06:00
Time end:2018-02-22 06:00
--------------------[ END ]--------------------
-------------------[ START ]-------------------
Time start:2018-02-22 08:00
Time end:2018-02-22 08:00
--------------------[ END ]--------------------
-------------------[ START ]-------------------
Time start:2018-02-22 10:00
Time end:2018-02-22 10:00
--------------------[ END ]--------------------
-------------------[ START ]-------------------
Time start:2018-02-22 12:00
Time end:2018-02-22 12:00
--------------------[ END ]--------------------
-------------------[ START ]-------------------
Time start:2018-02-22 14:00
Time end:2018-02-22 14:00
--------------------[ END ]--------------------
-------------------[ START ]-------------------
Time start:2018-02-22 16:00
Time end:2018-02-22 16:01
--------------------[ END ]--------------------
-------------------[ START ]-------------------
Time start:2018-02-22 18:00
Time end:2018-02-22 18:02
--------------------[ END ]--------------------
-------------------[ START ]-------------------
Time start:2018-02-22 20:00
Time end:2018-02-22 20:02
--------------------[ END ]--------------------
-------------------[ START ]-------------------
Time start:2018-02-22 22:00
Time end:2018-02-22 22:02
--------------------[ END ]--------------------
-------------------[ START ]-------------------
Time start:2018-02-23 00:00
Time end:2018-02-23 00:02
--------------------[ END ]--------------------
-------------------[ START ]-------------------
Time start:2018-02-23 02:00
Time end:2018-02-23 02:02
--------------------[ END ]--------------------
-------------------[ START ]-------------------
Time start:2018-02-23 04:00
Time end:2018-02-23 04:02
--------------------[ END ]--------------------
-------------------[ START ]-------------------
Time start:2018-02-23 06:00
Time end:2018-02-23 06:01
--------------------[ END ]--------------------
-------------------[ START ]-------------------
Time start:2018-02-23 08:00
Time end:2018-02-23 08:02
--------------------[ END ]--------------------
-------------------[ START ]-------------------
Time start:2018-02-23 10:00
Time end:2018-02-23 10:02
--------------------[ END ]--------------------
-------------------[ START ]-------------------
Time start:2018-02-23 12:00
Time end:2018-02-23 12:02
--------------------[ END ]--------------------
-------------------[ START ]-------------------
Time start:2018-02-23 14:00
Time end:2018-02-23 14:02
--------------------[ END ]--------------------
-------------------[ START ]-------------------
Time start:2018-02-23 16:00
Time end:2018-02-23 16:02
--------------------[ END ]--------------------
-------------------[ START ]-------------------
Time start:2018-02-23 18:00
Time end:2018-02-23 18:02
--------------------[ END ]--------------------
-------------------[ START ]-------------------
Time start:2018-02-23 20:00
Time end:2018-02-23 20:02
--------------------[ END ]--------------------
-------------------[ START ]-------------------
Time start:2018-02-23 22:00
Time end:2018-02-23 22:02
--------------------[ END ]--------------------
-------------------[ START ]-------------------
Time start:2018-02-24 00:00
Time end:2018-02-24 00:02
--------------------[ END ]--------------------
-------------------[ START ]-------------------
Time start:2018-02-24 02:00
Time end:2018-02-24 02:02
--------------------[ END ]--------------------
-------------------[ START ]-------------------
Time start:2018-02-24 04:00
Time end:2018-02-24 04:02
--------------------[ END ]--------------------
-------------------[ START ]-------------------
Time start:2018-02-24 06:00
Time end:2018-02-24 06:02
--------------------[ END ]--------------------
-------------------[ START ]-------------------
Time start:2018-02-24 08:00
Time end:2018-02-24 08:02
--------------------[ END ]--------------------
-------------------[ START ]-------------------
Time start:2018-02-24 10:00
Time end:2018-02-24 10:02
--------------------[ END ]--------------------
-------------------[ START ]-------------------
Time start:2018-02-24 12:00
Time end:2018-02-24 12:02
--------------------[ END ]--------------------
-------------------[ START ]-------------------
Time start:2018-02-24 14:00
Time end:2018-02-24 14:02
--------------------[ END ]--------------------
-------------------[ START ]-------------------
Time start:2018-02-24 16:00
Time end:2018-02-24 16:02
--------------------[ END ]--------------------
-------------------[ START ]-------------------
Time start:2018-02-24 18:00
Time end:2018-02-24 18:02
--------------------[ END ]--------------------
-------------------[ START ]-------------------
Time start:2018-02-24 20:00
Time end:2018-02-24 20:02
--------------------[ END ]--------------------
-------------------[ START ]-------------------
Time start:2018-02-24 22:00
Time end:2018-02-24 22:02
--------------------[ END ]--------------------
-------------------[ START ]-------------------
Time start:2018-02-25 00:00
Time end:2018-02-25 00:02
--------------------[ END ]--------------------
-------------------[ START ]-------------------
Time start:2018-02-25 02:00
Time end:2018-02-25 02:02
--------------------[ END ]--------------------
-------------------[ START ]-------------------
Time start:2018-02-25 04:00
Time end:2018-02-25 04:02
--------------------[ END ]--------------------
-------------------[ START ]-------------------
Time start:2018-02-25 06:00
Time end:2018-02-25 06:02
--------------------[ END ]--------------------
-------------------[ START ]-------------------
Time start:2018-02-25 08:00
Time end:2018-02-25 08:02
--------------------[ END ]--------------------
-------------------[ START ]-------------------
Time start:2018-02-25 10:00
Time end:2018-02-25 10:02
--------------------[ END ]--------------------
-------------------[ START ]-------------------
Time start:2018-02-25 12:00
Time end:2018-02-25 12:02
--------------------[ END ]--------------------
-------------------[ START ]-------------------
Time start:2018-02-25 14:00
Time end:2018-02-25 14:02
--------------------[ END ]--------------------
-------------------[ START ]-------------------
Time start:2018-02-25 16:00
Time end:2018-02-25 16:02
--------------------[ END ]--------------------
-------------------[ START ]-------------------
Time start:2018-02-25 18:00
Time end:2018-02-25 18:02
--------------------[ END ]--------------------
-------------------[ START ]-------------------
Time start:2018-02-25 20:00
Time end:2018-02-25 20:02
--------------------[ END ]--------------------
-------------------[ START ]-------------------
Time start:2018-02-25 22:00
Time end:2018-02-25 22:02
--------------------[ END ]--------------------
-------------------[ START ]-------------------
Time start:2018-02-26 00:00
Time end:2018-02-26 00:02
--------------------[ END ]--------------------
-------------------[ START ]-------------------
Time start:2018-02-26 02:00
Time end:2018-02-26 02:02
--------------------[ END ]--------------------
-------------------[ START ]-------------------
Time start:2018-02-26 04:00
Time end:2018-02-26 04:02
--------------------[ END ]--------------------
-------------------[ START ]-------------------
Time start:2018-02-26 06:00
Time end:2018-02-26 06:02
--------------------[ END ]--------------------
-------------------[ START ]-------------------
Time start:2018-02-26 08:00
Time end:2018-02-26 08:02
--------------------[ END ]--------------------
-------------------[ START ]-------------------
Time start:2018-02-26 10:00
Time end:2018-02-26 10:02
--------------------[ END ]--------------------
-------------------[ START ]-------------------
Time start:2018-02-26 12:00
Time end:2018-02-26 12:02
--------------------[ END ]--------------------
-------------------[ START ]-------------------
Time start:2018-02-26 14:00
Time end:2018-02-26 14:02
--------------------[ END ]--------------------
-------------------[ START ]-------------------
Time start:2018-02-26 16:00
Time end:2018-02-26 16:02
--------------------[ END ]--------------------
-------------------[ START ]-------------------
Time start:2018-02-26 18:00
Time end:2018-02-26 18:02
--------------------[ END ]--------------------
-------------------[ START ]-------------------
Time start:2018-02-26 20:00
Time end:2018-02-26 20:02
--------------------[ END ]--------------------
-------------------[ START ]-------------------
Time start:2018-02-26 22:00
Time end:2018-02-26 22:02
--------------------[ END ]--------------------
-------------------[ START ]-------------------
Time start:2018-02-27 00:00
Time end:2018-02-27 00:02
--------------------[ END ]--------------------
-------------------[ START ]-------------------
Time start:2018-02-27 02:00
Time end:2018-02-27 02:02
--------------------[ END ]--------------------
-------------------[ START ]-------------------
Time start:2018-02-27 04:00
Time end:2018-02-27 04:02
--------------------[ END ]--------------------
-------------------[ START ]-------------------
Time start:2018-02-27 06:00
Time end:2018-02-27 06:02
--------------------[ END ]--------------------
-------------------[ START ]-------------------
Time start:2018-02-27 08:00
Time end:2018-02-27 08:02
--------------------[ END ]--------------------
-------------------[ START ]-------------------
Time start:2018-02-27 10:00
Time end:2018-02-27 10:02
--------------------[ END ]--------------------
-------------------[ START ]-------------------
Time start:2018-02-27 12:00
Time end:2018-02-27 12:02
--------------------[ END ]--------------------
-------------------[ START ]-------------------
Time start:2018-02-27 14:00
Time end:2018-02-27 14:02
--------------------[ END ]--------------------
-------------------[ START ]-------------------
Time start:2018-02-27 16:00
Time end:2018-02-27 16:02
--------------------[ END ]--------------------
-------------------[ START ]-------------------
Time start:2018-02-27 18:00
Time end:2018-02-27 18:02
--------------------[ END ]--------------------
-------------------[ START ]-------------------
Time start:2018-02-27 20:00
Time end:2018-02-27 20:02
--------------------[ END ]--------------------
-------------------[ START ]-------------------
Time start:2018-02-27 22:00
Time end:2018-02-27 22:02
--------------------[ END ]--------------------
-------------------[ START ]-------------------
Time start:2018-02-28 00:00
Time end:2018-02-28 00:02
--------------------[ END ]--------------------
-------------------[ START ]-------------------
Time start:2018-02-28 02:00
Time end:2018-02-28 02:02
--------------------[ END ]--------------------
-------------------[ START ]-------------------
Time start:2018-02-28 04:00
Time end:2018-02-28 04:02
--------------------[ END ]--------------------
-------------------[ START ]-------------------
Time start:2018-02-28 06:00
Time end:2018-02-28 06:02
--------------------[ END ]--------------------
-------------------[ START ]-------------------
Time start:2018-02-28 08:00
Time end:2018-02-28 08:02
--------------------[ END ]--------------------
-------------------[ START ]-------------------
Time start:2018-02-28 10:00
Time end:2018-02-28 10:02
--------------------[ END ]--------------------
-------------------[ START ]-------------------
Time start:2018-02-28 12:00
Time end:2018-02-28 12:02
--------------------[ END ]--------------------
-------------------[ START ]-------------------
Time start:2018-03-01 06:00
Time end:2018-03-01 06:02
--------------------[ END ]--------------------
-------------------[ START ]-------------------
Time start:2018-03-02 06:00
Time end:2018-03-02 06:00
--------------------[ END ]--------------------
-------------------[ START ]-------------------
Time start:2018-03-03 06:00
Time end:2018-03-03 06:00
--------------------[ END ]--------------------
-------------------[ START ]-------------------
Time start:2018-03-04 06:00
Time end:2018-03-04 06:00
--------------------[ END ]--------------------
-------------------[ START ]-------------------
Time start:2018-03-05 06:00
Time end:2018-03-05 06:00
--------------------[ END ]--------------------
-------------------[ START ]-------------------
Time start:2018-03-06 06:00
Time end:2018-03-06 06:00
--------------------[ END ]--------------------
-------------------[ START ]-------------------
Time start:2018-03-07 06:00
Time end:2018-03-07 06:00
--------------------[ END ]--------------------
-------------------[ START ]-------------------
Time start:2018-03-08 06:00
Time end:2018-03-08 06:00
--------------------[ END ]--------------------
-------------------[ START ]-------------------
Time start:2018-03-09 06:00
Time end:2018-03-09 06:00
--------------------[ END ]--------------------
-------------------[ START ]-------------------
Time start:2018-03-10 06:00
Time end:2018-03-10 06:00
--------------------[ END ]--------------------
-------------------[ START ]-------------------
Time start:2018-03-11 06:00
Time end:2018-03-11 06:00
--------------------[ END ]--------------------
-------------------[ START ]-------------------
Time start:2018-03-12 06:00
Time end:2018-03-12 06:00
--------------------[ END ]--------------------
-------------------[ START ]-------------------
Time start:2018-03-13 06:00
Time end:2018-03-13 06:00
--------------------[ END ]--------------------
-------------------[ START ]-------------------
Time start:2018-03-14 06:00
Time end:2018-03-14 06:00
--------------------[ END ]--------------------
-------------------[ START ]-------------------
Time start:2018-03-15 06:00
Time end:2018-03-15 06:00
--------------------[ END ]--------------------
-------------------[ START ]-------------------
Time start:2018-03-16 06:00
Time end:2018-03-16 06:00
--------------------[ END ]--------------------
-------------------[ START ]-------------------
Time start:2018-03-17 06:00
Time end:2018-03-17 06:00
--------------------[ END ]--------------------
-------------------[ START ]-------------------
Time start:2018-03-18 06:00
Time end:2018-03-18 06:00
--------------------[ END ]--------------------
-------------------[ START ]-------------------
Time start:2018-03-19 06:00
Time end:2018-03-19 06:00
--------------------[ END ]--------------------
-------------------[ START ]-------------------
Time start:2018-03-20 06:00
Time end:2018-03-20 06:00
--------------------[ END ]--------------------
-------------------[ START ]-------------------
Time start:2018-03-21 06:00
Time end:2018-03-21 06:00
--------------------[ END ]--------------------
-------------------[ START ]-------------------
Time start:2018-03-22 06:00
Time end:2018-03-22 06:00
--------------------[ END ]--------------------
-------------------[ START ]-------------------
Time start:2018-03-23 06:00
Time end:2018-03-23 06:00
--------------------[ END ]--------------------
-------------------[ START ]-------------------
Time start:2018-03-24 06:00
Time end:2018-03-24 06:00
--------------------[ END ]--------------------
-------------------[ START ]-------------------
Time start:2018-03-25 06:00
Time end:2018-03-25 06:00
--------------------[ END ]--------------------
-------------------[ START ]-------------------
Time start:2018-03-26 06:00
Time end:2018-03-26 06:00
--------------------[ END ]--------------------
-------------------[ START ]-------------------
Time start:2018-03-27 06:00
Time end:2018-03-27 06:00
--------------------[ END ]--------------------
-------------------[ START ]-------------------
Time start:2018-03-28 06:00
Time end:2018-03-28 06:00
--------------------[ END ]--------------------
-------------------[ START ]-------------------
Time start:2018-03-29 06:00
Time end:2018-03-29 06:00
--------------------[ END ]--------------------
-------------------[ START ]-------------------
Time start:2018-03-30 06:00
Time end:2018-03-30 06:00
--------------------[ END ]--------------------
-------------------[ START ]-------------------
Time start:2018-03-31 06:00
Time end:2018-03-31 06:00
--------------------[ END ]--------------------
-------------------[ START ]-------------------
Time start:2018-04-01 06:00
Time end:2018-04-01 06:00
--------------------[ END ]--------------------
-------------------[ START ]-------------------
Time start:2018-04-02 06:00
Time end:2018-04-02 06:00
--------------------[ END ]--------------------
-------------------[ START ]-------------------
Time start:2018-04-03 06:00
Time end:2018-04-03 06:00
--------------------[ END ]--------------------
-------------------[ START ]-------------------
Time start:2018-04-04 06:00
Time end:2018-04-04 06:00
--------------------[ END ]--------------------
-------------------[ START ]-------------------
Time start:2018-04-05 06:00
Time end:2018-04-05 06:00
--------------------[ END ]--------------------
-------------------[ START ]-------------------
Time start:2018-04-06 06:00
Time end:2018-04-06 06:00
--------------------[ END ]--------------------
-------------------[ START ]-------------------
Time start:2018-04-07 06:00
Time end:2018-04-07 06:00
--------------------[ END ]--------------------
-------------------[ START ]-------------------
Time start:2018-04-08 06:00
Time end:2018-04-08 06:00
--------------------[ END ]--------------------
-------------------[ START ]-------------------
Time start:2018-04-09 06:00
Time end:2018-04-09 06:00
--------------------[ END ]--------------------
-------------------[ START ]-------------------
Time start:2018-04-10 06:00
Time end:2018-04-10 06:00
--------------------[ END ]--------------------
-------------------[ START ]-------------------
Time start:2018-04-11 06:00
Time end:2018-04-11 06:00
--------------------[ END ]--------------------
-------------------[ START ]-------------------
Time start:2018-04-12 06:00
Time end:2018-04-12 06:00
--------------------[ END ]--------------------
-------------------[ START ]-------------------
Time start:2018-04-13 06:00
Time end:2018-04-13 06:00
--------------------[ END ]--------------------
-------------------[ START ]-------------------
Time start:2018-04-14 06:00
Time end:2018-04-14 06:00
--------------------[ END ]--------------------
-------------------[ START ]-------------------
Time start:2018-04-15 06:00
Time end:2018-04-15 06:00
--------------------[ END ]--------------------
-------------------[ START ]-------------------
Time start:2018-04-16 06:00
Time end:2018-04-16 06:00
--------------------[ END ]--------------------
-------------------[ START ]-------------------
Time start:2018-04-17 06:00
Time end:2018-04-17 06:00
--------------------[ END ]--------------------
-------------------[ START ]-------------------
Time start:2018-04-18 06:00
Time end:2018-04-18 06:00
--------------------[ END ]--------------------
-------------------[ START ]-------------------
Time start:2018-04-19 06:00
Time end:2018-04-19 06:00
--------------------[ END ]--------------------
-------------------[ START ]-------------------
Time start:2018-04-20 06:00
-------------------[ START ]-------------------
Time start:2018-04-21 06:00
-------------------[ START ]-------------------
Time start:2018-04-22 06:00
-------------------[ START ]-------------------
Time start:2018-04-23 06:00
-------------------[ START ]-------------------
Time start:2018-04-24 06:00
Time end:2018-04-24 06:04
--------------------[ END ]--------------------
-------------------[ START ]-------------------
Time start:2018-04-25 06:00
Time end:2018-04-25 06:04
--------------------[ END ]--------------------
-------------------[ START ]-------------------
Time start:2018-04-26 06:00
Time end:2018-04-26 06:04
--------------------[ END ]--------------------
-------------------[ START ]-------------------
Time start:2018-04-27 06:00
Time end:2018-04-27 06:00
--------------------[ END ]--------------------
-------------------[ START ]-------------------
Time start:2018-04-28 06:00
Time end:2018-04-28 06:00
--------------------[ END ]--------------------
-------------------[ START ]-------------------
Time start:2018-04-29 06:00
Time end:2018-04-29 06:00
--------------------[ END ]--------------------
-------------------[ START ]-------------------
Time start:2018-04-30 06:00
Time end:2018-04-30 06:00
--------------------[ END ]--------------------
-------------------[ START ]-------------------
Time start:2018-05-01 06:00
Time end:2018-05-01 06:00
--------------------[ END ]--------------------
-------------------[ START ]-------------------
Time start:2018-05-02 06:00
Time end:2018-05-02 06:00
--------------------[ END ]--------------------
-------------------[ START ]-------------------
Time start:2018-05-03 06:00
Time end:2018-05-03 06:00
--------------------[ END ]--------------------
-------------------[ START ]-------------------
Time start:2018-05-04 06:00
Time end:2018-05-04 06:00
--------------------[ END ]--------------------
-------------------[ START ]-------------------
Time start:2018-05-05 06:00
Time end:2018-05-05 06:00
--------------------[ END ]--------------------
-------------------[ START ]-------------------
Time start:2018-05-06 06:00
Time end:2018-05-06 06:00
--------------------[ END ]--------------------
-------------------[ START ]-------------------
Time start:2018-05-07 06:00
Time end:2018-05-07 06:00
--------------------[ END ]--------------------
-------------------[ START ]-------------------
Time start:2018-05-08 06:00
Time end:2018-05-08 06:00
--------------------[ END ]--------------------
-------------------[ START ]-------------------
Time start:2018-05-09 06:00
Time end:2018-05-09 06:00
--------------------[ END ]--------------------
-------------------[ START ]-------------------
Time start:2018-05-10 06:00
Time end:2018-05-10 06:00
--------------------[ END ]--------------------
-------------------[ START ]-------------------
Time start:2018-05-11 06:00
Time end:2018-05-11 06:00
--------------------[ END ]--------------------
-------------------[ START ]-------------------
Time start:2018-05-12 06:00
Time end:2018-05-12 06:00
--------------------[ END ]--------------------
-------------------[ START ]-------------------
Time start:2018-05-13 06:00
Time end:2018-05-13 06:00
--------------------[ END ]--------------------
-------------------[ START ]-------------------
Time start:2018-05-14 06:00
Time end:2018-05-14 06:00
--------------------[ END ]--------------------
-------------------[ START ]-------------------
Time start:2018-05-15 06:00
Time end:2018-05-15 06:00
--------------------[ END ]--------------------
-------------------[ START ]-------------------
Time start:2018-05-16 06:00
Time end:2018-05-16 06:00
--------------------[ END ]--------------------
-------------------[ START ]-------------------
Time start:2018-05-17 06:00
Time end:2018-05-17 06:00
--------------------[ END ]--------------------
-------------------[ START ]-------------------
Time start:2018-05-18 06:00
Time end:2018-05-18 06:00
--------------------[ END ]--------------------
-------------------[ START ]-------------------
Time start:2018-05-19 06:00
Time end:2018-05-19 06:00
--------------------[ END ]--------------------
-------------------[ START ]-------------------
Time start:2018-05-20 06:00
Time end:2018-05-20 06:00
--------------------[ END ]--------------------
-------------------[ START ]-------------------
Time start:2018-05-21 06:00
Time end:2018-05-21 06:00
--------------------[ END ]--------------------
-------------------[ START ]-------------------
Time start:2018-05-22 06:00
Time end:2018-05-22 06:00
--------------------[ END ]--------------------
-------------------[ START ]-------------------
Time start:2018-05-23 06:00
Time end:2018-05-23 06:00
--------------------[ END ]--------------------
-------------------[ START ]-------------------
Time start:2018-05-24 06:00
Time end:2018-05-24 06:00
--------------------[ END ]--------------------
-------------------[ START ]-------------------
Time start:2018-05-25 06:00
Time end:2018-05-25 06:00
--------------------[ END ]--------------------
-------------------[ START ]-------------------
Time start:2018-05-26 06:00
Time end:2018-05-26 06:00
--------------------[ END ]--------------------
-------------------[ START ]-------------------
Time start:2018-05-27 06:00
Time end:2018-05-27 06:00
--------------------[ END ]--------------------
-------------------[ START ]-------------------
Time start:2018-05-28 06:00
Time end:2018-05-28 06:00
--------------------[ END ]--------------------
-------------------[ START ]-------------------
Time start:2018-05-29 06:00
Time end:2018-05-29 06:00
--------------------[ END ]--------------------
-------------------[ START ]-------------------
Time start:2018-05-30 06:00
Time end:2018-05-30 06:00
--------------------[ END ]--------------------
-------------------[ START ]-------------------
Time start:2018-05-31 06:00
Time end:2018-05-31 06:00
--------------------[ END ]--------------------
-------------------[ START ]-------------------
Time start:2018-06-01 06:00
Time end:2018-06-01 06:00
--------------------[ END ]--------------------
-------------------[ START ]-------------------
Time start:2018-06-02 06:00
Time end:2018-06-02 06:00
--------------------[ END ]--------------------
-------------------[ START ]-------------------
Time start:2018-06-03 06:00
Time end:2018-06-03 06:00
--------------------[ END ]--------------------
-------------------[ START ]-------------------
Time start:2018-06-04 06:00
Time end:2018-06-04 06:00
--------------------[ END ]--------------------
-------------------[ START ]-------------------
Time start:2018-06-05 06:00
Time end:2018-06-05 06:00
--------------------[ END ]--------------------
-------------------[ START ]-------------------
Time start:2018-06-07 06:00
Time end:2018-06-07 06:00
--------------------[ END ]--------------------
-------------------[ START ]-------------------
Time start:2018-06-08 06:00
Time end:2018-06-08 06:00
--------------------[ END ]--------------------
-------------------[ START ]-------------------
Time start:2018-06-09 06:00
Time end:2018-06-09 06:00
--------------------[ END ]--------------------
-------------------[ START ]-------------------
Time start:2018-06-10 06:00
Time end:2018-06-10 06:00
--------------------[ END ]--------------------
-------------------[ START ]-------------------
Time start:2018-06-11 06:00
Time end:2018-06-11 06:00
--------------------[ END ]--------------------
-------------------[ START ]-------------------
Time start:2018-06-12 06:00
Time end:2018-06-12 06:00
--------------------[ END ]--------------------
-------------------[ START ]-------------------
Time start:2018-06-13 06:00
Time end:2018-06-13 06:00
--------------------[ END ]--------------------
-------------------[ START ]-------------------
Time start:2018-06-14 06:00
Time end:2018-06-14 06:00
--------------------[ END ]--------------------
-------------------[ START ]-------------------
Time start:2018-06-15 06:00
Time end:2018-06-15 06:00
--------------------[ END ]--------------------
-------------------[ START ]-------------------
Time start:2018-06-16 06:00
Time end:2018-06-16 06:00
--------------------[ END ]--------------------
-------------------[ START ]-------------------
Time start:2018-06-17 06:00
Time end:2018-06-17 06:00
--------------------[ END ]--------------------
-------------------[ START ]-------------------
Time start:2018-06-18 06:00
Time end:2018-06-18 06:00
--------------------[ END ]--------------------
-------------------[ START ]-------------------
Time start:2018-06-19 06:00
Time end:2018-06-19 06:00
--------------------[ END ]--------------------
-------------------[ START ]-------------------
Time start:2018-06-20 06:00
Time end:2018-06-20 06:00
--------------------[ END ]--------------------
-------------------[ START ]-------------------
Time start:2018-06-21 06:00
Time end:2018-06-21 06:00
--------------------[ END ]--------------------
-------------------[ START ]-------------------
Time start:2018-06-22 06:00
Time end:2018-06-22 06:00
--------------------[ END ]--------------------
-------------------[ START ]-------------------
Time start:2018-06-23 06:00
Time end:2018-06-23 06:00
--------------------[ END ]--------------------
-------------------[ START ]-------------------
Time start:2018-06-24 06:00
Time end:2018-06-24 06:00
--------------------[ END ]--------------------
-------------------[ START ]-------------------
Time start:2018-06-25 06:00
Time end:2018-06-25 06:00
--------------------[ END ]--------------------
-------------------[ START ]-------------------
Time start:2018-06-26 06:00
Time end:2018-06-26 06:00
--------------------[ END ]--------------------
-------------------[ START ]-------------------
Time start:2018-06-27 06:00
Time end:2018-06-27 06:00
--------------------[ END ]--------------------
-------------------[ START ]-------------------
Time start:2018-06-28 06:00
Time end:2018-06-28 06:00
--------------------[ END ]--------------------
-------------------[ START ]-------------------
Time start:2018-06-29 06:00
Time end:2018-06-29 06:00
--------------------[ END ]--------------------
-------------------[ START ]-------------------
Time start:2018-06-30 06:00
Time end:2018-06-30 06:00
--------------------[ END ]--------------------
-------------------[ START ]-------------------
Time start:2018-07-01 06:00
Time end:2018-07-01 06:00
--------------------[ END ]--------------------
-------------------[ START ]-------------------
Time start:2018-07-02 06:00
Time end:2018-07-02 06:00
--------------------[ END ]--------------------
-------------------[ START ]-------------------
Time start:2018-07-03 06:00
Time end:2018-07-03 06:00
--------------------[ END ]--------------------
-------------------[ START ]-------------------
Time start:2018-07-04 06:00
Time end:2018-07-04 06:00
--------------------[ END ]--------------------
-------------------[ START ]-------------------
Time start:2018-07-05 06:00
Time end:2018-07-05 06:00
--------------------[ END ]--------------------
-------------------[ START ]-------------------
Time start:2018-07-06 06:00
Time end:2018-07-06 06:00
--------------------[ END ]--------------------
-------------------[ START ]-------------------
Time start:2018-07-07 06:00
Time end:2018-07-07 06:00
--------------------[ END ]--------------------
-------------------[ START ]-------------------
Time start:2018-07-08 06:00
Time end:2018-07-08 06:00
--------------------[ END ]--------------------
-------------------[ START ]-------------------
Time start:2018-07-09 06:00
Time end:2018-07-09 06:00
--------------------[ END ]--------------------
-------------------[ START ]-------------------
Time start:2018-07-10 06:00
Time end:2018-07-10 06:00
--------------------[ END ]--------------------
-------------------[ START ]-------------------
Time start:2018-07-11 06:00
Time end:2018-07-11 06:00
--------------------[ END ]--------------------
-------------------[ START ]-------------------
Time start:2018-07-12 06:00
Time end:2018-07-12 06:00
--------------------[ END ]--------------------
-------------------[ START ]-------------------
Time start:2018-07-13 06:00
Time end:2018-07-13 06:00
--------------------[ END ]--------------------
-------------------[ START ]-------------------
Time start:2018-07-14 06:00
Time end:2018-07-14 06:00
--------------------[ END ]--------------------
-------------------[ START ]-------------------
Time start:2018-07-15 06:00
Time end:2018-07-15 06:00
--------------------[ END ]--------------------
-------------------[ START ]-------------------
Time start:2018-07-16 06:00
Time end:2018-07-16 06:00
--------------------[ END ]--------------------
-------------------[ START ]-------------------
Time start:2018-07-17 06:00
Time end:2018-07-17 06:00
--------------------[ END ]--------------------
-------------------[ START ]-------------------
Time start:2018-07-18 06:00
Time end:2018-07-18 06:00
--------------------[ END ]--------------------
-------------------[ START ]-------------------
Time start:2018-07-19 06:00
Time end:2018-07-19 06:00
--------------------[ END ]--------------------
-------------------[ START ]-------------------
Time start:2018-07-20 06:00
Time end:2018-07-20 06:00
--------------------[ END ]--------------------
-------------------[ START ]-------------------
Time start:2018-07-21 06:00
Time end:2018-07-21 06:00
--------------------[ END ]--------------------
-------------------[ START ]-------------------
Time start:2018-07-22 06:00
Time end:2018-07-22 06:00
--------------------[ END ]--------------------
-------------------[ START ]-------------------
Time start:2018-07-23 06:00
Time end:2018-07-23 06:00
--------------------[ END ]--------------------
-------------------[ START ]-------------------
Time start:2018-07-24 06:00
Time end:2018-07-24 06:00
--------------------[ END ]--------------------
-------------------[ START ]-------------------
Time start:2018-07-25 06:00
Time end:2018-07-25 06:00
--------------------[ END ]--------------------
-------------------[ START ]-------------------
Time start:2018-07-26 06:00
Time end:2018-07-26 06:00
--------------------[ END ]--------------------
-------------------[ START ]-------------------
Time start:2018-07-27 06:00
Time end:2018-07-27 06:00
--------------------[ END ]--------------------
-------------------[ START ]-------------------
Time start:2018-07-28 06:00
Time end:2018-07-28 06:00
--------------------[ END ]--------------------
-------------------[ START ]-------------------
Time start:2018-07-29 06:00
Time end:2018-07-29 06:00
--------------------[ END ]--------------------
-------------------[ START ]-------------------
Time start:2018-07-30 06:00
Time end:2018-07-30 06:00
--------------------[ END ]--------------------
-------------------[ START ]-------------------
Time start:2018-07-31 06:00
Time end:2018-07-31 06:00
--------------------[ END ]--------------------
-------------------[ START ]-------------------
Time start:2018-08-01 06:00
Time end:2018-08-01 06:01
--------------------[ END ]--------------------
-------------------[ START ]-------------------
Time start:2018-08-02 06:00
Time end:2018-08-02 06:01
--------------------[ END ]--------------------
-------------------[ START ]-------------------
Time start:2018-08-03 06:00
Time end:2018-08-03 06:01
--------------------[ END ]--------------------
-------------------[ START ]-------------------
Time start:2018-08-04 06:00
Time end:2018-08-04 06:01
--------------------[ END ]--------------------
-------------------[ START ]-------------------
Time start:2018-08-05 06:00
Time end:2018-08-05 06:01
--------------------[ END ]--------------------
-------------------[ START ]-------------------
Time start:2018-08-06 06:00
Time end:2018-08-06 06:01
--------------------[ END ]--------------------
-------------------[ START ]-------------------
Time start:2018-08-07 06:00
Time end:2018-08-07 06:01
--------------------[ END ]--------------------
-------------------[ START ]-------------------
Time start:2018-08-08 06:00
Time end:2018-08-08 06:01
--------------------[ END ]--------------------
-------------------[ START ]-------------------
Time start:2018-08-09 06:00
Time end:2018-08-09 06:01
--------------------[ END ]--------------------
-------------------[ START ]-------------------
Time start:2018-08-10 06:00
Time end:2018-08-10 06:01
--------------------[ END ]--------------------
-------------------[ START ]-------------------
Time start:2018-08-11 06:00
Time end:2018-08-11 06:01
--------------------[ END ]--------------------
-------------------[ START ]-------------------
Time start:2018-08-12 06:00
Time end:2018-08-12 06:01
--------------------[ END ]--------------------
-------------------[ START ]-------------------
Time start:2018-08-13 06:00
Time end:2018-08-13 06:00
--------------------[ END ]--------------------
-------------------[ START ]-------------------
Time start:2018-08-14 06:00
Time end:2018-08-14 06:00
--------------------[ END ]--------------------
-------------------[ START ]-------------------
Time start:2018-08-15 06:00
Time end:2018-08-15 06:00
--------------------[ END ]--------------------
-------------------[ START ]-------------------
Time start:2018-08-16 06:00
Time end:2018-08-16 06:00
--------------------[ END ]--------------------
-------------------[ START ]-------------------
Time start:2018-08-17 06:00
Time end:2018-08-17 06:00
--------------------[ END ]--------------------
-------------------[ START ]-------------------
Time start:2018-08-18 06:00
Time end:2018-08-18 06:00
--------------------[ END ]--------------------
-------------------[ START ]-------------------
Time start:2018-08-19 06:00
Time end:2018-08-19 06:00
--------------------[ END ]--------------------
-------------------[ START ]-------------------
Time start:2018-08-20 06:00
Time end:2018-08-20 06:00
--------------------[ END ]--------------------
-------------------[ START ]-------------------
Time start:2018-08-21 06:00
Time end:2018-08-21 06:00
--------------------[ END ]--------------------
-------------------[ START ]-------------------
Time start:2018-08-22 06:00
Time end:2018-08-22 06:00
--------------------[ END ]--------------------
-------------------[ START ]-------------------
Time start:2018-08-23 06:00
Time end:2018-08-23 06:00
--------------------[ END ]--------------------
-------------------[ START ]-------------------
Time start:2018-08-24 06:00
Time end:2018-08-24 06:00
--------------------[ END ]--------------------
-------------------[ START ]-------------------
Time start:2018-08-25 06:00
Time end:2018-08-25 06:00
--------------------[ END ]--------------------
-------------------[ START ]-------------------
Time start:2018-08-26 06:00
Time end:2018-08-26 06:00
--------------------[ END ]--------------------
-------------------[ START ]-------------------
Time start:2018-08-27 06:00
Time end:2018-08-27 06:00
--------------------[ END ]--------------------
-------------------[ START ]-------------------
Time start:2018-08-28 06:00
Time end:2018-08-28 06:00
--------------------[ END ]--------------------
-------------------[ START ]-------------------
Time start:2018-08-29 06:00
Time end:2018-08-29 06:00
--------------------[ END ]--------------------
-------------------[ START ]-------------------
Time start:2018-08-30 06:00
Time end:2018-08-30 06:00
--------------------[ END ]--------------------
-------------------[ START ]-------------------
Time start:2018-08-31 06:00
Time end:2018-08-31 06:00
--------------------[ END ]--------------------
-------------------[ START ]-------------------
Time start:2018-09-01 06:00
Time end:2018-09-01 06:00
--------------------[ END ]--------------------
-------------------[ START ]-------------------
Time start:2018-09-02 06:00
Time end:2018-09-02 06:00
--------------------[ END ]--------------------
-------------------[ START ]-------------------
Time start:2018-09-03 06:00
Time end:2018-09-03 06:00
--------------------[ END ]--------------------
-------------------[ START ]-------------------
Time start:2018-09-04 06:00
Time end:2018-09-04 06:00
--------------------[ END ]--------------------
-------------------[ START ]-------------------
Time start:2018-09-05 06:00
Time end:2018-09-05 06:00
--------------------[ END ]--------------------
-------------------[ START ]-------------------
Time start:2018-09-06 06:00
Time end:2018-09-06 06:00
--------------------[ END ]--------------------
-------------------[ START ]-------------------
Time start:2018-09-07 06:00
Time end:2018-09-07 06:00
--------------------[ END ]--------------------
-------------------[ START ]-------------------
Time start:2018-09-08 06:00
Time end:2018-09-08 06:00
--------------------[ END ]--------------------
-------------------[ START ]-------------------
Time start:2018-09-09 06:00
Time end:2018-09-09 06:00
--------------------[ END ]--------------------
-------------------[ START ]-------------------
Time start:2018-09-10 06:00
Time end:2018-09-10 06:00
--------------------[ END ]--------------------
-------------------[ START ]-------------------
Time start:2018-09-11 06:00
Time end:2018-09-11 06:00
--------------------[ END ]--------------------
-------------------[ START ]-------------------
Time start:2018-09-12 06:00
Time end:2018-09-12 06:00
--------------------[ END ]--------------------
-------------------[ START ]-------------------
Time start:2018-09-13 06:00
Time end:2018-09-13 06:00
--------------------[ END ]--------------------
-------------------[ START ]-------------------
Time start:2018-09-14 06:00
Time end:2018-09-14 06:00
--------------------[ END ]--------------------
-------------------[ START ]-------------------
Time start:2018-09-15 06:00
Time end:2018-09-15 06:00
--------------------[ END ]--------------------
-------------------[ START ]-------------------
Time start:2018-09-16 06:00
Time end:2018-09-16 06:00
--------------------[ END ]--------------------
-------------------[ START ]-------------------
Time start:2018-09-17 06:00
Time end:2018-09-17 06:00
--------------------[ END ]--------------------
-------------------[ START ]-------------------
Time start:2018-09-18 06:00
Time end:2018-09-18 06:00
--------------------[ END ]--------------------
-------------------[ START ]-------------------
Time start:2018-09-19 06:00
Time end:2018-09-19 06:00
--------------------[ END ]--------------------
